[0.009s] Invoking command in '/home/usamah/Documents/project/learnRos2/build/rpm_project': CMAKE_PREFIX_PATH=${CMAKE_PREFIX_PATH}:/opt/ros/humble /usr/bin/cmake --build /home/usamah/Documents/project/learnRos2/build/rpm_project -- -j16 -l16
[0.024s] -- Found ament_cmake: 1.3.10 (/opt/ros/humble/share/ament_cmake/cmake)
[0.116s] -- Override CMake install command with custom implementation using symlinks instead of copying resources
[0.120s] -- Found rcl: 5.3.9 (/opt/ros/humble/share/rcl/cmake)
[0.140s] -- Found rosidl_generator_c: 3.1.5 (/opt/ros/humble/share/rosidl_generator_c/cmake)
[0.142s] -- Found rosidl_adapter: 3.1.5 (/opt/ros/humble/share/rosidl_adapter/cmake)
[0.146s] -- Found rosidl_generator_cpp: 3.1.5 (/opt/ros/humble/share/rosidl_generator_cpp/cmake)
[0.152s] -- Using all available rosidl_typesupport_c: rosidl_typesupport_fastrtps_c;rosidl_typesupport_introspection_c
[0.160s] -- Using all available rosidl_typesupport_cpp: rosidl_typesupport_fastrtps_cpp;rosidl_typesupport_introspection_cpp
[0.182s] -- Found rmw_implementation_cmake: 6.1.2 (/opt/ros/humble/share/rmw_implementation_cmake/cmake)
[0.182s] -- Found rmw_fastrtps_cpp: 6.2.7 (/opt/ros/humble/share/rmw_fastrtps_cpp/cmake)
[0.258s] -- Using RMW implementation 'rmw_fastrtps_cpp' as default
[0.331s] -- Found ament_lint_auto: 0.12.11 (/opt/ros/humble/share/ament_lint_auto/cmake)
[0.404s] -- Added test 'flake8' to check Python code syntax and style conventions
[0.405s] -- Added test 'lint_cmake' to check CMake code style
[0.405s] -- Added test 'pep257' to check Python code against some of the docstring style conventions in PEP 257
[0.405s] -- Added test 'xmllint' to check XML markup files
[0.406s] -- Configuring done
[0.408s] -- Generating done
[0.409s] -- Build files have been written to: /home/usamah/Documents/project/learnRos2/build/rpm_project
[0.436s] Built target ament_cmake_python_symlink_scripts
[0.682s] running egg_info
[0.709s] writing scripts.egg-info/PKG-INFO
[0.710s] writing dependency_links to scripts.egg-info/dependency_links.txt
[0.710s] writing top-level names to scripts.egg-info/top_level.txt
[0.791s] reading manifest file 'scripts.egg-info/SOURCES.txt'
[0.792s] writing manifest file 'scripts.egg-info/SOURCES.txt'
[0.817s] Built target ament_cmake_python_build_scripts_egg
[0.825s] Invoked command in '/home/usamah/Documents/project/learnRos2/build/rpm_project' returned '0': CMAKE_PREFIX_PATH=${CMAKE_PREFIX_PATH}:/opt/ros/humble /usr/bin/cmake --build /home/usamah/Documents/project/learnRos2/build/rpm_project -- -j16 -l16
[0.840s] Invoking command in '/home/usamah/Documents/project/learnRos2/build/rpm_project': CMAKE_PREFIX_PATH=${CMAKE_PREFIX_PATH}:/opt/ros/humble /usr/bin/cmake --install /home/usamah/Documents/project/learnRos2/build/rpm_project
[0.844s] -- Install configuration: ""
[0.844s] -- Execute custom install script
[0.844s] -- Up-to-date symlink: /home/usamah/Documents/project/learnRos2/install/rpm_project/share/rpm_project/environment/pythonpath.sh
[0.845s] -- Up-to-date symlink: /home/usamah/Documents/project/learnRos2/install/rpm_project/share/rpm_project/environment/pythonpath.dsv
[0.845s] -- Up-to-date symlink: /home/usamah/Documents/project/learnRos2/install/rpm_project/lib/python3.12/site-packages/scripts-0.0.0-py3.12.egg-info/PKG-INFO
[0.845s] -- Up-to-date symlink: /home/usamah/Documents/project/learnRos2/install/rpm_project/lib/python3.12/site-packages/scripts-0.0.0-py3.12.egg-info/SOURCES.txt
[0.845s] -- Up-to-date symlink: /home/usamah/Documents/project/learnRos2/install/rpm_project/lib/python3.12/site-packages/scripts-0.0.0-py3.12.egg-info/dependency_links.txt
[0.845s] -- Up-to-date symlink: /home/usamah/Documents/project/learnRos2/install/rpm_project/lib/python3.12/site-packages/scripts-0.0.0-py3.12.egg-info/top_level.txt
[0.845s] -- Up-to-date symlink: /home/usamah/Documents/project/learnRos2/install/rpm_project/lib/python3.12/site-packages/scripts/__init__.py
[0.845s] -- Up-to-date symlink: /home/usamah/Documents/project/learnRos2/install/rpm_project/lib/python3.12/site-packages/scripts/rpm_pub.py
[0.845s] -- Symlinking: /home/usamah/Documents/project/learnRos2/install/rpm_project/lib/python3.12/site-packages/scripts/speed_calc.py
[0.850s] -- Up-to-date symlink: /home/usamah/Documents/project/learnRos2/install/rpm_project/lib/rpm_project/rpm_pub.py
[0.850s] -- Symlinking: /home/usamah/Documents/project/learnRos2/install/rpm_project/lib/rpm_project/speed_calc.py
[0.855s] -- Up-to-date symlink: /home/usamah/Documents/project/learnRos2/install/rpm_project/share/ament_index/resource_index/package_run_dependencies/rpm_project
[0.855s] -- Up-to-date symlink: /home/usamah/Documents/project/learnRos2/install/rpm_project/share/ament_index/resource_index/parent_prefix_path/rpm_project
[0.855s] -- Up-to-date symlink: /home/usamah/Documents/project/learnRos2/install/rpm_project/share/rpm_project/environment/ament_prefix_path.sh
[0.855s] -- Up-to-date symlink: /home/usamah/Documents/project/learnRos2/install/rpm_project/share/rpm_project/environment/ament_prefix_path.dsv
[0.855s] -- Up-to-date symlink: /home/usamah/Documents/project/learnRos2/install/rpm_project/share/rpm_project/environment/path.sh
[0.855s] -- Up-to-date symlink: /home/usamah/Documents/project/learnRos2/install/rpm_project/share/rpm_project/environment/path.dsv
[0.856s] -- Up-to-date symlink: /home/usamah/Documents/project/learnRos2/install/rpm_project/share/rpm_project/local_setup.bash
[0.856s] -- Up-to-date symlink: /home/usamah/Documents/project/learnRos2/install/rpm_project/share/rpm_project/local_setup.sh
[0.856s] -- Up-to-date symlink: /home/usamah/Documents/project/learnRos2/install/rpm_project/share/rpm_project/local_setup.zsh
[0.856s] -- Up-to-date symlink: /home/usamah/Documents/project/learnRos2/install/rpm_project/share/rpm_project/local_setup.dsv
[0.856s] -- Symlinking: /home/usamah/Documents/project/learnRos2/install/rpm_project/share/rpm_project/package.dsv
[0.861s] -- Up-to-date symlink: /home/usamah/Documents/project/learnRos2/install/rpm_project/share/ament_index/resource_index/packages/rpm_project
[0.861s] -- Up-to-date symlink: /home/usamah/Documents/project/learnRos2/install/rpm_project/share/rpm_project/cmake/rpm_projectConfig.cmake
[0.861s] -- Up-to-date symlink: /home/usamah/Documents/project/learnRos2/install/rpm_project/share/rpm_project/cmake/rpm_projectConfig-version.cmake
[0.861s] -- Up-to-date symlink: /home/usamah/Documents/project/learnRos2/install/rpm_project/share/rpm_project/package.xml
[0.888s] Listing '/home/usamah/Documents/project/learnRos2/install/rpm_project/lib/python3.12/site-packages/scripts'...
[0.888s] Compiling '/home/usamah/Documents/project/learnRos2/install/rpm_project/lib/python3.12/site-packages/scripts/rpm_pub.py'...
[0.888s] Compiling '/home/usamah/Documents/project/learnRos2/install/rpm_project/lib/python3.12/site-packages/scripts/speed_calc.py'...
[0.895s] Invoked command in '/home/usamah/Documents/project/learnRos2/build/rpm_project' returned '0': CMAKE_PREFIX_PATH=${CMAKE_PREFIX_PATH}:/opt/ros/humble /usr/bin/cmake --install /home/usamah/Documents/project/learnRos2/build/rpm_project
