[0.011s] Invoking command in '/home/usamah/Documents/project/learnRos2/build/second_turn_camera_project': CMAKE_PREFIX_PATH=${CMAKE_PREFIX_PATH}:/home/usamah/Documents/project/learnRos2/install/first_rpm_project:/opt/ros/humble CONDA_PROMPT_MODIFIER=(base) /usr/bin/cmake --build /home/usamah/Documents/project/learnRos2/build/second_turn_camera_project -- -j16 -l16
[0.028s] -- Found ament_cmake: 1.3.10 (/opt/ros/humble/share/ament_cmake/cmake)
[0.136s] -- Override CMake install command with custom implementation using symlinks instead of copying resources
[0.143s] -- Found rclpy: 3.3.14 (/opt/ros/humble/share/rclpy/cmake)
[0.143s] -- Found rosidl_default_generators: 1.2.0 (/opt/ros/humble/share/rosidl_default_generators/cmake)
[0.145s] -- Using all available rosidl_typesupport_c: rosidl_typesupport_fastrtps_c;rosidl_typesupport_introspection_c
[0.147s] -- Found rosidl_adapter: 3.1.5 (/opt/ros/humble/share/rosidl_adapter/cmake)
[0.176s] -- Using all available rosidl_typesupport_cpp: rosidl_typesupport_fastrtps_cpp;rosidl_typesupport_introspection_cpp
[0.196s] -- Found sensor_msgs: 4.2.4 (/opt/ros/humble/share/sensor_msgs/cmake)
[0.501s] -- Found ament_cmake_ros: 0.10.0 (/opt/ros/humble/share/ament_cmake_ros/cmake)
[0.696s] -- Using all available rosidl_typesupport_c: rosidl_typesupport_fastrtps_c;rosidl_typesupport_introspection_c
[1.056s] -- Using all available rosidl_typesupport_cpp: rosidl_typesupport_fastrtps_cpp;rosidl_typesupport_introspection_cpp
[1.078s] -- Found python_cmake_module: 0.10.0 (/opt/ros/humble/share/python_cmake_module/cmake)
[1.100s] -- Using PYTHON_EXECUTABLE: /usr/bin/python3
[1.101s] -- Using PYTHON_INCLUDE_DIRS: /usr/include/python3.10
[1.101s] -- Using PYTHON_LIBRARIES: /usr/lib/x86_64-linux-gnu/libpython3.10.so
[1.149s] -- Found ament_lint_auto: 0.12.11 (/opt/ros/humble/share/ament_lint_auto/cmake)
[1.158s] -- Added test 'flake8' to check Python code syntax and style conventions
[1.158s] -- Added test 'lint_cmake' to check CMake code style
[1.158s] -- Added test 'pep257' to check Python code against some of the docstring style conventions in PEP 257
[1.159s] -- Added test 'xmllint' to check XML markup files
[1.161s] -- Configuring done
[1.195s] -- Generating done
[1.199s] -- Build files have been written to: /home/usamah/Documents/project/learnRos2/build/second_turn_camera_project
[1.230s] [35m[1mConsolidate compiler generated dependencies of target second_turn_camera_project__rosidl_generator_c[0m
[1.240s] [  3%] Built target second_turn_camera_project__cpp
[1.242s] [ 12%] Built target second_turn_camera_project__rosidl_generator_c
[1.249s] [ 12%] Built target ament_cmake_python_symlink_second_turn_camera_project
[1.252s] [ 12%] Built target ament_cmake_python_symlink_scripts
[1.255s] [35m[1mConsolidate compiler generated dependencies of target second_turn_camera_project__rosidl_typesupport_c[0m
[1.255s] [35m[1mConsolidate compiler generated dependencies of target second_turn_camera_project__rosidl_typesupport_fastrtps_c[0m
[1.255s] [35m[1mConsolidate compiler generated dependencies of target second_turn_camera_project__rosidl_typesupport_introspection_cpp[0m
[1.255s] [35m[1mConsolidate compiler generated dependencies of target second_turn_camera_project__rosidl_typesupport_introspection_c[0m
[1.256s] [35m[1mConsolidate compiler generated dependencies of target second_turn_camera_project__rosidl_typesupport_cpp[0m
[1.256s] [35m[1mConsolidate compiler generated dependencies of target second_turn_camera_project__rosidl_typesupport_fastrtps_cpp[0m
[1.270s] [ 22%] Built target second_turn_camera_project__rosidl_typesupport_introspection_c
[1.272s] [ 41%] Built target second_turn_camera_project__rosidl_typesupport_cpp
[1.272s] [ 41%] Built target second_turn_camera_project__rosidl_typesupport_c
[1.272s] [ 51%] Built target second_turn_camera_project__rosidl_typesupport_introspection_cpp
[1.275s] [ 61%] Built target second_turn_camera_project__rosidl_typesupport_fastrtps_c
[1.277s] [ 70%] Built target second_turn_camera_project__rosidl_typesupport_fastrtps_cpp
[1.301s] [ 70%] Built target second_turn_camera_project
[1.330s] [ 74%] Built target second_turn_camera_project__py
[1.342s] [35m[1mConsolidate compiler generated dependencies of target second_turn_camera_project__rosidl_generator_py[0m
[1.355s] [ 80%] Built target second_turn_camera_project__rosidl_generator_py
[1.367s] [35m[1mConsolidate compiler generated dependencies of target second_turn_camera_project__rosidl_typesupport_introspection_c__pyext[0m
[1.367s] [35m[1mConsolidate compiler generated dependencies of target second_turn_camera_project__rosidl_typesupport_c__pyext[0m
[1.367s] [35m[1mConsolidate compiler generated dependencies of target second_turn_camera_project__rosidl_typesupport_fastrtps_c__pyext[0m
[1.381s] [ 87%] Built target second_turn_camera_project__rosidl_typesupport_introspection_c__pyext
[1.381s] [ 93%] Built target second_turn_camera_project__rosidl_typesupport_fastrtps_c__pyext
[1.382s] [100%] Built target second_turn_camera_project__rosidl_typesupport_c__pyext
[1.568s] running egg_info
[1.569s] writing second_turn_camera_project.egg-info/PKG-INFO
[1.569s] writing dependency_links to second_turn_camera_project.egg-info/dependency_links.txt
[1.569s] writing top-level names to second_turn_camera_project.egg-info/top_level.txt
[1.572s] reading manifest file 'second_turn_camera_project.egg-info/SOURCES.txt'
[1.573s] writing manifest file 'second_turn_camera_project.egg-info/SOURCES.txt'
[1.600s] [100%] Built target ament_cmake_python_build_second_turn_camera_project_egg
[1.603s] running egg_info
[1.604s] writing scripts.egg-info/PKG-INFO
[1.604s] writing dependency_links to scripts.egg-info/dependency_links.txt
[1.604s] writing top-level names to scripts.egg-info/top_level.txt
[1.608s] reading manifest file 'scripts.egg-info/SOURCES.txt'
[1.609s] writing manifest file 'scripts.egg-info/SOURCES.txt'
[1.637s] [100%] Built target ament_cmake_python_build_scripts_egg
[1.648s] Invoked command in '/home/usamah/Documents/project/learnRos2/build/second_turn_camera_project' returned '0': CMAKE_PREFIX_PATH=${CMAKE_PREFIX_PATH}:/home/usamah/Documents/project/learnRos2/install/first_rpm_project:/opt/ros/humble CONDA_PROMPT_MODIFIER=(base) /usr/bin/cmake --build /home/usamah/Documents/project/learnRos2/build/second_turn_camera_project -- -j16 -l16
[1.717s] Invoking command in '/home/usamah/Documents/project/learnRos2/build/second_turn_camera_project': CMAKE_PREFIX_PATH=${CMAKE_PREFIX_PATH}:/home/usamah/Documents/project/learnRos2/install/first_rpm_project:/opt/ros/humble CONDA_PROMPT_MODIFIER=(base) /usr/bin/cmake --install /home/usamah/Documents/project/learnRos2/build/second_turn_camera_project
[1.724s] -- Install configuration: ""
[1.724s] -- Execute custom install script
[1.725s] -- Up-to-date symlink: /home/usamah/Documents/project/learnRos2/install/second_turn_camera_project/share/ament_index/resource_index/rosidl_interfaces/second_turn_camera_project
[1.725s] -- Up-to-date symlink: /home/usamah/Documents/project/learnRos2/install/second_turn_camera_project/include/second_turn_camera_project/second_turn_camera_project/msg/rosidl_generator_c__visibility_control.h
[1.725s] -- Up-to-date symlink: /home/usamah/Documents/project/learnRos2/install/second_turn_camera_project/include/second_turn_camera_project/second_turn_camera_project/srv/detail/secnd_project_turn_camer__functions.h
[1.725s] -- Up-to-date symlink: /home/usamah/Documents/project/learnRos2/install/second_turn_camera_project/include/second_turn_camera_project/second_turn_camera_project/srv/detail/secnd_project_turn_camer__struct.h
[1.725s] -- Up-to-date symlink: /home/usamah/Documents/project/learnRos2/install/second_turn_camera_project/include/second_turn_camera_project/second_turn_camera_project/srv/detail/secnd_project_turn_camer__type_support.h
[1.726s] -- Up-to-date symlink: /home/usamah/Documents/project/learnRos2/install/second_turn_camera_project/include/second_turn_camera_project/second_turn_camera_project/srv/secnd_project_turn_camer.h
[1.726s] -- Up-to-date symlink: /home/usamah/Documents/project/learnRos2/install/second_turn_camera_project/share/second_turn_camera_project/environment/library_path.sh
[1.726s] -- Up-to-date symlink: /home/usamah/Documents/project/learnRos2/install/second_turn_camera_project/share/second_turn_camera_project/environment/library_path.dsv
[1.726s] -- Up-to-date symlink: /home/usamah/Documents/project/learnRos2/install/second_turn_camera_project/include/second_turn_camera_project/second_turn_camera_project/msg/rosidl_typesupport_fastrtps_c__visibility_control.h
[1.726s] -- Up-to-date symlink: /home/usamah/Documents/project/learnRos2/install/second_turn_camera_project/include/second_turn_camera_project/second_turn_camera_project/srv/detail/secnd_project_turn_camer__rosidl_typesupport_fastrtps_c.h
[1.727s] -- Up-to-date symlink: /home/usamah/Documents/project/learnRos2/install/second_turn_camera_project/include/second_turn_camera_project/second_turn_camera_project/msg/rosidl_typesupport_introspection_c__visibility_control.h
[1.727s] -- Up-to-date symlink: /home/usamah/Documents/project/learnRos2/install/second_turn_camera_project/include/second_turn_camera_project/second_turn_camera_project/srv/detail/secnd_project_turn_camer__rosidl_typesupport_introspection_c.h
[1.727s] -- Up-to-date symlink: /home/usamah/Documents/project/learnRos2/install/second_turn_camera_project/include/second_turn_camera_project/second_turn_camera_project/srv/detail/secnd_project_turn_camer__builder.hpp
[1.727s] -- Up-to-date symlink: /home/usamah/Documents/project/learnRos2/install/second_turn_camera_project/include/second_turn_camera_project/second_turn_camera_project/srv/detail/secnd_project_turn_camer__struct.hpp
[1.727s] -- Up-to-date symlink: /home/usamah/Documents/project/learnRos2/install/second_turn_camera_project/include/second_turn_camera_project/second_turn_camera_project/srv/detail/secnd_project_turn_camer__traits.hpp
[1.728s] -- Up-to-date symlink: /home/usamah/Documents/project/learnRos2/install/second_turn_camera_project/include/second_turn_camera_project/second_turn_camera_project/srv/secnd_project_turn_camer.hpp
[1.728s] -- Up-to-date symlink: /home/usamah/Documents/project/learnRos2/install/second_turn_camera_project/include/second_turn_camera_project/second_turn_camera_project/msg/rosidl_typesupport_fastrtps_cpp__visibility_control.h
[1.728s] -- Up-to-date symlink: /home/usamah/Documents/project/learnRos2/install/second_turn_camera_project/include/second_turn_camera_project/second_turn_camera_project/srv/detail/secnd_project_turn_camer__rosidl_typesupport_fastrtps_cpp.hpp
[1.728s] -- Up-to-date symlink: /home/usamah/Documents/project/learnRos2/install/second_turn_camera_project/include/second_turn_camera_project/second_turn_camera_project/srv/detail/secnd_project_turn_camer__rosidl_typesupport_introspection_cpp.hpp
[1.728s] -- Up-to-date symlink: /home/usamah/Documents/project/learnRos2/install/second_turn_camera_project/share/second_turn_camera_project/environment/pythonpath.sh
[1.729s] -- Up-to-date symlink: /home/usamah/Documents/project/learnRos2/install/second_turn_camera_project/share/second_turn_camera_project/environment/pythonpath.dsv
[1.729s] -- Up-to-date symlink: /home/usamah/Documents/project/learnRos2/install/second_turn_camera_project/local/lib/python3.10/dist-packages/second_turn_camera_project-0.0.0-py3.10.egg-info/PKG-INFO
[1.729s] -- Up-to-date symlink: /home/usamah/Documents/project/learnRos2/install/second_turn_camera_project/local/lib/python3.10/dist-packages/second_turn_camera_project-0.0.0-py3.10.egg-info/SOURCES.txt
[1.729s] -- Up-to-date symlink: /home/usamah/Documents/project/learnRos2/install/second_turn_camera_project/local/lib/python3.10/dist-packages/second_turn_camera_project-0.0.0-py3.10.egg-info/dependency_links.txt
[1.729s] -- Up-to-date symlink: /home/usamah/Documents/project/learnRos2/install/second_turn_camera_project/local/lib/python3.10/dist-packages/second_turn_camera_project-0.0.0-py3.10.egg-info/top_level.txt
[1.730s] -- Up-to-date symlink: /home/usamah/Documents/project/learnRos2/install/second_turn_camera_project/local/lib/python3.10/dist-packages/second_turn_camera_project/__init__.py
[1.730s] -- Up-to-date symlink: /home/usamah/Documents/project/learnRos2/install/second_turn_camera_project/local/lib/python3.10/dist-packages/second_turn_camera_project/_second_turn_camera_project_s.ep.rosidl_typesupport_c.c
[1.730s] -- Up-to-date symlink: /home/usamah/Documents/project/learnRos2/install/second_turn_camera_project/local/lib/python3.10/dist-packages/second_turn_camera_project/_second_turn_camera_project_s.ep.rosidl_typesupport_fastrtps_c.c
[1.730s] -- Up-to-date symlink: /home/usamah/Documents/project/learnRos2/install/second_turn_camera_project/local/lib/python3.10/dist-packages/second_turn_camera_project/_second_turn_camera_project_s.ep.rosidl_typesupport_introspection_c.c
[1.730s] -- Up-to-date symlink: /home/usamah/Documents/project/learnRos2/install/second_turn_camera_project/local/lib/python3.10/dist-packages/second_turn_camera_project/libsecond_turn_camera_project__rosidl_generator_py.so
[1.730s] -- Up-to-date symlink: /home/usamah/Documents/project/learnRos2/install/second_turn_camera_project/local/lib/python3.10/dist-packages/second_turn_camera_project/second_turn_camera_project_s__rosidl_typesupport_c.cpython-310-x86_64-linux-gnu.so
[1.730s] -- Up-to-date symlink: /home/usamah/Documents/project/learnRos2/install/second_turn_camera_project/local/lib/python3.10/dist-packages/second_turn_camera_project/second_turn_camera_project_s__rosidl_typesupport_fastrtps_c.cpython-310-x86_64-linux-gnu.so
[1.730s] -- Up-to-date symlink: /home/usamah/Documents/project/learnRos2/install/second_turn_camera_project/local/lib/python3.10/dist-packages/second_turn_camera_project/second_turn_camera_project_s__rosidl_typesupport_introspection_c.cpython-310-x86_64-linux-gnu.so
[1.731s] -- Up-to-date symlink: /home/usamah/Documents/project/learnRos2/install/second_turn_camera_project/local/lib/python3.10/dist-packages/second_turn_camera_project/srv/__init__.py
[1.731s] -- Up-to-date symlink: /home/usamah/Documents/project/learnRos2/install/second_turn_camera_project/local/lib/python3.10/dist-packages/second_turn_camera_project/srv/_secnd_project_turn_camer.py
[1.731s] -- Up-to-date symlink: /home/usamah/Documents/project/learnRos2/install/second_turn_camera_project/local/lib/python3.10/dist-packages/second_turn_camera_project/srv/_secnd_project_turn_camer_s.c
[1.731s] -- Up-to-date symlink: /home/usamah/Documents/project/learnRos2/install/second_turn_camera_project/local/lib/python3.10/dist-packages/second_turn_camera_project/second_turn_camera_project_s__rosidl_typesupport_fastrtps_c.cpython-310-x86_64-linux-gnu.so
[1.732s] -- Up-to-date symlink: /home/usamah/Documents/project/learnRos2/install/second_turn_camera_project/local/lib/python3.10/dist-packages/second_turn_camera_project/second_turn_camera_project_s__rosidl_typesupport_introspection_c.cpython-310-x86_64-linux-gnu.so
[1.732s] -- Up-to-date symlink: /home/usamah/Documents/project/learnRos2/install/second_turn_camera_project/local/lib/python3.10/dist-packages/second_turn_camera_project/second_turn_camera_project_s__rosidl_typesupport_c.cpython-310-x86_64-linux-gnu.so
[1.732s] -- Up-to-date symlink: /home/usamah/Documents/project/learnRos2/install/second_turn_camera_project/share/second_turn_camera_project/srv/SecndProjectTurnCamer.idl
[1.733s] -- Up-to-date symlink: /home/usamah/Documents/project/learnRos2/install/second_turn_camera_project/share/second_turn_camera_project/srv/SecndProjectTurnCamer.srv
[1.733s] -- Up-to-date symlink: /home/usamah/Documents/project/learnRos2/install/second_turn_camera_project/share/second_turn_camera_project/srv/SecndProjectTurnCamer_Request.msg
[1.733s] -- Up-to-date symlink: /home/usamah/Documents/project/learnRos2/install/second_turn_camera_project/share/second_turn_camera_project/srv/SecndProjectTurnCamer_Response.msg
[1.733s] -- Up-to-date symlink: /home/usamah/Documents/project/learnRos2/install/second_turn_camera_project/local/lib/python3.10/dist-packages/scripts-0.0.0-py3.10.egg-info/PKG-INFO
[1.733s] -- Up-to-date symlink: /home/usamah/Documents/project/learnRos2/install/second_turn_camera_project/local/lib/python3.10/dist-packages/scripts-0.0.0-py3.10.egg-info/SOURCES.txt
[1.734s] -- Up-to-date symlink: /home/usamah/Documents/project/learnRos2/install/second_turn_camera_project/local/lib/python3.10/dist-packages/scripts-0.0.0-py3.10.egg-info/dependency_links.txt
[1.734s] -- Up-to-date symlink: /home/usamah/Documents/project/learnRos2/install/second_turn_camera_project/local/lib/python3.10/dist-packages/scripts-0.0.0-py3.10.egg-info/top_level.txt
[1.734s] -- Up-to-date symlink: /home/usamah/Documents/project/learnRos2/install/second_turn_camera_project/local/lib/python3.10/dist-packages/scripts/__init__.py
[1.734s] -- Symlinking: /home/usamah/Documents/project/learnRos2/install/second_turn_camera_project/local/lib/python3.10/dist-packages/scripts/turn_camer_client.py
[1.742s] -- Up-to-date symlink: /home/usamah/Documents/project/learnRos2/install/second_turn_camera_project/local/lib/python3.10/dist-packages/scripts/turn_camer_server.py
[1.743s] -- Up-to-date symlink: /home/usamah/Documents/project/learnRos2/install/second_turn_camera_project/lib/second_turn_camera_project/turn_camer_server.py
[1.743s] -- Symlinking: /home/usamah/Documents/project/learnRos2/install/second_turn_camera_project/lib/second_turn_camera_project/turn_camer_client.py
[1.751s] -- Up-to-date symlink: /home/usamah/Documents/project/learnRos2/install/second_turn_camera_project/share/ament_index/resource_index/package_run_dependencies/second_turn_camera_project
[1.751s] -- Up-to-date symlink: /home/usamah/Documents/project/learnRos2/install/second_turn_camera_project/share/ament_index/resource_index/parent_prefix_path/second_turn_camera_project
[1.751s] -- Up-to-date symlink: /home/usamah/Documents/project/learnRos2/install/second_turn_camera_project/share/second_turn_camera_project/environment/ament_prefix_path.sh
[1.751s] -- Up-to-date symlink: /home/usamah/Documents/project/learnRos2/install/second_turn_camera_project/share/second_turn_camera_project/environment/ament_prefix_path.dsv
[1.751s] -- Up-to-date symlink: /home/usamah/Documents/project/learnRos2/install/second_turn_camera_project/share/second_turn_camera_project/environment/path.sh
[1.751s] -- Up-to-date symlink: /home/usamah/Documents/project/learnRos2/install/second_turn_camera_project/share/second_turn_camera_project/environment/path.dsv
[1.752s] -- Up-to-date symlink: /home/usamah/Documents/project/learnRos2/install/second_turn_camera_project/share/second_turn_camera_project/local_setup.bash
[1.752s] -- Up-to-date symlink: /home/usamah/Documents/project/learnRos2/install/second_turn_camera_project/share/second_turn_camera_project/local_setup.sh
[1.752s] -- Up-to-date symlink: /home/usamah/Documents/project/learnRos2/install/second_turn_camera_project/share/second_turn_camera_project/local_setup.zsh
[1.752s] -- Up-to-date symlink: /home/usamah/Documents/project/learnRos2/install/second_turn_camera_project/share/second_turn_camera_project/local_setup.dsv
[1.752s] -- Symlinking: /home/usamah/Documents/project/learnRos2/install/second_turn_camera_project/share/second_turn_camera_project/package.dsv
[1.760s] -- Up-to-date symlink: /home/usamah/Documents/project/learnRos2/install/second_turn_camera_project/share/ament_index/resource_index/packages/second_turn_camera_project
[1.760s] -- Up-to-date symlink: /home/usamah/Documents/project/learnRos2/install/second_turn_camera_project/share/second_turn_camera_project/cmake/rosidl_cmake-extras.cmake
[1.760s] -- Up-to-date symlink: /home/usamah/Documents/project/learnRos2/install/second_turn_camera_project/share/second_turn_camera_project/cmake/ament_cmake_export_dependencies-extras.cmake
[1.760s] -- Up-to-date symlink: /home/usamah/Documents/project/learnRos2/install/second_turn_camera_project/share/second_turn_camera_project/cmake/ament_cmake_export_include_directories-extras.cmake
[1.760s] -- Up-to-date symlink: /home/usamah/Documents/project/learnRos2/install/second_turn_camera_project/share/second_turn_camera_project/cmake/ament_cmake_export_libraries-extras.cmake
[1.760s] -- Up-to-date symlink: /home/usamah/Documents/project/learnRos2/install/second_turn_camera_project/share/second_turn_camera_project/cmake/ament_cmake_export_targets-extras.cmake
[1.761s] -- Up-to-date symlink: /home/usamah/Documents/project/learnRos2/install/second_turn_camera_project/share/second_turn_camera_project/cmake/rosidl_cmake_export_typesupport_targets-extras.cmake
[1.761s] -- Up-to-date symlink: /home/usamah/Documents/project/learnRos2/install/second_turn_camera_project/share/second_turn_camera_project/cmake/rosidl_cmake_export_typesupport_libraries-extras.cmake
[1.761s] -- Up-to-date symlink: /home/usamah/Documents/project/learnRos2/install/second_turn_camera_project/share/second_turn_camera_project/cmake/second_turn_camera_projectConfig.cmake
[1.761s] -- Up-to-date symlink: /home/usamah/Documents/project/learnRos2/install/second_turn_camera_project/share/second_turn_camera_project/cmake/second_turn_camera_projectConfig-version.cmake
[1.761s] -- Up-to-date symlink: /home/usamah/Documents/project/learnRos2/install/second_turn_camera_project/share/second_turn_camera_project/package.xml
[1.761s] -- Up-to-date: /home/usamah/Documents/project/learnRos2/install/second_turn_camera_project/lib/libsecond_turn_camera_project__rosidl_generator_c.so
[1.761s] -- Up-to-date: /home/usamah/Documents/project/learnRos2/install/second_turn_camera_project/lib/libsecond_turn_camera_project__rosidl_typesupport_fastrtps_c.so
[1.762s] -- Up-to-date: /home/usamah/Documents/project/learnRos2/install/second_turn_camera_project/lib/libsecond_turn_camera_project__rosidl_typesupport_introspection_c.so
[1.762s] -- Up-to-date: /home/usamah/Documents/project/learnRos2/install/second_turn_camera_project/lib/libsecond_turn_camera_project__rosidl_typesupport_c.so
[1.762s] -- Up-to-date: /home/usamah/Documents/project/learnRos2/install/second_turn_camera_project/lib/libsecond_turn_camera_project__rosidl_typesupport_fastrtps_cpp.so
[1.762s] -- Up-to-date: /home/usamah/Documents/project/learnRos2/install/second_turn_camera_project/lib/libsecond_turn_camera_project__rosidl_typesupport_introspection_cpp.so
[1.762s] -- Up-to-date: /home/usamah/Documents/project/learnRos2/install/second_turn_camera_project/lib/libsecond_turn_camera_project__rosidl_typesupport_cpp.so
[1.796s] Listing '/home/usamah/Documents/project/learnRos2/install/second_turn_camera_project/local/lib/python3.10/dist-packages/second_turn_camera_project'...
[1.796s] Compiling '/home/usamah/Documents/project/learnRos2/install/second_turn_camera_project/local/lib/python3.10/dist-packages/second_turn_camera_project/__init__.py'...
[1.796s] Listing '/home/usamah/Documents/project/learnRos2/install/second_turn_camera_project/local/lib/python3.10/dist-packages/second_turn_camera_project/srv'...
[1.800s] -- Up-to-date: /home/usamah/Documents/project/learnRos2/install/second_turn_camera_project/lib/libsecond_turn_camera_project__rosidl_generator_py.so
[1.833s] Listing '/home/usamah/Documents/project/learnRos2/install/second_turn_camera_project/local/lib/python3.10/dist-packages/scripts'...
[1.833s] Compiling '/home/usamah/Documents/project/learnRos2/install/second_turn_camera_project/local/lib/python3.10/dist-packages/scripts/turn_camer_client.py'...
[1.833s] Compiling '/home/usamah/Documents/project/learnRos2/install/second_turn_camera_project/local/lib/python3.10/dist-packages/scripts/turn_camer_server.py'...
[1.838s] -- Up-to-date: /home/usamah/Documents/project/learnRos2/install/second_turn_camera_project/share/second_turn_camera_project/cmake/export_second_turn_camera_project__rosidl_generator_cExport.cmake
[1.838s] -- Up-to-date: /home/usamah/Documents/project/learnRos2/install/second_turn_camera_project/share/second_turn_camera_project/cmake/export_second_turn_camera_project__rosidl_generator_cExport-noconfig.cmake
[1.838s] -- Up-to-date: /home/usamah/Documents/project/learnRos2/install/second_turn_camera_project/share/second_turn_camera_project/cmake/export_second_turn_camera_project__rosidl_typesupport_fastrtps_cExport.cmake
[1.838s] -- Up-to-date: /home/usamah/Documents/project/learnRos2/install/second_turn_camera_project/share/second_turn_camera_project/cmake/export_second_turn_camera_project__rosidl_typesupport_fastrtps_cExport-noconfig.cmake
[1.838s] -- Up-to-date: /home/usamah/Documents/project/learnRos2/install/second_turn_camera_project/share/second_turn_camera_project/cmake/second_turn_camera_project__rosidl_typesupport_introspection_cExport.cmake
[1.838s] -- Up-to-date: /home/usamah/Documents/project/learnRos2/install/second_turn_camera_project/share/second_turn_camera_project/cmake/second_turn_camera_project__rosidl_typesupport_introspection_cExport-noconfig.cmake
[1.838s] -- Up-to-date: /home/usamah/Documents/project/learnRos2/install/second_turn_camera_project/share/second_turn_camera_project/cmake/second_turn_camera_project__rosidl_typesupport_cExport.cmake
[1.838s] -- Up-to-date: /home/usamah/Documents/project/learnRos2/install/second_turn_camera_project/share/second_turn_camera_project/cmake/second_turn_camera_project__rosidl_typesupport_cExport-noconfig.cmake
[1.838s] -- Up-to-date: /home/usamah/Documents/project/learnRos2/install/second_turn_camera_project/share/second_turn_camera_project/cmake/export_second_turn_camera_project__rosidl_generator_cppExport.cmake
[1.838s] -- Up-to-date: /home/usamah/Documents/project/learnRos2/install/second_turn_camera_project/share/second_turn_camera_project/cmake/export_second_turn_camera_project__rosidl_typesupport_fastrtps_cppExport.cmake
[1.838s] -- Up-to-date: /home/usamah/Documents/project/learnRos2/install/second_turn_camera_project/share/second_turn_camera_project/cmake/export_second_turn_camera_project__rosidl_typesupport_fastrtps_cppExport-noconfig.cmake
[1.838s] -- Up-to-date: /home/usamah/Documents/project/learnRos2/install/second_turn_camera_project/share/second_turn_camera_project/cmake/second_turn_camera_project__rosidl_typesupport_introspection_cppExport.cmake
[1.838s] -- Up-to-date: /home/usamah/Documents/project/learnRos2/install/second_turn_camera_project/share/second_turn_camera_project/cmake/second_turn_camera_project__rosidl_typesupport_introspection_cppExport-noconfig.cmake
[1.838s] -- Up-to-date: /home/usamah/Documents/project/learnRos2/install/second_turn_camera_project/share/second_turn_camera_project/cmake/second_turn_camera_project__rosidl_typesupport_cppExport.cmake
[1.839s] -- Up-to-date: /home/usamah/Documents/project/learnRos2/install/second_turn_camera_project/share/second_turn_camera_project/cmake/second_turn_camera_project__rosidl_typesupport_cppExport-noconfig.cmake
[1.839s] -- Up-to-date: /home/usamah/Documents/project/learnRos2/install/second_turn_camera_project/share/second_turn_camera_project/cmake/export_second_turn_camera_project__rosidl_generator_pyExport.cmake
[1.839s] -- Up-to-date: /home/usamah/Documents/project/learnRos2/install/second_turn_camera_project/share/second_turn_camera_project/cmake/export_second_turn_camera_project__rosidl_generator_pyExport-noconfig.cmake
[1.841s] Invoked command in '/home/usamah/Documents/project/learnRos2/build/second_turn_camera_project' returned '0': CMAKE_PREFIX_PATH=${CMAKE_PREFIX_PATH}:/home/usamah/Documents/project/learnRos2/install/first_rpm_project:/opt/ros/humble CONDA_PROMPT_MODIFIER=(base) /usr/bin/cmake --install /home/usamah/Documents/project/learnRos2/build/second_turn_camera_project
