[0.066s] DEBUG:colcon:Command line arguments: ['/usr/bin/colcon', 'build', '--symlink-install']
[0.066s] DEBUG:colcon:Parsed command line arguments: Namespace(log_base=None, log_level=None, verb_name='build', build_base='build', install_base='install', merge_install=False, symlink_install=True, test_result_base=None, continue_on_error=False, executor='parallel', parallel_workers=16, event_handlers=None, ignore_user_meta=False, metas=['./colcon.meta'], base_paths=['.'], packages_ignore=None, packages_ignore_regex=None, paths=None, packages_up_to=None, packages_up_to_regex=None, packages_above=None, packages_above_and_dependencies=None, packages_above_depth=None, packages_select_by_dep=None, packages_skip_by_dep=None, packages_skip_up_to=None, packages_select_build_failed=False, packages_skip_build_finished=False, packages_select_test_failures=False, packages_skip_test_passed=False, packages_select=None, packages_skip=None, packages_select_regex=None, packages_skip_regex=None, packages_start=None, packages_end=None, allow_overriding=[], cmake_args=None, cmake_target=None, cmake_target_skip_unavailable=False, cmake_clean_cache=False, cmake_clean_first=False, cmake_force_configure=False, ament_cmake_args=None, catkin_cmake_args=None, catkin_skip_building_tests=False, mixin_files=None, mixin=None, verb_parser=<colcon_mixin.mixin.mixin_argument.MixinArgumentDecorator object at 0x75084365fa60>, verb_extension=<colcon_core.verb.build.BuildVerb object at 0x75084365f0d0>, main=<bound method BuildVerb.main of <colcon_core.verb.build.BuildVerb object at 0x75084365f0d0>>, mixin_verb=('build',))
[0.188s] Level 1:colcon.colcon_core.package_discovery:discover_packages(colcon_meta) check parameters
[0.188s] Level 1:colcon.colcon_core.package_discovery:discover_packages(recursive) check parameters
[0.188s] Level 1:colcon.colcon_core.package_discovery:discover_packages(ignore) check parameters
[0.188s] Level 1:colcon.colcon_core.package_discovery:discover_packages(path) check parameters
[0.188s] Level 1:colcon.colcon_core.package_discovery:discover_packages(colcon_meta) discover
[0.188s] Level 1:colcon.colcon_core.package_discovery:discover_packages(recursive) discover
[0.189s] INFO:colcon.colcon_core.package_discovery:Crawling recursively for packages in '/home/usamah/Documents/project/learnRos2'
[0.189s] Level 1:colcon.colcon_core.package_identification:_identify(.) by extensions ['ignore', 'ignore_ament_install']
[0.189s] Level 1:colcon.colcon_core.package_identification:_identify(.) by extension 'ignore'
[0.189s] Level 1:colcon.colcon_core.package_identification:_identify(.) by extension 'ignore_ament_install'
[0.189s] Level 1:colcon.colcon_core.package_identification:_identify(.) by extensions ['colcon_pkg']
[0.189s] Level 1:colcon.colcon_core.package_identification:_identify(.) by extension 'colcon_pkg'
[0.189s] Level 1:colcon.colcon_core.package_identification:_identify(.) by extensions ['colcon_meta']
[0.189s] Level 1:colcon.colcon_core.package_identification:_identify(.) by extension 'colcon_meta'
[0.189s] Level 1:colcon.colcon_core.package_identification:_identify(.) by extensions ['ros']
[0.189s] Level 1:colcon.colcon_core.package_identification:_identify(.) by extension 'ros'
[0.209s] Level 1:colcon.colcon_core.package_identification:_identify(.) by extensions ['cmake', 'python']
[0.209s] Level 1:colcon.colcon_core.package_identification:_identify(.) by extension 'cmake'
[0.209s] Level 1:colcon.colcon_core.package_identification:_identify(.) by extension 'python'
[0.209s] Level 1:colcon.colcon_core.package_identification:_identify(.) by extensions ['python_setup_py']
[0.209s] Level 1:colcon.colcon_core.package_identification:_identify(.) by extension 'python_setup_py'
[0.209s] Level 1:colcon.colcon_core.package_identification:_identify(01_udemy_publish_subscribe) by extensions ['ignore', 'ignore_ament_install']
[0.209s] Level 1:colcon.colcon_core.package_identification:_identify(01_udemy_publish_subscribe) by extension 'ignore'
[0.209s] Level 1:colcon.colcon_core.package_identification:_identify(01_udemy_publish_subscribe) by extension 'ignore_ament_install'
[0.209s] Level 1:colcon.colcon_core.package_identification:_identify(01_udemy_publish_subscribe) by extensions ['colcon_pkg']
[0.209s] Level 1:colcon.colcon_core.package_identification:_identify(01_udemy_publish_subscribe) by extension 'colcon_pkg'
[0.209s] Level 1:colcon.colcon_core.package_identification:_identify(01_udemy_publish_subscribe) by extensions ['colcon_meta']
[0.209s] Level 1:colcon.colcon_core.package_identification:_identify(01_udemy_publish_subscribe) by extension 'colcon_meta'
[0.209s] Level 1:colcon.colcon_core.package_identification:_identify(01_udemy_publish_subscribe) by extensions ['ros']
[0.209s] Level 1:colcon.colcon_core.package_identification:_identify(01_udemy_publish_subscribe) by extension 'ros'
[0.209s] Level 1:colcon.colcon_core.package_identification:_identify(01_udemy_publish_subscribe) by extensions ['cmake', 'python']
[0.209s] Level 1:colcon.colcon_core.package_identification:_identify(01_udemy_publish_subscribe) by extension 'cmake'
[0.209s] Level 1:colcon.colcon_core.package_identification:_identify(01_udemy_publish_subscribe) by extension 'python'
[0.209s] Level 1:colcon.colcon_core.package_identification:_identify(01_udemy_publish_subscribe) by extensions ['python_setup_py']
[0.209s] Level 1:colcon.colcon_core.package_identification:_identify(01_udemy_publish_subscribe) by extension 'python_setup_py'
[0.209s] Level 1:colcon.colcon_core.package_identification:_identify(01_udemy_publish_subscribe/src) by extensions ['ignore', 'ignore_ament_install']
[0.209s] Level 1:colcon.colcon_core.package_identification:_identify(01_udemy_publish_subscribe/src) by extension 'ignore'
[0.209s] Level 1:colcon.colcon_core.package_identification:_identify(01_udemy_publish_subscribe/src) by extension 'ignore_ament_install'
[0.210s] Level 1:colcon.colcon_core.package_identification:_identify(01_udemy_publish_subscribe/src) by extensions ['colcon_pkg']
[0.210s] Level 1:colcon.colcon_core.package_identification:_identify(01_udemy_publish_subscribe/src) by extension 'colcon_pkg'
[0.210s] Level 1:colcon.colcon_core.package_identification:_identify(01_udemy_publish_subscribe/src) by extensions ['colcon_meta']
[0.210s] Level 1:colcon.colcon_core.package_identification:_identify(01_udemy_publish_subscribe/src) by extension 'colcon_meta'
[0.210s] Level 1:colcon.colcon_core.package_identification:_identify(01_udemy_publish_subscribe/src) by extensions ['ros']
[0.210s] Level 1:colcon.colcon_core.package_identification:_identify(01_udemy_publish_subscribe/src) by extension 'ros'
[0.210s] Level 1:colcon.colcon_core.package_identification:_identify(01_udemy_publish_subscribe/src) by extensions ['cmake', 'python']
[0.210s] Level 1:colcon.colcon_core.package_identification:_identify(01_udemy_publish_subscribe/src) by extension 'cmake'
[0.210s] Level 1:colcon.colcon_core.package_identification:_identify(01_udemy_publish_subscribe/src) by extension 'python'
[0.210s] Level 1:colcon.colcon_core.package_identification:_identify(01_udemy_publish_subscribe/src) by extensions ['python_setup_py']
[0.210s] Level 1:colcon.colcon_core.package_identification:_identify(01_udemy_publish_subscribe/src) by extension 'python_setup_py'
[0.210s] Level 1:colcon.colcon_core.package_identification:_identify(01_udemy_publish_subscribe/src/udemy_ros2_pkg) by extensions ['ignore', 'ignore_ament_install']
[0.210s] Level 1:colcon.colcon_core.package_identification:_identify(01_udemy_publish_subscribe/src/udemy_ros2_pkg) by extension 'ignore'
[0.210s] Level 1:colcon.colcon_core.package_identification:_identify(01_udemy_publish_subscribe/src/udemy_ros2_pkg) by extension 'ignore_ament_install'
[0.210s] Level 1:colcon.colcon_core.package_identification:_identify(01_udemy_publish_subscribe/src/udemy_ros2_pkg) by extensions ['colcon_pkg']
[0.210s] Level 1:colcon.colcon_core.package_identification:_identify(01_udemy_publish_subscribe/src/udemy_ros2_pkg) by extension 'colcon_pkg'
[0.210s] Level 1:colcon.colcon_core.package_identification:_identify(01_udemy_publish_subscribe/src/udemy_ros2_pkg) by extensions ['colcon_meta']
[0.210s] Level 1:colcon.colcon_core.package_identification:_identify(01_udemy_publish_subscribe/src/udemy_ros2_pkg) by extension 'colcon_meta'
[0.210s] Level 1:colcon.colcon_core.package_identification:_identify(01_udemy_publish_subscribe/src/udemy_ros2_pkg) by extensions ['ros']
[0.210s] Level 1:colcon.colcon_core.package_identification:_identify(01_udemy_publish_subscribe/src/udemy_ros2_pkg) by extension 'ros'
[0.212s] DEBUG:colcon.colcon_core.package_identification:Package '01_udemy_publish_subscribe/src/udemy_ros2_pkg' with type 'ros.ament_cmake' and name 'udemy_ros2_pkg'
[0.212s] Level 1:colcon.colcon_core.package_identification:_identify(02_udemy_project) by extensions ['ignore', 'ignore_ament_install']
[0.212s] Level 1:colcon.colcon_core.package_identification:_identify(02_udemy_project) by extension 'ignore'
[0.212s] Level 1:colcon.colcon_core.package_identification:_identify(02_udemy_project) by extension 'ignore_ament_install'
[0.212s] Level 1:colcon.colcon_core.package_identification:_identify(02_udemy_project) by extensions ['colcon_pkg']
[0.212s] Level 1:colcon.colcon_core.package_identification:_identify(02_udemy_project) by extension 'colcon_pkg'
[0.212s] Level 1:colcon.colcon_core.package_identification:_identify(02_udemy_project) by extensions ['colcon_meta']
[0.212s] Level 1:colcon.colcon_core.package_identification:_identify(02_udemy_project) by extension 'colcon_meta'
[0.212s] Level 1:colcon.colcon_core.package_identification:_identify(02_udemy_project) by extensions ['ros']
[0.212s] Level 1:colcon.colcon_core.package_identification:_identify(02_udemy_project) by extension 'ros'
[0.212s] Level 1:colcon.colcon_core.package_identification:_identify(02_udemy_project) by extensions ['cmake', 'python']
[0.212s] Level 1:colcon.colcon_core.package_identification:_identify(02_udemy_project) by extension 'cmake'
[0.212s] Level 1:colcon.colcon_core.package_identification:_identify(02_udemy_project) by extension 'python'
[0.212s] Level 1:colcon.colcon_core.package_identification:_identify(02_udemy_project) by extensions ['python_setup_py']
[0.212s] Level 1:colcon.colcon_core.package_identification:_identify(02_udemy_project) by extension 'python_setup_py'
[0.212s] Level 1:colcon.colcon_core.package_identification:_identify(02_udemy_project/src) by extensions ['ignore', 'ignore_ament_install']
[0.212s] Level 1:colcon.colcon_core.package_identification:_identify(02_udemy_project/src) by extension 'ignore'
[0.212s] Level 1:colcon.colcon_core.package_identification:_identify(02_udemy_project/src) by extension 'ignore_ament_install'
[0.212s] Level 1:colcon.colcon_core.package_identification:_identify(02_udemy_project/src) by extensions ['colcon_pkg']
[0.212s] Level 1:colcon.colcon_core.package_identification:_identify(02_udemy_project/src) by extension 'colcon_pkg'
[0.212s] Level 1:colcon.colcon_core.package_identification:_identify(02_udemy_project/src) by extensions ['colcon_meta']
[0.212s] Level 1:colcon.colcon_core.package_identification:_identify(02_udemy_project/src) by extension 'colcon_meta'
[0.212s] Level 1:colcon.colcon_core.package_identification:_identify(02_udemy_project/src) by extensions ['ros']
[0.212s] Level 1:colcon.colcon_core.package_identification:_identify(02_udemy_project/src) by extension 'ros'
[0.212s] Level 1:colcon.colcon_core.package_identification:_identify(02_udemy_project/src) by extensions ['cmake', 'python']
[0.212s] Level 1:colcon.colcon_core.package_identification:_identify(02_udemy_project/src) by extension 'cmake'
[0.212s] Level 1:colcon.colcon_core.package_identification:_identify(02_udemy_project/src) by extension 'python'
[0.212s] Level 1:colcon.colcon_core.package_identification:_identify(02_udemy_project/src) by extensions ['python_setup_py']
[0.212s] Level 1:colcon.colcon_core.package_identification:_identify(02_udemy_project/src) by extension 'python_setup_py'
[0.212s] Level 1:colcon.colcon_core.package_identification:_identify(02_udemy_project/src/first_rpm_project) by extensions ['ignore', 'ignore_ament_install']
[0.212s] Level 1:colcon.colcon_core.package_identification:_identify(02_udemy_project/src/first_rpm_project) by extension 'ignore'
[0.213s] Level 1:colcon.colcon_core.package_identification:_identify(02_udemy_project/src/first_rpm_project) by extension 'ignore_ament_install'
[0.213s] Level 1:colcon.colcon_core.package_identification:_identify(02_udemy_project/src/first_rpm_project) by extensions ['colcon_pkg']
[0.213s] Level 1:colcon.colcon_core.package_identification:_identify(02_udemy_project/src/first_rpm_project) by extension 'colcon_pkg'
[0.213s] Level 1:colcon.colcon_core.package_identification:_identify(02_udemy_project/src/first_rpm_project) by extensions ['colcon_meta']
[0.213s] Level 1:colcon.colcon_core.package_identification:_identify(02_udemy_project/src/first_rpm_project) by extension 'colcon_meta'
[0.213s] Level 1:colcon.colcon_core.package_identification:_identify(02_udemy_project/src/first_rpm_project) by extensions ['ros']
[0.213s] Level 1:colcon.colcon_core.package_identification:_identify(02_udemy_project/src/first_rpm_project) by extension 'ros'
[0.213s] DEBUG:colcon.colcon_core.package_identification:Package '02_udemy_project/src/first_rpm_project' with type 'ros.ament_cmake' and name 'first_rpm_project'
[0.213s] Level 1:colcon.colcon_core.package_identification:_identify(02_udemy_project/src/second_turn_camera_project) by extensions ['ignore', 'ignore_ament_install']
[0.213s] Level 1:colcon.colcon_core.package_identification:_identify(02_udemy_project/src/second_turn_camera_project) by extension 'ignore'
[0.213s] Level 1:colcon.colcon_core.package_identification:_identify(02_udemy_project/src/second_turn_camera_project) by extension 'ignore_ament_install'
[0.213s] Level 1:colcon.colcon_core.package_identification:_identify(02_udemy_project/src/second_turn_camera_project) by extensions ['colcon_pkg']
[0.213s] Level 1:colcon.colcon_core.package_identification:_identify(02_udemy_project/src/second_turn_camera_project) by extension 'colcon_pkg'
[0.213s] Level 1:colcon.colcon_core.package_identification:_identify(02_udemy_project/src/second_turn_camera_project) by extensions ['colcon_meta']
[0.213s] Level 1:colcon.colcon_core.package_identification:_identify(02_udemy_project/src/second_turn_camera_project) by extension 'colcon_meta'
[0.213s] Level 1:colcon.colcon_core.package_identification:_identify(02_udemy_project/src/second_turn_camera_project) by extensions ['ros']
[0.213s] Level 1:colcon.colcon_core.package_identification:_identify(02_udemy_project/src/second_turn_camera_project) by extension 'ros'
[0.214s] DEBUG:colcon.colcon_core.package_identification:Package '02_udemy_project/src/second_turn_camera_project' with type 'ros.ament_cmake' and name 'second_turn_camera_project'
[0.214s] Level 1:colcon.colcon_core.package_identification:_identify(build) by extensions ['ignore', 'ignore_ament_install']
[0.214s] Level 1:colcon.colcon_core.package_identification:_identify(build) by extension 'ignore'
[0.214s] Level 1:colcon.colcon_core.package_identification:_identify(build) ignored
[0.214s] Level 1:colcon.colcon_core.package_identification:_identify(install) by extensions ['ignore', 'ignore_ament_install']
[0.214s] Level 1:colcon.colcon_core.package_identification:_identify(install) by extension 'ignore'
[0.214s] Level 1:colcon.colcon_core.package_identification:_identify(install) ignored
[0.214s] Level 1:colcon.colcon_core.package_identification:_identify(log) by extensions ['ignore', 'ignore_ament_install']
[0.214s] Level 1:colcon.colcon_core.package_identification:_identify(log) by extension 'ignore'
[0.214s] Level 1:colcon.colcon_core.package_identification:_identify(log) ignored
[0.214s] Level 1:colcon.colcon_core.package_discovery:discover_packages(recursive) using defaults
[0.214s] Level 1:colcon.colcon_core.package_discovery:discover_packages(ignore) discover
[0.214s] Level 1:colcon.colcon_core.package_discovery:discover_packages(ignore) using defaults
[0.214s] Level 1:colcon.colcon_core.package_discovery:discover_packages(path) discover
[0.214s] Level 1:colcon.colcon_core.package_discovery:discover_packages(path) using defaults
[0.226s] Level 1:colcon.colcon_core.package_discovery:discover_packages(prefix_path) check parameters
[0.226s] Level 1:colcon.colcon_core.package_discovery:discover_packages(prefix_path) discover
[0.227s] DEBUG:colcon.colcon_installed_package_information.package_discovery:Found 5 installed packages in /home/usamah/Documents/project/learnRos2/install
[0.228s] DEBUG:colcon.colcon_installed_package_information.package_discovery:Found 397 installed packages in /opt/ros/humble
[0.229s] Level 1:colcon.colcon_core.package_discovery:discover_packages(prefix_path) using defaults
[0.260s] Level 5:colcon.colcon_core.verb:set package 'first_rpm_project' build argument 'cmake_args' from command line to 'None'
[0.260s] Level 5:colcon.colcon_core.verb:set package 'first_rpm_project' build argument 'cmake_target' from command line to 'None'
[0.260s] Level 5:colcon.colcon_core.verb:set package 'first_rpm_project' build argument 'cmake_target_skip_unavailable' from command line to 'False'
[0.260s] Level 5:colcon.colcon_core.verb:set package 'first_rpm_project' build argument 'cmake_clean_cache' from command line to 'False'
[0.260s] Level 5:colcon.colcon_core.verb:set package 'first_rpm_project' build argument 'cmake_clean_first' from command line to 'False'
[0.260s] Level 5:colcon.colcon_core.verb:set package 'first_rpm_project' build argument 'cmake_force_configure' from command line to 'False'
[0.260s] Level 5:colcon.colcon_core.verb:set package 'first_rpm_project' build argument 'ament_cmake_args' from command line to 'None'
[0.260s] Level 5:colcon.colcon_core.verb:set package 'first_rpm_project' build argument 'catkin_cmake_args' from command line to 'None'
[0.260s] Level 5:colcon.colcon_core.verb:set package 'first_rpm_project' build argument 'catkin_skip_building_tests' from command line to 'False'
[0.260s] DEBUG:colcon.colcon_core.verb:Building package 'first_rpm_project' with the following arguments: {'ament_cmake_args': None, 'build_base': '/home/usamah/Documents/project/learnRos2/build/first_rpm_project', 'catkin_cmake_args': None, 'catkin_skip_building_tests': False, 'cmake_args': None, 'cmake_clean_cache': False, 'cmake_clean_first': False, 'cmake_force_configure': False, 'cmake_target': None, 'cmake_target_skip_unavailable': False, 'install_base': '/home/usamah/Documents/project/learnRos2/install/first_rpm_project', 'merge_install': False, 'path': '/home/usamah/Documents/project/learnRos2/02_udemy_project/src/first_rpm_project', 'symlink_install': True, 'test_result_base': None}
[0.261s] Level 5:colcon.colcon_core.verb:set package 'second_turn_camera_project' build argument 'cmake_args' from command line to 'None'
[0.261s] Level 5:colcon.colcon_core.verb:set package 'second_turn_camera_project' build argument 'cmake_target' from command line to 'None'
[0.261s] Level 5:colcon.colcon_core.verb:set package 'second_turn_camera_project' build argument 'cmake_target_skip_unavailable' from command line to 'False'
[0.261s] Level 5:colcon.colcon_core.verb:set package 'second_turn_camera_project' build argument 'cmake_clean_cache' from command line to 'False'
[0.261s] Level 5:colcon.colcon_core.verb:set package 'second_turn_camera_project' build argument 'cmake_clean_first' from command line to 'False'
[0.261s] Level 5:colcon.colcon_core.verb:set package 'second_turn_camera_project' build argument 'cmake_force_configure' from command line to 'False'
[0.261s] Level 5:colcon.colcon_core.verb:set package 'second_turn_camera_project' build argument 'ament_cmake_args' from command line to 'None'
[0.261s] Level 5:colcon.colcon_core.verb:set package 'second_turn_camera_project' build argument 'catkin_cmake_args' from command line to 'None'
[0.261s] Level 5:colcon.colcon_core.verb:set package 'second_turn_camera_project' build argument 'catkin_skip_building_tests' from command line to 'False'
[0.261s] DEBUG:colcon.colcon_core.verb:Building package 'second_turn_camera_project' with the following arguments: {'ament_cmake_args': None, 'build_base': '/home/usamah/Documents/project/learnRos2/build/second_turn_camera_project', 'catkin_cmake_args': None, 'catkin_skip_building_tests': False, 'cmake_args': None, 'cmake_clean_cache': False, 'cmake_clean_first': False, 'cmake_force_configure': False, 'cmake_target': None, 'cmake_target_skip_unavailable': False, 'install_base': '/home/usamah/Documents/project/learnRos2/install/second_turn_camera_project', 'merge_install': False, 'path': '/home/usamah/Documents/project/learnRos2/02_udemy_project/src/second_turn_camera_project', 'symlink_install': True, 'test_result_base': None}
[0.261s] Level 5:colcon.colcon_core.verb:set package 'udemy_ros2_pkg' build argument 'cmake_args' from command line to 'None'
[0.261s] Level 5:colcon.colcon_core.verb:set package 'udemy_ros2_pkg' build argument 'cmake_target' from command line to 'None'
[0.261s] Level 5:colcon.colcon_core.verb:set package 'udemy_ros2_pkg' build argument 'cmake_target_skip_unavailable' from command line to 'False'
[0.261s] Level 5:colcon.colcon_core.verb:set package 'udemy_ros2_pkg' build argument 'cmake_clean_cache' from command line to 'False'
[0.261s] Level 5:colcon.colcon_core.verb:set package 'udemy_ros2_pkg' build argument 'cmake_clean_first' from command line to 'False'
[0.261s] Level 5:colcon.colcon_core.verb:set package 'udemy_ros2_pkg' build argument 'cmake_force_configure' from command line to 'False'
[0.261s] Level 5:colcon.colcon_core.verb:set package 'udemy_ros2_pkg' build argument 'ament_cmake_args' from command line to 'None'
[0.261s] Level 5:colcon.colcon_core.verb:set package 'udemy_ros2_pkg' build argument 'catkin_cmake_args' from command line to 'None'
[0.261s] Level 5:colcon.colcon_core.verb:set package 'udemy_ros2_pkg' build argument 'catkin_skip_building_tests' from command line to 'False'
[0.261s] DEBUG:colcon.colcon_core.verb:Building package 'udemy_ros2_pkg' with the following arguments: {'ament_cmake_args': None, 'build_base': '/home/usamah/Documents/project/learnRos2/build/udemy_ros2_pkg', 'catkin_cmake_args': None, 'catkin_skip_building_tests': False, 'cmake_args': None, 'cmake_clean_cache': False, 'cmake_clean_first': False, 'cmake_force_configure': False, 'cmake_target': None, 'cmake_target_skip_unavailable': False, 'install_base': '/home/usamah/Documents/project/learnRos2/install/udemy_ros2_pkg', 'merge_install': False, 'path': '/home/usamah/Documents/project/learnRos2/01_udemy_publish_subscribe/src/udemy_ros2_pkg', 'symlink_install': True, 'test_result_base': None}
[0.261s] INFO:colcon.colcon_core.executor:Executing jobs using 'parallel' executor
[0.262s] DEBUG:colcon.colcon_parallel_executor.executor.parallel:run_until_complete
[0.262s] INFO:colcon.colcon_ros.task.ament_cmake.build:Building ROS package in '/home/usamah/Documents/project/learnRos2/02_udemy_project/src/first_rpm_project' with build type 'ament_cmake'
[0.262s] INFO:colcon.colcon_cmake.task.cmake.build:Building CMake package in '/home/usamah/Documents/project/learnRos2/02_udemy_project/src/first_rpm_project'
[0.263s] INFO:colcon.colcon_core.plugin_system:Skipping extension 'colcon_core.shell.bat': Not used on non-Windows systems
[0.263s] INFO:colcon.colcon_core.shell:Skip shell extension 'powershell' for command environment: Not usable outside of PowerShell
[0.263s] DEBUG:colcon.colcon_core.shell:Skip shell extension 'dsv' for command environment
[0.266s] INFO:colcon.colcon_ros.task.ament_cmake.build:Building ROS package in '/home/usamah/Documents/project/learnRos2/02_udemy_project/src/second_turn_camera_project' with build type 'ament_cmake'
[0.266s] INFO:colcon.colcon_cmake.task.cmake.build:Building CMake package in '/home/usamah/Documents/project/learnRos2/02_udemy_project/src/second_turn_camera_project'
[0.266s] INFO:colcon.colcon_core.shell:Skip shell extension 'powershell' for command environment: Not usable outside of PowerShell
[0.266s] DEBUG:colcon.colcon_core.shell:Skip shell extension 'dsv' for command environment
[0.268s] INFO:colcon.colcon_ros.task.ament_cmake.build:Building ROS package in '/home/usamah/Documents/project/learnRos2/01_udemy_publish_subscribe/src/udemy_ros2_pkg' with build type 'ament_cmake'
[0.268s] INFO:colcon.colcon_cmake.task.cmake.build:Building CMake package in '/home/usamah/Documents/project/learnRos2/01_udemy_publish_subscribe/src/udemy_ros2_pkg'
[0.268s] INFO:colcon.colcon_core.shell:Skip shell extension 'powershell' for command environment: Not usable outside of PowerShell
[0.268s] DEBUG:colcon.colcon_core.shell:Skip shell extension 'dsv' for command environment
[0.274s] DEBUG:colcon.colcon_core.event_handler.log_command:Invoking command in '/home/usamah/Documents/project/learnRos2/build/first_rpm_project': CMAKE_PREFIX_PATH=${CMAKE_PREFIX_PATH}:/opt/ros/humble /usr/bin/cmake --build /home/usamah/Documents/project/learnRos2/build/first_rpm_project -- -j16 -l16
[0.276s] DEBUG:colcon.colcon_core.event_handler.log_command:Invoking command in '/home/usamah/Documents/project/learnRos2/build/second_turn_camera_project': CMAKE_PREFIX_PATH=${CMAKE_PREFIX_PATH}:/opt/ros/humble /usr/bin/cmake --build /home/usamah/Documents/project/learnRos2/build/second_turn_camera_project -- -j16 -l16
[0.279s] DEBUG:colcon.colcon_core.event_handler.log_command:Invoking command in '/home/usamah/Documents/project/learnRos2/build/udemy_ros2_pkg': CMAKE_PREFIX_PATH=${CMAKE_PREFIX_PATH}:/opt/ros/humble /usr/bin/cmake --build /home/usamah/Documents/project/learnRos2/build/udemy_ros2_pkg -- -j16 -l16
[0.631s] DEBUG:colcon.colcon_core.event_handler.log_command:Invoked command in '/home/usamah/Documents/project/learnRos2/build/udemy_ros2_pkg' returned '0': CMAKE_PREFIX_PATH=${CMAKE_PREFIX_PATH}:/opt/ros/humble /usr/bin/cmake --build /home/usamah/Documents/project/learnRos2/build/udemy_ros2_pkg -- -j16 -l16
[0.636s] DEBUG:colcon.colcon_core.event_handler.log_command:Invoked command in '/home/usamah/Documents/project/learnRos2/build/first_rpm_project' returned '0': CMAKE_PREFIX_PATH=${CMAKE_PREFIX_PATH}:/opt/ros/humble /usr/bin/cmake --build /home/usamah/Documents/project/learnRos2/build/first_rpm_project -- -j16 -l16
[0.655s] DEBUG:colcon.colcon_core.event_handler.log_command:Invoking command in '/home/usamah/Documents/project/learnRos2/build/udemy_ros2_pkg': CMAKE_PREFIX_PATH=${CMAKE_PREFIX_PATH}:/opt/ros/humble /usr/bin/cmake --install /home/usamah/Documents/project/learnRos2/build/udemy_ros2_pkg
[0.683s] DEBUG:colcon.colcon_core.event_handler.log_command:Invoking command in '/home/usamah/Documents/project/learnRos2/build/first_rpm_project': CMAKE_PREFIX_PATH=${CMAKE_PREFIX_PATH}:/opt/ros/humble /usr/bin/cmake --install /home/usamah/Documents/project/learnRos2/build/first_rpm_project
[0.707s] Level 1:colcon.colcon_core.environment:create_environment_scripts_only(udemy_ros2_pkg)
[0.708s] DEBUG:colcon.colcon_core.event_handler.log_command:Invoked command in '/home/usamah/Documents/project/learnRos2/build/udemy_ros2_pkg' returned '0': CMAKE_PREFIX_PATH=${CMAKE_PREFIX_PATH}:/opt/ros/humble /usr/bin/cmake --install /home/usamah/Documents/project/learnRos2/build/udemy_ros2_pkg
[0.710s] Level 1:colcon.colcon_core.environment:checking '/home/usamah/Documents/project/learnRos2/install/udemy_ros2_pkg' for CMake module files
[0.712s] Level 1:colcon.colcon_core.environment:checking '/home/usamah/Documents/project/learnRos2/install/udemy_ros2_pkg' for CMake config files
[0.712s] Level 1:colcon.colcon_core.shell:create_environment_hook('udemy_ros2_pkg', 'cmake_prefix_path')
[0.712s] INFO:colcon.colcon_core.shell:Creating environment hook '/home/usamah/Documents/project/learnRos2/install/udemy_ros2_pkg/share/udemy_ros2_pkg/hook/cmake_prefix_path.ps1'
[0.714s] INFO:colcon.colcon_core.shell:Creating environment descriptor '/home/usamah/Documents/project/learnRos2/install/udemy_ros2_pkg/share/udemy_ros2_pkg/hook/cmake_prefix_path.dsv'
[0.714s] INFO:colcon.colcon_core.shell:Creating environment hook '/home/usamah/Documents/project/learnRos2/install/udemy_ros2_pkg/share/udemy_ros2_pkg/hook/cmake_prefix_path.sh'
[0.715s] Level 1:colcon.colcon_core.environment:checking '/home/usamah/Documents/project/learnRos2/install/udemy_ros2_pkg/lib'
[0.715s] Level 1:colcon.colcon_core.environment:checking '/home/usamah/Documents/project/learnRos2/install/udemy_ros2_pkg/bin'
[0.715s] Level 1:colcon.colcon_core.environment:checking '/home/usamah/Documents/project/learnRos2/install/udemy_ros2_pkg/lib/pkgconfig/udemy_ros2_pkg.pc'
[0.716s] Level 1:colcon.colcon_core.environment:checking '/home/usamah/Documents/project/learnRos2/install/udemy_ros2_pkg/lib/python3.10/site-packages'
[0.716s] Level 1:colcon.colcon_core.environment:checking '/home/usamah/Documents/project/learnRos2/install/udemy_ros2_pkg/bin'
[0.716s] INFO:colcon.colcon_core.shell:Creating package script '/home/usamah/Documents/project/learnRos2/install/udemy_ros2_pkg/share/udemy_ros2_pkg/package.ps1'
[0.717s] INFO:colcon.colcon_core.shell:Creating package descriptor '/home/usamah/Documents/project/learnRos2/install/udemy_ros2_pkg/share/udemy_ros2_pkg/package.dsv'
[0.717s] INFO:colcon.colcon_core.shell:Creating package script '/home/usamah/Documents/project/learnRos2/install/udemy_ros2_pkg/share/udemy_ros2_pkg/package.sh'
[0.718s] INFO:colcon.colcon_core.shell:Creating package script '/home/usamah/Documents/project/learnRos2/install/udemy_ros2_pkg/share/udemy_ros2_pkg/package.bash'
[0.719s] INFO:colcon.colcon_core.shell:Creating package script '/home/usamah/Documents/project/learnRos2/install/udemy_ros2_pkg/share/udemy_ros2_pkg/package.zsh'
[0.719s] Level 1:colcon.colcon_core.environment:create_file_with_runtime_dependencies(/home/usamah/Documents/project/learnRos2/install/udemy_ros2_pkg/share/colcon-core/packages/udemy_ros2_pkg)
[0.744s] Level 1:colcon.colcon_core.environment:create_environment_scripts_only(udemy_ros2_pkg)
[0.744s] Level 1:colcon.colcon_core.environment:checking '/home/usamah/Documents/project/learnRos2/install/udemy_ros2_pkg' for CMake module files
[0.744s] Level 1:colcon.colcon_core.environment:checking '/home/usamah/Documents/project/learnRos2/install/udemy_ros2_pkg' for CMake config files
[0.745s] Level 1:colcon.colcon_core.shell:create_environment_hook('udemy_ros2_pkg', 'cmake_prefix_path')
[0.745s] INFO:colcon.colcon_core.shell:Creating environment hook '/home/usamah/Documents/project/learnRos2/install/udemy_ros2_pkg/share/udemy_ros2_pkg/hook/cmake_prefix_path.ps1'
[0.745s] INFO:colcon.colcon_core.shell:Creating environment descriptor '/home/usamah/Documents/project/learnRos2/install/udemy_ros2_pkg/share/udemy_ros2_pkg/hook/cmake_prefix_path.dsv'
[0.746s] INFO:colcon.colcon_core.shell:Creating environment hook '/home/usamah/Documents/project/learnRos2/install/udemy_ros2_pkg/share/udemy_ros2_pkg/hook/cmake_prefix_path.sh'
[0.747s] Level 1:colcon.colcon_core.environment:checking '/home/usamah/Documents/project/learnRos2/install/udemy_ros2_pkg/lib'
[0.747s] Level 1:colcon.colcon_core.environment:checking '/home/usamah/Documents/project/learnRos2/install/udemy_ros2_pkg/bin'
[0.747s] Level 1:colcon.colcon_core.environment:checking '/home/usamah/Documents/project/learnRos2/install/udemy_ros2_pkg/lib/pkgconfig/udemy_ros2_pkg.pc'
[0.747s] Level 1:colcon.colcon_core.environment:checking '/home/usamah/Documents/project/learnRos2/install/udemy_ros2_pkg/lib/python3.10/site-packages'
[0.747s] Level 1:colcon.colcon_core.environment:checking '/home/usamah/Documents/project/learnRos2/install/udemy_ros2_pkg/bin'
[0.747s] INFO:colcon.colcon_core.shell:Creating package script '/home/usamah/Documents/project/learnRos2/install/udemy_ros2_pkg/share/udemy_ros2_pkg/package.ps1'
[0.748s] INFO:colcon.colcon_core.shell:Creating package descriptor '/home/usamah/Documents/project/learnRos2/install/udemy_ros2_pkg/share/udemy_ros2_pkg/package.dsv'
[0.748s] INFO:colcon.colcon_core.shell:Creating package script '/home/usamah/Documents/project/learnRos2/install/udemy_ros2_pkg/share/udemy_ros2_pkg/package.sh'
[0.749s] INFO:colcon.colcon_core.shell:Creating package script '/home/usamah/Documents/project/learnRos2/install/udemy_ros2_pkg/share/udemy_ros2_pkg/package.bash'
[0.749s] INFO:colcon.colcon_core.shell:Creating package script '/home/usamah/Documents/project/learnRos2/install/udemy_ros2_pkg/share/udemy_ros2_pkg/package.zsh'
[0.749s] Level 1:colcon.colcon_core.environment:create_file_with_runtime_dependencies(/home/usamah/Documents/project/learnRos2/install/udemy_ros2_pkg/share/colcon-core/packages/udemy_ros2_pkg)
[0.791s] Level 1:colcon.colcon_core.environment:create_environment_scripts_only(first_rpm_project)
[0.792s] Level 1:colcon.colcon_core.environment:checking '/home/usamah/Documents/project/learnRos2/install/first_rpm_project' for CMake module files
[0.792s] DEBUG:colcon.colcon_core.event_handler.log_command:Invoked command in '/home/usamah/Documents/project/learnRos2/build/first_rpm_project' returned '0': CMAKE_PREFIX_PATH=${CMAKE_PREFIX_PATH}:/opt/ros/humble /usr/bin/cmake --install /home/usamah/Documents/project/learnRos2/build/first_rpm_project
[0.793s] Level 1:colcon.colcon_core.environment:checking '/home/usamah/Documents/project/learnRos2/install/first_rpm_project' for CMake config files
[0.793s] Level 1:colcon.colcon_core.shell:create_environment_hook('first_rpm_project', 'cmake_prefix_path')
[0.793s] INFO:colcon.colcon_core.shell:Creating environment hook '/home/usamah/Documents/project/learnRos2/install/first_rpm_project/share/first_rpm_project/hook/cmake_prefix_path.ps1'
[0.793s] INFO:colcon.colcon_core.shell:Creating environment descriptor '/home/usamah/Documents/project/learnRos2/install/first_rpm_project/share/first_rpm_project/hook/cmake_prefix_path.dsv'
[0.794s] INFO:colcon.colcon_core.shell:Creating environment hook '/home/usamah/Documents/project/learnRos2/install/first_rpm_project/share/first_rpm_project/hook/cmake_prefix_path.sh'
[0.794s] Level 1:colcon.colcon_core.environment:checking '/home/usamah/Documents/project/learnRos2/install/first_rpm_project/lib'
[0.794s] Level 1:colcon.colcon_core.shell:create_environment_hook('first_rpm_project', 'ld_library_path_lib')
[0.794s] INFO:colcon.colcon_core.shell:Creating environment hook '/home/usamah/Documents/project/learnRos2/install/first_rpm_project/share/first_rpm_project/hook/ld_library_path_lib.ps1'
[0.795s] INFO:colcon.colcon_core.shell:Creating environment descriptor '/home/usamah/Documents/project/learnRos2/install/first_rpm_project/share/first_rpm_project/hook/ld_library_path_lib.dsv'
[0.795s] INFO:colcon.colcon_core.shell:Creating environment hook '/home/usamah/Documents/project/learnRos2/install/first_rpm_project/share/first_rpm_project/hook/ld_library_path_lib.sh'
[0.795s] Level 1:colcon.colcon_core.environment:checking '/home/usamah/Documents/project/learnRos2/install/first_rpm_project/bin'
[0.795s] Level 1:colcon.colcon_core.environment:checking '/home/usamah/Documents/project/learnRos2/install/first_rpm_project/lib/pkgconfig/first_rpm_project.pc'
[0.796s] Level 1:colcon.colcon_core.environment:checking '/home/usamah/Documents/project/learnRos2/install/first_rpm_project/lib/python3.10/site-packages'
[0.796s] Level 1:colcon.colcon_core.environment:checking '/home/usamah/Documents/project/learnRos2/install/first_rpm_project/bin'
[0.796s] INFO:colcon.colcon_core.shell:Creating package script '/home/usamah/Documents/project/learnRos2/install/first_rpm_project/share/first_rpm_project/package.ps1'
[0.796s] INFO:colcon.colcon_core.shell:Creating package descriptor '/home/usamah/Documents/project/learnRos2/install/first_rpm_project/share/first_rpm_project/package.dsv'
[0.797s] INFO:colcon.colcon_core.shell:Creating package script '/home/usamah/Documents/project/learnRos2/install/first_rpm_project/share/first_rpm_project/package.sh'
[0.797s] INFO:colcon.colcon_core.shell:Creating package script '/home/usamah/Documents/project/learnRos2/install/first_rpm_project/share/first_rpm_project/package.bash'
[0.797s] INFO:colcon.colcon_core.shell:Creating package script '/home/usamah/Documents/project/learnRos2/install/first_rpm_project/share/first_rpm_project/package.zsh'
[0.798s] Level 1:colcon.colcon_core.environment:create_file_with_runtime_dependencies(/home/usamah/Documents/project/learnRos2/install/first_rpm_project/share/colcon-core/packages/first_rpm_project)
[0.844s] Level 1:colcon.colcon_core.environment:create_environment_scripts_only(first_rpm_project)
[0.844s] Level 1:colcon.colcon_core.environment:checking '/home/usamah/Documents/project/learnRos2/install/first_rpm_project' for CMake module files
[0.845s] Level 1:colcon.colcon_core.environment:checking '/home/usamah/Documents/project/learnRos2/install/first_rpm_project' for CMake config files
[0.845s] Level 1:colcon.colcon_core.shell:create_environment_hook('first_rpm_project', 'cmake_prefix_path')
[0.845s] INFO:colcon.colcon_core.shell:Creating environment hook '/home/usamah/Documents/project/learnRos2/install/first_rpm_project/share/first_rpm_project/hook/cmake_prefix_path.ps1'
[0.846s] INFO:colcon.colcon_core.shell:Creating environment descriptor '/home/usamah/Documents/project/learnRos2/install/first_rpm_project/share/first_rpm_project/hook/cmake_prefix_path.dsv'
[0.846s] INFO:colcon.colcon_core.shell:Creating environment hook '/home/usamah/Documents/project/learnRos2/install/first_rpm_project/share/first_rpm_project/hook/cmake_prefix_path.sh'
[0.846s] Level 1:colcon.colcon_core.environment:checking '/home/usamah/Documents/project/learnRos2/install/first_rpm_project/lib'
[0.846s] Level 1:colcon.colcon_core.shell:create_environment_hook('first_rpm_project', 'ld_library_path_lib')
[0.847s] INFO:colcon.colcon_core.shell:Creating environment hook '/home/usamah/Documents/project/learnRos2/install/first_rpm_project/share/first_rpm_project/hook/ld_library_path_lib.ps1'
[0.847s] INFO:colcon.colcon_core.shell:Creating environment descriptor '/home/usamah/Documents/project/learnRos2/install/first_rpm_project/share/first_rpm_project/hook/ld_library_path_lib.dsv'
[0.847s] INFO:colcon.colcon_core.shell:Creating environment hook '/home/usamah/Documents/project/learnRos2/install/first_rpm_project/share/first_rpm_project/hook/ld_library_path_lib.sh'
[0.847s] Level 1:colcon.colcon_core.environment:checking '/home/usamah/Documents/project/learnRos2/install/first_rpm_project/bin'
[0.847s] Level 1:colcon.colcon_core.environment:checking '/home/usamah/Documents/project/learnRos2/install/first_rpm_project/lib/pkgconfig/first_rpm_project.pc'
[0.847s] Level 1:colcon.colcon_core.environment:checking '/home/usamah/Documents/project/learnRos2/install/first_rpm_project/lib/python3.10/site-packages'
[0.848s] Level 1:colcon.colcon_core.environment:checking '/home/usamah/Documents/project/learnRos2/install/first_rpm_project/bin'
[0.848s] INFO:colcon.colcon_core.shell:Creating package script '/home/usamah/Documents/project/learnRos2/install/first_rpm_project/share/first_rpm_project/package.ps1'
[0.848s] INFO:colcon.colcon_core.shell:Creating package descriptor '/home/usamah/Documents/project/learnRos2/install/first_rpm_project/share/first_rpm_project/package.dsv'
[0.849s] INFO:colcon.colcon_core.shell:Creating package script '/home/usamah/Documents/project/learnRos2/install/first_rpm_project/share/first_rpm_project/package.sh'
[0.849s] INFO:colcon.colcon_core.shell:Creating package script '/home/usamah/Documents/project/learnRos2/install/first_rpm_project/share/first_rpm_project/package.bash'
[0.849s] INFO:colcon.colcon_core.shell:Creating package script '/home/usamah/Documents/project/learnRos2/install/first_rpm_project/share/first_rpm_project/package.zsh'
[0.849s] Level 1:colcon.colcon_core.environment:create_file_with_runtime_dependencies(/home/usamah/Documents/project/learnRos2/install/first_rpm_project/share/colcon-core/packages/first_rpm_project)
[0.920s] DEBUG:colcon.colcon_core.event_handler.log_command:Invoked command in '/home/usamah/Documents/project/learnRos2/build/second_turn_camera_project' returned '0': CMAKE_PREFIX_PATH=${CMAKE_PREFIX_PATH}:/opt/ros/humble /usr/bin/cmake --build /home/usamah/Documents/project/learnRos2/build/second_turn_camera_project -- -j16 -l16
[0.942s] DEBUG:colcon.colcon_core.event_handler.log_command:Invoking command in '/home/usamah/Documents/project/learnRos2/build/second_turn_camera_project': CMAKE_PREFIX_PATH=${CMAKE_PREFIX_PATH}:/opt/ros/humble /usr/bin/cmake --install /home/usamah/Documents/project/learnRos2/build/second_turn_camera_project
[1.036s] Level 1:colcon.colcon_core.environment:create_environment_scripts_only(second_turn_camera_project)
[1.036s] Level 1:colcon.colcon_core.environment:checking '/home/usamah/Documents/project/learnRos2/install/second_turn_camera_project' for CMake module files
[1.037s] DEBUG:colcon.colcon_core.event_handler.log_command:Invoked command in '/home/usamah/Documents/project/learnRos2/build/second_turn_camera_project' returned '0': CMAKE_PREFIX_PATH=${CMAKE_PREFIX_PATH}:/opt/ros/humble /usr/bin/cmake --install /home/usamah/Documents/project/learnRos2/build/second_turn_camera_project
[1.037s] Level 1:colcon.colcon_core.environment:checking '/home/usamah/Documents/project/learnRos2/install/second_turn_camera_project' for CMake config files
[1.038s] Level 1:colcon.colcon_core.shell:create_environment_hook('second_turn_camera_project', 'cmake_prefix_path')
[1.038s] INFO:colcon.colcon_core.shell:Creating environment hook '/home/usamah/Documents/project/learnRos2/install/second_turn_camera_project/share/second_turn_camera_project/hook/cmake_prefix_path.ps1'
[1.038s] INFO:colcon.colcon_core.shell:Creating environment descriptor '/home/usamah/Documents/project/learnRos2/install/second_turn_camera_project/share/second_turn_camera_project/hook/cmake_prefix_path.dsv'
[1.039s] INFO:colcon.colcon_core.shell:Creating environment hook '/home/usamah/Documents/project/learnRos2/install/second_turn_camera_project/share/second_turn_camera_project/hook/cmake_prefix_path.sh'
[1.040s] Level 1:colcon.colcon_core.environment:checking '/home/usamah/Documents/project/learnRos2/install/second_turn_camera_project/lib'
[1.040s] Level 1:colcon.colcon_core.environment:checking '/home/usamah/Documents/project/learnRos2/install/second_turn_camera_project/bin'
[1.040s] Level 1:colcon.colcon_core.environment:checking '/home/usamah/Documents/project/learnRos2/install/second_turn_camera_project/lib/pkgconfig/second_turn_camera_project.pc'
[1.040s] Level 1:colcon.colcon_core.environment:checking '/home/usamah/Documents/project/learnRos2/install/second_turn_camera_project/lib/python3.10/site-packages'
[1.040s] Level 1:colcon.colcon_core.environment:checking '/home/usamah/Documents/project/learnRos2/install/second_turn_camera_project/bin'
[1.041s] INFO:colcon.colcon_core.shell:Creating package script '/home/usamah/Documents/project/learnRos2/install/second_turn_camera_project/share/second_turn_camera_project/package.ps1'
[1.041s] INFO:colcon.colcon_core.shell:Creating package descriptor '/home/usamah/Documents/project/learnRos2/install/second_turn_camera_project/share/second_turn_camera_project/package.dsv'
[1.042s] INFO:colcon.colcon_core.shell:Creating package script '/home/usamah/Documents/project/learnRos2/install/second_turn_camera_project/share/second_turn_camera_project/package.sh'
[1.042s] INFO:colcon.colcon_core.shell:Creating package script '/home/usamah/Documents/project/learnRos2/install/second_turn_camera_project/share/second_turn_camera_project/package.bash'
[1.043s] INFO:colcon.colcon_core.shell:Creating package script '/home/usamah/Documents/project/learnRos2/install/second_turn_camera_project/share/second_turn_camera_project/package.zsh'
[1.043s] Level 1:colcon.colcon_core.environment:create_file_with_runtime_dependencies(/home/usamah/Documents/project/learnRos2/install/second_turn_camera_project/share/colcon-core/packages/second_turn_camera_project)
[1.063s] Level 1:colcon.colcon_core.environment:create_environment_scripts_only(second_turn_camera_project)
[1.063s] Level 1:colcon.colcon_core.environment:checking '/home/usamah/Documents/project/learnRos2/install/second_turn_camera_project' for CMake module files
[1.064s] Level 1:colcon.colcon_core.environment:checking '/home/usamah/Documents/project/learnRos2/install/second_turn_camera_project' for CMake config files
[1.064s] Level 1:colcon.colcon_core.shell:create_environment_hook('second_turn_camera_project', 'cmake_prefix_path')
[1.064s] INFO:colcon.colcon_core.shell:Creating environment hook '/home/usamah/Documents/project/learnRos2/install/second_turn_camera_project/share/second_turn_camera_project/hook/cmake_prefix_path.ps1'
[1.065s] INFO:colcon.colcon_core.shell:Creating environment descriptor '/home/usamah/Documents/project/learnRos2/install/second_turn_camera_project/share/second_turn_camera_project/hook/cmake_prefix_path.dsv'
[1.065s] INFO:colcon.colcon_core.shell:Creating environment hook '/home/usamah/Documents/project/learnRos2/install/second_turn_camera_project/share/second_turn_camera_project/hook/cmake_prefix_path.sh'
[1.065s] Level 1:colcon.colcon_core.environment:checking '/home/usamah/Documents/project/learnRos2/install/second_turn_camera_project/lib'
[1.065s] Level 1:colcon.colcon_core.environment:checking '/home/usamah/Documents/project/learnRos2/install/second_turn_camera_project/bin'
[1.065s] Level 1:colcon.colcon_core.environment:checking '/home/usamah/Documents/project/learnRos2/install/second_turn_camera_project/lib/pkgconfig/second_turn_camera_project.pc'
[1.066s] Level 1:colcon.colcon_core.environment:checking '/home/usamah/Documents/project/learnRos2/install/second_turn_camera_project/lib/python3.10/site-packages'
[1.066s] Level 1:colcon.colcon_core.environment:checking '/home/usamah/Documents/project/learnRos2/install/second_turn_camera_project/bin'
[1.066s] INFO:colcon.colcon_core.shell:Creating package script '/home/usamah/Documents/project/learnRos2/install/second_turn_camera_project/share/second_turn_camera_project/package.ps1'
[1.066s] INFO:colcon.colcon_core.shell:Creating package descriptor '/home/usamah/Documents/project/learnRos2/install/second_turn_camera_project/share/second_turn_camera_project/package.dsv'
[1.067s] INFO:colcon.colcon_core.shell:Creating package script '/home/usamah/Documents/project/learnRos2/install/second_turn_camera_project/share/second_turn_camera_project/package.sh'
[1.067s] INFO:colcon.colcon_core.shell:Creating package script '/home/usamah/Documents/project/learnRos2/install/second_turn_camera_project/share/second_turn_camera_project/package.bash'
[1.067s] INFO:colcon.colcon_core.shell:Creating package script '/home/usamah/Documents/project/learnRos2/install/second_turn_camera_project/share/second_turn_camera_project/package.zsh'
[1.068s] Level 1:colcon.colcon_core.environment:create_file_with_runtime_dependencies(/home/usamah/Documents/project/learnRos2/install/second_turn_camera_project/share/colcon-core/packages/second_turn_camera_project)
[1.068s] DEBUG:colcon.colcon_parallel_executor.executor.parallel:closing loop
[1.068s] DEBUG:colcon.colcon_parallel_executor.executor.parallel:loop closed
[1.068s] DEBUG:colcon.colcon_parallel_executor.executor.parallel:run_until_complete finished with '0'
[1.068s] DEBUG:colcon.colcon_core.event_reactor:joining thread
[1.072s] INFO:colcon.colcon_core.plugin_system:Skipping extension 'colcon_notification.desktop_notification.notify_send': Could not find 'notify-send'
[1.072s] INFO:colcon.colcon_core.plugin_system:Skipping extension 'colcon_notification.desktop_notification.terminal_notifier': Not used on non-Darwin systems
[1.073s] INFO:colcon.colcon_core.plugin_system:Skipping extension 'colcon_notification.desktop_notification.win32': Not used on non-Windows systems
[1.073s] INFO:colcon.colcon_notification.desktop_notification:Sending desktop notification using 'notify2'
[1.081s] DEBUG:colcon.colcon_core.event_reactor:joined thread
[1.082s] INFO:colcon.colcon_core.shell:Creating prefix script '/home/usamah/Documents/project/learnRos2/install/local_setup.ps1'
[1.082s] INFO:colcon.colcon_core.shell:Creating prefix util module '/home/usamah/Documents/project/learnRos2/install/_local_setup_util_ps1.py'
[1.084s] INFO:colcon.colcon_core.shell:Creating prefix chain script '/home/usamah/Documents/project/learnRos2/install/setup.ps1'
[1.085s] INFO:colcon.colcon_core.shell:Creating prefix script '/home/usamah/Documents/project/learnRos2/install/local_setup.sh'
[1.085s] INFO:colcon.colcon_core.shell:Creating prefix util module '/home/usamah/Documents/project/learnRos2/install/_local_setup_util_sh.py'
[1.085s] INFO:colcon.colcon_core.shell:Creating prefix chain script '/home/usamah/Documents/project/learnRos2/install/setup.sh'
[1.086s] INFO:colcon.colcon_core.shell:Creating prefix script '/home/usamah/Documents/project/learnRos2/install/local_setup.bash'
[1.087s] INFO:colcon.colcon_core.shell:Creating prefix chain script '/home/usamah/Documents/project/learnRos2/install/setup.bash'
[1.088s] INFO:colcon.colcon_core.shell:Creating prefix script '/home/usamah/Documents/project/learnRos2/install/local_setup.zsh'
[1.088s] INFO:colcon.colcon_core.shell:Creating prefix chain script '/home/usamah/Documents/project/learnRos2/install/setup.zsh'
