[0.009s] Invoking command in '/home/usamah/Documents/project/learnRos2/build/rpm_project': CMAKE_PREFIX_PATH=${CMAKE_PREFIX_PATH}:/opt/ros/humble /usr/bin/cmake --build /home/usamah/Documents/project/learnRos2/build/rpm_project -- -j16 -l16
[0.026s] -- Found ament_cmake: 1.3.10 (/opt/ros/humble/share/ament_cmake/cmake)
[0.098s] -- Override CMake install command with custom implementation using symlinks instead of copying resources
[0.103s] -- Found rcl: 5.3.9 (/opt/ros/humble/share/rcl/cmake)
[0.121s] -- Found rosidl_generator_c: 3.1.5 (/opt/ros/humble/share/rosidl_generator_c/cmake)
[0.123s] -- Found rosidl_adapter: 3.1.5 (/opt/ros/humble/share/rosidl_adapter/cmake)
[0.127s] -- Found rosidl_generator_cpp: 3.1.5 (/opt/ros/humble/share/rosidl_generator_cpp/cmake)
[0.135s] -- Using all available rosidl_typesupport_c: rosidl_typesupport_fastrtps_c;rosidl_typesupport_introspection_c
[0.144s] -- Using all available rosidl_typesupport_cpp: rosidl_typesupport_fastrtps_cpp;rosidl_typesupport_introspection_cpp
[0.169s] -- Found rmw_implementation_cmake: 6.1.2 (/opt/ros/humble/share/rmw_implementation_cmake/cmake)
[0.170s] -- Found rmw_fastrtps_cpp: 6.2.7 (/opt/ros/humble/share/rmw_fastrtps_cpp/cmake)
[0.269s] -- Using RMW implementation 'rmw_fastrtps_cpp' as default
[0.276s] -- Found rosidl_default_generators: 1.2.0 (/opt/ros/humble/share/rosidl_default_generators/cmake)
[0.463s] -- Found ament_cmake_ros: 0.10.0 (/opt/ros/humble/share/ament_cmake_ros/cmake)
[0.658s] -- Using all available rosidl_typesupport_c: rosidl_typesupport_fastrtps_c;rosidl_typesupport_introspection_c
[0.734s] -- Using all available rosidl_typesupport_cpp: rosidl_typesupport_fastrtps_cpp;rosidl_typesupport_introspection_cpp
[0.750s] -- Found python_cmake_module: 0.10.0 (/opt/ros/humble/share/python_cmake_module/cmake)
[0.767s] -- Using PYTHON_EXECUTABLE: /usr/bin/python3
[0.767s] -- Using PYTHON_INCLUDE_DIRS: /usr/include/python3.10
[0.767s] -- Using PYTHON_LIBRARIES: /usr/lib/x86_64-linux-gnu/libpython3.10.so
[0.775s] -- Found ament_lint_auto: 0.12.11 (/opt/ros/humble/share/ament_lint_auto/cmake)
[0.781s] -- Added test 'flake8' to check Python code syntax and style conventions
[0.781s] -- Added test 'lint_cmake' to check CMake code style
[0.781s] -- Added test 'pep257' to check Python code against some of the docstring style conventions in PEP 257
[0.782s] -- Added test 'xmllint' to check XML markup files
[0.784s] -- Configuring done
[0.800s] -- Generating done
[0.802s] -- Build files have been written to: /home/usamah/Documents/project/learnRos2/build/rpm_project
[0.820s] [35m[1mConsolidate compiler generated dependencies of target rpm_project__rosidl_generator_c[0m
[0.826s] [  3%] Built target rpm_project__cpp
[0.827s] [ 12%] Built target rpm_project__rosidl_generator_c
[0.831s] [ 12%] Built target ament_cmake_python_symlink_scripts
[0.831s] [ 12%] Built target ament_cmake_python_symlink_rpm_project
[0.832s] [35m[1mConsolidate compiler generated dependencies of target rpm_project__rosidl_typesupport_cpp[0m
[0.832s] [35m[1mConsolidate compiler generated dependencies of target rpm_project__rosidl_typesupport_fastrtps_cpp[0m
[0.832s] [35m[1mConsolidate compiler generated dependencies of target rpm_project__rosidl_typesupport_introspection_cpp[0m
[0.833s] [35m[1mConsolidate compiler generated dependencies of target rpm_project__rosidl_typesupport_introspection_c[0m
[0.833s] [35m[1mConsolidate compiler generated dependencies of target rpm_project__rosidl_typesupport_fastrtps_c[0m
[0.835s] [35m[1mConsolidate compiler generated dependencies of target rpm_project__rosidl_typesupport_c[0m
[0.841s] [ 29%] Built target rpm_project__rosidl_typesupport_introspection_cpp
[0.841s] [ 32%] Built target rpm_project__rosidl_typesupport_introspection_c
[0.841s] [ 41%] Built target rpm_project__rosidl_typesupport_fastrtps_cpp
[0.841s] [ 51%] Built target rpm_project__rosidl_typesupport_cpp
[0.841s] [ 61%] Built target rpm_project__rosidl_typesupport_fastrtps_c
[0.844s] [ 70%] Built target rpm_project__rosidl_typesupport_c
[0.859s] [ 70%] Built target rpm_project
[0.875s] [ 74%] Built target rpm_project__py
[0.883s] [35m[1mConsolidate compiler generated dependencies of target rpm_project__rosidl_generator_py[0m
[0.893s] [ 80%] Built target rpm_project__rosidl_generator_py
[0.901s] [35m[1mConsolidate compiler generated dependencies of target rpm_project__rosidl_typesupport_fastrtps_c__pyext[0m
[0.901s] [35m[1mConsolidate compiler generated dependencies of target rpm_project__rosidl_typesupport_introspection_c__pyext[0m
[0.902s] [35m[1mConsolidate compiler generated dependencies of target rpm_project__rosidl_typesupport_c__pyext[0m
[0.913s] [ 87%] Built target rpm_project__rosidl_typesupport_fastrtps_c__pyext
[0.913s] [ 93%] Built target rpm_project__rosidl_typesupport_c__pyext
[0.913s] [100%] Built target rpm_project__rosidl_typesupport_introspection_c__pyext
[1.088s] running egg_info
[1.089s] writing rpm_project.egg-info/PKG-INFO
[1.089s] writing dependency_links to rpm_project.egg-info/dependency_links.txt
[1.089s] writing top-level names to rpm_project.egg-info/top_level.txt
[1.092s] reading manifest file 'rpm_project.egg-info/SOURCES.txt'
[1.093s] writing manifest file 'rpm_project.egg-info/SOURCES.txt'
[1.122s] [100%] Built target ament_cmake_python_build_rpm_project_egg
[1.143s] running egg_info
[1.144s] writing scripts.egg-info/PKG-INFO
[1.144s] writing dependency_links to scripts.egg-info/dependency_links.txt
[1.144s] writing top-level names to scripts.egg-info/top_level.txt
[1.146s] reading manifest file 'scripts.egg-info/SOURCES.txt'
[1.147s] writing manifest file 'scripts.egg-info/SOURCES.txt'
[1.173s] [100%] Built target ament_cmake_python_build_scripts_egg
[1.183s] Invoked command in '/home/usamah/Documents/project/learnRos2/build/rpm_project' returned '0': CMAKE_PREFIX_PATH=${CMAKE_PREFIX_PATH}:/opt/ros/humble /usr/bin/cmake --build /home/usamah/Documents/project/learnRos2/build/rpm_project -- -j16 -l16
[1.251s] Invoking command in '/home/usamah/Documents/project/learnRos2/build/rpm_project': CMAKE_PREFIX_PATH=${CMAKE_PREFIX_PATH}:/opt/ros/humble /usr/bin/cmake --install /home/usamah/Documents/project/learnRos2/build/rpm_project
[1.258s] -- Install configuration: ""
[1.258s] -- Execute custom install script
[1.259s] -- Up-to-date symlink: /home/usamah/Documents/project/learnRos2/install/rpm_project/share/ament_index/resource_index/rosidl_interfaces/rpm_project
[1.259s] -- Up-to-date symlink: /home/usamah/Documents/project/learnRos2/install/rpm_project/include/rpm_project/rpm_project/msg/rosidl_generator_c__visibility_control.h
[1.259s] -- Up-to-date symlink: /home/usamah/Documents/project/learnRos2/install/rpm_project/include/rpm_project/rpm_project/srv/detail/odd_even_check__functions.h
[1.259s] -- Up-to-date symlink: /home/usamah/Documents/project/learnRos2/install/rpm_project/include/rpm_project/rpm_project/srv/detail/odd_even_check__struct.h
[1.259s] -- Up-to-date symlink: /home/usamah/Documents/project/learnRos2/install/rpm_project/include/rpm_project/rpm_project/srv/detail/odd_even_check__type_support.h
[1.260s] -- Up-to-date symlink: /home/usamah/Documents/project/learnRos2/install/rpm_project/include/rpm_project/rpm_project/srv/odd_even_check.h
[1.260s] -- Up-to-date symlink: /home/usamah/Documents/project/learnRos2/install/rpm_project/share/rpm_project/environment/library_path.sh
[1.260s] -- Up-to-date symlink: /home/usamah/Documents/project/learnRos2/install/rpm_project/share/rpm_project/environment/library_path.dsv
[1.260s] -- Up-to-date symlink: /home/usamah/Documents/project/learnRos2/install/rpm_project/include/rpm_project/rpm_project/msg/rosidl_typesupport_fastrtps_c__visibility_control.h
[1.260s] -- Up-to-date symlink: /home/usamah/Documents/project/learnRos2/install/rpm_project/include/rpm_project/rpm_project/srv/detail/odd_even_check__rosidl_typesupport_fastrtps_c.h
[1.261s] -- Up-to-date symlink: /home/usamah/Documents/project/learnRos2/install/rpm_project/include/rpm_project/rpm_project/srv/detail/odd_even_check__builder.hpp
[1.261s] -- Up-to-date symlink: /home/usamah/Documents/project/learnRos2/install/rpm_project/include/rpm_project/rpm_project/srv/detail/odd_even_check__struct.hpp
[1.261s] -- Up-to-date symlink: /home/usamah/Documents/project/learnRos2/install/rpm_project/include/rpm_project/rpm_project/srv/detail/odd_even_check__traits.hpp
[1.261s] -- Up-to-date symlink: /home/usamah/Documents/project/learnRos2/install/rpm_project/include/rpm_project/rpm_project/srv/odd_even_check.hpp
[1.261s] -- Up-to-date symlink: /home/usamah/Documents/project/learnRos2/install/rpm_project/include/rpm_project/rpm_project/msg/rosidl_typesupport_fastrtps_cpp__visibility_control.h
[1.261s] -- Up-to-date symlink: /home/usamah/Documents/project/learnRos2/install/rpm_project/include/rpm_project/rpm_project/srv/detail/odd_even_check__rosidl_typesupport_fastrtps_cpp.hpp
[1.262s] -- Up-to-date symlink: /home/usamah/Documents/project/learnRos2/install/rpm_project/include/rpm_project/rpm_project/msg/rosidl_typesupport_introspection_c__visibility_control.h
[1.262s] -- Up-to-date symlink: /home/usamah/Documents/project/learnRos2/install/rpm_project/include/rpm_project/rpm_project/srv/detail/odd_even_check__rosidl_typesupport_introspection_c.h
[1.262s] -- Up-to-date symlink: /home/usamah/Documents/project/learnRos2/install/rpm_project/include/rpm_project/rpm_project/srv/detail/odd_even_check__rosidl_typesupport_introspection_cpp.hpp
[1.262s] -- Up-to-date symlink: /home/usamah/Documents/project/learnRos2/install/rpm_project/share/rpm_project/environment/pythonpath.sh
[1.262s] -- Up-to-date symlink: /home/usamah/Documents/project/learnRos2/install/rpm_project/share/rpm_project/environment/pythonpath.dsv
[1.263s] -- Up-to-date symlink: /home/usamah/Documents/project/learnRos2/install/rpm_project/local/lib/python3.10/dist-packages/rpm_project-0.0.0-py3.10.egg-info/PKG-INFO
[1.263s] -- Up-to-date symlink: /home/usamah/Documents/project/learnRos2/install/rpm_project/local/lib/python3.10/dist-packages/rpm_project-0.0.0-py3.10.egg-info/SOURCES.txt
[1.263s] -- Up-to-date symlink: /home/usamah/Documents/project/learnRos2/install/rpm_project/local/lib/python3.10/dist-packages/rpm_project-0.0.0-py3.10.egg-info/dependency_links.txt
[1.263s] -- Up-to-date symlink: /home/usamah/Documents/project/learnRos2/install/rpm_project/local/lib/python3.10/dist-packages/rpm_project-0.0.0-py3.10.egg-info/top_level.txt
[1.263s] -- Up-to-date symlink: /home/usamah/Documents/project/learnRos2/install/rpm_project/local/lib/python3.10/dist-packages/rpm_project/__init__.py
[1.264s] -- Up-to-date symlink: /home/usamah/Documents/project/learnRos2/install/rpm_project/local/lib/python3.10/dist-packages/rpm_project/_rpm_project_s.ep.rosidl_typesupport_c.c
[1.264s] -- Up-to-date symlink: /home/usamah/Documents/project/learnRos2/install/rpm_project/local/lib/python3.10/dist-packages/rpm_project/_rpm_project_s.ep.rosidl_typesupport_fastrtps_c.c
[1.264s] -- Up-to-date symlink: /home/usamah/Documents/project/learnRos2/install/rpm_project/local/lib/python3.10/dist-packages/rpm_project/_rpm_project_s.ep.rosidl_typesupport_introspection_c.c
[1.264s] -- Up-to-date symlink: /home/usamah/Documents/project/learnRos2/install/rpm_project/local/lib/python3.10/dist-packages/rpm_project/librpm_project__rosidl_generator_py.so
[1.264s] -- Up-to-date symlink: /home/usamah/Documents/project/learnRos2/install/rpm_project/local/lib/python3.10/dist-packages/rpm_project/rpm_project_s__rosidl_typesupport_c.cpython-310-x86_64-linux-gnu.so
[1.264s] -- Up-to-date symlink: /home/usamah/Documents/project/learnRos2/install/rpm_project/local/lib/python3.10/dist-packages/rpm_project/rpm_project_s__rosidl_typesupport_fastrtps_c.cpython-310-x86_64-linux-gnu.so
[1.264s] -- Up-to-date symlink: /home/usamah/Documents/project/learnRos2/install/rpm_project/local/lib/python3.10/dist-packages/rpm_project/rpm_project_s__rosidl_typesupport_introspection_c.cpython-310-x86_64-linux-gnu.so
[1.264s] -- Up-to-date symlink: /home/usamah/Documents/project/learnRos2/install/rpm_project/local/lib/python3.10/dist-packages/rpm_project/srv/__init__.py
[1.264s] -- Up-to-date symlink: /home/usamah/Documents/project/learnRos2/install/rpm_project/local/lib/python3.10/dist-packages/rpm_project/srv/_odd_even_check.py
[1.264s] -- Up-to-date symlink: /home/usamah/Documents/project/learnRos2/install/rpm_project/local/lib/python3.10/dist-packages/rpm_project/srv/_odd_even_check_s.c
[1.265s] -- Up-to-date symlink: /home/usamah/Documents/project/learnRos2/install/rpm_project/local/lib/python3.10/dist-packages/rpm_project/rpm_project_s__rosidl_typesupport_fastrtps_c.cpython-310-x86_64-linux-gnu.so
[1.265s] -- Up-to-date symlink: /home/usamah/Documents/project/learnRos2/install/rpm_project/local/lib/python3.10/dist-packages/rpm_project/rpm_project_s__rosidl_typesupport_introspection_c.cpython-310-x86_64-linux-gnu.so
[1.265s] -- Up-to-date symlink: /home/usamah/Documents/project/learnRos2/install/rpm_project/local/lib/python3.10/dist-packages/rpm_project/rpm_project_s__rosidl_typesupport_c.cpython-310-x86_64-linux-gnu.so
[1.265s] -- Up-to-date symlink: /home/usamah/Documents/project/learnRos2/install/rpm_project/share/rpm_project/srv/OddEvenCheck.idl
[1.265s] -- Up-to-date symlink: /home/usamah/Documents/project/learnRos2/install/rpm_project/share/rpm_project/srv/OddEvenCheck.srv
[1.266s] -- Up-to-date symlink: /home/usamah/Documents/project/learnRos2/install/rpm_project/share/rpm_project/srv/OddEvenCheck_Request.msg
[1.266s] -- Up-to-date symlink: /home/usamah/Documents/project/learnRos2/install/rpm_project/share/rpm_project/srv/OddEvenCheck_Response.msg
[1.266s] -- Up-to-date symlink: /home/usamah/Documents/project/learnRos2/install/rpm_project/local/lib/python3.10/dist-packages/scripts-0.0.0-py3.10.egg-info/PKG-INFO
[1.266s] -- Up-to-date symlink: /home/usamah/Documents/project/learnRos2/install/rpm_project/local/lib/python3.10/dist-packages/scripts-0.0.0-py3.10.egg-info/SOURCES.txt
[1.266s] -- Up-to-date symlink: /home/usamah/Documents/project/learnRos2/install/rpm_project/local/lib/python3.10/dist-packages/scripts-0.0.0-py3.10.egg-info/dependency_links.txt
[1.266s] -- Up-to-date symlink: /home/usamah/Documents/project/learnRos2/install/rpm_project/local/lib/python3.10/dist-packages/scripts-0.0.0-py3.10.egg-info/top_level.txt
[1.267s] -- Up-to-date symlink: /home/usamah/Documents/project/learnRos2/install/rpm_project/local/lib/python3.10/dist-packages/scripts/__init__.py
[1.267s] -- Up-to-date symlink: /home/usamah/Documents/project/learnRos2/install/rpm_project/local/lib/python3.10/dist-packages/scripts/rpm_pub.py
[1.267s] -- Up-to-date symlink: /home/usamah/Documents/project/learnRos2/install/rpm_project/local/lib/python3.10/dist-packages/scripts/rpm_pub_pram.py
[1.267s] -- Symlinking: /home/usamah/Documents/project/learnRos2/install/rpm_project/local/lib/python3.10/dist-packages/scripts/service_server.py
[1.275s] -- Up-to-date symlink: /home/usamah/Documents/project/learnRos2/install/rpm_project/local/lib/python3.10/dist-packages/scripts/speed_calc.py
[1.275s] -- Up-to-date symlink: /home/usamah/Documents/project/learnRos2/install/rpm_project/local/lib/python3.10/dist-packages/scripts/speed_calc_pram.py
[1.276s] -- Up-to-date symlink: /home/usamah/Documents/project/learnRos2/install/rpm_project/lib/rpm_project/rpm_pub.py
[1.276s] -- Up-to-date symlink: /home/usamah/Documents/project/learnRos2/install/rpm_project/lib/rpm_project/speed_calc.py
[1.276s] -- Up-to-date symlink: /home/usamah/Documents/project/learnRos2/install/rpm_project/lib/rpm_project/speed_calc_pram.py
[1.276s] -- Up-to-date symlink: /home/usamah/Documents/project/learnRos2/install/rpm_project/lib/rpm_project/rpm_pub_pram.py
[1.276s] -- Symlinking: /home/usamah/Documents/project/learnRos2/install/rpm_project/lib/rpm_project/service_server.py
[1.284s] -- Up-to-date symlink: /home/usamah/Documents/project/learnRos2/install/rpm_project/share/rpm_project//launch/rpm_node.launch.py
[1.284s] -- Up-to-date symlink: /home/usamah/Documents/project/learnRos2/install/rpm_project/share/ament_index/resource_index/package_run_dependencies/rpm_project
[1.285s] -- Up-to-date symlink: /home/usamah/Documents/project/learnRos2/install/rpm_project/share/ament_index/resource_index/parent_prefix_path/rpm_project
[1.285s] -- Up-to-date symlink: /home/usamah/Documents/project/learnRos2/install/rpm_project/share/rpm_project/environment/ament_prefix_path.sh
[1.285s] -- Up-to-date symlink: /home/usamah/Documents/project/learnRos2/install/rpm_project/share/rpm_project/environment/ament_prefix_path.dsv
[1.285s] -- Up-to-date symlink: /home/usamah/Documents/project/learnRos2/install/rpm_project/share/rpm_project/environment/path.sh
[1.285s] -- Up-to-date symlink: /home/usamah/Documents/project/learnRos2/install/rpm_project/share/rpm_project/environment/path.dsv
[1.285s] -- Up-to-date symlink: /home/usamah/Documents/project/learnRos2/install/rpm_project/share/rpm_project/local_setup.bash
[1.285s] -- Up-to-date symlink: /home/usamah/Documents/project/learnRos2/install/rpm_project/share/rpm_project/local_setup.sh
[1.286s] -- Up-to-date symlink: /home/usamah/Documents/project/learnRos2/install/rpm_project/share/rpm_project/local_setup.zsh
[1.286s] -- Up-to-date symlink: /home/usamah/Documents/project/learnRos2/install/rpm_project/share/rpm_project/local_setup.dsv
[1.286s] -- Symlinking: /home/usamah/Documents/project/learnRos2/install/rpm_project/share/rpm_project/package.dsv
[1.293s] -- Up-to-date symlink: /home/usamah/Documents/project/learnRos2/install/rpm_project/share/ament_index/resource_index/packages/rpm_project
[1.294s] -- Up-to-date symlink: /home/usamah/Documents/project/learnRos2/install/rpm_project/share/rpm_project/cmake/rosidl_cmake-extras.cmake
[1.294s] -- Up-to-date symlink: /home/usamah/Documents/project/learnRos2/install/rpm_project/share/rpm_project/cmake/ament_cmake_export_include_directories-extras.cmake
[1.294s] -- Up-to-date symlink: /home/usamah/Documents/project/learnRos2/install/rpm_project/share/rpm_project/cmake/ament_cmake_export_libraries-extras.cmake
[1.294s] -- Up-to-date symlink: /home/usamah/Documents/project/learnRos2/install/rpm_project/share/rpm_project/cmake/ament_cmake_export_targets-extras.cmake
[1.294s] -- Up-to-date symlink: /home/usamah/Documents/project/learnRos2/install/rpm_project/share/rpm_project/cmake/rosidl_cmake_export_typesupport_targets-extras.cmake
[1.294s] -- Up-to-date symlink: /home/usamah/Documents/project/learnRos2/install/rpm_project/share/rpm_project/cmake/ament_cmake_export_dependencies-extras.cmake
[1.294s] -- Up-to-date symlink: /home/usamah/Documents/project/learnRos2/install/rpm_project/share/rpm_project/cmake/rosidl_cmake_export_typesupport_libraries-extras.cmake
[1.294s] -- Up-to-date symlink: /home/usamah/Documents/project/learnRos2/install/rpm_project/share/rpm_project/cmake/rpm_projectConfig.cmake
[1.295s] -- Up-to-date symlink: /home/usamah/Documents/project/learnRos2/install/rpm_project/share/rpm_project/cmake/rpm_projectConfig-version.cmake
[1.295s] -- Up-to-date symlink: /home/usamah/Documents/project/learnRos2/install/rpm_project/share/rpm_project/package.xml
[1.295s] -- Up-to-date: /home/usamah/Documents/project/learnRos2/install/rpm_project/lib/librpm_project__rosidl_generator_c.so
[1.295s] -- Up-to-date: /home/usamah/Documents/project/learnRos2/install/rpm_project/lib/librpm_project__rosidl_typesupport_fastrtps_c.so
[1.295s] -- Up-to-date: /home/usamah/Documents/project/learnRos2/install/rpm_project/lib/librpm_project__rosidl_typesupport_fastrtps_cpp.so
[1.295s] -- Up-to-date: /home/usamah/Documents/project/learnRos2/install/rpm_project/lib/librpm_project__rosidl_typesupport_introspection_c.so
[1.296s] -- Up-to-date: /home/usamah/Documents/project/learnRos2/install/rpm_project/lib/librpm_project__rosidl_typesupport_c.so
[1.296s] -- Up-to-date: /home/usamah/Documents/project/learnRos2/install/rpm_project/lib/librpm_project__rosidl_typesupport_introspection_cpp.so
[1.296s] -- Up-to-date: /home/usamah/Documents/project/learnRos2/install/rpm_project/lib/librpm_project__rosidl_typesupport_cpp.so
[1.327s] Listing '/home/usamah/Documents/project/learnRos2/install/rpm_project/local/lib/python3.10/dist-packages/rpm_project'...
[1.327s] Compiling '/home/usamah/Documents/project/learnRos2/install/rpm_project/local/lib/python3.10/dist-packages/rpm_project/__init__.py'...
[1.327s] Listing '/home/usamah/Documents/project/learnRos2/install/rpm_project/local/lib/python3.10/dist-packages/rpm_project/srv'...
[1.332s] -- Up-to-date: /home/usamah/Documents/project/learnRos2/install/rpm_project/lib/librpm_project__rosidl_generator_py.so
[1.362s] Listing '/home/usamah/Documents/project/learnRos2/install/rpm_project/local/lib/python3.10/dist-packages/scripts'...
[1.362s] Compiling '/home/usamah/Documents/project/learnRos2/install/rpm_project/local/lib/python3.10/dist-packages/scripts/service_server.py'...
[1.366s] -- Up-to-date: /home/usamah/Documents/project/learnRos2/install/rpm_project/share/rpm_project/cmake/export_rpm_project__rosidl_generator_cExport.cmake
[1.367s] -- Up-to-date: /home/usamah/Documents/project/learnRos2/install/rpm_project/share/rpm_project/cmake/export_rpm_project__rosidl_generator_cExport-noconfig.cmake
[1.367s] -- Up-to-date: /home/usamah/Documents/project/learnRos2/install/rpm_project/share/rpm_project/cmake/export_rpm_project__rosidl_typesupport_fastrtps_cExport.cmake
[1.367s] -- Up-to-date: /home/usamah/Documents/project/learnRos2/install/rpm_project/share/rpm_project/cmake/export_rpm_project__rosidl_typesupport_fastrtps_cExport-noconfig.cmake
[1.367s] -- Up-to-date: /home/usamah/Documents/project/learnRos2/install/rpm_project/share/rpm_project/cmake/export_rpm_project__rosidl_generator_cppExport.cmake
[1.367s] -- Up-to-date: /home/usamah/Documents/project/learnRos2/install/rpm_project/share/rpm_project/cmake/export_rpm_project__rosidl_typesupport_fastrtps_cppExport.cmake
[1.367s] -- Up-to-date: /home/usamah/Documents/project/learnRos2/install/rpm_project/share/rpm_project/cmake/export_rpm_project__rosidl_typesupport_fastrtps_cppExport-noconfig.cmake
[1.367s] -- Up-to-date: /home/usamah/Documents/project/learnRos2/install/rpm_project/share/rpm_project/cmake/rpm_project__rosidl_typesupport_introspection_cExport.cmake
[1.367s] -- Up-to-date: /home/usamah/Documents/project/learnRos2/install/rpm_project/share/rpm_project/cmake/rpm_project__rosidl_typesupport_introspection_cExport-noconfig.cmake
[1.367s] -- Up-to-date: /home/usamah/Documents/project/learnRos2/install/rpm_project/share/rpm_project/cmake/rpm_project__rosidl_typesupport_cExport.cmake
[1.367s] -- Up-to-date: /home/usamah/Documents/project/learnRos2/install/rpm_project/share/rpm_project/cmake/rpm_project__rosidl_typesupport_cExport-noconfig.cmake
[1.367s] -- Up-to-date: /home/usamah/Documents/project/learnRos2/install/rpm_project/share/rpm_project/cmake/rpm_project__rosidl_typesupport_introspection_cppExport.cmake
[1.367s] -- Up-to-date: /home/usamah/Documents/project/learnRos2/install/rpm_project/share/rpm_project/cmake/rpm_project__rosidl_typesupport_introspection_cppExport-noconfig.cmake
[1.367s] -- Up-to-date: /home/usamah/Documents/project/learnRos2/install/rpm_project/share/rpm_project/cmake/rpm_project__rosidl_typesupport_cppExport.cmake
[1.367s] -- Up-to-date: /home/usamah/Documents/project/learnRos2/install/rpm_project/share/rpm_project/cmake/rpm_project__rosidl_typesupport_cppExport-noconfig.cmake
[1.367s] -- Up-to-date: /home/usamah/Documents/project/learnRos2/install/rpm_project/share/rpm_project/cmake/export_rpm_project__rosidl_generator_pyExport.cmake
[1.367s] -- Up-to-date: /home/usamah/Documents/project/learnRos2/install/rpm_project/share/rpm_project/cmake/export_rpm_project__rosidl_generator_pyExport-noconfig.cmake
[1.370s] Invoked command in '/home/usamah/Documents/project/learnRos2/build/rpm_project' returned '0': CMAKE_PREFIX_PATH=${CMAKE_PREFIX_PATH}:/opt/ros/humble /usr/bin/cmake --install /home/usamah/Documents/project/learnRos2/build/rpm_project
