[0.009s] Invoking command in '/home/usamah/Documents/project/learnRos2/build/rpm_project': CMAKE_PREFIX_PATH=${CMAKE_PREFIX_PATH}:/opt/ros/humble /usr/bin/cmake --build /home/usamah/Documents/project/learnRos2/build/rpm_project -- -j16 -l16
[0.040s] [  3%] Built target rpm_project__cpp
[0.040s] [ 12%] Built target rpm_project__rosidl_generator_c
[0.044s] [ 12%] Built target ament_cmake_python_symlink_scripts
[0.044s] [ 12%] Built target ament_cmake_python_symlink_rpm_project
[0.058s] [ 22%] Built target rpm_project__rosidl_typesupport_introspection_c
[0.059s] [ 32%] Built target rpm_project__rosidl_typesupport_fastrtps_c
[0.060s] [ 41%] Built target rpm_project__rosidl_typesupport_introspection_cpp
[0.060s] [ 51%] Built target rpm_project__rosidl_typesupport_cpp
[0.060s] [ 61%] Built target rpm_project__rosidl_typesupport_c
[0.061s] [ 70%] Built target rpm_project__rosidl_typesupport_fastrtps_cpp
[0.080s] [ 70%] Built target rpm_project
[0.096s] [ 74%] Built target rpm_project__py
[0.114s] [ 80%] Built target rpm_project__rosidl_generator_py
[0.131s] [100%] Built target rpm_project__rosidl_typesupport_introspection_c__pyext
[0.131s] [100%] Built target rpm_project__rosidl_typesupport_c__pyext
[0.131s] [100%] Built target rpm_project__rosidl_typesupport_fastrtps_c__pyext
[0.291s] running egg_info
[0.291s] writing rpm_project.egg-info/PKG-INFO
[0.292s] writing dependency_links to rpm_project.egg-info/dependency_links.txt
[0.292s] writing top-level names to rpm_project.egg-info/top_level.txt
[0.293s] running egg_info
[0.293s] writing scripts.egg-info/PKG-INFO
[0.293s] writing dependency_links to scripts.egg-info/dependency_links.txt
[0.294s] writing top-level names to scripts.egg-info/top_level.txt
[0.294s] reading manifest file 'rpm_project.egg-info/SOURCES.txt'
[0.294s] writing manifest file 'rpm_project.egg-info/SOURCES.txt'
[0.296s] reading manifest file 'scripts.egg-info/SOURCES.txt'
[0.296s] writing manifest file 'scripts.egg-info/SOURCES.txt'
[0.318s] [100%] Built target ament_cmake_python_build_rpm_project_egg
[0.319s] [100%] Built target ament_cmake_python_build_scripts_egg
[0.328s] Invoked command in '/home/usamah/Documents/project/learnRos2/build/rpm_project' returned '0': CMAKE_PREFIX_PATH=${CMAKE_PREFIX_PATH}:/opt/ros/humble /usr/bin/cmake --build /home/usamah/Documents/project/learnRos2/build/rpm_project -- -j16 -l16
[0.373s] Invoking command in '/home/usamah/Documents/project/learnRos2/build/rpm_project': CMAKE_PREFIX_PATH=${CMAKE_PREFIX_PATH}:/opt/ros/humble /usr/bin/cmake --install /home/usamah/Documents/project/learnRos2/build/rpm_project
[0.378s] -- Install configuration: ""
[0.378s] -- Execute custom install script
[0.379s] -- Up-to-date symlink: /home/usamah/Documents/project/learnRos2/install/rpm_project/share/ament_index/resource_index/rosidl_interfaces/rpm_project
[0.379s] -- Up-to-date symlink: /home/usamah/Documents/project/learnRos2/install/rpm_project/include/rpm_project/rpm_project/msg/rosidl_generator_c__visibility_control.h
[0.379s] -- Up-to-date symlink: /home/usamah/Documents/project/learnRos2/install/rpm_project/include/rpm_project/rpm_project/srv/detail/odd_even_check__functions.h
[0.379s] -- Up-to-date symlink: /home/usamah/Documents/project/learnRos2/install/rpm_project/include/rpm_project/rpm_project/srv/detail/odd_even_check__struct.h
[0.379s] -- Up-to-date symlink: /home/usamah/Documents/project/learnRos2/install/rpm_project/include/rpm_project/rpm_project/srv/detail/odd_even_check__type_support.h
[0.379s] -- Up-to-date symlink: /home/usamah/Documents/project/learnRos2/install/rpm_project/include/rpm_project/rpm_project/srv/odd_even_check.h
[0.379s] -- Up-to-date symlink: /home/usamah/Documents/project/learnRos2/install/rpm_project/share/rpm_project/environment/library_path.sh
[0.379s] -- Up-to-date symlink: /home/usamah/Documents/project/learnRos2/install/rpm_project/share/rpm_project/environment/library_path.dsv
[0.380s] -- Up-to-date symlink: /home/usamah/Documents/project/learnRos2/install/rpm_project/include/rpm_project/rpm_project/msg/rosidl_typesupport_fastrtps_c__visibility_control.h
[0.380s] -- Up-to-date symlink: /home/usamah/Documents/project/learnRos2/install/rpm_project/include/rpm_project/rpm_project/srv/detail/odd_even_check__rosidl_typesupport_fastrtps_c.h
[0.380s] -- Up-to-date symlink: /home/usamah/Documents/project/learnRos2/install/rpm_project/include/rpm_project/rpm_project/srv/detail/odd_even_check__builder.hpp
[0.380s] -- Up-to-date symlink: /home/usamah/Documents/project/learnRos2/install/rpm_project/include/rpm_project/rpm_project/srv/detail/odd_even_check__struct.hpp
[0.380s] -- Up-to-date symlink: /home/usamah/Documents/project/learnRos2/install/rpm_project/include/rpm_project/rpm_project/srv/detail/odd_even_check__traits.hpp
[0.380s] -- Up-to-date symlink: /home/usamah/Documents/project/learnRos2/install/rpm_project/include/rpm_project/rpm_project/srv/odd_even_check.hpp
[0.381s] -- Up-to-date symlink: /home/usamah/Documents/project/learnRos2/install/rpm_project/include/rpm_project/rpm_project/msg/rosidl_typesupport_fastrtps_cpp__visibility_control.h
[0.381s] -- Up-to-date symlink: /home/usamah/Documents/project/learnRos2/install/rpm_project/include/rpm_project/rpm_project/srv/detail/odd_even_check__rosidl_typesupport_fastrtps_cpp.hpp
[0.381s] -- Up-to-date symlink: /home/usamah/Documents/project/learnRos2/install/rpm_project/include/rpm_project/rpm_project/msg/rosidl_typesupport_introspection_c__visibility_control.h
[0.381s] -- Up-to-date symlink: /home/usamah/Documents/project/learnRos2/install/rpm_project/include/rpm_project/rpm_project/srv/detail/odd_even_check__rosidl_typesupport_introspection_c.h
[0.381s] -- Up-to-date symlink: /home/usamah/Documents/project/learnRos2/install/rpm_project/include/rpm_project/rpm_project/srv/detail/odd_even_check__rosidl_typesupport_introspection_cpp.hpp
[0.381s] -- Up-to-date symlink: /home/usamah/Documents/project/learnRos2/install/rpm_project/share/rpm_project/environment/pythonpath.sh
[0.381s] -- Up-to-date symlink: /home/usamah/Documents/project/learnRos2/install/rpm_project/share/rpm_project/environment/pythonpath.dsv
[0.382s] -- Up-to-date symlink: /home/usamah/Documents/project/learnRos2/install/rpm_project/local/lib/python3.10/dist-packages/rpm_project-0.0.0-py3.10.egg-info/PKG-INFO
[0.382s] -- Up-to-date symlink: /home/usamah/Documents/project/learnRos2/install/rpm_project/local/lib/python3.10/dist-packages/rpm_project-0.0.0-py3.10.egg-info/SOURCES.txt
[0.382s] -- Up-to-date symlink: /home/usamah/Documents/project/learnRos2/install/rpm_project/local/lib/python3.10/dist-packages/rpm_project-0.0.0-py3.10.egg-info/dependency_links.txt
[0.382s] -- Up-to-date symlink: /home/usamah/Documents/project/learnRos2/install/rpm_project/local/lib/python3.10/dist-packages/rpm_project-0.0.0-py3.10.egg-info/top_level.txt
[0.382s] -- Up-to-date symlink: /home/usamah/Documents/project/learnRos2/install/rpm_project/local/lib/python3.10/dist-packages/rpm_project/__init__.py
[0.382s] -- Up-to-date symlink: /home/usamah/Documents/project/learnRos2/install/rpm_project/local/lib/python3.10/dist-packages/rpm_project/_rpm_project_s.ep.rosidl_typesupport_c.c
[0.382s] -- Up-to-date symlink: /home/usamah/Documents/project/learnRos2/install/rpm_project/local/lib/python3.10/dist-packages/rpm_project/_rpm_project_s.ep.rosidl_typesupport_fastrtps_c.c
[0.382s] -- Up-to-date symlink: /home/usamah/Documents/project/learnRos2/install/rpm_project/local/lib/python3.10/dist-packages/rpm_project/_rpm_project_s.ep.rosidl_typesupport_introspection_c.c
[0.382s] -- Up-to-date symlink: /home/usamah/Documents/project/learnRos2/install/rpm_project/local/lib/python3.10/dist-packages/rpm_project/librpm_project__rosidl_generator_py.so
[0.383s] -- Up-to-date symlink: /home/usamah/Documents/project/learnRos2/install/rpm_project/local/lib/python3.10/dist-packages/rpm_project/rpm_project_s__rosidl_typesupport_c.cpython-310-x86_64-linux-gnu.so
[0.383s] -- Up-to-date symlink: /home/usamah/Documents/project/learnRos2/install/rpm_project/local/lib/python3.10/dist-packages/rpm_project/rpm_project_s__rosidl_typesupport_fastrtps_c.cpython-310-x86_64-linux-gnu.so
[0.383s] -- Up-to-date symlink: /home/usamah/Documents/project/learnRos2/install/rpm_project/local/lib/python3.10/dist-packages/rpm_project/rpm_project_s__rosidl_typesupport_introspection_c.cpython-310-x86_64-linux-gnu.so
[0.383s] -- Up-to-date symlink: /home/usamah/Documents/project/learnRos2/install/rpm_project/local/lib/python3.10/dist-packages/rpm_project/srv/__init__.py
[0.383s] -- Up-to-date symlink: /home/usamah/Documents/project/learnRos2/install/rpm_project/local/lib/python3.10/dist-packages/rpm_project/srv/_odd_even_check.py
[0.383s] -- Up-to-date symlink: /home/usamah/Documents/project/learnRos2/install/rpm_project/local/lib/python3.10/dist-packages/rpm_project/srv/_odd_even_check_s.c
[0.383s] -- Up-to-date symlink: /home/usamah/Documents/project/learnRos2/install/rpm_project/local/lib/python3.10/dist-packages/rpm_project/rpm_project_s__rosidl_typesupport_fastrtps_c.cpython-310-x86_64-linux-gnu.so
[0.383s] -- Up-to-date symlink: /home/usamah/Documents/project/learnRos2/install/rpm_project/local/lib/python3.10/dist-packages/rpm_project/rpm_project_s__rosidl_typesupport_introspection_c.cpython-310-x86_64-linux-gnu.so
[0.383s] -- Up-to-date symlink: /home/usamah/Documents/project/learnRos2/install/rpm_project/local/lib/python3.10/dist-packages/rpm_project/rpm_project_s__rosidl_typesupport_c.cpython-310-x86_64-linux-gnu.so
[0.384s] -- Up-to-date symlink: /home/usamah/Documents/project/learnRos2/install/rpm_project/share/rpm_project/srv/OddEvenCheck.idl
[0.384s] -- Up-to-date symlink: /home/usamah/Documents/project/learnRos2/install/rpm_project/share/rpm_project/srv/OddEvenCheck.srv
[0.384s] -- Up-to-date symlink: /home/usamah/Documents/project/learnRos2/install/rpm_project/share/rpm_project/srv/OddEvenCheck_Request.msg
[0.384s] -- Up-to-date symlink: /home/usamah/Documents/project/learnRos2/install/rpm_project/share/rpm_project/srv/OddEvenCheck_Response.msg
[0.384s] -- Up-to-date symlink: /home/usamah/Documents/project/learnRos2/install/rpm_project/local/lib/python3.10/dist-packages/scripts-0.0.0-py3.10.egg-info/PKG-INFO
[0.384s] -- Up-to-date symlink: /home/usamah/Documents/project/learnRos2/install/rpm_project/local/lib/python3.10/dist-packages/scripts-0.0.0-py3.10.egg-info/SOURCES.txt
[0.384s] -- Up-to-date symlink: /home/usamah/Documents/project/learnRos2/install/rpm_project/local/lib/python3.10/dist-packages/scripts-0.0.0-py3.10.egg-info/dependency_links.txt
[0.384s] -- Up-to-date symlink: /home/usamah/Documents/project/learnRos2/install/rpm_project/local/lib/python3.10/dist-packages/scripts-0.0.0-py3.10.egg-info/top_level.txt
[0.385s] -- Up-to-date symlink: /home/usamah/Documents/project/learnRos2/install/rpm_project/local/lib/python3.10/dist-packages/scripts/__init__.py
[0.385s] -- Up-to-date symlink: /home/usamah/Documents/project/learnRos2/install/rpm_project/local/lib/python3.10/dist-packages/scripts/rpm_pub.py
[0.385s] -- Up-to-date symlink: /home/usamah/Documents/project/learnRos2/install/rpm_project/local/lib/python3.10/dist-packages/scripts/rpm_pub_pram.py
[0.385s] -- Up-to-date symlink: /home/usamah/Documents/project/learnRos2/install/rpm_project/local/lib/python3.10/dist-packages/scripts/service_server.py
[0.385s] -- Up-to-date symlink: /home/usamah/Documents/project/learnRos2/install/rpm_project/local/lib/python3.10/dist-packages/scripts/speed_calc.py
[0.385s] -- Up-to-date symlink: /home/usamah/Documents/project/learnRos2/install/rpm_project/local/lib/python3.10/dist-packages/scripts/speed_calc_pram.py
[0.385s] -- Up-to-date symlink: /home/usamah/Documents/project/learnRos2/install/rpm_project/lib/rpm_project/rpm_pub.py
[0.385s] -- Up-to-date symlink: /home/usamah/Documents/project/learnRos2/install/rpm_project/lib/rpm_project/speed_calc.py
[0.385s] -- Up-to-date symlink: /home/usamah/Documents/project/learnRos2/install/rpm_project/lib/rpm_project/speed_calc_pram.py
[0.385s] -- Up-to-date symlink: /home/usamah/Documents/project/learnRos2/install/rpm_project/lib/rpm_project/rpm_pub_pram.py
[0.385s] -- Up-to-date symlink: /home/usamah/Documents/project/learnRos2/install/rpm_project/lib/rpm_project/service_server.py
[0.386s] -- Up-to-date symlink: /home/usamah/Documents/project/learnRos2/install/rpm_project/share/rpm_project//launch/rpm_node.launch.py
[0.386s] -- Up-to-date symlink: /home/usamah/Documents/project/learnRos2/install/rpm_project/share/ament_index/resource_index/package_run_dependencies/rpm_project
[0.386s] -- Up-to-date symlink: /home/usamah/Documents/project/learnRos2/install/rpm_project/share/ament_index/resource_index/parent_prefix_path/rpm_project
[0.386s] -- Up-to-date symlink: /home/usamah/Documents/project/learnRos2/install/rpm_project/share/rpm_project/environment/ament_prefix_path.sh
[0.386s] -- Up-to-date symlink: /home/usamah/Documents/project/learnRos2/install/rpm_project/share/rpm_project/environment/ament_prefix_path.dsv
[0.386s] -- Up-to-date symlink: /home/usamah/Documents/project/learnRos2/install/rpm_project/share/rpm_project/environment/path.sh
[0.386s] -- Up-to-date symlink: /home/usamah/Documents/project/learnRos2/install/rpm_project/share/rpm_project/environment/path.dsv
[0.386s] -- Up-to-date symlink: /home/usamah/Documents/project/learnRos2/install/rpm_project/share/rpm_project/local_setup.bash
[0.387s] -- Up-to-date symlink: /home/usamah/Documents/project/learnRos2/install/rpm_project/share/rpm_project/local_setup.sh
[0.387s] -- Up-to-date symlink: /home/usamah/Documents/project/learnRos2/install/rpm_project/share/rpm_project/local_setup.zsh
[0.387s] -- Up-to-date symlink: /home/usamah/Documents/project/learnRos2/install/rpm_project/share/rpm_project/local_setup.dsv
[0.387s] -- Symlinking: /home/usamah/Documents/project/learnRos2/install/rpm_project/share/rpm_project/package.dsv
[0.394s] -- Up-to-date symlink: /home/usamah/Documents/project/learnRos2/install/rpm_project/share/ament_index/resource_index/packages/rpm_project
[0.394s] -- Up-to-date symlink: /home/usamah/Documents/project/learnRos2/install/rpm_project/share/rpm_project/cmake/rosidl_cmake-extras.cmake
[0.395s] -- Up-to-date symlink: /home/usamah/Documents/project/learnRos2/install/rpm_project/share/rpm_project/cmake/ament_cmake_export_include_directories-extras.cmake
[0.395s] -- Up-to-date symlink: /home/usamah/Documents/project/learnRos2/install/rpm_project/share/rpm_project/cmake/ament_cmake_export_libraries-extras.cmake
[0.395s] -- Up-to-date symlink: /home/usamah/Documents/project/learnRos2/install/rpm_project/share/rpm_project/cmake/ament_cmake_export_targets-extras.cmake
[0.395s] -- Up-to-date symlink: /home/usamah/Documents/project/learnRos2/install/rpm_project/share/rpm_project/cmake/rosidl_cmake_export_typesupport_targets-extras.cmake
[0.395s] -- Up-to-date symlink: /home/usamah/Documents/project/learnRos2/install/rpm_project/share/rpm_project/cmake/ament_cmake_export_dependencies-extras.cmake
[0.395s] -- Up-to-date symlink: /home/usamah/Documents/project/learnRos2/install/rpm_project/share/rpm_project/cmake/rosidl_cmake_export_typesupport_libraries-extras.cmake
[0.395s] -- Up-to-date symlink: /home/usamah/Documents/project/learnRos2/install/rpm_project/share/rpm_project/cmake/rpm_projectConfig.cmake
[0.395s] -- Up-to-date symlink: /home/usamah/Documents/project/learnRos2/install/rpm_project/share/rpm_project/cmake/rpm_projectConfig-version.cmake
[0.395s] -- Up-to-date symlink: /home/usamah/Documents/project/learnRos2/install/rpm_project/share/rpm_project/package.xml
[0.396s] -- Up-to-date: /home/usamah/Documents/project/learnRos2/install/rpm_project/lib/librpm_project__rosidl_generator_c.so
[0.396s] -- Up-to-date: /home/usamah/Documents/project/learnRos2/install/rpm_project/lib/librpm_project__rosidl_typesupport_fastrtps_c.so
[0.396s] -- Up-to-date: /home/usamah/Documents/project/learnRos2/install/rpm_project/lib/librpm_project__rosidl_typesupport_fastrtps_cpp.so
[0.396s] -- Up-to-date: /home/usamah/Documents/project/learnRos2/install/rpm_project/lib/librpm_project__rosidl_typesupport_introspection_c.so
[0.396s] -- Up-to-date: /home/usamah/Documents/project/learnRos2/install/rpm_project/lib/librpm_project__rosidl_typesupport_c.so
[0.397s] -- Up-to-date: /home/usamah/Documents/project/learnRos2/install/rpm_project/lib/librpm_project__rosidl_typesupport_introspection_cpp.so
[0.397s] -- Up-to-date: /home/usamah/Documents/project/learnRos2/install/rpm_project/lib/librpm_project__rosidl_typesupport_cpp.so
[0.427s] Listing '/home/usamah/Documents/project/learnRos2/install/rpm_project/local/lib/python3.10/dist-packages/rpm_project'...
[0.427s] Listing '/home/usamah/Documents/project/learnRos2/install/rpm_project/local/lib/python3.10/dist-packages/rpm_project/srv'...
[0.432s] -- Up-to-date: /home/usamah/Documents/project/learnRos2/install/rpm_project/lib/librpm_project__rosidl_generator_py.so
[0.463s] Listing '/home/usamah/Documents/project/learnRos2/install/rpm_project/local/lib/python3.10/dist-packages/scripts'...
[0.463s] Compiling '/home/usamah/Documents/project/learnRos2/install/rpm_project/local/lib/python3.10/dist-packages/scripts/service_server.py'...
[0.467s] -- Up-to-date: /home/usamah/Documents/project/learnRos2/install/rpm_project/share/rpm_project/cmake/export_rpm_project__rosidl_generator_cExport.cmake
[0.467s] -- Up-to-date: /home/usamah/Documents/project/learnRos2/install/rpm_project/share/rpm_project/cmake/export_rpm_project__rosidl_generator_cExport-noconfig.cmake
[0.467s] -- Up-to-date: /home/usamah/Documents/project/learnRos2/install/rpm_project/share/rpm_project/cmake/export_rpm_project__rosidl_typesupport_fastrtps_cExport.cmake
[0.467s] -- Up-to-date: /home/usamah/Documents/project/learnRos2/install/rpm_project/share/rpm_project/cmake/export_rpm_project__rosidl_typesupport_fastrtps_cExport-noconfig.cmake
[0.467s] -- Up-to-date: /home/usamah/Documents/project/learnRos2/install/rpm_project/share/rpm_project/cmake/export_rpm_project__rosidl_generator_cppExport.cmake
[0.467s] -- Up-to-date: /home/usamah/Documents/project/learnRos2/install/rpm_project/share/rpm_project/cmake/export_rpm_project__rosidl_typesupport_fastrtps_cppExport.cmake
[0.467s] -- Up-to-date: /home/usamah/Documents/project/learnRos2/install/rpm_project/share/rpm_project/cmake/export_rpm_project__rosidl_typesupport_fastrtps_cppExport-noconfig.cmake
[0.467s] -- Up-to-date: /home/usamah/Documents/project/learnRos2/install/rpm_project/share/rpm_project/cmake/rpm_project__rosidl_typesupport_introspection_cExport.cmake
[0.467s] -- Up-to-date: /home/usamah/Documents/project/learnRos2/install/rpm_project/share/rpm_project/cmake/rpm_project__rosidl_typesupport_introspection_cExport-noconfig.cmake
[0.467s] -- Up-to-date: /home/usamah/Documents/project/learnRos2/install/rpm_project/share/rpm_project/cmake/rpm_project__rosidl_typesupport_cExport.cmake
[0.467s] -- Up-to-date: /home/usamah/Documents/project/learnRos2/install/rpm_project/share/rpm_project/cmake/rpm_project__rosidl_typesupport_cExport-noconfig.cmake
[0.467s] -- Up-to-date: /home/usamah/Documents/project/learnRos2/install/rpm_project/share/rpm_project/cmake/rpm_project__rosidl_typesupport_introspection_cppExport.cmake
[0.467s] -- Up-to-date: /home/usamah/Documents/project/learnRos2/install/rpm_project/share/rpm_project/cmake/rpm_project__rosidl_typesupport_introspection_cppExport-noconfig.cmake
[0.468s] -- Up-to-date: /home/usamah/Documents/project/learnRos2/install/rpm_project/share/rpm_project/cmake/rpm_project__rosidl_typesupport_cppExport.cmake
[0.468s] -- Up-to-date: /home/usamah/Documents/project/learnRos2/install/rpm_project/share/rpm_project/cmake/rpm_project__rosidl_typesupport_cppExport-noconfig.cmake
[0.468s] -- Up-to-date: /home/usamah/Documents/project/learnRos2/install/rpm_project/share/rpm_project/cmake/export_rpm_project__rosidl_generator_pyExport.cmake
[0.468s] -- Up-to-date: /home/usamah/Documents/project/learnRos2/install/rpm_project/share/rpm_project/cmake/export_rpm_project__rosidl_generator_pyExport-noconfig.cmake
[0.470s] Invoked command in '/home/usamah/Documents/project/learnRos2/build/rpm_project' returned '0': CMAKE_PREFIX_PATH=${CMAKE_PREFIX_PATH}:/opt/ros/humble /usr/bin/cmake --install /home/usamah/Documents/project/learnRos2/build/rpm_project
