-- Found ament_cmake: 1.3.10 (/opt/ros/humble/share/ament_cmake/cmake)
-- Override CMake install command with custom implementation using symlinks instead of copying resources
-- Found rcl: 5.3.9 (/opt/ros/humble/share/rcl/cmake)
-- Found rosidl_generator_c: 3.1.5 (/opt/ros/humble/share/rosidl_generator_c/cmake)
-- Found rosidl_adapter: 3.1.5 (/opt/ros/humble/share/rosidl_adapter/cmake)
-- Found rosidl_generator_cpp: 3.1.5 (/opt/ros/humble/share/rosidl_generator_cpp/cmake)
-- Using all available rosidl_typesupport_c: rosidl_typesupport_fastrtps_c;rosidl_typesupport_introspection_c
-- Using all available rosidl_typesupport_cpp: rosidl_typesupport_fastrtps_cpp;rosidl_typesupport_introspection_cpp
-- Found rmw_implementation_cmake: 6.1.2 (/opt/ros/humble/share/rmw_implementation_cmake/cmake)
-- Found rmw_fastrtps_cpp: 6.2.7 (/opt/ros/humble/share/rmw_fastrtps_cpp/cmake)
-- Using RMW implementation 'rmw_fastrtps_cpp' as default
-- Found ament_lint_auto: 0.12.11 (/opt/ros/humble/share/ament_lint_auto/cmake)
-- Added test 'flake8' to check Python code syntax and style conventions
-- Added test 'lint_cmake' to check CMake code style
-- Added test 'pep257' to check Python code against some of the docstring style conventions in PEP 257
-- Added test 'xmllint' to check XML markup files
-- Configuring done
-- Generating done
-- Build files have been written to: /home/usamah/Documents/project/learnRos2/build/rpm_project
Built target ament_cmake_python_symlink_scripts
running egg_info
writing scripts.egg-info/PKG-INFO
writing dependency_links to scripts.egg-info/dependency_links.txt
writing top-level names to scripts.egg-info/top_level.txt
reading manifest file 'scripts.egg-info/SOURCES.txt'
writing manifest file 'scripts.egg-info/SOURCES.txt'
Built target ament_cmake_python_build_scripts_egg
-- Install configuration: ""
-- Execute custom install script
-- Up-to-date symlink: /home/usamah/Documents/project/learnRos2/install/rpm_project/share/rpm_project/environment/pythonpath.sh
-- Up-to-date symlink: /home/usamah/Documents/project/learnRos2/install/rpm_project/share/rpm_project/environment/pythonpath.dsv
-- Up-to-date symlink: /home/usamah/Documents/project/learnRos2/install/rpm_project/local/lib/python3.10/dist-packages/scripts-0.0.0-py3.10.egg-info/PKG-INFO
-- Up-to-date symlink: /home/usamah/Documents/project/learnRos2/install/rpm_project/local/lib/python3.10/dist-packages/scripts-0.0.0-py3.10.egg-info/SOURCES.txt
-- Up-to-date symlink: /home/usamah/Documents/project/learnRos2/install/rpm_project/local/lib/python3.10/dist-packages/scripts-0.0.0-py3.10.egg-info/dependency_links.txt
-- Up-to-date symlink: /home/usamah/Documents/project/learnRos2/install/rpm_project/local/lib/python3.10/dist-packages/scripts-0.0.0-py3.10.egg-info/top_level.txt
-- Up-to-date symlink: /home/usamah/Documents/project/learnRos2/install/rpm_project/local/lib/python3.10/dist-packages/scripts/__init__.py
-- Up-to-date symlink: /home/usamah/Documents/project/learnRos2/install/rpm_project/local/lib/python3.10/dist-packages/scripts/rpm_pub.py
-- Symlinking: /home/usamah/Documents/project/learnRos2/install/rpm_project/local/lib/python3.10/dist-packages/scripts/rpm_pub_pram.py
-- Up-to-date symlink: /home/usamah/Documents/project/learnRos2/install/rpm_project/local/lib/python3.10/dist-packages/scripts/speed_calc.py
-- Up-to-date symlink: /home/usamah/Documents/project/learnRos2/install/rpm_project/local/lib/python3.10/dist-packages/scripts/speed_calc_pram.py
-- Up-to-date symlink: /home/usamah/Documents/project/learnRos2/install/rpm_project/lib/rpm_project/rpm_pub.py
-- Up-to-date symlink: /home/usamah/Documents/project/learnRos2/install/rpm_project/lib/rpm_project/speed_calc.py
-- Up-to-date symlink: /home/usamah/Documents/project/learnRos2/install/rpm_project/lib/rpm_project/speed_calc_pram.py
-- Symlinking: /home/usamah/Documents/project/learnRos2/install/rpm_project/lib/rpm_project/rpm_pub_pram.py
-- Up-to-date symlink: /home/usamah/Documents/project/learnRos2/install/rpm_project/share/ament_index/resource_index/package_run_dependencies/rpm_project
-- Up-to-date symlink: /home/usamah/Documents/project/learnRos2/install/rpm_project/share/ament_index/resource_index/parent_prefix_path/rpm_project
-- Up-to-date symlink: /home/usamah/Documents/project/learnRos2/install/rpm_project/share/rpm_project/environment/ament_prefix_path.sh
-- Up-to-date symlink: /home/usamah/Documents/project/learnRos2/install/rpm_project/share/rpm_project/environment/ament_prefix_path.dsv
-- Up-to-date symlink: /home/usamah/Documents/project/learnRos2/install/rpm_project/share/rpm_project/environment/path.sh
-- Up-to-date symlink: /home/usamah/Documents/project/learnRos2/install/rpm_project/share/rpm_project/environment/path.dsv
-- Up-to-date symlink: /home/usamah/Documents/project/learnRos2/install/rpm_project/share/rpm_project/local_setup.bash
-- Up-to-date symlink: /home/usamah/Documents/project/learnRos2/install/rpm_project/share/rpm_project/local_setup.sh
-- Up-to-date symlink: /home/usamah/Documents/project/learnRos2/install/rpm_project/share/rpm_project/local_setup.zsh
-- Up-to-date symlink: /home/usamah/Documents/project/learnRos2/install/rpm_project/share/rpm_project/local_setup.dsv
-- Symlinking: /home/usamah/Documents/project/learnRos2/install/rpm_project/share/rpm_project/package.dsv
-- Up-to-date symlink: /home/usamah/Documents/project/learnRos2/install/rpm_project/share/ament_index/resource_index/packages/rpm_project
-- Up-to-date symlink: /home/usamah/Documents/project/learnRos2/install/rpm_project/share/rpm_project/cmake/rpm_projectConfig.cmake
-- Up-to-date symlink: /home/usamah/Documents/project/learnRos2/install/rpm_project/share/rpm_project/cmake/rpm_projectConfig-version.cmake
-- Up-to-date symlink: /home/usamah/Documents/project/learnRos2/install/rpm_project/share/rpm_project/package.xml
Listing '/home/usamah/Documents/project/learnRos2/install/rpm_project/local/lib/python3.10/dist-packages/scripts'...
Compiling '/home/usamah/Documents/project/learnRos2/install/rpm_project/local/lib/python3.10/dist-packages/scripts/rpm_pub_pram.py'...
