[0.012s] Invoking command in '/home/usamah/Documents/project/learnRos2/build/rpm_project': CMAKE_PREFIX_PATH=${CMAKE_PREFIX_PATH}:/opt/ros/humble /usr/bin/cmake --build /home/usamah/Documents/project/learnRos2/build/rpm_project -- -j16 -l16
[0.046s] Built target ament_cmake_python_symlink_scripts
[0.258s] running egg_info
[0.282s] writing scripts.egg-info/PKG-INFO
[0.283s] writing dependency_links to scripts.egg-info/dependency_links.txt
[0.283s] writing top-level names to scripts.egg-info/top_level.txt
[0.354s] reading manifest file 'scripts.egg-info/SOURCES.txt'
[0.355s] writing manifest file 'scripts.egg-info/SOURCES.txt'
[0.376s] Built target ament_cmake_python_build_scripts_egg
[0.383s] Invoked command in '/home/usamah/Documents/project/learnRos2/build/rpm_project' returned '0': CMAKE_PREFIX_PATH=${CMAKE_PREFIX_PATH}:/opt/ros/humble /usr/bin/cmake --build /home/usamah/Documents/project/learnRos2/build/rpm_project -- -j16 -l16
[0.402s] Invoking command in '/home/usamah/Documents/project/learnRos2/build/rpm_project': CMAKE_PREFIX_PATH=${CMAKE_PREFIX_PATH}:/opt/ros/humble /usr/bin/cmake --install /home/usamah/Documents/project/learnRos2/build/rpm_project
[0.406s] -- Install configuration: ""
[0.406s] -- Execute custom install script
[0.407s] -- Up-to-date symlink: /home/usamah/Documents/project/learnRos2/install/rpm_project/share/rpm_project/environment/pythonpath.sh
[0.407s] -- Up-to-date symlink: /home/usamah/Documents/project/learnRos2/install/rpm_project/share/rpm_project/environment/pythonpath.dsv
[0.407s] -- Up-to-date symlink: /home/usamah/Documents/project/learnRos2/install/rpm_project/lib/python3.12/site-packages/scripts-0.0.0-py3.12.egg-info/PKG-INFO
[0.407s] -- Up-to-date symlink: /home/usamah/Documents/project/learnRos2/install/rpm_project/lib/python3.12/site-packages/scripts-0.0.0-py3.12.egg-info/SOURCES.txt
[0.407s] -- Up-to-date symlink: /home/usamah/Documents/project/learnRos2/install/rpm_project/lib/python3.12/site-packages/scripts-0.0.0-py3.12.egg-info/dependency_links.txt
[0.407s] -- Up-to-date symlink: /home/usamah/Documents/project/learnRos2/install/rpm_project/lib/python3.12/site-packages/scripts-0.0.0-py3.12.egg-info/top_level.txt
[0.408s] -- Up-to-date symlink: /home/usamah/Documents/project/learnRos2/install/rpm_project/lib/python3.12/site-packages/scripts/__init__.py
[0.408s] -- Up-to-date symlink: /home/usamah/Documents/project/learnRos2/install/rpm_project/lib/python3.12/site-packages/scripts/rpm_pub.py
[0.408s] -- Up-to-date symlink: /home/usamah/Documents/project/learnRos2/install/rpm_project/lib/python3.12/site-packages/scripts/speed_calc.py
[0.408s] -- Up-to-date symlink: /home/usamah/Documents/project/learnRos2/install/rpm_project/lib/rpm_project/rpm_pub.py
[0.408s] -- Up-to-date symlink: /home/usamah/Documents/project/learnRos2/install/rpm_project/lib/rpm_project/speed_calc.py
[0.408s] -- Up-to-date symlink: /home/usamah/Documents/project/learnRos2/install/rpm_project/share/ament_index/resource_index/package_run_dependencies/rpm_project
[0.408s] -- Up-to-date symlink: /home/usamah/Documents/project/learnRos2/install/rpm_project/share/ament_index/resource_index/parent_prefix_path/rpm_project
[0.408s] -- Up-to-date symlink: /home/usamah/Documents/project/learnRos2/install/rpm_project/share/rpm_project/environment/ament_prefix_path.sh
[0.408s] -- Up-to-date symlink: /home/usamah/Documents/project/learnRos2/install/rpm_project/share/rpm_project/environment/ament_prefix_path.dsv
[0.408s] -- Up-to-date symlink: /home/usamah/Documents/project/learnRos2/install/rpm_project/share/rpm_project/environment/path.sh
[0.408s] -- Up-to-date symlink: /home/usamah/Documents/project/learnRos2/install/rpm_project/share/rpm_project/environment/path.dsv
[0.408s] -- Up-to-date symlink: /home/usamah/Documents/project/learnRos2/install/rpm_project/share/rpm_project/local_setup.bash
[0.409s] -- Up-to-date symlink: /home/usamah/Documents/project/learnRos2/install/rpm_project/share/rpm_project/local_setup.sh
[0.409s] -- Up-to-date symlink: /home/usamah/Documents/project/learnRos2/install/rpm_project/share/rpm_project/local_setup.zsh
[0.409s] -- Up-to-date symlink: /home/usamah/Documents/project/learnRos2/install/rpm_project/share/rpm_project/local_setup.dsv
[0.409s] -- Symlinking: /home/usamah/Documents/project/learnRos2/install/rpm_project/share/rpm_project/package.dsv
[0.413s] -- Up-to-date symlink: /home/usamah/Documents/project/learnRos2/install/rpm_project/share/ament_index/resource_index/packages/rpm_project
[0.414s] -- Up-to-date symlink: /home/usamah/Documents/project/learnRos2/install/rpm_project/share/rpm_project/cmake/rpm_projectConfig.cmake
[0.414s] -- Up-to-date symlink: /home/usamah/Documents/project/learnRos2/install/rpm_project/share/rpm_project/cmake/rpm_projectConfig-version.cmake
[0.414s] -- Up-to-date symlink: /home/usamah/Documents/project/learnRos2/install/rpm_project/share/rpm_project/package.xml
[0.443s] Listing '/home/usamah/Documents/project/learnRos2/install/rpm_project/lib/python3.12/site-packages/scripts'...
[0.443s] Compiling '/home/usamah/Documents/project/learnRos2/install/rpm_project/lib/python3.12/site-packages/scripts/speed_calc.py'...
[0.454s] Invoked command in '/home/usamah/Documents/project/learnRos2/build/rpm_project' returned '0': CMAKE_PREFIX_PATH=${CMAKE_PREFIX_PATH}:/opt/ros/humble /usr/bin/cmake --install /home/usamah/Documents/project/learnRos2/build/rpm_project
