[0.079s] DEBUG:colcon:Command line arguments: ['/usr/bin/colcon', 'build', '--symlink-install']
[0.080s] DEBUG:colcon:Parsed command line arguments: Namespace(log_base=None, log_level=None, verb_name='build', build_base='build', install_base='install', merge_install=False, symlink_install=True, test_result_base=None, continue_on_error=False, executor='parallel', parallel_workers=16, event_handlers=None, ignore_user_meta=False, metas=['./colcon.meta'], base_paths=['.'], packages_ignore=None, packages_ignore_regex=None, paths=None, packages_up_to=None, packages_up_to_regex=None, packages_above=None, packages_above_and_dependencies=None, packages_above_depth=None, packages_select_by_dep=None, packages_skip_by_dep=None, packages_skip_up_to=None, packages_select_build_failed=False, packages_skip_build_finished=False, packages_select_test_failures=False, packages_skip_test_passed=False, packages_select=None, packages_skip=None, packages_select_regex=None, packages_skip_regex=None, packages_start=None, packages_end=None, allow_overriding=[], cmake_args=None, cmake_target=None, cmake_target_skip_unavailable=False, cmake_clean_cache=False, cmake_clean_first=False, cmake_force_configure=False, ament_cmake_args=None, catkin_cmake_args=None, catkin_skip_building_tests=False, mixin_files=None, mixin=None, verb_parser=<colcon_mixin.mixin.mixin_argument.MixinArgumentDecorator object at 0x7d7dc7253a60>, verb_extension=<colcon_core.verb.build.BuildVerb object at 0x7d7dc72530d0>, main=<bound method BuildVerb.main of <colcon_core.verb.build.BuildVerb object at 0x7d7dc72530d0>>, mixin_verb=('build',))
[0.234s] Level 1:colcon.colcon_core.package_discovery:discover_packages(colcon_meta) check parameters
[0.234s] Level 1:colcon.colcon_core.package_discovery:discover_packages(recursive) check parameters
[0.234s] Level 1:colcon.colcon_core.package_discovery:discover_packages(ignore) check parameters
[0.234s] Level 1:colcon.colcon_core.package_discovery:discover_packages(path) check parameters
[0.234s] Level 1:colcon.colcon_core.package_discovery:discover_packages(colcon_meta) discover
[0.234s] Level 1:colcon.colcon_core.package_discovery:discover_packages(recursive) discover
[0.234s] INFO:colcon.colcon_core.package_discovery:Crawling recursively for packages in '/home/usamah/Documents/project/learnRos2'
[0.234s] Level 1:colcon.colcon_core.package_identification:_identify(.) by extensions ['ignore', 'ignore_ament_install']
[0.234s] Level 1:colcon.colcon_core.package_identification:_identify(.) by extension 'ignore'
[0.234s] Level 1:colcon.colcon_core.package_identification:_identify(.) by extension 'ignore_ament_install'
[0.234s] Level 1:colcon.colcon_core.package_identification:_identify(.) by extensions ['colcon_pkg']
[0.234s] Level 1:colcon.colcon_core.package_identification:_identify(.) by extension 'colcon_pkg'
[0.234s] Level 1:colcon.colcon_core.package_identification:_identify(.) by extensions ['colcon_meta']
[0.234s] Level 1:colcon.colcon_core.package_identification:_identify(.) by extension 'colcon_meta'
[0.234s] Level 1:colcon.colcon_core.package_identification:_identify(.) by extensions ['ros']
[0.234s] Level 1:colcon.colcon_core.package_identification:_identify(.) by extension 'ros'
[0.259s] Level 1:colcon.colcon_core.package_identification:_identify(.) by extensions ['cmake', 'python']
[0.259s] Level 1:colcon.colcon_core.package_identification:_identify(.) by extension 'cmake'
[0.259s] Level 1:colcon.colcon_core.package_identification:_identify(.) by extension 'python'
[0.260s] Level 1:colcon.colcon_core.package_identification:_identify(.) by extensions ['python_setup_py']
[0.260s] Level 1:colcon.colcon_core.package_identification:_identify(.) by extension 'python_setup_py'
[0.260s] Level 1:colcon.colcon_core.package_identification:_identify(01_udemy_publish_subscribe) by extensions ['ignore', 'ignore_ament_install']
[0.260s] Level 1:colcon.colcon_core.package_identification:_identify(01_udemy_publish_subscribe) by extension 'ignore'
[0.260s] Level 1:colcon.colcon_core.package_identification:_identify(01_udemy_publish_subscribe) by extension 'ignore_ament_install'
[0.260s] Level 1:colcon.colcon_core.package_identification:_identify(01_udemy_publish_subscribe) by extensions ['colcon_pkg']
[0.260s] Level 1:colcon.colcon_core.package_identification:_identify(01_udemy_publish_subscribe) by extension 'colcon_pkg'
[0.260s] Level 1:colcon.colcon_core.package_identification:_identify(01_udemy_publish_subscribe) by extensions ['colcon_meta']
[0.260s] Level 1:colcon.colcon_core.package_identification:_identify(01_udemy_publish_subscribe) by extension 'colcon_meta'
[0.260s] Level 1:colcon.colcon_core.package_identification:_identify(01_udemy_publish_subscribe) by extensions ['ros']
[0.260s] Level 1:colcon.colcon_core.package_identification:_identify(01_udemy_publish_subscribe) by extension 'ros'
[0.260s] Level 1:colcon.colcon_core.package_identification:_identify(01_udemy_publish_subscribe) by extensions ['cmake', 'python']
[0.260s] Level 1:colcon.colcon_core.package_identification:_identify(01_udemy_publish_subscribe) by extension 'cmake'
[0.260s] Level 1:colcon.colcon_core.package_identification:_identify(01_udemy_publish_subscribe) by extension 'python'
[0.260s] Level 1:colcon.colcon_core.package_identification:_identify(01_udemy_publish_subscribe) by extensions ['python_setup_py']
[0.260s] Level 1:colcon.colcon_core.package_identification:_identify(01_udemy_publish_subscribe) by extension 'python_setup_py'
[0.260s] Level 1:colcon.colcon_core.package_identification:_identify(01_udemy_publish_subscribe/src) by extensions ['ignore', 'ignore_ament_install']
[0.260s] Level 1:colcon.colcon_core.package_identification:_identify(01_udemy_publish_subscribe/src) by extension 'ignore'
[0.260s] Level 1:colcon.colcon_core.package_identification:_identify(01_udemy_publish_subscribe/src) by extension 'ignore_ament_install'
[0.260s] Level 1:colcon.colcon_core.package_identification:_identify(01_udemy_publish_subscribe/src) by extensions ['colcon_pkg']
[0.260s] Level 1:colcon.colcon_core.package_identification:_identify(01_udemy_publish_subscribe/src) by extension 'colcon_pkg'
[0.260s] Level 1:colcon.colcon_core.package_identification:_identify(01_udemy_publish_subscribe/src) by extensions ['colcon_meta']
[0.260s] Level 1:colcon.colcon_core.package_identification:_identify(01_udemy_publish_subscribe/src) by extension 'colcon_meta'
[0.260s] Level 1:colcon.colcon_core.package_identification:_identify(01_udemy_publish_subscribe/src) by extensions ['ros']
[0.260s] Level 1:colcon.colcon_core.package_identification:_identify(01_udemy_publish_subscribe/src) by extension 'ros'
[0.260s] Level 1:colcon.colcon_core.package_identification:_identify(01_udemy_publish_subscribe/src) by extensions ['cmake', 'python']
[0.260s] Level 1:colcon.colcon_core.package_identification:_identify(01_udemy_publish_subscribe/src) by extension 'cmake'
[0.261s] Level 1:colcon.colcon_core.package_identification:_identify(01_udemy_publish_subscribe/src) by extension 'python'
[0.261s] Level 1:colcon.colcon_core.package_identification:_identify(01_udemy_publish_subscribe/src) by extensions ['python_setup_py']
[0.261s] Level 1:colcon.colcon_core.package_identification:_identify(01_udemy_publish_subscribe/src) by extension 'python_setup_py'
[0.261s] Level 1:colcon.colcon_core.package_identification:_identify(01_udemy_publish_subscribe/src/udemy_ros2_pkg) by extensions ['ignore', 'ignore_ament_install']
[0.261s] Level 1:colcon.colcon_core.package_identification:_identify(01_udemy_publish_subscribe/src/udemy_ros2_pkg) by extension 'ignore'
[0.261s] Level 1:colcon.colcon_core.package_identification:_identify(01_udemy_publish_subscribe/src/udemy_ros2_pkg) by extension 'ignore_ament_install'
[0.261s] Level 1:colcon.colcon_core.package_identification:_identify(01_udemy_publish_subscribe/src/udemy_ros2_pkg) by extensions ['colcon_pkg']
[0.261s] Level 1:colcon.colcon_core.package_identification:_identify(01_udemy_publish_subscribe/src/udemy_ros2_pkg) by extension 'colcon_pkg'
[0.261s] Level 1:colcon.colcon_core.package_identification:_identify(01_udemy_publish_subscribe/src/udemy_ros2_pkg) by extensions ['colcon_meta']
[0.261s] Level 1:colcon.colcon_core.package_identification:_identify(01_udemy_publish_subscribe/src/udemy_ros2_pkg) by extension 'colcon_meta'
[0.261s] Level 1:colcon.colcon_core.package_identification:_identify(01_udemy_publish_subscribe/src/udemy_ros2_pkg) by extensions ['ros']
[0.261s] Level 1:colcon.colcon_core.package_identification:_identify(01_udemy_publish_subscribe/src/udemy_ros2_pkg) by extension 'ros'
[0.263s] DEBUG:colcon.colcon_core.package_identification:Package '01_udemy_publish_subscribe/src/udemy_ros2_pkg' with type 'ros.ament_cmake' and name 'udemy_ros2_pkg'
[0.263s] Level 1:colcon.colcon_core.package_identification:_identify(02_udemy_project) by extensions ['ignore', 'ignore_ament_install']
[0.263s] Level 1:colcon.colcon_core.package_identification:_identify(02_udemy_project) by extension 'ignore'
[0.263s] Level 1:colcon.colcon_core.package_identification:_identify(02_udemy_project) by extension 'ignore_ament_install'
[0.263s] Level 1:colcon.colcon_core.package_identification:_identify(02_udemy_project) by extensions ['colcon_pkg']
[0.263s] Level 1:colcon.colcon_core.package_identification:_identify(02_udemy_project) by extension 'colcon_pkg'
[0.263s] Level 1:colcon.colcon_core.package_identification:_identify(02_udemy_project) by extensions ['colcon_meta']
[0.263s] Level 1:colcon.colcon_core.package_identification:_identify(02_udemy_project) by extension 'colcon_meta'
[0.263s] Level 1:colcon.colcon_core.package_identification:_identify(02_udemy_project) by extensions ['ros']
[0.263s] Level 1:colcon.colcon_core.package_identification:_identify(02_udemy_project) by extension 'ros'
[0.263s] Level 1:colcon.colcon_core.package_identification:_identify(02_udemy_project) by extensions ['cmake', 'python']
[0.263s] Level 1:colcon.colcon_core.package_identification:_identify(02_udemy_project) by extension 'cmake'
[0.263s] Level 1:colcon.colcon_core.package_identification:_identify(02_udemy_project) by extension 'python'
[0.263s] Level 1:colcon.colcon_core.package_identification:_identify(02_udemy_project) by extensions ['python_setup_py']
[0.263s] Level 1:colcon.colcon_core.package_identification:_identify(02_udemy_project) by extension 'python_setup_py'
[0.264s] Level 1:colcon.colcon_core.package_identification:_identify(02_udemy_project/src) by extensions ['ignore', 'ignore_ament_install']
[0.264s] Level 1:colcon.colcon_core.package_identification:_identify(02_udemy_project/src) by extension 'ignore'
[0.264s] Level 1:colcon.colcon_core.package_identification:_identify(02_udemy_project/src) by extension 'ignore_ament_install'
[0.264s] Level 1:colcon.colcon_core.package_identification:_identify(02_udemy_project/src) by extensions ['colcon_pkg']
[0.264s] Level 1:colcon.colcon_core.package_identification:_identify(02_udemy_project/src) by extension 'colcon_pkg'
[0.264s] Level 1:colcon.colcon_core.package_identification:_identify(02_udemy_project/src) by extensions ['colcon_meta']
[0.264s] Level 1:colcon.colcon_core.package_identification:_identify(02_udemy_project/src) by extension 'colcon_meta'
[0.264s] Level 1:colcon.colcon_core.package_identification:_identify(02_udemy_project/src) by extensions ['ros']
[0.264s] Level 1:colcon.colcon_core.package_identification:_identify(02_udemy_project/src) by extension 'ros'
[0.264s] Level 1:colcon.colcon_core.package_identification:_identify(02_udemy_project/src) by extensions ['cmake', 'python']
[0.264s] Level 1:colcon.colcon_core.package_identification:_identify(02_udemy_project/src) by extension 'cmake'
[0.264s] Level 1:colcon.colcon_core.package_identification:_identify(02_udemy_project/src) by extension 'python'
[0.264s] Level 1:colcon.colcon_core.package_identification:_identify(02_udemy_project/src) by extensions ['python_setup_py']
[0.264s] Level 1:colcon.colcon_core.package_identification:_identify(02_udemy_project/src) by extension 'python_setup_py'
[0.264s] Level 1:colcon.colcon_core.package_identification:_identify(02_udemy_project/src/rpm_project) by extensions ['ignore', 'ignore_ament_install']
[0.264s] Level 1:colcon.colcon_core.package_identification:_identify(02_udemy_project/src/rpm_project) by extension 'ignore'
[0.264s] Level 1:colcon.colcon_core.package_identification:_identify(02_udemy_project/src/rpm_project) by extension 'ignore_ament_install'
[0.264s] Level 1:colcon.colcon_core.package_identification:_identify(02_udemy_project/src/rpm_project) by extensions ['colcon_pkg']
[0.264s] Level 1:colcon.colcon_core.package_identification:_identify(02_udemy_project/src/rpm_project) by extension 'colcon_pkg'
[0.264s] Level 1:colcon.colcon_core.package_identification:_identify(02_udemy_project/src/rpm_project) by extensions ['colcon_meta']
[0.264s] Level 1:colcon.colcon_core.package_identification:_identify(02_udemy_project/src/rpm_project) by extension 'colcon_meta'
[0.264s] Level 1:colcon.colcon_core.package_identification:_identify(02_udemy_project/src/rpm_project) by extensions ['ros']
[0.264s] Level 1:colcon.colcon_core.package_identification:_identify(02_udemy_project/src/rpm_project) by extension 'ros'
[0.265s] DEBUG:colcon.colcon_core.package_identification:Package '02_udemy_project/src/rpm_project' with type 'ros.ament_cmake' and name 'rpm_project'
[0.265s] Level 1:colcon.colcon_core.package_identification:_identify(02_udemy_project/src/second_turn_camera_project) by extensions ['ignore', 'ignore_ament_install']
[0.265s] Level 1:colcon.colcon_core.package_identification:_identify(02_udemy_project/src/second_turn_camera_project) by extension 'ignore'
[0.265s] Level 1:colcon.colcon_core.package_identification:_identify(02_udemy_project/src/second_turn_camera_project) by extension 'ignore_ament_install'
[0.265s] Level 1:colcon.colcon_core.package_identification:_identify(02_udemy_project/src/second_turn_camera_project) by extensions ['colcon_pkg']
[0.265s] Level 1:colcon.colcon_core.package_identification:_identify(02_udemy_project/src/second_turn_camera_project) by extension 'colcon_pkg'
[0.265s] Level 1:colcon.colcon_core.package_identification:_identify(02_udemy_project/src/second_turn_camera_project) by extensions ['colcon_meta']
[0.265s] Level 1:colcon.colcon_core.package_identification:_identify(02_udemy_project/src/second_turn_camera_project) by extension 'colcon_meta'
[0.265s] Level 1:colcon.colcon_core.package_identification:_identify(02_udemy_project/src/second_turn_camera_project) by extensions ['ros']
[0.265s] Level 1:colcon.colcon_core.package_identification:_identify(02_udemy_project/src/second_turn_camera_project) by extension 'ros'
[0.265s] DEBUG:colcon.colcon_core.package_identification:Package '02_udemy_project/src/second_turn_camera_project' with type 'ros.ament_cmake' and name 'second_turn_camera_project'
[0.266s] Level 1:colcon.colcon_core.package_identification:_identify(build) by extensions ['ignore', 'ignore_ament_install']
[0.266s] Level 1:colcon.colcon_core.package_identification:_identify(build) by extension 'ignore'
[0.266s] Level 1:colcon.colcon_core.package_identification:_identify(build) ignored
[0.266s] Level 1:colcon.colcon_core.package_identification:_identify(install) by extensions ['ignore', 'ignore_ament_install']
[0.266s] Level 1:colcon.colcon_core.package_identification:_identify(install) by extension 'ignore'
[0.266s] Level 1:colcon.colcon_core.package_identification:_identify(install) ignored
[0.266s] Level 1:colcon.colcon_core.package_identification:_identify(log) by extensions ['ignore', 'ignore_ament_install']
[0.266s] Level 1:colcon.colcon_core.package_identification:_identify(log) by extension 'ignore'
[0.266s] Level 1:colcon.colcon_core.package_identification:_identify(log) ignored
[0.266s] Level 1:colcon.colcon_core.package_discovery:discover_packages(recursive) using defaults
[0.266s] Level 1:colcon.colcon_core.package_discovery:discover_packages(ignore) discover
[0.266s] Level 1:colcon.colcon_core.package_discovery:discover_packages(ignore) using defaults
[0.266s] Level 1:colcon.colcon_core.package_discovery:discover_packages(path) discover
[0.266s] Level 1:colcon.colcon_core.package_discovery:discover_packages(path) using defaults
[0.281s] Level 1:colcon.colcon_core.package_discovery:discover_packages(prefix_path) check parameters
[0.281s] Level 1:colcon.colcon_core.package_discovery:discover_packages(prefix_path) discover
[0.282s] DEBUG:colcon.colcon_installed_package_information.package_discovery:Found 3 installed packages in /home/usamah/Documents/project/learnRos2/install
[0.283s] DEBUG:colcon.colcon_installed_package_information.package_discovery:Found 397 installed packages in /opt/ros/humble
[0.285s] Level 1:colcon.colcon_core.package_discovery:discover_packages(prefix_path) using defaults
[0.324s] Level 5:colcon.colcon_core.verb:set package 'rpm_project' build argument 'cmake_args' from command line to 'None'
[0.324s] Level 5:colcon.colcon_core.verb:set package 'rpm_project' build argument 'cmake_target' from command line to 'None'
[0.324s] Level 5:colcon.colcon_core.verb:set package 'rpm_project' build argument 'cmake_target_skip_unavailable' from command line to 'False'
[0.324s] Level 5:colcon.colcon_core.verb:set package 'rpm_project' build argument 'cmake_clean_cache' from command line to 'False'
[0.324s] Level 5:colcon.colcon_core.verb:set package 'rpm_project' build argument 'cmake_clean_first' from command line to 'False'
[0.324s] Level 5:colcon.colcon_core.verb:set package 'rpm_project' build argument 'cmake_force_configure' from command line to 'False'
[0.324s] Level 5:colcon.colcon_core.verb:set package 'rpm_project' build argument 'ament_cmake_args' from command line to 'None'
[0.324s] Level 5:colcon.colcon_core.verb:set package 'rpm_project' build argument 'catkin_cmake_args' from command line to 'None'
[0.324s] Level 5:colcon.colcon_core.verb:set package 'rpm_project' build argument 'catkin_skip_building_tests' from command line to 'False'
[0.324s] DEBUG:colcon.colcon_core.verb:Building package 'rpm_project' with the following arguments: {'ament_cmake_args': None, 'build_base': '/home/usamah/Documents/project/learnRos2/build/rpm_project', 'catkin_cmake_args': None, 'catkin_skip_building_tests': False, 'cmake_args': None, 'cmake_clean_cache': False, 'cmake_clean_first': False, 'cmake_force_configure': False, 'cmake_target': None, 'cmake_target_skip_unavailable': False, 'install_base': '/home/usamah/Documents/project/learnRos2/install/rpm_project', 'merge_install': False, 'path': '/home/usamah/Documents/project/learnRos2/02_udemy_project/src/rpm_project', 'symlink_install': True, 'test_result_base': None}
[0.325s] Level 5:colcon.colcon_core.verb:set package 'second_turn_camera_project' build argument 'cmake_args' from command line to 'None'
[0.325s] Level 5:colcon.colcon_core.verb:set package 'second_turn_camera_project' build argument 'cmake_target' from command line to 'None'
[0.325s] Level 5:colcon.colcon_core.verb:set package 'second_turn_camera_project' build argument 'cmake_target_skip_unavailable' from command line to 'False'
[0.325s] Level 5:colcon.colcon_core.verb:set package 'second_turn_camera_project' build argument 'cmake_clean_cache' from command line to 'False'
[0.325s] Level 5:colcon.colcon_core.verb:set package 'second_turn_camera_project' build argument 'cmake_clean_first' from command line to 'False'
[0.325s] Level 5:colcon.colcon_core.verb:set package 'second_turn_camera_project' build argument 'cmake_force_configure' from command line to 'False'
[0.325s] Level 5:colcon.colcon_core.verb:set package 'second_turn_camera_project' build argument 'ament_cmake_args' from command line to 'None'
[0.325s] Level 5:colcon.colcon_core.verb:set package 'second_turn_camera_project' build argument 'catkin_cmake_args' from command line to 'None'
[0.325s] Level 5:colcon.colcon_core.verb:set package 'second_turn_camera_project' build argument 'catkin_skip_building_tests' from command line to 'False'
[0.325s] DEBUG:colcon.colcon_core.verb:Building package 'second_turn_camera_project' with the following arguments: {'ament_cmake_args': None, 'build_base': '/home/usamah/Documents/project/learnRos2/build/second_turn_camera_project', 'catkin_cmake_args': None, 'catkin_skip_building_tests': False, 'cmake_args': None, 'cmake_clean_cache': False, 'cmake_clean_first': False, 'cmake_force_configure': False, 'cmake_target': None, 'cmake_target_skip_unavailable': False, 'install_base': '/home/usamah/Documents/project/learnRos2/install/second_turn_camera_project', 'merge_install': False, 'path': '/home/usamah/Documents/project/learnRos2/02_udemy_project/src/second_turn_camera_project', 'symlink_install': True, 'test_result_base': None}
[0.325s] Level 5:colcon.colcon_core.verb:set package 'udemy_ros2_pkg' build argument 'cmake_args' from command line to 'None'
[0.325s] Level 5:colcon.colcon_core.verb:set package 'udemy_ros2_pkg' build argument 'cmake_target' from command line to 'None'
[0.325s] Level 5:colcon.colcon_core.verb:set package 'udemy_ros2_pkg' build argument 'cmake_target_skip_unavailable' from command line to 'False'
[0.325s] Level 5:colcon.colcon_core.verb:set package 'udemy_ros2_pkg' build argument 'cmake_clean_cache' from command line to 'False'
[0.325s] Level 5:colcon.colcon_core.verb:set package 'udemy_ros2_pkg' build argument 'cmake_clean_first' from command line to 'False'
[0.325s] Level 5:colcon.colcon_core.verb:set package 'udemy_ros2_pkg' build argument 'cmake_force_configure' from command line to 'False'
[0.325s] Level 5:colcon.colcon_core.verb:set package 'udemy_ros2_pkg' build argument 'ament_cmake_args' from command line to 'None'
[0.325s] Level 5:colcon.colcon_core.verb:set package 'udemy_ros2_pkg' build argument 'catkin_cmake_args' from command line to 'None'
[0.325s] Level 5:colcon.colcon_core.verb:set package 'udemy_ros2_pkg' build argument 'catkin_skip_building_tests' from command line to 'False'
[0.325s] DEBUG:colcon.colcon_core.verb:Building package 'udemy_ros2_pkg' with the following arguments: {'ament_cmake_args': None, 'build_base': '/home/usamah/Documents/project/learnRos2/build/udemy_ros2_pkg', 'catkin_cmake_args': None, 'catkin_skip_building_tests': False, 'cmake_args': None, 'cmake_clean_cache': False, 'cmake_clean_first': False, 'cmake_force_configure': False, 'cmake_target': None, 'cmake_target_skip_unavailable': False, 'install_base': '/home/usamah/Documents/project/learnRos2/install/udemy_ros2_pkg', 'merge_install': False, 'path': '/home/usamah/Documents/project/learnRos2/01_udemy_publish_subscribe/src/udemy_ros2_pkg', 'symlink_install': True, 'test_result_base': None}
[0.326s] INFO:colcon.colcon_core.executor:Executing jobs using 'parallel' executor
[0.327s] DEBUG:colcon.colcon_parallel_executor.executor.parallel:run_until_complete
[0.327s] INFO:colcon.colcon_ros.task.ament_cmake.build:Building ROS package in '/home/usamah/Documents/project/learnRos2/02_udemy_project/src/rpm_project' with build type 'ament_cmake'
[0.327s] INFO:colcon.colcon_cmake.task.cmake.build:Building CMake package in '/home/usamah/Documents/project/learnRos2/02_udemy_project/src/rpm_project'
[0.328s] INFO:colcon.colcon_core.plugin_system:Skipping extension 'colcon_core.shell.bat': Not used on non-Windows systems
[0.329s] INFO:colcon.colcon_core.shell:Skip shell extension 'powershell' for command environment: Not usable outside of PowerShell
[0.329s] DEBUG:colcon.colcon_core.shell:Skip shell extension 'dsv' for command environment
[0.332s] INFO:colcon.colcon_ros.task.ament_cmake.build:Building ROS package in '/home/usamah/Documents/project/learnRos2/02_udemy_project/src/second_turn_camera_project' with build type 'ament_cmake'
[0.332s] INFO:colcon.colcon_cmake.task.cmake.build:Building CMake package in '/home/usamah/Documents/project/learnRos2/02_udemy_project/src/second_turn_camera_project'
[0.332s] INFO:colcon.colcon_core.shell:Skip shell extension 'powershell' for command environment: Not usable outside of PowerShell
[0.332s] DEBUG:colcon.colcon_core.shell:Skip shell extension 'dsv' for command environment
[0.335s] INFO:colcon.colcon_ros.task.ament_cmake.build:Building ROS package in '/home/usamah/Documents/project/learnRos2/01_udemy_publish_subscribe/src/udemy_ros2_pkg' with build type 'ament_cmake'
[0.335s] INFO:colcon.colcon_cmake.task.cmake.build:Building CMake package in '/home/usamah/Documents/project/learnRos2/01_udemy_publish_subscribe/src/udemy_ros2_pkg'
[0.335s] INFO:colcon.colcon_core.shell:Skip shell extension 'powershell' for command environment: Not usable outside of PowerShell
[0.335s] DEBUG:colcon.colcon_core.shell:Skip shell extension 'dsv' for command environment
[0.342s] DEBUG:colcon.colcon_core.event_handler.log_command:Invoking command in '/home/usamah/Documents/project/learnRos2/build/rpm_project': CMAKE_PREFIX_PATH=${CMAKE_PREFIX_PATH}:/opt/ros/humble /usr/bin/cmake --build /home/usamah/Documents/project/learnRos2/build/rpm_project -- -j16 -l16
[0.343s] DEBUG:colcon.colcon_core.event_handler.log_command:Invoking command in '/home/usamah/Documents/project/learnRos2/build/second_turn_camera_project': CMAKE_PREFIX_PATH=${CMAKE_PREFIX_PATH}:/opt/ros/humble /usr/bin/cmake /home/usamah/Documents/project/learnRos2/02_udemy_project/src/second_turn_camera_project -DAMENT_CMAKE_SYMLINK_INSTALL=1 -DCMAKE_INSTALL_PREFIX=/home/usamah/Documents/project/learnRos2/install/second_turn_camera_project
[0.346s] DEBUG:colcon.colcon_core.event_handler.log_command:Invoking command in '/home/usamah/Documents/project/learnRos2/build/udemy_ros2_pkg': CMAKE_PREFIX_PATH=${CMAKE_PREFIX_PATH}:/opt/ros/humble /usr/bin/cmake --build /home/usamah/Documents/project/learnRos2/build/udemy_ros2_pkg -- -j16 -l16
[0.638s] DEBUG:colcon.colcon_core.event_handler.log_command:Invoked command in '/home/usamah/Documents/project/learnRos2/build/udemy_ros2_pkg' returned '0': CMAKE_PREFIX_PATH=${CMAKE_PREFIX_PATH}:/opt/ros/humble /usr/bin/cmake --build /home/usamah/Documents/project/learnRos2/build/udemy_ros2_pkg -- -j16 -l16
[0.665s] DEBUG:colcon.colcon_core.event_handler.log_command:Invoking command in '/home/usamah/Documents/project/learnRos2/build/udemy_ros2_pkg': CMAKE_PREFIX_PATH=${CMAKE_PREFIX_PATH}:/opt/ros/humble /usr/bin/cmake --install /home/usamah/Documents/project/learnRos2/build/udemy_ros2_pkg
[0.714s] Level 1:colcon.colcon_core.environment:create_environment_scripts_only(udemy_ros2_pkg)
[0.715s] DEBUG:colcon.colcon_core.event_handler.log_command:Invoked command in '/home/usamah/Documents/project/learnRos2/build/udemy_ros2_pkg' returned '0': CMAKE_PREFIX_PATH=${CMAKE_PREFIX_PATH}:/opt/ros/humble /usr/bin/cmake --install /home/usamah/Documents/project/learnRos2/build/udemy_ros2_pkg
[0.717s] Level 1:colcon.colcon_core.environment:checking '/home/usamah/Documents/project/learnRos2/install/udemy_ros2_pkg' for CMake module files
[0.718s] Level 1:colcon.colcon_core.environment:checking '/home/usamah/Documents/project/learnRos2/install/udemy_ros2_pkg' for CMake config files
[0.718s] Level 1:colcon.colcon_core.shell:create_environment_hook('udemy_ros2_pkg', 'cmake_prefix_path')
[0.718s] INFO:colcon.colcon_core.shell:Creating environment hook '/home/usamah/Documents/project/learnRos2/install/udemy_ros2_pkg/share/udemy_ros2_pkg/hook/cmake_prefix_path.ps1'
[0.719s] INFO:colcon.colcon_core.shell:Creating environment descriptor '/home/usamah/Documents/project/learnRos2/install/udemy_ros2_pkg/share/udemy_ros2_pkg/hook/cmake_prefix_path.dsv'
[0.720s] INFO:colcon.colcon_core.shell:Creating environment hook '/home/usamah/Documents/project/learnRos2/install/udemy_ros2_pkg/share/udemy_ros2_pkg/hook/cmake_prefix_path.sh'
[0.721s] Level 1:colcon.colcon_core.environment:checking '/home/usamah/Documents/project/learnRos2/install/udemy_ros2_pkg/lib'
[0.721s] Level 1:colcon.colcon_core.environment:checking '/home/usamah/Documents/project/learnRos2/install/udemy_ros2_pkg/bin'
[0.721s] Level 1:colcon.colcon_core.environment:checking '/home/usamah/Documents/project/learnRos2/install/udemy_ros2_pkg/lib/pkgconfig/udemy_ros2_pkg.pc'
[0.721s] Level 1:colcon.colcon_core.environment:checking '/home/usamah/Documents/project/learnRos2/install/udemy_ros2_pkg/lib/python3.10/site-packages'
[0.721s] Level 1:colcon.colcon_core.environment:checking '/home/usamah/Documents/project/learnRos2/install/udemy_ros2_pkg/bin'
[0.722s] INFO:colcon.colcon_core.shell:Creating package script '/home/usamah/Documents/project/learnRos2/install/udemy_ros2_pkg/share/udemy_ros2_pkg/package.ps1'
[0.723s] INFO:colcon.colcon_core.shell:Creating package descriptor '/home/usamah/Documents/project/learnRos2/install/udemy_ros2_pkg/share/udemy_ros2_pkg/package.dsv'
[0.723s] INFO:colcon.colcon_core.shell:Creating package script '/home/usamah/Documents/project/learnRos2/install/udemy_ros2_pkg/share/udemy_ros2_pkg/package.sh'
[0.724s] INFO:colcon.colcon_core.shell:Creating package script '/home/usamah/Documents/project/learnRos2/install/udemy_ros2_pkg/share/udemy_ros2_pkg/package.bash'
[0.724s] INFO:colcon.colcon_core.shell:Creating package script '/home/usamah/Documents/project/learnRos2/install/udemy_ros2_pkg/share/udemy_ros2_pkg/package.zsh'
[0.725s] Level 1:colcon.colcon_core.environment:create_file_with_runtime_dependencies(/home/usamah/Documents/project/learnRos2/install/udemy_ros2_pkg/share/colcon-core/packages/udemy_ros2_pkg)
[0.749s] Level 1:colcon.colcon_core.environment:create_environment_scripts_only(udemy_ros2_pkg)
[0.749s] Level 1:colcon.colcon_core.environment:checking '/home/usamah/Documents/project/learnRos2/install/udemy_ros2_pkg' for CMake module files
[0.750s] Level 1:colcon.colcon_core.environment:checking '/home/usamah/Documents/project/learnRos2/install/udemy_ros2_pkg' for CMake config files
[0.750s] Level 1:colcon.colcon_core.shell:create_environment_hook('udemy_ros2_pkg', 'cmake_prefix_path')
[0.750s] INFO:colcon.colcon_core.shell:Creating environment hook '/home/usamah/Documents/project/learnRos2/install/udemy_ros2_pkg/share/udemy_ros2_pkg/hook/cmake_prefix_path.ps1'
[0.750s] INFO:colcon.colcon_core.shell:Creating environment descriptor '/home/usamah/Documents/project/learnRos2/install/udemy_ros2_pkg/share/udemy_ros2_pkg/hook/cmake_prefix_path.dsv'
[0.751s] INFO:colcon.colcon_core.shell:Creating environment hook '/home/usamah/Documents/project/learnRos2/install/udemy_ros2_pkg/share/udemy_ros2_pkg/hook/cmake_prefix_path.sh'
[0.751s] Level 1:colcon.colcon_core.environment:checking '/home/usamah/Documents/project/learnRos2/install/udemy_ros2_pkg/lib'
[0.751s] Level 1:colcon.colcon_core.environment:checking '/home/usamah/Documents/project/learnRos2/install/udemy_ros2_pkg/bin'
[0.751s] Level 1:colcon.colcon_core.environment:checking '/home/usamah/Documents/project/learnRos2/install/udemy_ros2_pkg/lib/pkgconfig/udemy_ros2_pkg.pc'
[0.752s] Level 1:colcon.colcon_core.environment:checking '/home/usamah/Documents/project/learnRos2/install/udemy_ros2_pkg/lib/python3.10/site-packages'
[0.752s] Level 1:colcon.colcon_core.environment:checking '/home/usamah/Documents/project/learnRos2/install/udemy_ros2_pkg/bin'
[0.752s] INFO:colcon.colcon_core.shell:Creating package script '/home/usamah/Documents/project/learnRos2/install/udemy_ros2_pkg/share/udemy_ros2_pkg/package.ps1'
[0.752s] INFO:colcon.colcon_core.shell:Creating package descriptor '/home/usamah/Documents/project/learnRos2/install/udemy_ros2_pkg/share/udemy_ros2_pkg/package.dsv'
[0.753s] INFO:colcon.colcon_core.shell:Creating package script '/home/usamah/Documents/project/learnRos2/install/udemy_ros2_pkg/share/udemy_ros2_pkg/package.sh'
[0.753s] INFO:colcon.colcon_core.shell:Creating package script '/home/usamah/Documents/project/learnRos2/install/udemy_ros2_pkg/share/udemy_ros2_pkg/package.bash'
[0.753s] INFO:colcon.colcon_core.shell:Creating package script '/home/usamah/Documents/project/learnRos2/install/udemy_ros2_pkg/share/udemy_ros2_pkg/package.zsh'
[0.754s] Level 1:colcon.colcon_core.environment:create_file_with_runtime_dependencies(/home/usamah/Documents/project/learnRos2/install/udemy_ros2_pkg/share/colcon-core/packages/udemy_ros2_pkg)
[0.875s] DEBUG:colcon.colcon_core.event_handler.log_command:Invoked command in '/home/usamah/Documents/project/learnRos2/build/second_turn_camera_project' returned '0': CMAKE_PREFIX_PATH=${CMAKE_PREFIX_PATH}:/opt/ros/humble /usr/bin/cmake /home/usamah/Documents/project/learnRos2/02_udemy_project/src/second_turn_camera_project -DAMENT_CMAKE_SYMLINK_INSTALL=1 -DCMAKE_INSTALL_PREFIX=/home/usamah/Documents/project/learnRos2/install/second_turn_camera_project
[0.875s] DEBUG:colcon.colcon_core.event_handler.log_command:Invoking command in '/home/usamah/Documents/project/learnRos2/build/second_turn_camera_project': CMAKE_PREFIX_PATH=${CMAKE_PREFIX_PATH}:/opt/ros/humble /usr/bin/cmake --build /home/usamah/Documents/project/learnRos2/build/second_turn_camera_project -- -j16 -l16
[0.899s] DEBUG:colcon.colcon_core.event_handler.log_command:Invoked command in '/home/usamah/Documents/project/learnRos2/build/second_turn_camera_project' returned '0': CMAKE_PREFIX_PATH=${CMAKE_PREFIX_PATH}:/opt/ros/humble /usr/bin/cmake --build /home/usamah/Documents/project/learnRos2/build/second_turn_camera_project -- -j16 -l16
[0.913s] DEBUG:colcon.colcon_core.event_handler.log_command:Invoking command in '/home/usamah/Documents/project/learnRos2/build/second_turn_camera_project': CMAKE_PREFIX_PATH=${CMAKE_PREFIX_PATH}:/opt/ros/humble /usr/bin/cmake --install /home/usamah/Documents/project/learnRos2/build/second_turn_camera_project
[1.002s] Level 1:colcon.colcon_core.environment:create_environment_scripts_only(second_turn_camera_project)
[1.002s] Level 1:colcon.colcon_core.environment:checking '/home/usamah/Documents/project/learnRos2/install/second_turn_camera_project' for CMake module files
[1.003s] DEBUG:colcon.colcon_core.event_handler.log_command:Invoked command in '/home/usamah/Documents/project/learnRos2/build/second_turn_camera_project' returned '0': CMAKE_PREFIX_PATH=${CMAKE_PREFIX_PATH}:/opt/ros/humble /usr/bin/cmake --install /home/usamah/Documents/project/learnRos2/build/second_turn_camera_project
[1.003s] Level 1:colcon.colcon_core.environment:checking '/home/usamah/Documents/project/learnRos2/install/second_turn_camera_project' for CMake config files
[1.004s] Level 1:colcon.colcon_core.shell:create_environment_hook('second_turn_camera_project', 'cmake_prefix_path')
[1.004s] INFO:colcon.colcon_core.shell:Creating environment hook '/home/usamah/Documents/project/learnRos2/install/second_turn_camera_project/share/second_turn_camera_project/hook/cmake_prefix_path.ps1'
[1.004s] INFO:colcon.colcon_core.shell:Creating environment descriptor '/home/usamah/Documents/project/learnRos2/install/second_turn_camera_project/share/second_turn_camera_project/hook/cmake_prefix_path.dsv'
[1.005s] INFO:colcon.colcon_core.shell:Creating environment hook '/home/usamah/Documents/project/learnRos2/install/second_turn_camera_project/share/second_turn_camera_project/hook/cmake_prefix_path.sh'
[1.005s] Level 1:colcon.colcon_core.environment:checking '/home/usamah/Documents/project/learnRos2/install/second_turn_camera_project/bin'
[1.005s] Level 1:colcon.colcon_core.environment:checking '/home/usamah/Documents/project/learnRos2/install/second_turn_camera_project/lib/pkgconfig/second_turn_camera_project.pc'
[1.006s] Level 1:colcon.colcon_core.environment:checking '/home/usamah/Documents/project/learnRos2/install/second_turn_camera_project/lib/python3.10/site-packages'
[1.006s] Level 1:colcon.colcon_core.environment:checking '/home/usamah/Documents/project/learnRos2/install/second_turn_camera_project/bin'
[1.006s] INFO:colcon.colcon_core.shell:Creating package script '/home/usamah/Documents/project/learnRos2/install/second_turn_camera_project/share/second_turn_camera_project/package.ps1'
[1.007s] INFO:colcon.colcon_core.shell:Creating package descriptor '/home/usamah/Documents/project/learnRos2/install/second_turn_camera_project/share/second_turn_camera_project/package.dsv'
[1.007s] INFO:colcon.colcon_core.shell:Creating package script '/home/usamah/Documents/project/learnRos2/install/second_turn_camera_project/share/second_turn_camera_project/package.sh'
[1.008s] INFO:colcon.colcon_core.shell:Creating package script '/home/usamah/Documents/project/learnRos2/install/second_turn_camera_project/share/second_turn_camera_project/package.bash'
[1.008s] INFO:colcon.colcon_core.shell:Creating package script '/home/usamah/Documents/project/learnRos2/install/second_turn_camera_project/share/second_turn_camera_project/package.zsh'
[1.008s] Level 1:colcon.colcon_core.environment:create_file_with_runtime_dependencies(/home/usamah/Documents/project/learnRos2/install/second_turn_camera_project/share/colcon-core/packages/second_turn_camera_project)
[1.026s] Level 1:colcon.colcon_core.environment:create_environment_scripts_only(second_turn_camera_project)
[1.027s] Level 1:colcon.colcon_core.environment:checking '/home/usamah/Documents/project/learnRos2/install/second_turn_camera_project' for CMake module files
[1.027s] Level 1:colcon.colcon_core.environment:checking '/home/usamah/Documents/project/learnRos2/install/second_turn_camera_project' for CMake config files
[1.028s] Level 1:colcon.colcon_core.shell:create_environment_hook('second_turn_camera_project', 'cmake_prefix_path')
[1.028s] INFO:colcon.colcon_core.shell:Creating environment hook '/home/usamah/Documents/project/learnRos2/install/second_turn_camera_project/share/second_turn_camera_project/hook/cmake_prefix_path.ps1'
[1.028s] INFO:colcon.colcon_core.shell:Creating environment descriptor '/home/usamah/Documents/project/learnRos2/install/second_turn_camera_project/share/second_turn_camera_project/hook/cmake_prefix_path.dsv'
[1.028s] INFO:colcon.colcon_core.shell:Creating environment hook '/home/usamah/Documents/project/learnRos2/install/second_turn_camera_project/share/second_turn_camera_project/hook/cmake_prefix_path.sh'
[1.029s] Level 1:colcon.colcon_core.environment:checking '/home/usamah/Documents/project/learnRos2/install/second_turn_camera_project/bin'
[1.029s] Level 1:colcon.colcon_core.environment:checking '/home/usamah/Documents/project/learnRos2/install/second_turn_camera_project/lib/pkgconfig/second_turn_camera_project.pc'
[1.029s] Level 1:colcon.colcon_core.environment:checking '/home/usamah/Documents/project/learnRos2/install/second_turn_camera_project/lib/python3.10/site-packages'
[1.029s] Level 1:colcon.colcon_core.environment:checking '/home/usamah/Documents/project/learnRos2/install/second_turn_camera_project/bin'
[1.029s] INFO:colcon.colcon_core.shell:Creating package script '/home/usamah/Documents/project/learnRos2/install/second_turn_camera_project/share/second_turn_camera_project/package.ps1'
[1.030s] INFO:colcon.colcon_core.shell:Creating package descriptor '/home/usamah/Documents/project/learnRos2/install/second_turn_camera_project/share/second_turn_camera_project/package.dsv'
[1.030s] INFO:colcon.colcon_core.shell:Creating package script '/home/usamah/Documents/project/learnRos2/install/second_turn_camera_project/share/second_turn_camera_project/package.sh'
[1.031s] INFO:colcon.colcon_core.shell:Creating package script '/home/usamah/Documents/project/learnRos2/install/second_turn_camera_project/share/second_turn_camera_project/package.bash'
[1.031s] INFO:colcon.colcon_core.shell:Creating package script '/home/usamah/Documents/project/learnRos2/install/second_turn_camera_project/share/second_turn_camera_project/package.zsh'
[1.031s] Level 1:colcon.colcon_core.environment:create_file_with_runtime_dependencies(/home/usamah/Documents/project/learnRos2/install/second_turn_camera_project/share/colcon-core/packages/second_turn_camera_project)
[1.584s] DEBUG:colcon.colcon_core.event_handler.log_command:Invoked command in '/home/usamah/Documents/project/learnRos2/build/rpm_project' returned '0': CMAKE_PREFIX_PATH=${CMAKE_PREFIX_PATH}:/opt/ros/humble /usr/bin/cmake --build /home/usamah/Documents/project/learnRos2/build/rpm_project -- -j16 -l16
[1.643s] DEBUG:colcon.colcon_core.event_handler.log_command:Invoking command in '/home/usamah/Documents/project/learnRos2/build/rpm_project': CMAKE_PREFIX_PATH=${CMAKE_PREFIX_PATH}:/opt/ros/humble /usr/bin/cmake --install /home/usamah/Documents/project/learnRos2/build/rpm_project
[1.749s] Level 1:colcon.colcon_core.environment:create_environment_scripts_only(rpm_project)
[1.750s] Level 1:colcon.colcon_core.environment:checking '/home/usamah/Documents/project/learnRos2/install/rpm_project' for CMake module files
[1.750s] DEBUG:colcon.colcon_core.event_handler.log_command:Invoked command in '/home/usamah/Documents/project/learnRos2/build/rpm_project' returned '0': CMAKE_PREFIX_PATH=${CMAKE_PREFIX_PATH}:/opt/ros/humble /usr/bin/cmake --install /home/usamah/Documents/project/learnRos2/build/rpm_project
[1.751s] Level 1:colcon.colcon_core.environment:checking '/home/usamah/Documents/project/learnRos2/install/rpm_project' for CMake config files
[1.751s] Level 1:colcon.colcon_core.shell:create_environment_hook('rpm_project', 'cmake_prefix_path')
[1.751s] INFO:colcon.colcon_core.shell:Creating environment hook '/home/usamah/Documents/project/learnRos2/install/rpm_project/share/rpm_project/hook/cmake_prefix_path.ps1'
[1.752s] INFO:colcon.colcon_core.shell:Creating environment descriptor '/home/usamah/Documents/project/learnRos2/install/rpm_project/share/rpm_project/hook/cmake_prefix_path.dsv'
[1.752s] INFO:colcon.colcon_core.shell:Creating environment hook '/home/usamah/Documents/project/learnRos2/install/rpm_project/share/rpm_project/hook/cmake_prefix_path.sh'
[1.753s] Level 1:colcon.colcon_core.environment:checking '/home/usamah/Documents/project/learnRos2/install/rpm_project/lib'
[1.753s] Level 1:colcon.colcon_core.shell:create_environment_hook('rpm_project', 'ld_library_path_lib')
[1.753s] INFO:colcon.colcon_core.shell:Creating environment hook '/home/usamah/Documents/project/learnRos2/install/rpm_project/share/rpm_project/hook/ld_library_path_lib.ps1'
[1.753s] INFO:colcon.colcon_core.shell:Creating environment descriptor '/home/usamah/Documents/project/learnRos2/install/rpm_project/share/rpm_project/hook/ld_library_path_lib.dsv'
[1.753s] INFO:colcon.colcon_core.shell:Creating environment hook '/home/usamah/Documents/project/learnRos2/install/rpm_project/share/rpm_project/hook/ld_library_path_lib.sh'
[1.754s] Level 1:colcon.colcon_core.environment:checking '/home/usamah/Documents/project/learnRos2/install/rpm_project/bin'
[1.754s] Level 1:colcon.colcon_core.environment:checking '/home/usamah/Documents/project/learnRos2/install/rpm_project/lib/pkgconfig/rpm_project.pc'
[1.754s] Level 1:colcon.colcon_core.environment:checking '/home/usamah/Documents/project/learnRos2/install/rpm_project/lib/python3.10/site-packages'
[1.754s] Level 1:colcon.colcon_core.environment:checking '/home/usamah/Documents/project/learnRos2/install/rpm_project/bin'
[1.754s] INFO:colcon.colcon_core.shell:Creating package script '/home/usamah/Documents/project/learnRos2/install/rpm_project/share/rpm_project/package.ps1'
[1.755s] INFO:colcon.colcon_core.shell:Creating package descriptor '/home/usamah/Documents/project/learnRos2/install/rpm_project/share/rpm_project/package.dsv'
[1.755s] INFO:colcon.colcon_core.shell:Creating package script '/home/usamah/Documents/project/learnRos2/install/rpm_project/share/rpm_project/package.sh'
[1.756s] INFO:colcon.colcon_core.shell:Creating package script '/home/usamah/Documents/project/learnRos2/install/rpm_project/share/rpm_project/package.bash'
[1.756s] INFO:colcon.colcon_core.shell:Creating package script '/home/usamah/Documents/project/learnRos2/install/rpm_project/share/rpm_project/package.zsh'
[1.756s] Level 1:colcon.colcon_core.environment:create_file_with_runtime_dependencies(/home/usamah/Documents/project/learnRos2/install/rpm_project/share/colcon-core/packages/rpm_project)
[1.815s] Level 1:colcon.colcon_core.environment:create_environment_scripts_only(rpm_project)
[1.815s] Level 1:colcon.colcon_core.environment:checking '/home/usamah/Documents/project/learnRos2/install/rpm_project' for CMake module files
[1.816s] Level 1:colcon.colcon_core.environment:checking '/home/usamah/Documents/project/learnRos2/install/rpm_project' for CMake config files
[1.816s] Level 1:colcon.colcon_core.shell:create_environment_hook('rpm_project', 'cmake_prefix_path')
[1.817s] INFO:colcon.colcon_core.shell:Creating environment hook '/home/usamah/Documents/project/learnRos2/install/rpm_project/share/rpm_project/hook/cmake_prefix_path.ps1'
[1.817s] INFO:colcon.colcon_core.shell:Creating environment descriptor '/home/usamah/Documents/project/learnRos2/install/rpm_project/share/rpm_project/hook/cmake_prefix_path.dsv'
[1.817s] INFO:colcon.colcon_core.shell:Creating environment hook '/home/usamah/Documents/project/learnRos2/install/rpm_project/share/rpm_project/hook/cmake_prefix_path.sh'
[1.818s] Level 1:colcon.colcon_core.environment:checking '/home/usamah/Documents/project/learnRos2/install/rpm_project/lib'
[1.818s] Level 1:colcon.colcon_core.shell:create_environment_hook('rpm_project', 'ld_library_path_lib')
[1.818s] INFO:colcon.colcon_core.shell:Creating environment hook '/home/usamah/Documents/project/learnRos2/install/rpm_project/share/rpm_project/hook/ld_library_path_lib.ps1'
[1.818s] INFO:colcon.colcon_core.shell:Creating environment descriptor '/home/usamah/Documents/project/learnRos2/install/rpm_project/share/rpm_project/hook/ld_library_path_lib.dsv'
[1.819s] INFO:colcon.colcon_core.shell:Creating environment hook '/home/usamah/Documents/project/learnRos2/install/rpm_project/share/rpm_project/hook/ld_library_path_lib.sh'
[1.819s] Level 1:colcon.colcon_core.environment:checking '/home/usamah/Documents/project/learnRos2/install/rpm_project/bin'
[1.819s] Level 1:colcon.colcon_core.environment:checking '/home/usamah/Documents/project/learnRos2/install/rpm_project/lib/pkgconfig/rpm_project.pc'
[1.819s] Level 1:colcon.colcon_core.environment:checking '/home/usamah/Documents/project/learnRos2/install/rpm_project/lib/python3.10/site-packages'
[1.820s] Level 1:colcon.colcon_core.environment:checking '/home/usamah/Documents/project/learnRos2/install/rpm_project/bin'
[1.820s] INFO:colcon.colcon_core.shell:Creating package script '/home/usamah/Documents/project/learnRos2/install/rpm_project/share/rpm_project/package.ps1'
[1.820s] INFO:colcon.colcon_core.shell:Creating package descriptor '/home/usamah/Documents/project/learnRos2/install/rpm_project/share/rpm_project/package.dsv'
[1.821s] INFO:colcon.colcon_core.shell:Creating package script '/home/usamah/Documents/project/learnRos2/install/rpm_project/share/rpm_project/package.sh'
[1.821s] INFO:colcon.colcon_core.shell:Creating package script '/home/usamah/Documents/project/learnRos2/install/rpm_project/share/rpm_project/package.bash'
[1.821s] INFO:colcon.colcon_core.shell:Creating package script '/home/usamah/Documents/project/learnRos2/install/rpm_project/share/rpm_project/package.zsh'
[1.822s] Level 1:colcon.colcon_core.environment:create_file_with_runtime_dependencies(/home/usamah/Documents/project/learnRos2/install/rpm_project/share/colcon-core/packages/rpm_project)
[1.822s] DEBUG:colcon.colcon_parallel_executor.executor.parallel:closing loop
[1.822s] DEBUG:colcon.colcon_parallel_executor.executor.parallel:loop closed
[1.822s] DEBUG:colcon.colcon_parallel_executor.executor.parallel:run_until_complete finished with '0'
[1.822s] DEBUG:colcon.colcon_core.event_reactor:joining thread
[1.827s] INFO:colcon.colcon_core.plugin_system:Skipping extension 'colcon_notification.desktop_notification.notify_send': Could not find 'notify-send'
[1.827s] INFO:colcon.colcon_core.plugin_system:Skipping extension 'colcon_notification.desktop_notification.terminal_notifier': Not used on non-Darwin systems
[1.827s] INFO:colcon.colcon_core.plugin_system:Skipping extension 'colcon_notification.desktop_notification.win32': Not used on non-Windows systems
[1.827s] INFO:colcon.colcon_notification.desktop_notification:Sending desktop notification using 'notify2'
[1.838s] DEBUG:colcon.colcon_core.event_reactor:joined thread
[1.838s] INFO:colcon.colcon_core.shell:Creating prefix script '/home/usamah/Documents/project/learnRos2/install/local_setup.ps1'
[1.839s] INFO:colcon.colcon_core.shell:Creating prefix util module '/home/usamah/Documents/project/learnRos2/install/_local_setup_util_ps1.py'
[1.841s] INFO:colcon.colcon_core.shell:Creating prefix chain script '/home/usamah/Documents/project/learnRos2/install/setup.ps1'
[1.842s] INFO:colcon.colcon_core.shell:Creating prefix script '/home/usamah/Documents/project/learnRos2/install/local_setup.sh'
[1.843s] INFO:colcon.colcon_core.shell:Creating prefix util module '/home/usamah/Documents/project/learnRos2/install/_local_setup_util_sh.py'
[1.843s] INFO:colcon.colcon_core.shell:Creating prefix chain script '/home/usamah/Documents/project/learnRos2/install/setup.sh'
[1.845s] INFO:colcon.colcon_core.shell:Creating prefix script '/home/usamah/Documents/project/learnRos2/install/local_setup.bash'
[1.845s] INFO:colcon.colcon_core.shell:Creating prefix chain script '/home/usamah/Documents/project/learnRos2/install/setup.bash'
[1.847s] INFO:colcon.colcon_core.shell:Creating prefix script '/home/usamah/Documents/project/learnRos2/install/local_setup.zsh'
[1.848s] INFO:colcon.colcon_core.shell:Creating prefix chain script '/home/usamah/Documents/project/learnRos2/install/setup.zsh'
