[0.074s] DEBUG:colcon:Command line arguments: ['/usr/bin/colcon', 'build', '--symlink-install']
[0.074s] DEBUG:colcon:Parsed command line arguments: Namespace(log_base=None, log_level=None, verb_name='build', build_base='build', install_base='install', merge_install=False, symlink_install=True, test_result_base=None, continue_on_error=False, executor='parallel', parallel_workers=16, event_handlers=None, ignore_user_meta=False, metas=['./colcon.meta'], base_paths=['.'], packages_ignore=None, packages_ignore_regex=None, paths=None, packages_up_to=None, packages_up_to_regex=None, packages_above=None, packages_above_and_dependencies=None, packages_above_depth=None, packages_select_by_dep=None, packages_skip_by_dep=None, packages_skip_up_to=None, packages_select_build_failed=False, packages_skip_build_finished=False, packages_select_test_failures=False, packages_skip_test_passed=False, packages_select=None, packages_skip=None, packages_select_regex=None, packages_skip_regex=None, packages_start=None, packages_end=None, allow_overriding=[], cmake_args=None, cmake_target=None, cmake_target_skip_unavailable=False, cmake_clean_cache=False, cmake_clean_first=False, cmake_force_configure=False, ament_cmake_args=None, catkin_cmake_args=None, catkin_skip_building_tests=False, mixin_files=None, mixin=None, verb_parser=<colcon_mixin.mixin.mixin_argument.MixinArgumentDecorator object at 0x79699394f910>, verb_extension=<colcon_core.verb.build.BuildVerb object at 0x79699394ef80>, main=<bound method BuildVerb.main of <colcon_core.verb.build.BuildVerb object at 0x79699394ef80>>, mixin_verb=('build',))
[0.220s] Level 1:colcon.colcon_core.package_discovery:discover_packages(colcon_meta) check parameters
[0.220s] Level 1:colcon.colcon_core.package_discovery:discover_packages(recursive) check parameters
[0.220s] Level 1:colcon.colcon_core.package_discovery:discover_packages(ignore) check parameters
[0.220s] Level 1:colcon.colcon_core.package_discovery:discover_packages(path) check parameters
[0.220s] Level 1:colcon.colcon_core.package_discovery:discover_packages(colcon_meta) discover
[0.220s] Level 1:colcon.colcon_core.package_discovery:discover_packages(recursive) discover
[0.220s] INFO:colcon.colcon_core.package_discovery:Crawling recursively for packages in '/home/usamah/Documents/project/learnRos2'
[0.220s] Level 1:colcon.colcon_core.package_identification:_identify(.) by extensions ['ignore', 'ignore_ament_install']
[0.220s] Level 1:colcon.colcon_core.package_identification:_identify(.) by extension 'ignore'
[0.220s] Level 1:colcon.colcon_core.package_identification:_identify(.) by extension 'ignore_ament_install'
[0.220s] Level 1:colcon.colcon_core.package_identification:_identify(.) by extensions ['colcon_pkg']
[0.220s] Level 1:colcon.colcon_core.package_identification:_identify(.) by extension 'colcon_pkg'
[0.220s] Level 1:colcon.colcon_core.package_identification:_identify(.) by extensions ['colcon_meta']
[0.220s] Level 1:colcon.colcon_core.package_identification:_identify(.) by extension 'colcon_meta'
[0.220s] Level 1:colcon.colcon_core.package_identification:_identify(.) by extensions ['ros']
[0.220s] Level 1:colcon.colcon_core.package_identification:_identify(.) by extension 'ros'
[0.244s] Level 1:colcon.colcon_core.package_identification:_identify(.) by extensions ['cmake', 'python']
[0.244s] Level 1:colcon.colcon_core.package_identification:_identify(.) by extension 'cmake'
[0.244s] Level 1:colcon.colcon_core.package_identification:_identify(.) by extension 'python'
[0.244s] Level 1:colcon.colcon_core.package_identification:_identify(.) by extensions ['python_setup_py']
[0.244s] Level 1:colcon.colcon_core.package_identification:_identify(.) by extension 'python_setup_py'
[0.245s] Level 1:colcon.colcon_core.package_identification:_identify(01_udemy_publish_subscribe) by extensions ['ignore', 'ignore_ament_install']
[0.245s] Level 1:colcon.colcon_core.package_identification:_identify(01_udemy_publish_subscribe) by extension 'ignore'
[0.245s] Level 1:colcon.colcon_core.package_identification:_identify(01_udemy_publish_subscribe) by extension 'ignore_ament_install'
[0.245s] Level 1:colcon.colcon_core.package_identification:_identify(01_udemy_publish_subscribe) by extensions ['colcon_pkg']
[0.245s] Level 1:colcon.colcon_core.package_identification:_identify(01_udemy_publish_subscribe) by extension 'colcon_pkg'
[0.245s] Level 1:colcon.colcon_core.package_identification:_identify(01_udemy_publish_subscribe) by extensions ['colcon_meta']
[0.245s] Level 1:colcon.colcon_core.package_identification:_identify(01_udemy_publish_subscribe) by extension 'colcon_meta'
[0.245s] Level 1:colcon.colcon_core.package_identification:_identify(01_udemy_publish_subscribe) by extensions ['ros']
[0.245s] Level 1:colcon.colcon_core.package_identification:_identify(01_udemy_publish_subscribe) by extension 'ros'
[0.245s] Level 1:colcon.colcon_core.package_identification:_identify(01_udemy_publish_subscribe) by extensions ['cmake', 'python']
[0.245s] Level 1:colcon.colcon_core.package_identification:_identify(01_udemy_publish_subscribe) by extension 'cmake'
[0.245s] Level 1:colcon.colcon_core.package_identification:_identify(01_udemy_publish_subscribe) by extension 'python'
[0.245s] Level 1:colcon.colcon_core.package_identification:_identify(01_udemy_publish_subscribe) by extensions ['python_setup_py']
[0.245s] Level 1:colcon.colcon_core.package_identification:_identify(01_udemy_publish_subscribe) by extension 'python_setup_py'
[0.245s] Level 1:colcon.colcon_core.package_identification:_identify(01_udemy_publish_subscribe/src) by extensions ['ignore', 'ignore_ament_install']
[0.245s] Level 1:colcon.colcon_core.package_identification:_identify(01_udemy_publish_subscribe/src) by extension 'ignore'
[0.245s] Level 1:colcon.colcon_core.package_identification:_identify(01_udemy_publish_subscribe/src) by extension 'ignore_ament_install'
[0.245s] Level 1:colcon.colcon_core.package_identification:_identify(01_udemy_publish_subscribe/src) by extensions ['colcon_pkg']
[0.245s] Level 1:colcon.colcon_core.package_identification:_identify(01_udemy_publish_subscribe/src) by extension 'colcon_pkg'
[0.245s] Level 1:colcon.colcon_core.package_identification:_identify(01_udemy_publish_subscribe/src) by extensions ['colcon_meta']
[0.245s] Level 1:colcon.colcon_core.package_identification:_identify(01_udemy_publish_subscribe/src) by extension 'colcon_meta'
[0.245s] Level 1:colcon.colcon_core.package_identification:_identify(01_udemy_publish_subscribe/src) by extensions ['ros']
[0.245s] Level 1:colcon.colcon_core.package_identification:_identify(01_udemy_publish_subscribe/src) by extension 'ros'
[0.245s] Level 1:colcon.colcon_core.package_identification:_identify(01_udemy_publish_subscribe/src) by extensions ['cmake', 'python']
[0.245s] Level 1:colcon.colcon_core.package_identification:_identify(01_udemy_publish_subscribe/src) by extension 'cmake'
[0.245s] Level 1:colcon.colcon_core.package_identification:_identify(01_udemy_publish_subscribe/src) by extension 'python'
[0.245s] Level 1:colcon.colcon_core.package_identification:_identify(01_udemy_publish_subscribe/src) by extensions ['python_setup_py']
[0.245s] Level 1:colcon.colcon_core.package_identification:_identify(01_udemy_publish_subscribe/src) by extension 'python_setup_py'
[0.245s] Level 1:colcon.colcon_core.package_identification:_identify(01_udemy_publish_subscribe/src/udemy_ros2_pkg) by extensions ['ignore', 'ignore_ament_install']
[0.246s] Level 1:colcon.colcon_core.package_identification:_identify(01_udemy_publish_subscribe/src/udemy_ros2_pkg) by extension 'ignore'
[0.246s] Level 1:colcon.colcon_core.package_identification:_identify(01_udemy_publish_subscribe/src/udemy_ros2_pkg) by extension 'ignore_ament_install'
[0.246s] Level 1:colcon.colcon_core.package_identification:_identify(01_udemy_publish_subscribe/src/udemy_ros2_pkg) by extensions ['colcon_pkg']
[0.246s] Level 1:colcon.colcon_core.package_identification:_identify(01_udemy_publish_subscribe/src/udemy_ros2_pkg) by extension 'colcon_pkg'
[0.246s] Level 1:colcon.colcon_core.package_identification:_identify(01_udemy_publish_subscribe/src/udemy_ros2_pkg) by extensions ['colcon_meta']
[0.246s] Level 1:colcon.colcon_core.package_identification:_identify(01_udemy_publish_subscribe/src/udemy_ros2_pkg) by extension 'colcon_meta'
[0.246s] Level 1:colcon.colcon_core.package_identification:_identify(01_udemy_publish_subscribe/src/udemy_ros2_pkg) by extensions ['ros']
[0.246s] Level 1:colcon.colcon_core.package_identification:_identify(01_udemy_publish_subscribe/src/udemy_ros2_pkg) by extension 'ros'
[0.248s] DEBUG:colcon.colcon_core.package_identification:Package '01_udemy_publish_subscribe/src/udemy_ros2_pkg' with type 'ros.ament_cmake' and name 'udemy_ros2_pkg'
[0.248s] Level 1:colcon.colcon_core.package_identification:_identify(02_udemy_project) by extensions ['ignore', 'ignore_ament_install']
[0.248s] Level 1:colcon.colcon_core.package_identification:_identify(02_udemy_project) by extension 'ignore'
[0.248s] Level 1:colcon.colcon_core.package_identification:_identify(02_udemy_project) by extension 'ignore_ament_install'
[0.248s] Level 1:colcon.colcon_core.package_identification:_identify(02_udemy_project) by extensions ['colcon_pkg']
[0.248s] Level 1:colcon.colcon_core.package_identification:_identify(02_udemy_project) by extension 'colcon_pkg'
[0.248s] Level 1:colcon.colcon_core.package_identification:_identify(02_udemy_project) by extensions ['colcon_meta']
[0.248s] Level 1:colcon.colcon_core.package_identification:_identify(02_udemy_project) by extension 'colcon_meta'
[0.248s] Level 1:colcon.colcon_core.package_identification:_identify(02_udemy_project) by extensions ['ros']
[0.248s] Level 1:colcon.colcon_core.package_identification:_identify(02_udemy_project) by extension 'ros'
[0.248s] Level 1:colcon.colcon_core.package_identification:_identify(02_udemy_project) by extensions ['cmake', 'python']
[0.248s] Level 1:colcon.colcon_core.package_identification:_identify(02_udemy_project) by extension 'cmake'
[0.248s] Level 1:colcon.colcon_core.package_identification:_identify(02_udemy_project) by extension 'python'
[0.248s] Level 1:colcon.colcon_core.package_identification:_identify(02_udemy_project) by extensions ['python_setup_py']
[0.248s] Level 1:colcon.colcon_core.package_identification:_identify(02_udemy_project) by extension 'python_setup_py'
[0.248s] Level 1:colcon.colcon_core.package_identification:_identify(02_udemy_project/src) by extensions ['ignore', 'ignore_ament_install']
[0.248s] Level 1:colcon.colcon_core.package_identification:_identify(02_udemy_project/src) by extension 'ignore'
[0.248s] Level 1:colcon.colcon_core.package_identification:_identify(02_udemy_project/src) by extension 'ignore_ament_install'
[0.248s] Level 1:colcon.colcon_core.package_identification:_identify(02_udemy_project/src) by extensions ['colcon_pkg']
[0.248s] Level 1:colcon.colcon_core.package_identification:_identify(02_udemy_project/src) by extension 'colcon_pkg'
[0.248s] Level 1:colcon.colcon_core.package_identification:_identify(02_udemy_project/src) by extensions ['colcon_meta']
[0.248s] Level 1:colcon.colcon_core.package_identification:_identify(02_udemy_project/src) by extension 'colcon_meta'
[0.248s] Level 1:colcon.colcon_core.package_identification:_identify(02_udemy_project/src) by extensions ['ros']
[0.248s] Level 1:colcon.colcon_core.package_identification:_identify(02_udemy_project/src) by extension 'ros'
[0.248s] Level 1:colcon.colcon_core.package_identification:_identify(02_udemy_project/src) by extensions ['cmake', 'python']
[0.249s] Level 1:colcon.colcon_core.package_identification:_identify(02_udemy_project/src) by extension 'cmake'
[0.249s] Level 1:colcon.colcon_core.package_identification:_identify(02_udemy_project/src) by extension 'python'
[0.249s] Level 1:colcon.colcon_core.package_identification:_identify(02_udemy_project/src) by extensions ['python_setup_py']
[0.249s] Level 1:colcon.colcon_core.package_identification:_identify(02_udemy_project/src) by extension 'python_setup_py'
[0.249s] Level 1:colcon.colcon_core.package_identification:_identify(02_udemy_project/src/rpm_project) by extensions ['ignore', 'ignore_ament_install']
[0.249s] Level 1:colcon.colcon_core.package_identification:_identify(02_udemy_project/src/rpm_project) by extension 'ignore'
[0.249s] Level 1:colcon.colcon_core.package_identification:_identify(02_udemy_project/src/rpm_project) by extension 'ignore_ament_install'
[0.249s] Level 1:colcon.colcon_core.package_identification:_identify(02_udemy_project/src/rpm_project) by extensions ['colcon_pkg']
[0.249s] Level 1:colcon.colcon_core.package_identification:_identify(02_udemy_project/src/rpm_project) by extension 'colcon_pkg'
[0.249s] Level 1:colcon.colcon_core.package_identification:_identify(02_udemy_project/src/rpm_project) by extensions ['colcon_meta']
[0.249s] Level 1:colcon.colcon_core.package_identification:_identify(02_udemy_project/src/rpm_project) by extension 'colcon_meta'
[0.249s] Level 1:colcon.colcon_core.package_identification:_identify(02_udemy_project/src/rpm_project) by extensions ['ros']
[0.249s] Level 1:colcon.colcon_core.package_identification:_identify(02_udemy_project/src/rpm_project) by extension 'ros'
[0.249s] DEBUG:colcon.colcon_core.package_identification:Package '02_udemy_project/src/rpm_project' with type 'ros.ament_cmake' and name 'rpm_project'
[0.250s] Level 1:colcon.colcon_core.package_identification:_identify(build) by extensions ['ignore', 'ignore_ament_install']
[0.250s] Level 1:colcon.colcon_core.package_identification:_identify(build) by extension 'ignore'
[0.250s] Level 1:colcon.colcon_core.package_identification:_identify(build) ignored
[0.250s] Level 1:colcon.colcon_core.package_identification:_identify(install) by extensions ['ignore', 'ignore_ament_install']
[0.250s] Level 1:colcon.colcon_core.package_identification:_identify(install) by extension 'ignore'
[0.250s] Level 1:colcon.colcon_core.package_identification:_identify(install) ignored
[0.250s] Level 1:colcon.colcon_core.package_identification:_identify(log) by extensions ['ignore', 'ignore_ament_install']
[0.250s] Level 1:colcon.colcon_core.package_identification:_identify(log) by extension 'ignore'
[0.250s] Level 1:colcon.colcon_core.package_identification:_identify(log) ignored
[0.250s] Level 1:colcon.colcon_core.package_discovery:discover_packages(recursive) using defaults
[0.250s] Level 1:colcon.colcon_core.package_discovery:discover_packages(ignore) discover
[0.250s] Level 1:colcon.colcon_core.package_discovery:discover_packages(ignore) using defaults
[0.250s] Level 1:colcon.colcon_core.package_discovery:discover_packages(path) discover
[0.250s] Level 1:colcon.colcon_core.package_discovery:discover_packages(path) using defaults
[0.264s] Level 1:colcon.colcon_core.package_discovery:discover_packages(prefix_path) check parameters
[0.264s] Level 1:colcon.colcon_core.package_discovery:discover_packages(prefix_path) discover
[0.265s] DEBUG:colcon.colcon_installed_package_information.package_discovery:Found 2 installed packages in /home/usamah/Documents/project/learnRos2/install
[0.266s] DEBUG:colcon.colcon_installed_package_information.package_discovery:Found 397 installed packages in /opt/ros/humble
[0.268s] Level 1:colcon.colcon_core.package_discovery:discover_packages(prefix_path) using defaults
[0.305s] Level 5:colcon.colcon_core.verb:set package 'rpm_project' build argument 'cmake_args' from command line to 'None'
[0.305s] Level 5:colcon.colcon_core.verb:set package 'rpm_project' build argument 'cmake_target' from command line to 'None'
[0.305s] Level 5:colcon.colcon_core.verb:set package 'rpm_project' build argument 'cmake_target_skip_unavailable' from command line to 'False'
[0.305s] Level 5:colcon.colcon_core.verb:set package 'rpm_project' build argument 'cmake_clean_cache' from command line to 'False'
[0.305s] Level 5:colcon.colcon_core.verb:set package 'rpm_project' build argument 'cmake_clean_first' from command line to 'False'
[0.305s] Level 5:colcon.colcon_core.verb:set package 'rpm_project' build argument 'cmake_force_configure' from command line to 'False'
[0.305s] Level 5:colcon.colcon_core.verb:set package 'rpm_project' build argument 'ament_cmake_args' from command line to 'None'
[0.305s] Level 5:colcon.colcon_core.verb:set package 'rpm_project' build argument 'catkin_cmake_args' from command line to 'None'
[0.305s] Level 5:colcon.colcon_core.verb:set package 'rpm_project' build argument 'catkin_skip_building_tests' from command line to 'False'
[0.305s] DEBUG:colcon.colcon_core.verb:Building package 'rpm_project' with the following arguments: {'ament_cmake_args': None, 'build_base': '/home/usamah/Documents/project/learnRos2/build/rpm_project', 'catkin_cmake_args': None, 'catkin_skip_building_tests': False, 'cmake_args': None, 'cmake_clean_cache': False, 'cmake_clean_first': False, 'cmake_force_configure': False, 'cmake_target': None, 'cmake_target_skip_unavailable': False, 'install_base': '/home/usamah/Documents/project/learnRos2/install/rpm_project', 'merge_install': False, 'path': '/home/usamah/Documents/project/learnRos2/02_udemy_project/src/rpm_project', 'symlink_install': True, 'test_result_base': None}
[0.305s] Level 5:colcon.colcon_core.verb:set package 'udemy_ros2_pkg' build argument 'cmake_args' from command line to 'None'
[0.305s] Level 5:colcon.colcon_core.verb:set package 'udemy_ros2_pkg' build argument 'cmake_target' from command line to 'None'
[0.305s] Level 5:colcon.colcon_core.verb:set package 'udemy_ros2_pkg' build argument 'cmake_target_skip_unavailable' from command line to 'False'
[0.305s] Level 5:colcon.colcon_core.verb:set package 'udemy_ros2_pkg' build argument 'cmake_clean_cache' from command line to 'False'
[0.305s] Level 5:colcon.colcon_core.verb:set package 'udemy_ros2_pkg' build argument 'cmake_clean_first' from command line to 'False'
[0.306s] Level 5:colcon.colcon_core.verb:set package 'udemy_ros2_pkg' build argument 'cmake_force_configure' from command line to 'False'
[0.306s] Level 5:colcon.colcon_core.verb:set package 'udemy_ros2_pkg' build argument 'ament_cmake_args' from command line to 'None'
[0.306s] Level 5:colcon.colcon_core.verb:set package 'udemy_ros2_pkg' build argument 'catkin_cmake_args' from command line to 'None'
[0.306s] Level 5:colcon.colcon_core.verb:set package 'udemy_ros2_pkg' build argument 'catkin_skip_building_tests' from command line to 'False'
[0.306s] DEBUG:colcon.colcon_core.verb:Building package 'udemy_ros2_pkg' with the following arguments: {'ament_cmake_args': None, 'build_base': '/home/usamah/Documents/project/learnRos2/build/udemy_ros2_pkg', 'catkin_cmake_args': None, 'catkin_skip_building_tests': False, 'cmake_args': None, 'cmake_clean_cache': False, 'cmake_clean_first': False, 'cmake_force_configure': False, 'cmake_target': None, 'cmake_target_skip_unavailable': False, 'install_base': '/home/usamah/Documents/project/learnRos2/install/udemy_ros2_pkg', 'merge_install': False, 'path': '/home/usamah/Documents/project/learnRos2/01_udemy_publish_subscribe/src/udemy_ros2_pkg', 'symlink_install': True, 'test_result_base': None}
[0.306s] INFO:colcon.colcon_core.executor:Executing jobs using 'parallel' executor
[0.307s] DEBUG:colcon.colcon_parallel_executor.executor.parallel:run_until_complete
[0.307s] INFO:colcon.colcon_ros.task.ament_cmake.build:Building ROS package in '/home/usamah/Documents/project/learnRos2/02_udemy_project/src/rpm_project' with build type 'ament_cmake'
[0.307s] INFO:colcon.colcon_cmake.task.cmake.build:Building CMake package in '/home/usamah/Documents/project/learnRos2/02_udemy_project/src/rpm_project'
[0.308s] INFO:colcon.colcon_core.plugin_system:Skipping extension 'colcon_core.shell.bat': Not used on non-Windows systems
[0.308s] INFO:colcon.colcon_core.shell:Skip shell extension 'powershell' for command environment: Not usable outside of PowerShell
[0.308s] DEBUG:colcon.colcon_core.shell:Skip shell extension 'dsv' for command environment
[0.311s] INFO:colcon.colcon_ros.task.ament_cmake.build:Building ROS package in '/home/usamah/Documents/project/learnRos2/01_udemy_publish_subscribe/src/udemy_ros2_pkg' with build type 'ament_cmake'
[0.311s] INFO:colcon.colcon_cmake.task.cmake.build:Building CMake package in '/home/usamah/Documents/project/learnRos2/01_udemy_publish_subscribe/src/udemy_ros2_pkg'
[0.312s] INFO:colcon.colcon_core.shell:Skip shell extension 'powershell' for command environment: Not usable outside of PowerShell
[0.312s] DEBUG:colcon.colcon_core.shell:Skip shell extension 'dsv' for command environment
[0.317s] DEBUG:colcon.colcon_core.event_handler.log_command:Invoking command in '/home/usamah/Documents/project/learnRos2/build/rpm_project': CMAKE_PREFIX_PATH=${CMAKE_PREFIX_PATH}:/opt/ros/humble /usr/bin/cmake --build /home/usamah/Documents/project/learnRos2/build/rpm_project -- -j16 -l16
[0.320s] DEBUG:colcon.colcon_core.event_handler.log_command:Invoking command in '/home/usamah/Documents/project/learnRos2/build/udemy_ros2_pkg': CMAKE_PREFIX_PATH=${CMAKE_PREFIX_PATH}:/opt/ros/humble /usr/bin/cmake --build /home/usamah/Documents/project/learnRos2/build/udemy_ros2_pkg -- -j16 -l16
[0.576s] DEBUG:colcon.colcon_core.event_handler.log_command:Invoked command in '/home/usamah/Documents/project/learnRos2/build/udemy_ros2_pkg' returned '0': CMAKE_PREFIX_PATH=${CMAKE_PREFIX_PATH}:/opt/ros/humble /usr/bin/cmake --build /home/usamah/Documents/project/learnRos2/build/udemy_ros2_pkg -- -j16 -l16
[0.598s] DEBUG:colcon.colcon_core.event_handler.log_command:Invoking command in '/home/usamah/Documents/project/learnRos2/build/udemy_ros2_pkg': CMAKE_PREFIX_PATH=${CMAKE_PREFIX_PATH}:/opt/ros/humble /usr/bin/cmake --install /home/usamah/Documents/project/learnRos2/build/udemy_ros2_pkg
[0.642s] Level 1:colcon.colcon_core.environment:create_environment_scripts_only(udemy_ros2_pkg)
[0.642s] DEBUG:colcon.colcon_core.event_handler.log_command:Invoked command in '/home/usamah/Documents/project/learnRos2/build/udemy_ros2_pkg' returned '0': CMAKE_PREFIX_PATH=${CMAKE_PREFIX_PATH}:/opt/ros/humble /usr/bin/cmake --install /home/usamah/Documents/project/learnRos2/build/udemy_ros2_pkg
[0.644s] Level 1:colcon.colcon_core.environment:checking '/home/usamah/Documents/project/learnRos2/install/udemy_ros2_pkg' for CMake module files
[0.645s] Level 1:colcon.colcon_core.environment:checking '/home/usamah/Documents/project/learnRos2/install/udemy_ros2_pkg' for CMake config files
[0.645s] Level 1:colcon.colcon_core.shell:create_environment_hook('udemy_ros2_pkg', 'cmake_prefix_path')
[0.645s] INFO:colcon.colcon_core.shell:Creating environment hook '/home/usamah/Documents/project/learnRos2/install/udemy_ros2_pkg/share/udemy_ros2_pkg/hook/cmake_prefix_path.ps1'
[0.646s] INFO:colcon.colcon_core.shell:Creating environment descriptor '/home/usamah/Documents/project/learnRos2/install/udemy_ros2_pkg/share/udemy_ros2_pkg/hook/cmake_prefix_path.dsv'
[0.646s] INFO:colcon.colcon_core.shell:Creating environment hook '/home/usamah/Documents/project/learnRos2/install/udemy_ros2_pkg/share/udemy_ros2_pkg/hook/cmake_prefix_path.sh'
[0.647s] Level 1:colcon.colcon_core.environment:checking '/home/usamah/Documents/project/learnRos2/install/udemy_ros2_pkg/lib'
[0.647s] Level 1:colcon.colcon_core.environment:checking '/home/usamah/Documents/project/learnRos2/install/udemy_ros2_pkg/bin'
[0.647s] Level 1:colcon.colcon_core.environment:checking '/home/usamah/Documents/project/learnRos2/install/udemy_ros2_pkg/lib/pkgconfig/udemy_ros2_pkg.pc'
[0.648s] Level 1:colcon.colcon_core.environment:checking '/home/usamah/Documents/project/learnRos2/install/udemy_ros2_pkg/lib/python3.10/site-packages'
[0.648s] Level 1:colcon.colcon_core.environment:checking '/home/usamah/Documents/project/learnRos2/install/udemy_ros2_pkg/bin'
[0.648s] INFO:colcon.colcon_core.shell:Creating package script '/home/usamah/Documents/project/learnRos2/install/udemy_ros2_pkg/share/udemy_ros2_pkg/package.ps1'
[0.649s] INFO:colcon.colcon_core.shell:Creating package descriptor '/home/usamah/Documents/project/learnRos2/install/udemy_ros2_pkg/share/udemy_ros2_pkg/package.dsv'
[0.649s] INFO:colcon.colcon_core.shell:Creating package script '/home/usamah/Documents/project/learnRos2/install/udemy_ros2_pkg/share/udemy_ros2_pkg/package.sh'
[0.650s] INFO:colcon.colcon_core.shell:Creating package script '/home/usamah/Documents/project/learnRos2/install/udemy_ros2_pkg/share/udemy_ros2_pkg/package.bash'
[0.651s] INFO:colcon.colcon_core.shell:Creating package script '/home/usamah/Documents/project/learnRos2/install/udemy_ros2_pkg/share/udemy_ros2_pkg/package.zsh'
[0.651s] Level 1:colcon.colcon_core.environment:create_file_with_runtime_dependencies(/home/usamah/Documents/project/learnRos2/install/udemy_ros2_pkg/share/colcon-core/packages/udemy_ros2_pkg)
[0.676s] Level 1:colcon.colcon_core.environment:create_environment_scripts_only(udemy_ros2_pkg)
[0.676s] Level 1:colcon.colcon_core.environment:checking '/home/usamah/Documents/project/learnRos2/install/udemy_ros2_pkg' for CMake module files
[0.677s] Level 1:colcon.colcon_core.environment:checking '/home/usamah/Documents/project/learnRos2/install/udemy_ros2_pkg' for CMake config files
[0.677s] Level 1:colcon.colcon_core.shell:create_environment_hook('udemy_ros2_pkg', 'cmake_prefix_path')
[0.678s] INFO:colcon.colcon_core.shell:Creating environment hook '/home/usamah/Documents/project/learnRos2/install/udemy_ros2_pkg/share/udemy_ros2_pkg/hook/cmake_prefix_path.ps1'
[0.678s] INFO:colcon.colcon_core.shell:Creating environment descriptor '/home/usamah/Documents/project/learnRos2/install/udemy_ros2_pkg/share/udemy_ros2_pkg/hook/cmake_prefix_path.dsv'
[0.678s] INFO:colcon.colcon_core.shell:Creating environment hook '/home/usamah/Documents/project/learnRos2/install/udemy_ros2_pkg/share/udemy_ros2_pkg/hook/cmake_prefix_path.sh'
[0.679s] Level 1:colcon.colcon_core.environment:checking '/home/usamah/Documents/project/learnRos2/install/udemy_ros2_pkg/lib'
[0.679s] Level 1:colcon.colcon_core.environment:checking '/home/usamah/Documents/project/learnRos2/install/udemy_ros2_pkg/bin'
[0.679s] Level 1:colcon.colcon_core.environment:checking '/home/usamah/Documents/project/learnRos2/install/udemy_ros2_pkg/lib/pkgconfig/udemy_ros2_pkg.pc'
[0.679s] Level 1:colcon.colcon_core.environment:checking '/home/usamah/Documents/project/learnRos2/install/udemy_ros2_pkg/lib/python3.10/site-packages'
[0.680s] Level 1:colcon.colcon_core.environment:checking '/home/usamah/Documents/project/learnRos2/install/udemy_ros2_pkg/bin'
[0.680s] INFO:colcon.colcon_core.shell:Creating package script '/home/usamah/Documents/project/learnRos2/install/udemy_ros2_pkg/share/udemy_ros2_pkg/package.ps1'
[0.680s] INFO:colcon.colcon_core.shell:Creating package descriptor '/home/usamah/Documents/project/learnRos2/install/udemy_ros2_pkg/share/udemy_ros2_pkg/package.dsv'
[0.681s] INFO:colcon.colcon_core.shell:Creating package script '/home/usamah/Documents/project/learnRos2/install/udemy_ros2_pkg/share/udemy_ros2_pkg/package.sh'
[0.681s] INFO:colcon.colcon_core.shell:Creating package script '/home/usamah/Documents/project/learnRos2/install/udemy_ros2_pkg/share/udemy_ros2_pkg/package.bash'
[0.682s] INFO:colcon.colcon_core.shell:Creating package script '/home/usamah/Documents/project/learnRos2/install/udemy_ros2_pkg/share/udemy_ros2_pkg/package.zsh'
[0.682s] Level 1:colcon.colcon_core.environment:create_file_with_runtime_dependencies(/home/usamah/Documents/project/learnRos2/install/udemy_ros2_pkg/share/colcon-core/packages/udemy_ros2_pkg)
[1.597s] DEBUG:colcon.colcon_core.event_handler.log_command:Invoked command in '/home/usamah/Documents/project/learnRos2/build/rpm_project' returned '0': CMAKE_PREFIX_PATH=${CMAKE_PREFIX_PATH}:/opt/ros/humble /usr/bin/cmake --build /home/usamah/Documents/project/learnRos2/build/rpm_project -- -j16 -l16
[1.660s] DEBUG:colcon.colcon_core.event_handler.log_command:Invoking command in '/home/usamah/Documents/project/learnRos2/build/rpm_project': CMAKE_PREFIX_PATH=${CMAKE_PREFIX_PATH}:/opt/ros/humble /usr/bin/cmake --install /home/usamah/Documents/project/learnRos2/build/rpm_project
[1.806s] Level 1:colcon.colcon_core.environment:create_environment_scripts_only(rpm_project)
[1.806s] Level 1:colcon.colcon_core.environment:checking '/home/usamah/Documents/project/learnRos2/install/rpm_project' for CMake module files
[1.807s] DEBUG:colcon.colcon_core.event_handler.log_command:Invoked command in '/home/usamah/Documents/project/learnRos2/build/rpm_project' returned '0': CMAKE_PREFIX_PATH=${CMAKE_PREFIX_PATH}:/opt/ros/humble /usr/bin/cmake --install /home/usamah/Documents/project/learnRos2/build/rpm_project
[1.807s] Level 1:colcon.colcon_core.environment:checking '/home/usamah/Documents/project/learnRos2/install/rpm_project' for CMake config files
[1.808s] Level 1:colcon.colcon_core.shell:create_environment_hook('rpm_project', 'cmake_prefix_path')
[1.808s] INFO:colcon.colcon_core.shell:Creating environment hook '/home/usamah/Documents/project/learnRos2/install/rpm_project/share/rpm_project/hook/cmake_prefix_path.ps1'
[1.809s] INFO:colcon.colcon_core.shell:Creating environment descriptor '/home/usamah/Documents/project/learnRos2/install/rpm_project/share/rpm_project/hook/cmake_prefix_path.dsv'
[1.809s] INFO:colcon.colcon_core.shell:Creating environment hook '/home/usamah/Documents/project/learnRos2/install/rpm_project/share/rpm_project/hook/cmake_prefix_path.sh'
[1.809s] Level 1:colcon.colcon_core.environment:checking '/home/usamah/Documents/project/learnRos2/install/rpm_project/lib'
[1.809s] Level 1:colcon.colcon_core.shell:create_environment_hook('rpm_project', 'ld_library_path_lib')
[1.810s] INFO:colcon.colcon_core.shell:Creating environment hook '/home/usamah/Documents/project/learnRos2/install/rpm_project/share/rpm_project/hook/ld_library_path_lib.ps1'
[1.810s] INFO:colcon.colcon_core.shell:Creating environment descriptor '/home/usamah/Documents/project/learnRos2/install/rpm_project/share/rpm_project/hook/ld_library_path_lib.dsv'
[1.810s] INFO:colcon.colcon_core.shell:Creating environment hook '/home/usamah/Documents/project/learnRos2/install/rpm_project/share/rpm_project/hook/ld_library_path_lib.sh'
[1.811s] Level 1:colcon.colcon_core.environment:checking '/home/usamah/Documents/project/learnRos2/install/rpm_project/bin'
[1.811s] Level 1:colcon.colcon_core.environment:checking '/home/usamah/Documents/project/learnRos2/install/rpm_project/lib/pkgconfig/rpm_project.pc'
[1.811s] Level 1:colcon.colcon_core.environment:checking '/home/usamah/Documents/project/learnRos2/install/rpm_project/lib/python3.10/site-packages'
[1.811s] Level 1:colcon.colcon_core.environment:checking '/home/usamah/Documents/project/learnRos2/install/rpm_project/bin'
[1.811s] INFO:colcon.colcon_core.shell:Creating package script '/home/usamah/Documents/project/learnRos2/install/rpm_project/share/rpm_project/package.ps1'
[1.812s] INFO:colcon.colcon_core.shell:Creating package descriptor '/home/usamah/Documents/project/learnRos2/install/rpm_project/share/rpm_project/package.dsv'
[1.812s] INFO:colcon.colcon_core.shell:Creating package script '/home/usamah/Documents/project/learnRos2/install/rpm_project/share/rpm_project/package.sh'
[1.813s] INFO:colcon.colcon_core.shell:Creating package script '/home/usamah/Documents/project/learnRos2/install/rpm_project/share/rpm_project/package.bash'
[1.813s] INFO:colcon.colcon_core.shell:Creating package script '/home/usamah/Documents/project/learnRos2/install/rpm_project/share/rpm_project/package.zsh'
[1.814s] Level 1:colcon.colcon_core.environment:create_file_with_runtime_dependencies(/home/usamah/Documents/project/learnRos2/install/rpm_project/share/colcon-core/packages/rpm_project)
[1.878s] Level 1:colcon.colcon_core.environment:create_environment_scripts_only(rpm_project)
[1.879s] Level 1:colcon.colcon_core.environment:checking '/home/usamah/Documents/project/learnRos2/install/rpm_project' for CMake module files
[1.879s] Level 1:colcon.colcon_core.environment:checking '/home/usamah/Documents/project/learnRos2/install/rpm_project' for CMake config files
[1.880s] Level 1:colcon.colcon_core.shell:create_environment_hook('rpm_project', 'cmake_prefix_path')
[1.880s] INFO:colcon.colcon_core.shell:Creating environment hook '/home/usamah/Documents/project/learnRos2/install/rpm_project/share/rpm_project/hook/cmake_prefix_path.ps1'
[1.880s] INFO:colcon.colcon_core.shell:Creating environment descriptor '/home/usamah/Documents/project/learnRos2/install/rpm_project/share/rpm_project/hook/cmake_prefix_path.dsv'
[1.881s] INFO:colcon.colcon_core.shell:Creating environment hook '/home/usamah/Documents/project/learnRos2/install/rpm_project/share/rpm_project/hook/cmake_prefix_path.sh'
[1.881s] Level 1:colcon.colcon_core.environment:checking '/home/usamah/Documents/project/learnRos2/install/rpm_project/lib'
[1.881s] Level 1:colcon.colcon_core.shell:create_environment_hook('rpm_project', 'ld_library_path_lib')
[1.882s] INFO:colcon.colcon_core.shell:Creating environment hook '/home/usamah/Documents/project/learnRos2/install/rpm_project/share/rpm_project/hook/ld_library_path_lib.ps1'
[1.882s] INFO:colcon.colcon_core.shell:Creating environment descriptor '/home/usamah/Documents/project/learnRos2/install/rpm_project/share/rpm_project/hook/ld_library_path_lib.dsv'
[1.882s] INFO:colcon.colcon_core.shell:Creating environment hook '/home/usamah/Documents/project/learnRos2/install/rpm_project/share/rpm_project/hook/ld_library_path_lib.sh'
[1.883s] Level 1:colcon.colcon_core.environment:checking '/home/usamah/Documents/project/learnRos2/install/rpm_project/bin'
[1.883s] Level 1:colcon.colcon_core.environment:checking '/home/usamah/Documents/project/learnRos2/install/rpm_project/lib/pkgconfig/rpm_project.pc'
[1.883s] Level 1:colcon.colcon_core.environment:checking '/home/usamah/Documents/project/learnRos2/install/rpm_project/lib/python3.10/site-packages'
[1.883s] Level 1:colcon.colcon_core.environment:checking '/home/usamah/Documents/project/learnRos2/install/rpm_project/bin'
[1.883s] INFO:colcon.colcon_core.shell:Creating package script '/home/usamah/Documents/project/learnRos2/install/rpm_project/share/rpm_project/package.ps1'
[1.884s] INFO:colcon.colcon_core.shell:Creating package descriptor '/home/usamah/Documents/project/learnRos2/install/rpm_project/share/rpm_project/package.dsv'
[1.884s] INFO:colcon.colcon_core.shell:Creating package script '/home/usamah/Documents/project/learnRos2/install/rpm_project/share/rpm_project/package.sh'
[1.885s] INFO:colcon.colcon_core.shell:Creating package script '/home/usamah/Documents/project/learnRos2/install/rpm_project/share/rpm_project/package.bash'
[1.885s] INFO:colcon.colcon_core.shell:Creating package script '/home/usamah/Documents/project/learnRos2/install/rpm_project/share/rpm_project/package.zsh'
[1.885s] Level 1:colcon.colcon_core.environment:create_file_with_runtime_dependencies(/home/usamah/Documents/project/learnRos2/install/rpm_project/share/colcon-core/packages/rpm_project)
[1.886s] DEBUG:colcon.colcon_parallel_executor.executor.parallel:closing loop
[1.886s] DEBUG:colcon.colcon_parallel_executor.executor.parallel:loop closed
[1.886s] DEBUG:colcon.colcon_parallel_executor.executor.parallel:run_until_complete finished with '0'
[1.886s] DEBUG:colcon.colcon_core.event_reactor:joining thread
[1.892s] INFO:colcon.colcon_core.plugin_system:Skipping extension 'colcon_notification.desktop_notification.notify_send': Could not find 'notify-send'
[1.892s] INFO:colcon.colcon_core.plugin_system:Skipping extension 'colcon_notification.desktop_notification.terminal_notifier': Not used on non-Darwin systems
[1.892s] INFO:colcon.colcon_core.plugin_system:Skipping extension 'colcon_notification.desktop_notification.win32': Not used on non-Windows systems
[1.892s] INFO:colcon.colcon_notification.desktop_notification:Sending desktop notification using 'notify2'
[1.907s] DEBUG:colcon.colcon_core.event_reactor:joined thread
[1.908s] INFO:colcon.colcon_core.shell:Creating prefix script '/home/usamah/Documents/project/learnRos2/install/local_setup.ps1'
[1.909s] INFO:colcon.colcon_core.shell:Creating prefix util module '/home/usamah/Documents/project/learnRos2/install/_local_setup_util_ps1.py'
[1.912s] INFO:colcon.colcon_core.shell:Creating prefix chain script '/home/usamah/Documents/project/learnRos2/install/setup.ps1'
[1.913s] INFO:colcon.colcon_core.shell:Creating prefix script '/home/usamah/Documents/project/learnRos2/install/local_setup.sh'
[1.914s] INFO:colcon.colcon_core.shell:Creating prefix util module '/home/usamah/Documents/project/learnRos2/install/_local_setup_util_sh.py'
[1.914s] INFO:colcon.colcon_core.shell:Creating prefix chain script '/home/usamah/Documents/project/learnRos2/install/setup.sh'
[1.916s] INFO:colcon.colcon_core.shell:Creating prefix script '/home/usamah/Documents/project/learnRos2/install/local_setup.bash'
[1.916s] INFO:colcon.colcon_core.shell:Creating prefix chain script '/home/usamah/Documents/project/learnRos2/install/setup.bash'
[1.917s] INFO:colcon.colcon_core.shell:Creating prefix script '/home/usamah/Documents/project/learnRos2/install/local_setup.zsh'
[1.918s] INFO:colcon.colcon_core.shell:Creating prefix chain script '/home/usamah/Documents/project/learnRos2/install/setup.zsh'
