[0.005s] Invoking command in '/home/usamah/Documents/project/learnRos2/build/udemy_ros2_pkg': CMAKE_PREFIX_PATH=/opt/ros/humble CONDA_PROMPT_MODIFIER=(base) /usr/bin/cmake /home/usamah/Documents/project/learnRos2/01_udemy_publish_subscribe/src/udemy_ros2_pkg -DAMENT_CMAKE_SYMLINK_INSTALL=1 -DCMAKE_INSTALL_PREFIX=/home/usamah/Documents/project/learnRos2/install/udemy_ros2_pkg
[0.038s] -- The C compiler identification is GNU 11.4.0
[0.072s] -- The CXX compiler identification is GNU 11.4.0
[0.076s] -- Detecting C compiler ABI info
[0.118s] -- Detecting C compiler ABI info - done
[0.126s] -- Check for working C compiler: /usr/bin/cc - skipped
[0.127s] -- Detecting C compile features
[0.127s] -- Detecting C compile features - done
[0.130s] -- Detecting CXX compiler ABI info
[0.181s] -- Detecting CXX compiler ABI info - done
[0.186s] -- Check for working CXX compiler: /usr/bin/c++ - skipped
[0.186s] -- Detecting CXX compile features
[0.186s] -- Detecting CXX compile features - done
[0.188s] -- Found ament_cmake: 1.3.10 (/opt/ros/humble/share/ament_cmake/cmake)
[0.523s] -- Found Python3: /home/usamah/anaconda3/bin/python3 (found version "3.12.2") found components: Interpreter 
[0.588s] -- Override CMake install command with custom implementation using symlinks instead of copying resources
[0.620s] -- Found rclpy: 3.3.14 (/opt/ros/humble/share/rclpy/cmake)
[0.732s] -- Found ament_lint_auto: 0.12.11 (/opt/ros/humble/share/ament_lint_auto/cmake)
[0.836s] -- Added test 'cppcheck' to perform static code analysis on C / C++ code
[0.836s] -- Configured cppcheck include dirs: 
[0.836s] -- Configured cppcheck exclude dirs and/or files: 
[0.837s] -- Added test 'flake8' to check Python code syntax and style conventions
[0.839s] -- Added test 'lint_cmake' to check CMake code style
[0.841s] -- Added test 'pep257' to check Python code against some of the docstring style conventions in PEP 257
[0.848s] -- Added test 'uncrustify' to check C / C++ code style
[0.848s] -- Configured uncrustify additional arguments: 
[0.849s] -- Added test 'xmllint' to check XML markup files
[0.851s] -- Configuring done
[0.856s] -- Generating done
[0.857s] -- Build files have been written to: /home/usamah/Documents/project/learnRos2/build/udemy_ros2_pkg
[0.861s] Invoked command in '/home/usamah/Documents/project/learnRos2/build/udemy_ros2_pkg' returned '0': CMAKE_PREFIX_PATH=/opt/ros/humble CONDA_PROMPT_MODIFIER=(base) /usr/bin/cmake /home/usamah/Documents/project/learnRos2/01_udemy_publish_subscribe/src/udemy_ros2_pkg -DAMENT_CMAKE_SYMLINK_INSTALL=1 -DCMAKE_INSTALL_PREFIX=/home/usamah/Documents/project/learnRos2/install/udemy_ros2_pkg
[0.863s] Invoking command in '/home/usamah/Documents/project/learnRos2/build/udemy_ros2_pkg': CMAKE_PREFIX_PATH=/opt/ros/humble CONDA_PROMPT_MODIFIER=(base) /usr/bin/cmake --build /home/usamah/Documents/project/learnRos2/build/udemy_ros2_pkg -- -j16 -l16
[0.907s] Built target ament_cmake_python_symlink_scripts
[1.122s] running egg_info
[1.122s] creating scripts.egg-info
[1.146s] writing scripts.egg-info/PKG-INFO
[1.147s] writing dependency_links to scripts.egg-info/dependency_links.txt
[1.147s] writing top-level names to scripts.egg-info/top_level.txt
[1.147s] writing manifest file 'scripts.egg-info/SOURCES.txt'
[1.212s] reading manifest file 'scripts.egg-info/SOURCES.txt'
[1.213s] writing manifest file 'scripts.egg-info/SOURCES.txt'
[1.232s] Built target ament_cmake_python_build_scripts_egg
[1.239s] Invoked command in '/home/usamah/Documents/project/learnRos2/build/udemy_ros2_pkg' returned '0': CMAKE_PREFIX_PATH=/opt/ros/humble CONDA_PROMPT_MODIFIER=(base) /usr/bin/cmake --build /home/usamah/Documents/project/learnRos2/build/udemy_ros2_pkg -- -j16 -l16
[1.263s] Invoking command in '/home/usamah/Documents/project/learnRos2/build/udemy_ros2_pkg': CMAKE_PREFIX_PATH=/opt/ros/humble CONDA_PROMPT_MODIFIER=(base) /usr/bin/cmake --install /home/usamah/Documents/project/learnRos2/build/udemy_ros2_pkg
[1.268s] -- Install configuration: ""
[1.268s] -- Execute custom install script
[1.268s] -- Symlinking: /home/usamah/Documents/project/learnRos2/install/udemy_ros2_pkg/share/udemy_ros2_pkg/environment/pythonpath.sh
[1.275s] -- Symlinking: /home/usamah/Documents/project/learnRos2/install/udemy_ros2_pkg/share/udemy_ros2_pkg/environment/pythonpath.dsv
[1.281s] -- Symlinking: /home/usamah/Documents/project/learnRos2/install/udemy_ros2_pkg/lib/python3.12/site-packages/scripts-0.0.0-py3.12.egg-info/PKG-INFO
[1.287s] -- Symlinking: /home/usamah/Documents/project/learnRos2/install/udemy_ros2_pkg/lib/python3.12/site-packages/scripts-0.0.0-py3.12.egg-info/SOURCES.txt
[1.294s] -- Symlinking: /home/usamah/Documents/project/learnRos2/install/udemy_ros2_pkg/lib/python3.12/site-packages/scripts-0.0.0-py3.12.egg-info/dependency_links.txt
[1.300s] -- Symlinking: /home/usamah/Documents/project/learnRos2/install/udemy_ros2_pkg/lib/python3.12/site-packages/scripts-0.0.0-py3.12.egg-info/top_level.txt
[1.307s] -- Symlinking: /home/usamah/Documents/project/learnRos2/install/udemy_ros2_pkg/lib/python3.12/site-packages/scripts/__init__.py
[1.314s] -- Symlinking: /home/usamah/Documents/project/learnRos2/install/udemy_ros2_pkg/lib/python3.12/site-packages/scripts/publisher.py
[1.321s] -- Symlinking: /home/usamah/Documents/project/learnRos2/install/udemy_ros2_pkg/lib/python3.12/site-packages/scripts/subscriber.py
[1.328s] -- Symlinking: /home/usamah/Documents/project/learnRos2/install/udemy_ros2_pkg/lib/udemy_ros2_pkg/publisher.py
[1.335s] -- Symlinking: /home/usamah/Documents/project/learnRos2/install/udemy_ros2_pkg/lib/udemy_ros2_pkg/subscriber.py
[1.342s] -- Symlinking: /home/usamah/Documents/project/learnRos2/install/udemy_ros2_pkg/share/ament_index/resource_index/package_run_dependencies/udemy_ros2_pkg
[1.349s] -- Symlinking: /home/usamah/Documents/project/learnRos2/install/udemy_ros2_pkg/share/ament_index/resource_index/parent_prefix_path/udemy_ros2_pkg
[1.356s] -- Symlinking: /home/usamah/Documents/project/learnRos2/install/udemy_ros2_pkg/share/udemy_ros2_pkg/environment/ament_prefix_path.sh
[1.362s] -- Symlinking: /home/usamah/Documents/project/learnRos2/install/udemy_ros2_pkg/share/udemy_ros2_pkg/environment/ament_prefix_path.dsv
[1.369s] -- Symlinking: /home/usamah/Documents/project/learnRos2/install/udemy_ros2_pkg/share/udemy_ros2_pkg/environment/path.sh
[1.375s] -- Symlinking: /home/usamah/Documents/project/learnRos2/install/udemy_ros2_pkg/share/udemy_ros2_pkg/environment/path.dsv
[1.382s] -- Symlinking: /home/usamah/Documents/project/learnRos2/install/udemy_ros2_pkg/share/udemy_ros2_pkg/local_setup.bash
[1.388s] -- Symlinking: /home/usamah/Documents/project/learnRos2/install/udemy_ros2_pkg/share/udemy_ros2_pkg/local_setup.sh
[1.395s] -- Symlinking: /home/usamah/Documents/project/learnRos2/install/udemy_ros2_pkg/share/udemy_ros2_pkg/local_setup.zsh
[1.402s] -- Symlinking: /home/usamah/Documents/project/learnRos2/install/udemy_ros2_pkg/share/udemy_ros2_pkg/local_setup.dsv
[1.408s] -- Symlinking: /home/usamah/Documents/project/learnRos2/install/udemy_ros2_pkg/share/udemy_ros2_pkg/package.dsv
[1.415s] -- Symlinking: /home/usamah/Documents/project/learnRos2/install/udemy_ros2_pkg/share/ament_index/resource_index/packages/udemy_ros2_pkg
[1.421s] -- Symlinking: /home/usamah/Documents/project/learnRos2/install/udemy_ros2_pkg/share/udemy_ros2_pkg/cmake/udemy_ros2_pkgConfig.cmake
[1.428s] -- Symlinking: /home/usamah/Documents/project/learnRos2/install/udemy_ros2_pkg/share/udemy_ros2_pkg/cmake/udemy_ros2_pkgConfig-version.cmake
[1.434s] -- Symlinking: /home/usamah/Documents/project/learnRos2/install/udemy_ros2_pkg/share/udemy_ros2_pkg/package.xml
[1.473s] Listing '/home/usamah/Documents/project/learnRos2/install/udemy_ros2_pkg/lib/python3.12/site-packages/scripts'...
[1.473s] Compiling '/home/usamah/Documents/project/learnRos2/install/udemy_ros2_pkg/lib/python3.12/site-packages/scripts/__init__.py'...
[1.473s] Compiling '/home/usamah/Documents/project/learnRos2/install/udemy_ros2_pkg/lib/python3.12/site-packages/scripts/publisher.py'...
[1.473s] Compiling '/home/usamah/Documents/project/learnRos2/install/udemy_ros2_pkg/lib/python3.12/site-packages/scripts/subscriber.py'...
[1.479s] Invoked command in '/home/usamah/Documents/project/learnRos2/build/udemy_ros2_pkg' returned '0': CMAKE_PREFIX_PATH=/opt/ros/humble CONDA_PROMPT_MODIFIER=(base) /usr/bin/cmake --install /home/usamah/Documents/project/learnRos2/build/udemy_ros2_pkg
