-- The C compiler identification is GNU 11.4.0
-- The CXX compiler identification is GNU 11.4.0
-- Detecting C compiler ABI info
-- Detecting C compiler ABI info - done
-- Check for working C compiler: /usr/bin/cc - skipped
-- Detecting C compile features
-- Detecting C compile features - done
-- Detecting CXX compiler ABI info
-- Detecting CXX compiler ABI info - done
-- Check for working CXX compiler: /usr/bin/c++ - skipped
-- Detecting CXX compile features
-- Detecting CXX compile features - done
-- Found ament_cmake: 1.3.10 (/opt/ros/humble/share/ament_cmake/cmake)
-- Found Python3: /home/usamah/anaconda3/bin/python3 (found version "3.12.2") found components: Interpreter 
-- Override CMake install command with custom implementation using symlinks instead of copying resources
-- Found rcl: 5.3.9 (/opt/ros/humble/share/rcl/cmake)
-- Found rosidl_generator_c: 3.1.5 (/opt/ros/humble/share/rosidl_generator_c/cmake)
-- Found rosidl_adapter: 3.1.5 (/opt/ros/humble/share/rosidl_adapter/cmake)
-- Found rosidl_generator_cpp: 3.1.5 (/opt/ros/humble/share/rosidl_generator_cpp/cmake)
-- Using all available rosidl_typesupport_c: rosidl_typesupport_fastrtps_c;rosidl_typesupport_introspection_c
-- Using all available rosidl_typesupport_cpp: rosidl_typesupport_fastrtps_cpp;rosidl_typesupport_introspection_cpp
-- Found rmw_implementation_cmake: 6.1.2 (/opt/ros/humble/share/rmw_implementation_cmake/cmake)
-- Found rmw_fastrtps_cpp: 6.2.7 (/opt/ros/humble/share/rmw_fastrtps_cpp/cmake)
-- Found OpenSSL: /usr/lib/x86_64-linux-gnu/libcrypto.so (found version "3.0.2")  
-- Found FastRTPS: /opt/ros/humble/include  
-- Using RMW implementation 'rmw_fastrtps_cpp' as default
-- Looking for pthread.h
-- Looking for pthread.h - found
-- Performing Test CMAKE_HAVE_LIBC_PTHREAD
-- Performing Test CMAKE_HAVE_LIBC_PTHREAD - Success
-- Found Threads: TRUE  
-- Found ament_lint_auto: 0.12.11 (/opt/ros/humble/share/ament_lint_auto/cmake)
-- Added test 'flake8' to check Python code syntax and style conventions
-- Added test 'lint_cmake' to check CMake code style
-- Added test 'pep257' to check Python code against some of the docstring style conventions in PEP 257
-- Added test 'xmllint' to check XML markup files
-- Configuring done
-- Generating done
-- Build files have been written to: /home/usamah/Documents/project/learnRos2/build/rpm_project
Built target ament_cmake_python_symlink_scripts
running egg_info
creating scripts.egg-info
writing scripts.egg-info/PKG-INFO
writing dependency_links to scripts.egg-info/dependency_links.txt
writing top-level names to scripts.egg-info/top_level.txt
writing manifest file 'scripts.egg-info/SOURCES.txt'
reading manifest file 'scripts.egg-info/SOURCES.txt'
writing manifest file 'scripts.egg-info/SOURCES.txt'
Built target ament_cmake_python_build_scripts_egg
-- Install configuration: ""
-- Execute custom install script
-- Symlinking: /home/usamah/Documents/project/learnRos2/install/rpm_project/share/rpm_project/environment/pythonpath.sh
-- Symlinking: /home/usamah/Documents/project/learnRos2/install/rpm_project/share/rpm_project/environment/pythonpath.dsv
-- Symlinking: /home/usamah/Documents/project/learnRos2/install/rpm_project/lib/python3.12/site-packages/scripts-0.0.0-py3.12.egg-info/PKG-INFO
-- Symlinking: /home/usamah/Documents/project/learnRos2/install/rpm_project/lib/python3.12/site-packages/scripts-0.0.0-py3.12.egg-info/SOURCES.txt
-- Symlinking: /home/usamah/Documents/project/learnRos2/install/rpm_project/lib/python3.12/site-packages/scripts-0.0.0-py3.12.egg-info/dependency_links.txt
-- Symlinking: /home/usamah/Documents/project/learnRos2/install/rpm_project/lib/python3.12/site-packages/scripts-0.0.0-py3.12.egg-info/top_level.txt
-- Symlinking: /home/usamah/Documents/project/learnRos2/install/rpm_project/lib/python3.12/site-packages/scripts/__init__.py
-- Symlinking: /home/usamah/Documents/project/learnRos2/install/rpm_project/lib/python3.12/site-packages/scripts/rpm_pub.py
-- Symlinking: /home/usamah/Documents/project/learnRos2/install/rpm_project/lib/rpm_project/rpm_pub.py
-- Symlinking: /home/usamah/Documents/project/learnRos2/install/rpm_project/share/ament_index/resource_index/package_run_dependencies/rpm_project
-- Symlinking: /home/usamah/Documents/project/learnRos2/install/rpm_project/share/ament_index/resource_index/parent_prefix_path/rpm_project
-- Symlinking: /home/usamah/Documents/project/learnRos2/install/rpm_project/share/rpm_project/environment/ament_prefix_path.sh
-- Symlinking: /home/usamah/Documents/project/learnRos2/install/rpm_project/share/rpm_project/environment/ament_prefix_path.dsv
-- Symlinking: /home/usamah/Documents/project/learnRos2/install/rpm_project/share/rpm_project/environment/path.sh
-- Symlinking: /home/usamah/Documents/project/learnRos2/install/rpm_project/share/rpm_project/environment/path.dsv
-- Symlinking: /home/usamah/Documents/project/learnRos2/install/rpm_project/share/rpm_project/local_setup.bash
-- Symlinking: /home/usamah/Documents/project/learnRos2/install/rpm_project/share/rpm_project/local_setup.sh
-- Symlinking: /home/usamah/Documents/project/learnRos2/install/rpm_project/share/rpm_project/local_setup.zsh
-- Symlinking: /home/usamah/Documents/project/learnRos2/install/rpm_project/share/rpm_project/local_setup.dsv
-- Symlinking: /home/usamah/Documents/project/learnRos2/install/rpm_project/share/rpm_project/package.dsv
-- Symlinking: /home/usamah/Documents/project/learnRos2/install/rpm_project/share/ament_index/resource_index/packages/rpm_project
-- Symlinking: /home/usamah/Documents/project/learnRos2/install/rpm_project/share/rpm_project/cmake/rpm_projectConfig.cmake
-- Symlinking: /home/usamah/Documents/project/learnRos2/install/rpm_project/share/rpm_project/cmake/rpm_projectConfig-version.cmake
-- Symlinking: /home/usamah/Documents/project/learnRos2/install/rpm_project/share/rpm_project/package.xml
Listing '/home/usamah/Documents/project/learnRos2/install/rpm_project/lib/python3.12/site-packages/scripts'...
Compiling '/home/usamah/Documents/project/learnRos2/install/rpm_project/lib/python3.12/site-packages/scripts/__init__.py'...
Compiling '/home/usamah/Documents/project/learnRos2/install/rpm_project/lib/python3.12/site-packages/scripts/rpm_pub.py'...
