[0.008s] Invoking command in '/home/usamah/Documents/project/learnRos2/build/rpm_project': CMAKE_PREFIX_PATH=/opt/ros/humble CONDA_PROMPT_MODIFIER=(base) /usr/bin/cmake /home/usamah/Documents/project/learnRos2/02_udemy_project/src/rpm_project -DAMENT_CMAKE_SYMLINK_INSTALL=1 -DCMAKE_INSTALL_PREFIX=/home/usamah/Documents/project/learnRos2/install/rpm_project
[0.041s] -- The C compiler identification is GNU 11.4.0
[0.075s] -- The CXX compiler identification is GNU 11.4.0
[0.080s] -- Detecting C compiler ABI info
[0.121s] -- Detecting C compiler ABI info - done
[0.126s] -- Check for working C compiler: /usr/bin/cc - skipped
[0.126s] -- Detecting C compile features
[0.126s] -- Detecting C compile features - done
[0.128s] -- Detecting CXX compiler ABI info
[0.179s] -- Detecting CXX compiler ABI info - done
[0.184s] -- Check for working CXX compiler: /usr/bin/c++ - skipped
[0.184s] -- Detecting CXX compile features
[0.184s] -- Detecting CXX compile features - done
[0.186s] -- Found ament_cmake: 1.3.10 (/opt/ros/humble/share/ament_cmake/cmake)
[0.518s] -- Found Python3: /home/usamah/anaconda3/bin/python3 (found version "3.12.2") found components: Interpreter 
[0.583s] -- Override CMake install command with custom implementation using symlinks instead of copying resources
[0.611s] -- Found rcl: 5.3.9 (/opt/ros/humble/share/rcl/cmake)
[0.651s] -- Found rosidl_generator_c: 3.1.5 (/opt/ros/humble/share/rosidl_generator_c/cmake)
[0.655s] -- Found rosidl_adapter: 3.1.5 (/opt/ros/humble/share/rosidl_adapter/cmake)
[0.663s] -- Found rosidl_generator_cpp: 3.1.5 (/opt/ros/humble/share/rosidl_generator_cpp/cmake)
[0.674s] -- Using all available rosidl_typesupport_c: rosidl_typesupport_fastrtps_c;rosidl_typesupport_introspection_c
[0.689s] -- Using all available rosidl_typesupport_cpp: rosidl_typesupport_fastrtps_cpp;rosidl_typesupport_introspection_cpp
[0.726s] -- Found rmw_implementation_cmake: 6.1.2 (/opt/ros/humble/share/rmw_implementation_cmake/cmake)
[0.729s] -- Found rmw_fastrtps_cpp: 6.2.7 (/opt/ros/humble/share/rmw_fastrtps_cpp/cmake)
[0.804s] -- Found OpenSSL: /usr/lib/x86_64-linux-gnu/libcrypto.so (found version "3.0.2")  
[0.836s] -- Found FastRTPS: /opt/ros/humble/include  
[0.889s] -- Using RMW implementation 'rmw_fastrtps_cpp' as default
[0.899s] -- Looking for pthread.h
[0.951s] -- Looking for pthread.h - found
[0.951s] -- Performing Test CMAKE_HAVE_LIBC_PTHREAD
[1.002s] -- Performing Test CMAKE_HAVE_LIBC_PTHREAD - Success
[1.003s] -- Found Threads: TRUE  
[1.089s] -- Found ament_lint_auto: 0.12.11 (/opt/ros/humble/share/ament_lint_auto/cmake)
[1.171s] -- Added test 'flake8' to check Python code syntax and style conventions
[1.171s] -- Added test 'lint_cmake' to check CMake code style
[1.171s] -- Added test 'pep257' to check Python code against some of the docstring style conventions in PEP 257
[1.172s] -- Added test 'xmllint' to check XML markup files
[1.173s] -- Configuring done
[1.176s] -- Generating done
[1.176s] -- Build files have been written to: /home/usamah/Documents/project/learnRos2/build/rpm_project
[1.182s] Invoked command in '/home/usamah/Documents/project/learnRos2/build/rpm_project' returned '0': CMAKE_PREFIX_PATH=/opt/ros/humble CONDA_PROMPT_MODIFIER=(base) /usr/bin/cmake /home/usamah/Documents/project/learnRos2/02_udemy_project/src/rpm_project -DAMENT_CMAKE_SYMLINK_INSTALL=1 -DCMAKE_INSTALL_PREFIX=/home/usamah/Documents/project/learnRos2/install/rpm_project
[1.183s] Invoking command in '/home/usamah/Documents/project/learnRos2/build/rpm_project': CMAKE_PREFIX_PATH=/opt/ros/humble CONDA_PROMPT_MODIFIER=(base) /usr/bin/cmake --build /home/usamah/Documents/project/learnRos2/build/rpm_project -- -j16 -l16
[1.215s] Built target ament_cmake_python_symlink_scripts
[1.463s] running egg_info
[1.463s] creating scripts.egg-info
[1.490s] writing scripts.egg-info/PKG-INFO
[1.490s] writing dependency_links to scripts.egg-info/dependency_links.txt
[1.490s] writing top-level names to scripts.egg-info/top_level.txt
[1.490s] writing manifest file 'scripts.egg-info/SOURCES.txt'
[1.572s] reading manifest file 'scripts.egg-info/SOURCES.txt'
[1.572s] writing manifest file 'scripts.egg-info/SOURCES.txt'
[1.594s] Built target ament_cmake_python_build_scripts_egg
[1.602s] Invoked command in '/home/usamah/Documents/project/learnRos2/build/rpm_project' returned '0': CMAKE_PREFIX_PATH=/opt/ros/humble CONDA_PROMPT_MODIFIER=(base) /usr/bin/cmake --build /home/usamah/Documents/project/learnRos2/build/rpm_project -- -j16 -l16
[1.617s] Invoking command in '/home/usamah/Documents/project/learnRos2/build/rpm_project': CMAKE_PREFIX_PATH=/opt/ros/humble CONDA_PROMPT_MODIFIER=(base) /usr/bin/cmake --install /home/usamah/Documents/project/learnRos2/build/rpm_project
[1.621s] -- Install configuration: ""
[1.622s] -- Execute custom install script
[1.622s] -- Symlinking: /home/usamah/Documents/project/learnRos2/install/rpm_project/share/rpm_project/environment/pythonpath.sh
[1.627s] -- Symlinking: /home/usamah/Documents/project/learnRos2/install/rpm_project/share/rpm_project/environment/pythonpath.dsv
[1.632s] -- Symlinking: /home/usamah/Documents/project/learnRos2/install/rpm_project/lib/python3.12/site-packages/scripts-0.0.0-py3.12.egg-info/PKG-INFO
[1.637s] -- Symlinking: /home/usamah/Documents/project/learnRos2/install/rpm_project/lib/python3.12/site-packages/scripts-0.0.0-py3.12.egg-info/SOURCES.txt
[1.641s] -- Symlinking: /home/usamah/Documents/project/learnRos2/install/rpm_project/lib/python3.12/site-packages/scripts-0.0.0-py3.12.egg-info/dependency_links.txt
[1.646s] -- Symlinking: /home/usamah/Documents/project/learnRos2/install/rpm_project/lib/python3.12/site-packages/scripts-0.0.0-py3.12.egg-info/top_level.txt
[1.651s] -- Symlinking: /home/usamah/Documents/project/learnRos2/install/rpm_project/lib/python3.12/site-packages/scripts/__init__.py
[1.656s] -- Symlinking: /home/usamah/Documents/project/learnRos2/install/rpm_project/lib/python3.12/site-packages/scripts/rpm_pub.py
[1.660s] -- Symlinking: /home/usamah/Documents/project/learnRos2/install/rpm_project/lib/rpm_project/rpm_pub.py
[1.665s] -- Symlinking: /home/usamah/Documents/project/learnRos2/install/rpm_project/share/ament_index/resource_index/package_run_dependencies/rpm_project
[1.672s] -- Symlinking: /home/usamah/Documents/project/learnRos2/install/rpm_project/share/ament_index/resource_index/parent_prefix_path/rpm_project
[1.677s] -- Symlinking: /home/usamah/Documents/project/learnRos2/install/rpm_project/share/rpm_project/environment/ament_prefix_path.sh
[1.682s] -- Symlinking: /home/usamah/Documents/project/learnRos2/install/rpm_project/share/rpm_project/environment/ament_prefix_path.dsv
[1.688s] -- Symlinking: /home/usamah/Documents/project/learnRos2/install/rpm_project/share/rpm_project/environment/path.sh
[1.693s] -- Symlinking: /home/usamah/Documents/project/learnRos2/install/rpm_project/share/rpm_project/environment/path.dsv
[1.698s] -- Symlinking: /home/usamah/Documents/project/learnRos2/install/rpm_project/share/rpm_project/local_setup.bash
[1.704s] -- Symlinking: /home/usamah/Documents/project/learnRos2/install/rpm_project/share/rpm_project/local_setup.sh
[1.710s] -- Symlinking: /home/usamah/Documents/project/learnRos2/install/rpm_project/share/rpm_project/local_setup.zsh
[1.715s] -- Symlinking: /home/usamah/Documents/project/learnRos2/install/rpm_project/share/rpm_project/local_setup.dsv
[1.719s] -- Symlinking: /home/usamah/Documents/project/learnRos2/install/rpm_project/share/rpm_project/package.dsv
[1.723s] -- Symlinking: /home/usamah/Documents/project/learnRos2/install/rpm_project/share/ament_index/resource_index/packages/rpm_project
[1.728s] -- Symlinking: /home/usamah/Documents/project/learnRos2/install/rpm_project/share/rpm_project/cmake/rpm_projectConfig.cmake
[1.732s] -- Symlinking: /home/usamah/Documents/project/learnRos2/install/rpm_project/share/rpm_project/cmake/rpm_projectConfig-version.cmake
[1.737s] -- Symlinking: /home/usamah/Documents/project/learnRos2/install/rpm_project/share/rpm_project/package.xml
[1.769s] Listing '/home/usamah/Documents/project/learnRos2/install/rpm_project/lib/python3.12/site-packages/scripts'...
[1.769s] Compiling '/home/usamah/Documents/project/learnRos2/install/rpm_project/lib/python3.12/site-packages/scripts/__init__.py'...
[1.769s] Compiling '/home/usamah/Documents/project/learnRos2/install/rpm_project/lib/python3.12/site-packages/scripts/rpm_pub.py'...
[1.774s] Invoked command in '/home/usamah/Documents/project/learnRos2/build/rpm_project' returned '0': CMAKE_PREFIX_PATH=/opt/ros/humble CONDA_PROMPT_MODIFIER=(base) /usr/bin/cmake --install /home/usamah/Documents/project/learnRos2/build/rpm_project
