[0.015s] Invoking command in '/home/usamah/Documents/project/learnRos2/build/rpm_project': CMAKE_PREFIX_PATH=${CMAKE_PREFIX_PATH}:/opt/ros/humble /usr/bin/cmake --build /home/usamah/Documents/project/learnRos2/build/rpm_project -- -j16 -l16
[0.032s] -- Found ament_cmake: 1.3.10 (/opt/ros/humble/share/ament_cmake/cmake)
[0.127s] -- Override CMake install command with custom implementation using symlinks instead of copying resources
[0.132s] -- Found rcl: 5.3.9 (/opt/ros/humble/share/rcl/cmake)
[0.150s] -- Found rosidl_generator_c: 3.1.5 (/opt/ros/humble/share/rosidl_generator_c/cmake)
[0.152s] -- Found rosidl_adapter: 3.1.5 (/opt/ros/humble/share/rosidl_adapter/cmake)
[0.156s] -- Found rosidl_generator_cpp: 3.1.5 (/opt/ros/humble/share/rosidl_generator_cpp/cmake)
[0.163s] -- Using all available rosidl_typesupport_c: rosidl_typesupport_fastrtps_c;rosidl_typesupport_introspection_c
[0.172s] -- Using all available rosidl_typesupport_cpp: rosidl_typesupport_fastrtps_cpp;rosidl_typesupport_introspection_cpp
[0.197s] -- Found rmw_implementation_cmake: 6.1.2 (/opt/ros/humble/share/rmw_implementation_cmake/cmake)
[0.198s] -- Found rmw_fastrtps_cpp: 6.2.7 (/opt/ros/humble/share/rmw_fastrtps_cpp/cmake)
[0.286s] -- Using RMW implementation 'rmw_fastrtps_cpp' as default
[0.293s] -- Found rosidl_default_generators: 1.2.0 (/opt/ros/humble/share/rosidl_default_generators/cmake)
[0.537s] -- Found ament_cmake_ros: 0.10.0 (/opt/ros/humble/share/ament_cmake_ros/cmake)
[0.765s] -- Using all available rosidl_typesupport_c: rosidl_typesupport_fastrtps_c;rosidl_typesupport_introspection_c
[0.838s] -- Using all available rosidl_typesupport_cpp: rosidl_typesupport_fastrtps_cpp;rosidl_typesupport_introspection_cpp
[0.852s] -- Found python_cmake_module: 0.10.0 (/opt/ros/humble/share/python_cmake_module/cmake)
[0.866s] -- Using PYTHON_EXECUTABLE: /usr/bin/python3
[0.866s] -- Using PYTHON_INCLUDE_DIRS: /usr/include/python3.10
[0.866s] -- Using PYTHON_LIBRARIES: /usr/lib/x86_64-linux-gnu/libpython3.10.so
[0.874s] -- Found ament_lint_auto: 0.12.11 (/opt/ros/humble/share/ament_lint_auto/cmake)
[0.880s] -- Added test 'flake8' to check Python code syntax and style conventions
[0.881s] -- Added test 'lint_cmake' to check CMake code style
[0.881s] -- Added test 'pep257' to check Python code against some of the docstring style conventions in PEP 257
[0.881s] -- Added test 'xmllint' to check XML markup files
[0.883s] -- Configuring done
[0.904s] -- Generating done
[0.907s] -- Build files have been written to: /home/usamah/Documents/project/learnRos2/build/rpm_project
[0.930s] [35m[1mConsolidate compiler generated dependencies of target rpm_project__rosidl_generator_c[0m
[0.937s] [  3%] Built target rpm_project__cpp
[0.938s] [ 12%] Built target rpm_project__rosidl_generator_c
[0.944s] [ 12%] Built target ament_cmake_python_symlink_rpm_project
[0.945s] [35m[1mConsolidate compiler generated dependencies of target rpm_project__rosidl_typesupport_cpp[0m
[0.945s] [ 12%] Built target ament_cmake_python_symlink_scripts
[0.945s] [35m[1mConsolidate compiler generated dependencies of target rpm_project__rosidl_typesupport_introspection_cpp[0m
[0.946s] [35m[1mConsolidate compiler generated dependencies of target rpm_project__rosidl_typesupport_fastrtps_cpp[0m
[0.946s] [35m[1mConsolidate compiler generated dependencies of target rpm_project__rosidl_typesupport_introspection_c[0m
[0.947s] [35m[1mConsolidate compiler generated dependencies of target rpm_project__rosidl_typesupport_c[0m
[0.948s] [35m[1mConsolidate compiler generated dependencies of target rpm_project__rosidl_typesupport_fastrtps_c[0m
[0.955s] [ 22%] Built target rpm_project__rosidl_typesupport_introspection_c
[0.956s] [ 32%] Built target rpm_project__rosidl_typesupport_c
[0.957s] [ 45%] Built target rpm_project__rosidl_typesupport_introspection_cpp
[0.957s] [ 51%] Built target rpm_project__rosidl_typesupport_fastrtps_cpp
[0.957s] [ 61%] Built target rpm_project__rosidl_typesupport_cpp
[0.962s] [ 70%] Built target rpm_project__rosidl_typesupport_fastrtps_c
[0.982s] [ 70%] Built target rpm_project
[1.001s] [ 74%] Built target rpm_project__py
[1.012s] [35m[1mConsolidate compiler generated dependencies of target rpm_project__rosidl_generator_py[0m
[1.025s] [ 80%] Built target rpm_project__rosidl_generator_py
[1.036s] [35m[1mConsolidate compiler generated dependencies of target rpm_project__rosidl_typesupport_fastrtps_c__pyext[0m
[1.036s] [35m[1mConsolidate compiler generated dependencies of target rpm_project__rosidl_typesupport_c__pyext[0m
[1.037s] [35m[1mConsolidate compiler generated dependencies of target rpm_project__rosidl_typesupport_introspection_c__pyext[0m
[1.050s] [ 87%] Built target rpm_project__rosidl_typesupport_c__pyext
[1.050s] [100%] Built target rpm_project__rosidl_typesupport_introspection_c__pyext
[1.050s] [100%] Built target rpm_project__rosidl_typesupport_fastrtps_c__pyext
[1.219s] running egg_info
[1.220s] writing scripts.egg-info/PKG-INFO
[1.220s] writing dependency_links to scripts.egg-info/dependency_links.txt
[1.220s] writing top-level names to scripts.egg-info/top_level.txt
[1.220s] running egg_info
[1.221s] writing rpm_project.egg-info/PKG-INFO
[1.221s] writing dependency_links to rpm_project.egg-info/dependency_links.txt
[1.221s] writing top-level names to rpm_project.egg-info/top_level.txt
[1.222s] reading manifest file 'scripts.egg-info/SOURCES.txt'
[1.223s] writing manifest file 'scripts.egg-info/SOURCES.txt'
[1.223s] reading manifest file 'rpm_project.egg-info/SOURCES.txt'
[1.224s] writing manifest file 'rpm_project.egg-info/SOURCES.txt'
[1.247s] [100%] Built target ament_cmake_python_build_scripts_egg
[1.247s] [100%] Built target ament_cmake_python_build_rpm_project_egg
[1.257s] Invoked command in '/home/usamah/Documents/project/learnRos2/build/rpm_project' returned '0': CMAKE_PREFIX_PATH=${CMAKE_PREFIX_PATH}:/opt/ros/humble /usr/bin/cmake --build /home/usamah/Documents/project/learnRos2/build/rpm_project -- -j16 -l16
[1.315s] Invoking command in '/home/usamah/Documents/project/learnRos2/build/rpm_project': CMAKE_PREFIX_PATH=${CMAKE_PREFIX_PATH}:/opt/ros/humble /usr/bin/cmake --install /home/usamah/Documents/project/learnRos2/build/rpm_project
[1.322s] -- Install configuration: ""
[1.323s] -- Execute custom install script
[1.323s] -- Up-to-date symlink: /home/usamah/Documents/project/learnRos2/install/rpm_project/share/ament_index/resource_index/rosidl_interfaces/rpm_project
[1.323s] -- Up-to-date symlink: /home/usamah/Documents/project/learnRos2/install/rpm_project/include/rpm_project/rpm_project/msg/rosidl_generator_c__visibility_control.h
[1.324s] -- Up-to-date symlink: /home/usamah/Documents/project/learnRos2/install/rpm_project/include/rpm_project/rpm_project/srv/detail/odd_even_check__functions.h
[1.324s] -- Up-to-date symlink: /home/usamah/Documents/project/learnRos2/install/rpm_project/include/rpm_project/rpm_project/srv/detail/odd_even_check__struct.h
[1.324s] -- Up-to-date symlink: /home/usamah/Documents/project/learnRos2/install/rpm_project/include/rpm_project/rpm_project/srv/detail/odd_even_check__type_support.h
[1.324s] -- Up-to-date symlink: /home/usamah/Documents/project/learnRos2/install/rpm_project/include/rpm_project/rpm_project/srv/odd_even_check.h
[1.324s] -- Up-to-date symlink: /home/usamah/Documents/project/learnRos2/install/rpm_project/share/rpm_project/environment/library_path.sh
[1.324s] -- Up-to-date symlink: /home/usamah/Documents/project/learnRos2/install/rpm_project/share/rpm_project/environment/library_path.dsv
[1.325s] -- Up-to-date symlink: /home/usamah/Documents/project/learnRos2/install/rpm_project/include/rpm_project/rpm_project/msg/rosidl_typesupport_fastrtps_c__visibility_control.h
[1.325s] -- Up-to-date symlink: /home/usamah/Documents/project/learnRos2/install/rpm_project/include/rpm_project/rpm_project/srv/detail/odd_even_check__rosidl_typesupport_fastrtps_c.h
[1.325s] -- Up-to-date symlink: /home/usamah/Documents/project/learnRos2/install/rpm_project/include/rpm_project/rpm_project/srv/detail/odd_even_check__builder.hpp
[1.325s] -- Up-to-date symlink: /home/usamah/Documents/project/learnRos2/install/rpm_project/include/rpm_project/rpm_project/srv/detail/odd_even_check__struct.hpp
[1.325s] -- Up-to-date symlink: /home/usamah/Documents/project/learnRos2/install/rpm_project/include/rpm_project/rpm_project/srv/detail/odd_even_check__traits.hpp
[1.325s] -- Up-to-date symlink: /home/usamah/Documents/project/learnRos2/install/rpm_project/include/rpm_project/rpm_project/srv/odd_even_check.hpp
[1.326s] -- Up-to-date symlink: /home/usamah/Documents/project/learnRos2/install/rpm_project/include/rpm_project/rpm_project/msg/rosidl_typesupport_fastrtps_cpp__visibility_control.h
[1.326s] -- Up-to-date symlink: /home/usamah/Documents/project/learnRos2/install/rpm_project/include/rpm_project/rpm_project/srv/detail/odd_even_check__rosidl_typesupport_fastrtps_cpp.hpp
[1.326s] -- Up-to-date symlink: /home/usamah/Documents/project/learnRos2/install/rpm_project/include/rpm_project/rpm_project/msg/rosidl_typesupport_introspection_c__visibility_control.h
[1.326s] -- Up-to-date symlink: /home/usamah/Documents/project/learnRos2/install/rpm_project/include/rpm_project/rpm_project/srv/detail/odd_even_check__rosidl_typesupport_introspection_c.h
[1.326s] -- Up-to-date symlink: /home/usamah/Documents/project/learnRos2/install/rpm_project/include/rpm_project/rpm_project/srv/detail/odd_even_check__rosidl_typesupport_introspection_cpp.hpp
[1.326s] -- Up-to-date symlink: /home/usamah/Documents/project/learnRos2/install/rpm_project/share/rpm_project/environment/pythonpath.sh
[1.326s] -- Up-to-date symlink: /home/usamah/Documents/project/learnRos2/install/rpm_project/share/rpm_project/environment/pythonpath.dsv
[1.327s] -- Up-to-date symlink: /home/usamah/Documents/project/learnRos2/install/rpm_project/local/lib/python3.10/dist-packages/rpm_project-0.0.0-py3.10.egg-info/PKG-INFO
[1.327s] -- Up-to-date symlink: /home/usamah/Documents/project/learnRos2/install/rpm_project/local/lib/python3.10/dist-packages/rpm_project-0.0.0-py3.10.egg-info/SOURCES.txt
[1.327s] -- Up-to-date symlink: /home/usamah/Documents/project/learnRos2/install/rpm_project/local/lib/python3.10/dist-packages/rpm_project-0.0.0-py3.10.egg-info/dependency_links.txt
[1.327s] -- Up-to-date symlink: /home/usamah/Documents/project/learnRos2/install/rpm_project/local/lib/python3.10/dist-packages/rpm_project-0.0.0-py3.10.egg-info/top_level.txt
[1.328s] -- Up-to-date symlink: /home/usamah/Documents/project/learnRos2/install/rpm_project/local/lib/python3.10/dist-packages/rpm_project/__init__.py
[1.328s] -- Up-to-date symlink: /home/usamah/Documents/project/learnRos2/install/rpm_project/local/lib/python3.10/dist-packages/rpm_project/_rpm_project_s.ep.rosidl_typesupport_c.c
[1.328s] -- Up-to-date symlink: /home/usamah/Documents/project/learnRos2/install/rpm_project/local/lib/python3.10/dist-packages/rpm_project/_rpm_project_s.ep.rosidl_typesupport_fastrtps_c.c
[1.328s] -- Up-to-date symlink: /home/usamah/Documents/project/learnRos2/install/rpm_project/local/lib/python3.10/dist-packages/rpm_project/_rpm_project_s.ep.rosidl_typesupport_introspection_c.c
[1.328s] -- Up-to-date symlink: /home/usamah/Documents/project/learnRos2/install/rpm_project/local/lib/python3.10/dist-packages/rpm_project/librpm_project__rosidl_generator_py.so
[1.328s] -- Up-to-date symlink: /home/usamah/Documents/project/learnRos2/install/rpm_project/local/lib/python3.10/dist-packages/rpm_project/rpm_project_s__rosidl_typesupport_c.cpython-310-x86_64-linux-gnu.so
[1.328s] -- Up-to-date symlink: /home/usamah/Documents/project/learnRos2/install/rpm_project/local/lib/python3.10/dist-packages/rpm_project/rpm_project_s__rosidl_typesupport_fastrtps_c.cpython-310-x86_64-linux-gnu.so
[1.328s] -- Up-to-date symlink: /home/usamah/Documents/project/learnRos2/install/rpm_project/local/lib/python3.10/dist-packages/rpm_project/rpm_project_s__rosidl_typesupport_introspection_c.cpython-310-x86_64-linux-gnu.so
[1.329s] -- Up-to-date symlink: /home/usamah/Documents/project/learnRos2/install/rpm_project/local/lib/python3.10/dist-packages/rpm_project/srv/__init__.py
[1.329s] -- Up-to-date symlink: /home/usamah/Documents/project/learnRos2/install/rpm_project/local/lib/python3.10/dist-packages/rpm_project/srv/_odd_even_check.py
[1.329s] -- Up-to-date symlink: /home/usamah/Documents/project/learnRos2/install/rpm_project/local/lib/python3.10/dist-packages/rpm_project/srv/_odd_even_check_s.c
[1.329s] -- Up-to-date symlink: /home/usamah/Documents/project/learnRos2/install/rpm_project/local/lib/python3.10/dist-packages/rpm_project/rpm_project_s__rosidl_typesupport_fastrtps_c.cpython-310-x86_64-linux-gnu.so
[1.329s] -- Up-to-date symlink: /home/usamah/Documents/project/learnRos2/install/rpm_project/local/lib/python3.10/dist-packages/rpm_project/rpm_project_s__rosidl_typesupport_introspection_c.cpython-310-x86_64-linux-gnu.so
[1.329s] -- Up-to-date symlink: /home/usamah/Documents/project/learnRos2/install/rpm_project/local/lib/python3.10/dist-packages/rpm_project/rpm_project_s__rosidl_typesupport_c.cpython-310-x86_64-linux-gnu.so
[1.329s] -- Up-to-date symlink: /home/usamah/Documents/project/learnRos2/install/rpm_project/share/rpm_project/srv/OddEvenCheck.idl
[1.330s] -- Up-to-date symlink: /home/usamah/Documents/project/learnRos2/install/rpm_project/share/rpm_project/srv/OddEvenCheck.srv
[1.330s] -- Up-to-date symlink: /home/usamah/Documents/project/learnRos2/install/rpm_project/share/rpm_project/srv/OddEvenCheck_Request.msg
[1.330s] -- Up-to-date symlink: /home/usamah/Documents/project/learnRos2/install/rpm_project/share/rpm_project/srv/OddEvenCheck_Response.msg
[1.330s] -- Up-to-date symlink: /home/usamah/Documents/project/learnRos2/install/rpm_project/local/lib/python3.10/dist-packages/scripts-0.0.0-py3.10.egg-info/PKG-INFO
[1.330s] -- Up-to-date symlink: /home/usamah/Documents/project/learnRos2/install/rpm_project/local/lib/python3.10/dist-packages/scripts-0.0.0-py3.10.egg-info/SOURCES.txt
[1.330s] -- Up-to-date symlink: /home/usamah/Documents/project/learnRos2/install/rpm_project/local/lib/python3.10/dist-packages/scripts-0.0.0-py3.10.egg-info/dependency_links.txt
[1.330s] -- Up-to-date symlink: /home/usamah/Documents/project/learnRos2/install/rpm_project/local/lib/python3.10/dist-packages/scripts-0.0.0-py3.10.egg-info/top_level.txt
[1.331s] -- Up-to-date symlink: /home/usamah/Documents/project/learnRos2/install/rpm_project/local/lib/python3.10/dist-packages/scripts/__init__.py
[1.331s] -- Up-to-date symlink: /home/usamah/Documents/project/learnRos2/install/rpm_project/local/lib/python3.10/dist-packages/scripts/rpm_pub.py
[1.331s] -- Up-to-date symlink: /home/usamah/Documents/project/learnRos2/install/rpm_project/local/lib/python3.10/dist-packages/scripts/rpm_pub_pram.py
[1.331s] -- Up-to-date symlink: /home/usamah/Documents/project/learnRos2/install/rpm_project/local/lib/python3.10/dist-packages/scripts/service_client.py
[1.331s] -- Up-to-date symlink: /home/usamah/Documents/project/learnRos2/install/rpm_project/local/lib/python3.10/dist-packages/scripts/service_server.py
[1.331s] -- Up-to-date symlink: /home/usamah/Documents/project/learnRos2/install/rpm_project/local/lib/python3.10/dist-packages/scripts/speed_calc.py
[1.331s] -- Up-to-date symlink: /home/usamah/Documents/project/learnRos2/install/rpm_project/local/lib/python3.10/dist-packages/scripts/speed_calc_pram.py
[1.332s] -- Up-to-date symlink: /home/usamah/Documents/project/learnRos2/install/rpm_project/lib/rpm_project/rpm_pub.py
[1.332s] -- Up-to-date symlink: /home/usamah/Documents/project/learnRos2/install/rpm_project/lib/rpm_project/speed_calc.py
[1.332s] -- Up-to-date symlink: /home/usamah/Documents/project/learnRos2/install/rpm_project/lib/rpm_project/speed_calc_pram.py
[1.332s] -- Up-to-date symlink: /home/usamah/Documents/project/learnRos2/install/rpm_project/lib/rpm_project/rpm_pub_pram.py
[1.332s] -- Up-to-date symlink: /home/usamah/Documents/project/learnRos2/install/rpm_project/lib/rpm_project/service_server.py
[1.332s] -- Up-to-date symlink: /home/usamah/Documents/project/learnRos2/install/rpm_project/lib/rpm_project/service_client.py
[1.332s] -- Up-to-date symlink: /home/usamah/Documents/project/learnRos2/install/rpm_project/share/rpm_project//launch/rpm_node.launch.py
[1.332s] -- Up-to-date symlink: /home/usamah/Documents/project/learnRos2/install/rpm_project/share/ament_index/resource_index/package_run_dependencies/rpm_project
[1.333s] -- Up-to-date symlink: /home/usamah/Documents/project/learnRos2/install/rpm_project/share/ament_index/resource_index/parent_prefix_path/rpm_project
[1.333s] -- Up-to-date symlink: /home/usamah/Documents/project/learnRos2/install/rpm_project/share/rpm_project/environment/ament_prefix_path.sh
[1.333s] -- Up-to-date symlink: /home/usamah/Documents/project/learnRos2/install/rpm_project/share/rpm_project/environment/ament_prefix_path.dsv
[1.333s] -- Up-to-date symlink: /home/usamah/Documents/project/learnRos2/install/rpm_project/share/rpm_project/environment/path.sh
[1.333s] -- Up-to-date symlink: /home/usamah/Documents/project/learnRos2/install/rpm_project/share/rpm_project/environment/path.dsv
[1.333s] -- Up-to-date symlink: /home/usamah/Documents/project/learnRos2/install/rpm_project/share/rpm_project/local_setup.bash
[1.333s] -- Up-to-date symlink: /home/usamah/Documents/project/learnRos2/install/rpm_project/share/rpm_project/local_setup.sh
[1.333s] -- Up-to-date symlink: /home/usamah/Documents/project/learnRos2/install/rpm_project/share/rpm_project/local_setup.zsh
[1.334s] -- Up-to-date symlink: /home/usamah/Documents/project/learnRos2/install/rpm_project/share/rpm_project/local_setup.dsv
[1.334s] -- Symlinking: /home/usamah/Documents/project/learnRos2/install/rpm_project/share/rpm_project/package.dsv
[1.342s] -- Up-to-date symlink: /home/usamah/Documents/project/learnRos2/install/rpm_project/share/ament_index/resource_index/packages/rpm_project
[1.342s] -- Up-to-date symlink: /home/usamah/Documents/project/learnRos2/install/rpm_project/share/rpm_project/cmake/rosidl_cmake-extras.cmake
[1.342s] -- Up-to-date symlink: /home/usamah/Documents/project/learnRos2/install/rpm_project/share/rpm_project/cmake/ament_cmake_export_include_directories-extras.cmake
[1.342s] -- Up-to-date symlink: /home/usamah/Documents/project/learnRos2/install/rpm_project/share/rpm_project/cmake/ament_cmake_export_libraries-extras.cmake
[1.342s] -- Up-to-date symlink: /home/usamah/Documents/project/learnRos2/install/rpm_project/share/rpm_project/cmake/ament_cmake_export_targets-extras.cmake
[1.342s] -- Up-to-date symlink: /home/usamah/Documents/project/learnRos2/install/rpm_project/share/rpm_project/cmake/rosidl_cmake_export_typesupport_targets-extras.cmake
[1.342s] -- Up-to-date symlink: /home/usamah/Documents/project/learnRos2/install/rpm_project/share/rpm_project/cmake/ament_cmake_export_dependencies-extras.cmake
[1.342s] -- Up-to-date symlink: /home/usamah/Documents/project/learnRos2/install/rpm_project/share/rpm_project/cmake/rosidl_cmake_export_typesupport_libraries-extras.cmake
[1.343s] -- Up-to-date symlink: /home/usamah/Documents/project/learnRos2/install/rpm_project/share/rpm_project/cmake/rpm_projectConfig.cmake
[1.343s] -- Up-to-date symlink: /home/usamah/Documents/project/learnRos2/install/rpm_project/share/rpm_project/cmake/rpm_projectConfig-version.cmake
[1.343s] -- Up-to-date symlink: /home/usamah/Documents/project/learnRos2/install/rpm_project/share/rpm_project/package.xml
[1.343s] -- Up-to-date: /home/usamah/Documents/project/learnRos2/install/rpm_project/lib/librpm_project__rosidl_generator_c.so
[1.343s] -- Up-to-date: /home/usamah/Documents/project/learnRos2/install/rpm_project/lib/librpm_project__rosidl_typesupport_fastrtps_c.so
[1.343s] -- Up-to-date: /home/usamah/Documents/project/learnRos2/install/rpm_project/lib/librpm_project__rosidl_typesupport_fastrtps_cpp.so
[1.344s] -- Up-to-date: /home/usamah/Documents/project/learnRos2/install/rpm_project/lib/librpm_project__rosidl_typesupport_introspection_c.so
[1.344s] -- Up-to-date: /home/usamah/Documents/project/learnRos2/install/rpm_project/lib/librpm_project__rosidl_typesupport_c.so
[1.344s] -- Up-to-date: /home/usamah/Documents/project/learnRos2/install/rpm_project/lib/librpm_project__rosidl_typesupport_introspection_cpp.so
[1.344s] -- Up-to-date: /home/usamah/Documents/project/learnRos2/install/rpm_project/lib/librpm_project__rosidl_typesupport_cpp.so
[1.377s] Listing '/home/usamah/Documents/project/learnRos2/install/rpm_project/local/lib/python3.10/dist-packages/rpm_project'...
[1.377s] Compiling '/home/usamah/Documents/project/learnRos2/install/rpm_project/local/lib/python3.10/dist-packages/rpm_project/__init__.py'...
[1.377s] Listing '/home/usamah/Documents/project/learnRos2/install/rpm_project/local/lib/python3.10/dist-packages/rpm_project/srv'...
[1.381s] -- Up-to-date: /home/usamah/Documents/project/learnRos2/install/rpm_project/lib/librpm_project__rosidl_generator_py.so
[1.415s] Listing '/home/usamah/Documents/project/learnRos2/install/rpm_project/local/lib/python3.10/dist-packages/scripts'...
[1.415s] Compiling '/home/usamah/Documents/project/learnRos2/install/rpm_project/local/lib/python3.10/dist-packages/scripts/__init__.py'...
[1.415s] Compiling '/home/usamah/Documents/project/learnRos2/install/rpm_project/local/lib/python3.10/dist-packages/scripts/rpm_pub.py'...
[1.415s] Compiling '/home/usamah/Documents/project/learnRos2/install/rpm_project/local/lib/python3.10/dist-packages/scripts/rpm_pub_pram.py'...
[1.416s] Compiling '/home/usamah/Documents/project/learnRos2/install/rpm_project/local/lib/python3.10/dist-packages/scripts/service_client.py'...
[1.416s] Compiling '/home/usamah/Documents/project/learnRos2/install/rpm_project/local/lib/python3.10/dist-packages/scripts/service_server.py'...
[1.416s] Compiling '/home/usamah/Documents/project/learnRos2/install/rpm_project/local/lib/python3.10/dist-packages/scripts/speed_calc.py'...
[1.416s] Compiling '/home/usamah/Documents/project/learnRos2/install/rpm_project/local/lib/python3.10/dist-packages/scripts/speed_calc_pram.py'...
[1.420s] -- Up-to-date: /home/usamah/Documents/project/learnRos2/install/rpm_project/share/rpm_project/cmake/export_rpm_project__rosidl_generator_cExport.cmake
[1.420s] -- Up-to-date: /home/usamah/Documents/project/learnRos2/install/rpm_project/share/rpm_project/cmake/export_rpm_project__rosidl_generator_cExport-noconfig.cmake
[1.420s] -- Up-to-date: /home/usamah/Documents/project/learnRos2/install/rpm_project/share/rpm_project/cmake/export_rpm_project__rosidl_typesupport_fastrtps_cExport.cmake
[1.420s] -- Up-to-date: /home/usamah/Documents/project/learnRos2/install/rpm_project/share/rpm_project/cmake/export_rpm_project__rosidl_typesupport_fastrtps_cExport-noconfig.cmake
[1.420s] -- Up-to-date: /home/usamah/Documents/project/learnRos2/install/rpm_project/share/rpm_project/cmake/export_rpm_project__rosidl_generator_cppExport.cmake
[1.420s] -- Up-to-date: /home/usamah/Documents/project/learnRos2/install/rpm_project/share/rpm_project/cmake/export_rpm_project__rosidl_typesupport_fastrtps_cppExport.cmake
[1.420s] -- Up-to-date: /home/usamah/Documents/project/learnRos2/install/rpm_project/share/rpm_project/cmake/export_rpm_project__rosidl_typesupport_fastrtps_cppExport-noconfig.cmake
[1.420s] -- Up-to-date: /home/usamah/Documents/project/learnRos2/install/rpm_project/share/rpm_project/cmake/rpm_project__rosidl_typesupport_introspection_cExport.cmake
[1.420s] -- Up-to-date: /home/usamah/Documents/project/learnRos2/install/rpm_project/share/rpm_project/cmake/rpm_project__rosidl_typesupport_introspection_cExport-noconfig.cmake
[1.420s] -- Up-to-date: /home/usamah/Documents/project/learnRos2/install/rpm_project/share/rpm_project/cmake/rpm_project__rosidl_typesupport_cExport.cmake
[1.420s] -- Up-to-date: /home/usamah/Documents/project/learnRos2/install/rpm_project/share/rpm_project/cmake/rpm_project__rosidl_typesupport_cExport-noconfig.cmake
[1.420s] -- Up-to-date: /home/usamah/Documents/project/learnRos2/install/rpm_project/share/rpm_project/cmake/rpm_project__rosidl_typesupport_introspection_cppExport.cmake
[1.421s] -- Up-to-date: /home/usamah/Documents/project/learnRos2/install/rpm_project/share/rpm_project/cmake/rpm_project__rosidl_typesupport_introspection_cppExport-noconfig.cmake
[1.421s] -- Up-to-date: /home/usamah/Documents/project/learnRos2/install/rpm_project/share/rpm_project/cmake/rpm_project__rosidl_typesupport_cppExport.cmake
[1.421s] -- Up-to-date: /home/usamah/Documents/project/learnRos2/install/rpm_project/share/rpm_project/cmake/rpm_project__rosidl_typesupport_cppExport-noconfig.cmake
[1.421s] -- Up-to-date: /home/usamah/Documents/project/learnRos2/install/rpm_project/share/rpm_project/cmake/export_rpm_project__rosidl_generator_pyExport.cmake
[1.421s] -- Up-to-date: /home/usamah/Documents/project/learnRos2/install/rpm_project/share/rpm_project/cmake/export_rpm_project__rosidl_generator_pyExport-noconfig.cmake
[1.423s] Invoked command in '/home/usamah/Documents/project/learnRos2/build/rpm_project' returned '0': CMAKE_PREFIX_PATH=${CMAKE_PREFIX_PATH}:/opt/ros/humble /usr/bin/cmake --install /home/usamah/Documents/project/learnRos2/build/rpm_project
