[0.008s] Invoking command in '/home/usamah/Documents/project/learnRos2/build/second_turn_camera_project': CMAKE_PREFIX_PATH=${CMAKE_PREFIX_PATH}:/home/usamah/Documents/project/learnRos2/install/first_rpm_project:/opt/ros/humble /usr/bin/cmake --build /home/usamah/Documents/project/learnRos2/build/second_turn_camera_project -- -j16 -l16
[0.039s] [  3%] Built target second_turn_camera_project__cpp
[0.039s] [ 12%] Built target second_turn_camera_project__rosidl_generator_c
[0.043s] [ 12%] Built target ament_cmake_python_symlink_second_turn_camera_project
[0.043s] [ 12%] Built target ament_cmake_python_symlink_scripts
[0.052s] [ 22%] Built target second_turn_camera_project__rosidl_typesupport_cpp
[0.053s] [ 32%] Built target second_turn_camera_project__rosidl_typesupport_c
[0.053s] [ 45%] Built target second_turn_camera_project__rosidl_typesupport_introspection_cpp
[0.053s] [ 54%] Built target second_turn_camera_project__rosidl_typesupport_introspection_c
[0.053s] [ 61%] Built target second_turn_camera_project__rosidl_typesupport_fastrtps_cpp
[0.053s] [ 70%] Built target second_turn_camera_project__rosidl_typesupport_fastrtps_c
[0.066s] [ 70%] Built target second_turn_camera_project
[0.080s] [ 74%] Built target second_turn_camera_project__py
[0.096s] [ 80%] Built target second_turn_camera_project__rosidl_generator_py
[0.113s] [100%] Built target second_turn_camera_project__rosidl_typesupport_c__pyext
[0.113s] [100%] Built target second_turn_camera_project__rosidl_typesupport_introspection_c__pyext
[0.113s] [100%] Built target second_turn_camera_project__rosidl_typesupport_fastrtps_c__pyext
[0.267s] running egg_info
[0.268s] writing scripts.egg-info/PKG-INFO
[0.268s] writing dependency_links to scripts.egg-info/dependency_links.txt
[0.268s] running egg_info
[0.268s] writing top-level names to scripts.egg-info/top_level.txt
[0.269s] writing second_turn_camera_project.egg-info/PKG-INFO
[0.269s] writing dependency_links to second_turn_camera_project.egg-info/dependency_links.txt
[0.269s] writing top-level names to second_turn_camera_project.egg-info/top_level.txt
[0.270s] reading manifest file 'scripts.egg-info/SOURCES.txt'
[0.270s] writing manifest file 'scripts.egg-info/SOURCES.txt'
[0.271s] reading manifest file 'second_turn_camera_project.egg-info/SOURCES.txt'
[0.271s] writing manifest file 'second_turn_camera_project.egg-info/SOURCES.txt'
[0.292s] [100%] Built target ament_cmake_python_build_scripts_egg
[0.293s] [100%] Built target ament_cmake_python_build_second_turn_camera_project_egg
[0.301s] Invoked command in '/home/usamah/Documents/project/learnRos2/build/second_turn_camera_project' returned '0': CMAKE_PREFIX_PATH=${CMAKE_PREFIX_PATH}:/home/usamah/Documents/project/learnRos2/install/first_rpm_project:/opt/ros/humble /usr/bin/cmake --build /home/usamah/Documents/project/learnRos2/build/second_turn_camera_project -- -j16 -l16
[0.347s] Invoking command in '/home/usamah/Documents/project/learnRos2/build/second_turn_camera_project': CMAKE_PREFIX_PATH=${CMAKE_PREFIX_PATH}:/home/usamah/Documents/project/learnRos2/install/first_rpm_project:/opt/ros/humble /usr/bin/cmake --install /home/usamah/Documents/project/learnRos2/build/second_turn_camera_project
[0.351s] -- Install configuration: ""
[0.352s] -- Execute custom install script
[0.352s] -- Up-to-date symlink: /home/usamah/Documents/project/learnRos2/install/second_turn_camera_project/share/ament_index/resource_index/rosidl_interfaces/second_turn_camera_project
[0.352s] -- Up-to-date symlink: /home/usamah/Documents/project/learnRos2/install/second_turn_camera_project/include/second_turn_camera_project/second_turn_camera_project/msg/rosidl_generator_c__visibility_control.h
[0.352s] -- Up-to-date symlink: /home/usamah/Documents/project/learnRos2/install/second_turn_camera_project/include/second_turn_camera_project/second_turn_camera_project/srv/detail/secnd_project_turn_camer__functions.h
[0.352s] -- Up-to-date symlink: /home/usamah/Documents/project/learnRos2/install/second_turn_camera_project/include/second_turn_camera_project/second_turn_camera_project/srv/detail/secnd_project_turn_camer__struct.h
[0.352s] -- Up-to-date symlink: /home/usamah/Documents/project/learnRos2/install/second_turn_camera_project/include/second_turn_camera_project/second_turn_camera_project/srv/detail/secnd_project_turn_camer__type_support.h
[0.352s] -- Up-to-date symlink: /home/usamah/Documents/project/learnRos2/install/second_turn_camera_project/include/second_turn_camera_project/second_turn_camera_project/srv/secnd_project_turn_camer.h
[0.352s] -- Up-to-date symlink: /home/usamah/Documents/project/learnRos2/install/second_turn_camera_project/share/second_turn_camera_project/environment/library_path.sh
[0.353s] -- Up-to-date symlink: /home/usamah/Documents/project/learnRos2/install/second_turn_camera_project/share/second_turn_camera_project/environment/library_path.dsv
[0.353s] -- Up-to-date symlink: /home/usamah/Documents/project/learnRos2/install/second_turn_camera_project/include/second_turn_camera_project/second_turn_camera_project/msg/rosidl_typesupport_fastrtps_c__visibility_control.h
[0.353s] -- Up-to-date symlink: /home/usamah/Documents/project/learnRos2/install/second_turn_camera_project/include/second_turn_camera_project/second_turn_camera_project/srv/detail/secnd_project_turn_camer__rosidl_typesupport_fastrtps_c.h
[0.353s] -- Up-to-date symlink: /home/usamah/Documents/project/learnRos2/install/second_turn_camera_project/include/second_turn_camera_project/second_turn_camera_project/msg/rosidl_typesupport_introspection_c__visibility_control.h
[0.353s] -- Up-to-date symlink: /home/usamah/Documents/project/learnRos2/install/second_turn_camera_project/include/second_turn_camera_project/second_turn_camera_project/srv/detail/secnd_project_turn_camer__rosidl_typesupport_introspection_c.h
[0.353s] -- Up-to-date symlink: /home/usamah/Documents/project/learnRos2/install/second_turn_camera_project/include/second_turn_camera_project/second_turn_camera_project/srv/detail/secnd_project_turn_camer__builder.hpp
[0.353s] -- Up-to-date symlink: /home/usamah/Documents/project/learnRos2/install/second_turn_camera_project/include/second_turn_camera_project/second_turn_camera_project/srv/detail/secnd_project_turn_camer__struct.hpp
[0.353s] -- Up-to-date symlink: /home/usamah/Documents/project/learnRos2/install/second_turn_camera_project/include/second_turn_camera_project/second_turn_camera_project/srv/detail/secnd_project_turn_camer__traits.hpp
[0.353s] -- Up-to-date symlink: /home/usamah/Documents/project/learnRos2/install/second_turn_camera_project/include/second_turn_camera_project/second_turn_camera_project/srv/secnd_project_turn_camer.hpp
[0.354s] -- Up-to-date symlink: /home/usamah/Documents/project/learnRos2/install/second_turn_camera_project/include/second_turn_camera_project/second_turn_camera_project/msg/rosidl_typesupport_fastrtps_cpp__visibility_control.h
[0.354s] -- Up-to-date symlink: /home/usamah/Documents/project/learnRos2/install/second_turn_camera_project/include/second_turn_camera_project/second_turn_camera_project/srv/detail/secnd_project_turn_camer__rosidl_typesupport_fastrtps_cpp.hpp
[0.354s] -- Up-to-date symlink: /home/usamah/Documents/project/learnRos2/install/second_turn_camera_project/include/second_turn_camera_project/second_turn_camera_project/srv/detail/secnd_project_turn_camer__rosidl_typesupport_introspection_cpp.hpp
[0.354s] -- Up-to-date symlink: /home/usamah/Documents/project/learnRos2/install/second_turn_camera_project/share/second_turn_camera_project/environment/pythonpath.sh
[0.354s] -- Up-to-date symlink: /home/usamah/Documents/project/learnRos2/install/second_turn_camera_project/share/second_turn_camera_project/environment/pythonpath.dsv
[0.354s] -- Up-to-date symlink: /home/usamah/Documents/project/learnRos2/install/second_turn_camera_project/local/lib/python3.10/dist-packages/second_turn_camera_project-0.0.0-py3.10.egg-info/PKG-INFO
[0.354s] -- Up-to-date symlink: /home/usamah/Documents/project/learnRos2/install/second_turn_camera_project/local/lib/python3.10/dist-packages/second_turn_camera_project-0.0.0-py3.10.egg-info/SOURCES.txt
[0.354s] -- Up-to-date symlink: /home/usamah/Documents/project/learnRos2/install/second_turn_camera_project/local/lib/python3.10/dist-packages/second_turn_camera_project-0.0.0-py3.10.egg-info/dependency_links.txt
[0.354s] -- Up-to-date symlink: /home/usamah/Documents/project/learnRos2/install/second_turn_camera_project/local/lib/python3.10/dist-packages/second_turn_camera_project-0.0.0-py3.10.egg-info/top_level.txt
[0.355s] -- Up-to-date symlink: /home/usamah/Documents/project/learnRos2/install/second_turn_camera_project/local/lib/python3.10/dist-packages/second_turn_camera_project/__init__.py
[0.355s] -- Up-to-date symlink: /home/usamah/Documents/project/learnRos2/install/second_turn_camera_project/local/lib/python3.10/dist-packages/second_turn_camera_project/_second_turn_camera_project_s.ep.rosidl_typesupport_c.c
[0.355s] -- Up-to-date symlink: /home/usamah/Documents/project/learnRos2/install/second_turn_camera_project/local/lib/python3.10/dist-packages/second_turn_camera_project/_second_turn_camera_project_s.ep.rosidl_typesupport_fastrtps_c.c
[0.355s] -- Up-to-date symlink: /home/usamah/Documents/project/learnRos2/install/second_turn_camera_project/local/lib/python3.10/dist-packages/second_turn_camera_project/_second_turn_camera_project_s.ep.rosidl_typesupport_introspection_c.c
[0.355s] -- Up-to-date symlink: /home/usamah/Documents/project/learnRos2/install/second_turn_camera_project/local/lib/python3.10/dist-packages/second_turn_camera_project/libsecond_turn_camera_project__rosidl_generator_py.so
[0.355s] -- Up-to-date symlink: /home/usamah/Documents/project/learnRos2/install/second_turn_camera_project/local/lib/python3.10/dist-packages/second_turn_camera_project/second_turn_camera_project_s__rosidl_typesupport_c.cpython-310-x86_64-linux-gnu.so
[0.355s] -- Up-to-date symlink: /home/usamah/Documents/project/learnRos2/install/second_turn_camera_project/local/lib/python3.10/dist-packages/second_turn_camera_project/second_turn_camera_project_s__rosidl_typesupport_fastrtps_c.cpython-310-x86_64-linux-gnu.so
[0.355s] -- Up-to-date symlink: /home/usamah/Documents/project/learnRos2/install/second_turn_camera_project/local/lib/python3.10/dist-packages/second_turn_camera_project/second_turn_camera_project_s__rosidl_typesupport_introspection_c.cpython-310-x86_64-linux-gnu.so
[0.355s] -- Up-to-date symlink: /home/usamah/Documents/project/learnRos2/install/second_turn_camera_project/local/lib/python3.10/dist-packages/second_turn_camera_project/srv/__init__.py
[0.355s] -- Up-to-date symlink: /home/usamah/Documents/project/learnRos2/install/second_turn_camera_project/local/lib/python3.10/dist-packages/second_turn_camera_project/srv/_secnd_project_turn_camer.py
[0.355s] -- Up-to-date symlink: /home/usamah/Documents/project/learnRos2/install/second_turn_camera_project/local/lib/python3.10/dist-packages/second_turn_camera_project/srv/_secnd_project_turn_camer_s.c
[0.355s] -- Up-to-date symlink: /home/usamah/Documents/project/learnRos2/install/second_turn_camera_project/local/lib/python3.10/dist-packages/second_turn_camera_project/second_turn_camera_project_s__rosidl_typesupport_fastrtps_c.cpython-310-x86_64-linux-gnu.so
[0.356s] -- Up-to-date symlink: /home/usamah/Documents/project/learnRos2/install/second_turn_camera_project/local/lib/python3.10/dist-packages/second_turn_camera_project/second_turn_camera_project_s__rosidl_typesupport_introspection_c.cpython-310-x86_64-linux-gnu.so
[0.356s] -- Up-to-date symlink: /home/usamah/Documents/project/learnRos2/install/second_turn_camera_project/local/lib/python3.10/dist-packages/second_turn_camera_project/second_turn_camera_project_s__rosidl_typesupport_c.cpython-310-x86_64-linux-gnu.so
[0.356s] -- Up-to-date symlink: /home/usamah/Documents/project/learnRos2/install/second_turn_camera_project/share/second_turn_camera_project/srv/SecndProjectTurnCamer.idl
[0.356s] -- Up-to-date symlink: /home/usamah/Documents/project/learnRos2/install/second_turn_camera_project/share/second_turn_camera_project/srv/SecndProjectTurnCamer.srv
[0.356s] -- Up-to-date symlink: /home/usamah/Documents/project/learnRos2/install/second_turn_camera_project/share/second_turn_camera_project/srv/SecndProjectTurnCamer_Request.msg
[0.356s] -- Up-to-date symlink: /home/usamah/Documents/project/learnRos2/install/second_turn_camera_project/share/second_turn_camera_project/srv/SecndProjectTurnCamer_Response.msg
[0.356s] -- Up-to-date symlink: /home/usamah/Documents/project/learnRos2/install/second_turn_camera_project/local/lib/python3.10/dist-packages/scripts-0.0.0-py3.10.egg-info/PKG-INFO
[0.356s] -- Up-to-date symlink: /home/usamah/Documents/project/learnRos2/install/second_turn_camera_project/local/lib/python3.10/dist-packages/scripts-0.0.0-py3.10.egg-info/SOURCES.txt
[0.356s] -- Up-to-date symlink: /home/usamah/Documents/project/learnRos2/install/second_turn_camera_project/local/lib/python3.10/dist-packages/scripts-0.0.0-py3.10.egg-info/dependency_links.txt
[0.356s] -- Up-to-date symlink: /home/usamah/Documents/project/learnRos2/install/second_turn_camera_project/local/lib/python3.10/dist-packages/scripts-0.0.0-py3.10.egg-info/top_level.txt
[0.357s] -- Up-to-date symlink: /home/usamah/Documents/project/learnRos2/install/second_turn_camera_project/local/lib/python3.10/dist-packages/scripts/__init__.py
[0.357s] -- Up-to-date symlink: /home/usamah/Documents/project/learnRos2/install/second_turn_camera_project/local/lib/python3.10/dist-packages/scripts/turn_camer_server.py
[0.357s] -- Up-to-date symlink: /home/usamah/Documents/project/learnRos2/install/second_turn_camera_project/lib/second_turn_camera_project/turn_camer_server.py
[0.357s] -- Up-to-date symlink: /home/usamah/Documents/project/learnRos2/install/second_turn_camera_project/share/ament_index/resource_index/package_run_dependencies/second_turn_camera_project
[0.357s] -- Up-to-date symlink: /home/usamah/Documents/project/learnRos2/install/second_turn_camera_project/share/ament_index/resource_index/parent_prefix_path/second_turn_camera_project
[0.357s] -- Up-to-date symlink: /home/usamah/Documents/project/learnRos2/install/second_turn_camera_project/share/second_turn_camera_project/environment/ament_prefix_path.sh
[0.357s] -- Up-to-date symlink: /home/usamah/Documents/project/learnRos2/install/second_turn_camera_project/share/second_turn_camera_project/environment/ament_prefix_path.dsv
[0.357s] -- Up-to-date symlink: /home/usamah/Documents/project/learnRos2/install/second_turn_camera_project/share/second_turn_camera_project/environment/path.sh
[0.357s] -- Up-to-date symlink: /home/usamah/Documents/project/learnRos2/install/second_turn_camera_project/share/second_turn_camera_project/environment/path.dsv
[0.357s] -- Up-to-date symlink: /home/usamah/Documents/project/learnRos2/install/second_turn_camera_project/share/second_turn_camera_project/local_setup.bash
[0.357s] -- Up-to-date symlink: /home/usamah/Documents/project/learnRos2/install/second_turn_camera_project/share/second_turn_camera_project/local_setup.sh
[0.358s] -- Up-to-date symlink: /home/usamah/Documents/project/learnRos2/install/second_turn_camera_project/share/second_turn_camera_project/local_setup.zsh
[0.358s] -- Up-to-date symlink: /home/usamah/Documents/project/learnRos2/install/second_turn_camera_project/share/second_turn_camera_project/local_setup.dsv
[0.358s] -- Symlinking: /home/usamah/Documents/project/learnRos2/install/second_turn_camera_project/share/second_turn_camera_project/package.dsv
[0.363s] -- Up-to-date symlink: /home/usamah/Documents/project/learnRos2/install/second_turn_camera_project/share/ament_index/resource_index/packages/second_turn_camera_project
[0.363s] -- Up-to-date symlink: /home/usamah/Documents/project/learnRos2/install/second_turn_camera_project/share/second_turn_camera_project/cmake/rosidl_cmake-extras.cmake
[0.363s] -- Up-to-date symlink: /home/usamah/Documents/project/learnRos2/install/second_turn_camera_project/share/second_turn_camera_project/cmake/ament_cmake_export_dependencies-extras.cmake
[0.363s] -- Up-to-date symlink: /home/usamah/Documents/project/learnRos2/install/second_turn_camera_project/share/second_turn_camera_project/cmake/ament_cmake_export_include_directories-extras.cmake
[0.363s] -- Up-to-date symlink: /home/usamah/Documents/project/learnRos2/install/second_turn_camera_project/share/second_turn_camera_project/cmake/ament_cmake_export_libraries-extras.cmake
[0.363s] -- Up-to-date symlink: /home/usamah/Documents/project/learnRos2/install/second_turn_camera_project/share/second_turn_camera_project/cmake/ament_cmake_export_targets-extras.cmake
[0.363s] -- Up-to-date symlink: /home/usamah/Documents/project/learnRos2/install/second_turn_camera_project/share/second_turn_camera_project/cmake/rosidl_cmake_export_typesupport_targets-extras.cmake
[0.363s] -- Up-to-date symlink: /home/usamah/Documents/project/learnRos2/install/second_turn_camera_project/share/second_turn_camera_project/cmake/rosidl_cmake_export_typesupport_libraries-extras.cmake
[0.363s] -- Up-to-date symlink: /home/usamah/Documents/project/learnRos2/install/second_turn_camera_project/share/second_turn_camera_project/cmake/second_turn_camera_projectConfig.cmake
[0.363s] -- Up-to-date symlink: /home/usamah/Documents/project/learnRos2/install/second_turn_camera_project/share/second_turn_camera_project/cmake/second_turn_camera_projectConfig-version.cmake
[0.364s] -- Up-to-date symlink: /home/usamah/Documents/project/learnRos2/install/second_turn_camera_project/share/second_turn_camera_project/package.xml
[0.364s] -- Up-to-date: /home/usamah/Documents/project/learnRos2/install/second_turn_camera_project/lib/libsecond_turn_camera_project__rosidl_generator_c.so
[0.364s] -- Up-to-date: /home/usamah/Documents/project/learnRos2/install/second_turn_camera_project/lib/libsecond_turn_camera_project__rosidl_typesupport_fastrtps_c.so
[0.364s] -- Up-to-date: /home/usamah/Documents/project/learnRos2/install/second_turn_camera_project/lib/libsecond_turn_camera_project__rosidl_typesupport_introspection_c.so
[0.364s] -- Up-to-date: /home/usamah/Documents/project/learnRos2/install/second_turn_camera_project/lib/libsecond_turn_camera_project__rosidl_typesupport_c.so
[0.364s] -- Up-to-date: /home/usamah/Documents/project/learnRos2/install/second_turn_camera_project/lib/libsecond_turn_camera_project__rosidl_typesupport_fastrtps_cpp.so
[0.364s] -- Up-to-date: /home/usamah/Documents/project/learnRos2/install/second_turn_camera_project/lib/libsecond_turn_camera_project__rosidl_typesupport_introspection_cpp.so
[0.365s] -- Up-to-date: /home/usamah/Documents/project/learnRos2/install/second_turn_camera_project/lib/libsecond_turn_camera_project__rosidl_typesupport_cpp.so
[0.390s] Listing '/home/usamah/Documents/project/learnRos2/install/second_turn_camera_project/local/lib/python3.10/dist-packages/second_turn_camera_project'...
[0.390s] Listing '/home/usamah/Documents/project/learnRos2/install/second_turn_camera_project/local/lib/python3.10/dist-packages/second_turn_camera_project/srv'...
[0.393s] -- Up-to-date: /home/usamah/Documents/project/learnRos2/install/second_turn_camera_project/lib/libsecond_turn_camera_project__rosidl_generator_py.so
[0.419s] Listing '/home/usamah/Documents/project/learnRos2/install/second_turn_camera_project/local/lib/python3.10/dist-packages/scripts'...
[0.419s] Compiling '/home/usamah/Documents/project/learnRos2/install/second_turn_camera_project/local/lib/python3.10/dist-packages/scripts/turn_camer_server.py'...
[0.422s] -- Up-to-date: /home/usamah/Documents/project/learnRos2/install/second_turn_camera_project/share/second_turn_camera_project/cmake/export_second_turn_camera_project__rosidl_generator_cExport.cmake
[0.422s] -- Up-to-date: /home/usamah/Documents/project/learnRos2/install/second_turn_camera_project/share/second_turn_camera_project/cmake/export_second_turn_camera_project__rosidl_generator_cExport-noconfig.cmake
[0.422s] -- Up-to-date: /home/usamah/Documents/project/learnRos2/install/second_turn_camera_project/share/second_turn_camera_project/cmake/export_second_turn_camera_project__rosidl_typesupport_fastrtps_cExport.cmake
[0.422s] -- Up-to-date: /home/usamah/Documents/project/learnRos2/install/second_turn_camera_project/share/second_turn_camera_project/cmake/export_second_turn_camera_project__rosidl_typesupport_fastrtps_cExport-noconfig.cmake
[0.422s] -- Up-to-date: /home/usamah/Documents/project/learnRos2/install/second_turn_camera_project/share/second_turn_camera_project/cmake/second_turn_camera_project__rosidl_typesupport_introspection_cExport.cmake
[0.423s] -- Up-to-date: /home/usamah/Documents/project/learnRos2/install/second_turn_camera_project/share/second_turn_camera_project/cmake/second_turn_camera_project__rosidl_typesupport_introspection_cExport-noconfig.cmake
[0.423s] -- Up-to-date: /home/usamah/Documents/project/learnRos2/install/second_turn_camera_project/share/second_turn_camera_project/cmake/second_turn_camera_project__rosidl_typesupport_cExport.cmake
[0.423s] -- Up-to-date: /home/usamah/Documents/project/learnRos2/install/second_turn_camera_project/share/second_turn_camera_project/cmake/second_turn_camera_project__rosidl_typesupport_cExport-noconfig.cmake
[0.423s] -- Up-to-date: /home/usamah/Documents/project/learnRos2/install/second_turn_camera_project/share/second_turn_camera_project/cmake/export_second_turn_camera_project__rosidl_generator_cppExport.cmake
[0.423s] -- Up-to-date: /home/usamah/Documents/project/learnRos2/install/second_turn_camera_project/share/second_turn_camera_project/cmake/export_second_turn_camera_project__rosidl_typesupport_fastrtps_cppExport.cmake
[0.423s] -- Up-to-date: /home/usamah/Documents/project/learnRos2/install/second_turn_camera_project/share/second_turn_camera_project/cmake/export_second_turn_camera_project__rosidl_typesupport_fastrtps_cppExport-noconfig.cmake
[0.423s] -- Up-to-date: /home/usamah/Documents/project/learnRos2/install/second_turn_camera_project/share/second_turn_camera_project/cmake/second_turn_camera_project__rosidl_typesupport_introspection_cppExport.cmake
[0.423s] -- Up-to-date: /home/usamah/Documents/project/learnRos2/install/second_turn_camera_project/share/second_turn_camera_project/cmake/second_turn_camera_project__rosidl_typesupport_introspection_cppExport-noconfig.cmake
[0.423s] -- Up-to-date: /home/usamah/Documents/project/learnRos2/install/second_turn_camera_project/share/second_turn_camera_project/cmake/second_turn_camera_project__rosidl_typesupport_cppExport.cmake
[0.423s] -- Up-to-date: /home/usamah/Documents/project/learnRos2/install/second_turn_camera_project/share/second_turn_camera_project/cmake/second_turn_camera_project__rosidl_typesupport_cppExport-noconfig.cmake
[0.423s] -- Up-to-date: /home/usamah/Documents/project/learnRos2/install/second_turn_camera_project/share/second_turn_camera_project/cmake/export_second_turn_camera_project__rosidl_generator_pyExport.cmake
[0.423s] -- Up-to-date: /home/usamah/Documents/project/learnRos2/install/second_turn_camera_project/share/second_turn_camera_project/cmake/export_second_turn_camera_project__rosidl_generator_pyExport-noconfig.cmake
[0.425s] Invoked command in '/home/usamah/Documents/project/learnRos2/build/second_turn_camera_project' returned '0': CMAKE_PREFIX_PATH=${CMAKE_PREFIX_PATH}:/home/usamah/Documents/project/learnRos2/install/first_rpm_project:/opt/ros/humble /usr/bin/cmake --install /home/usamah/Documents/project/learnRos2/build/second_turn_camera_project
