[0.070s] DEBUG:colcon:Command line arguments: ['/usr/bin/colcon', 'build', '--packages-select', 'second_turn_camera_project', '--symlink-install']
[0.070s] DEBUG:colcon:Parsed command line arguments: Namespace(log_base=None, log_level=None, verb_name='build', build_base='build', install_base='install', merge_install=False, symlink_install=True, test_result_base=None, continue_on_error=False, executor='parallel', parallel_workers=16, event_handlers=None, ignore_user_meta=False, metas=['./colcon.meta'], base_paths=['.'], packages_ignore=None, packages_ignore_regex=None, paths=None, packages_up_to=None, packages_up_to_regex=None, packages_above=None, packages_above_and_dependencies=None, packages_above_depth=None, packages_select_by_dep=None, packages_skip_by_dep=None, packages_skip_up_to=None, packages_select_build_failed=False, packages_skip_build_finished=False, packages_select_test_failures=False, packages_skip_test_passed=False, packages_select=['second_turn_camera_project'], packages_skip=None, packages_select_regex=None, packages_skip_regex=None, packages_start=None, packages_end=None, allow_overriding=[], cmake_args=None, cmake_target=None, cmake_target_skip_unavailable=False, cmake_clean_cache=False, cmake_clean_first=False, cmake_force_configure=False, ament_cmake_args=None, catkin_cmake_args=None, catkin_skip_building_tests=False, mixin_files=None, mixin=None, verb_parser=<colcon_mixin.mixin.mixin_argument.MixinArgumentDecorator object at 0x71e7d3e5fac0>, verb_extension=<colcon_core.verb.build.BuildVerb object at 0x71e7d3e5f130>, main=<bound method BuildVerb.main of <colcon_core.verb.build.BuildVerb object at 0x71e7d3e5f130>>, mixin_verb=('build',))
[0.199s] Level 1:colcon.colcon_core.package_discovery:discover_packages(colcon_meta) check parameters
[0.199s] Level 1:colcon.colcon_core.package_discovery:discover_packages(recursive) check parameters
[0.199s] Level 1:colcon.colcon_core.package_discovery:discover_packages(ignore) check parameters
[0.199s] Level 1:colcon.colcon_core.package_discovery:discover_packages(path) check parameters
[0.199s] Level 1:colcon.colcon_core.package_discovery:discover_packages(colcon_meta) discover
[0.199s] Level 1:colcon.colcon_core.package_discovery:discover_packages(recursive) discover
[0.199s] INFO:colcon.colcon_core.package_discovery:Crawling recursively for packages in '/home/usamah/Documents/project/learnRos2'
[0.199s] Level 1:colcon.colcon_core.package_identification:_identify(.) by extensions ['ignore', 'ignore_ament_install']
[0.199s] Level 1:colcon.colcon_core.package_identification:_identify(.) by extension 'ignore'
[0.199s] Level 1:colcon.colcon_core.package_identification:_identify(.) by extension 'ignore_ament_install'
[0.199s] Level 1:colcon.colcon_core.package_identification:_identify(.) by extensions ['colcon_pkg']
[0.199s] Level 1:colcon.colcon_core.package_identification:_identify(.) by extension 'colcon_pkg'
[0.199s] Level 1:colcon.colcon_core.package_identification:_identify(.) by extensions ['colcon_meta']
[0.199s] Level 1:colcon.colcon_core.package_identification:_identify(.) by extension 'colcon_meta'
[0.199s] Level 1:colcon.colcon_core.package_identification:_identify(.) by extensions ['ros']
[0.199s] Level 1:colcon.colcon_core.package_identification:_identify(.) by extension 'ros'
[0.220s] Level 1:colcon.colcon_core.package_identification:_identify(.) by extensions ['cmake', 'python']
[0.220s] Level 1:colcon.colcon_core.package_identification:_identify(.) by extension 'cmake'
[0.220s] Level 1:colcon.colcon_core.package_identification:_identify(.) by extension 'python'
[0.220s] Level 1:colcon.colcon_core.package_identification:_identify(.) by extensions ['python_setup_py']
[0.220s] Level 1:colcon.colcon_core.package_identification:_identify(.) by extension 'python_setup_py'
[0.220s] Level 1:colcon.colcon_core.package_identification:_identify(01_udemy_publish_subscribe) by extensions ['ignore', 'ignore_ament_install']
[0.220s] Level 1:colcon.colcon_core.package_identification:_identify(01_udemy_publish_subscribe) by extension 'ignore'
[0.220s] Level 1:colcon.colcon_core.package_identification:_identify(01_udemy_publish_subscribe) by extension 'ignore_ament_install'
[0.221s] Level 1:colcon.colcon_core.package_identification:_identify(01_udemy_publish_subscribe) by extensions ['colcon_pkg']
[0.221s] Level 1:colcon.colcon_core.package_identification:_identify(01_udemy_publish_subscribe) by extension 'colcon_pkg'
[0.221s] Level 1:colcon.colcon_core.package_identification:_identify(01_udemy_publish_subscribe) by extensions ['colcon_meta']
[0.221s] Level 1:colcon.colcon_core.package_identification:_identify(01_udemy_publish_subscribe) by extension 'colcon_meta'
[0.221s] Level 1:colcon.colcon_core.package_identification:_identify(01_udemy_publish_subscribe) by extensions ['ros']
[0.221s] Level 1:colcon.colcon_core.package_identification:_identify(01_udemy_publish_subscribe) by extension 'ros'
[0.221s] Level 1:colcon.colcon_core.package_identification:_identify(01_udemy_publish_subscribe) by extensions ['cmake', 'python']
[0.221s] Level 1:colcon.colcon_core.package_identification:_identify(01_udemy_publish_subscribe) by extension 'cmake'
[0.221s] Level 1:colcon.colcon_core.package_identification:_identify(01_udemy_publish_subscribe) by extension 'python'
[0.221s] Level 1:colcon.colcon_core.package_identification:_identify(01_udemy_publish_subscribe) by extensions ['python_setup_py']
[0.221s] Level 1:colcon.colcon_core.package_identification:_identify(01_udemy_publish_subscribe) by extension 'python_setup_py'
[0.221s] Level 1:colcon.colcon_core.package_identification:_identify(01_udemy_publish_subscribe/src) by extensions ['ignore', 'ignore_ament_install']
[0.221s] Level 1:colcon.colcon_core.package_identification:_identify(01_udemy_publish_subscribe/src) by extension 'ignore'
[0.221s] Level 1:colcon.colcon_core.package_identification:_identify(01_udemy_publish_subscribe/src) by extension 'ignore_ament_install'
[0.221s] Level 1:colcon.colcon_core.package_identification:_identify(01_udemy_publish_subscribe/src) by extensions ['colcon_pkg']
[0.221s] Level 1:colcon.colcon_core.package_identification:_identify(01_udemy_publish_subscribe/src) by extension 'colcon_pkg'
[0.221s] Level 1:colcon.colcon_core.package_identification:_identify(01_udemy_publish_subscribe/src) by extensions ['colcon_meta']
[0.221s] Level 1:colcon.colcon_core.package_identification:_identify(01_udemy_publish_subscribe/src) by extension 'colcon_meta'
[0.221s] Level 1:colcon.colcon_core.package_identification:_identify(01_udemy_publish_subscribe/src) by extensions ['ros']
[0.221s] Level 1:colcon.colcon_core.package_identification:_identify(01_udemy_publish_subscribe/src) by extension 'ros'
[0.221s] Level 1:colcon.colcon_core.package_identification:_identify(01_udemy_publish_subscribe/src) by extensions ['cmake', 'python']
[0.221s] Level 1:colcon.colcon_core.package_identification:_identify(01_udemy_publish_subscribe/src) by extension 'cmake'
[0.221s] Level 1:colcon.colcon_core.package_identification:_identify(01_udemy_publish_subscribe/src) by extension 'python'
[0.221s] Level 1:colcon.colcon_core.package_identification:_identify(01_udemy_publish_subscribe/src) by extensions ['python_setup_py']
[0.221s] Level 1:colcon.colcon_core.package_identification:_identify(01_udemy_publish_subscribe/src) by extension 'python_setup_py'
[0.221s] Level 1:colcon.colcon_core.package_identification:_identify(01_udemy_publish_subscribe/src/udemy_ros2_pkg) by extensions ['ignore', 'ignore_ament_install']
[0.221s] Level 1:colcon.colcon_core.package_identification:_identify(01_udemy_publish_subscribe/src/udemy_ros2_pkg) by extension 'ignore'
[0.221s] Level 1:colcon.colcon_core.package_identification:_identify(01_udemy_publish_subscribe/src/udemy_ros2_pkg) by extension 'ignore_ament_install'
[0.221s] Level 1:colcon.colcon_core.package_identification:_identify(01_udemy_publish_subscribe/src/udemy_ros2_pkg) by extensions ['colcon_pkg']
[0.221s] Level 1:colcon.colcon_core.package_identification:_identify(01_udemy_publish_subscribe/src/udemy_ros2_pkg) by extension 'colcon_pkg'
[0.221s] Level 1:colcon.colcon_core.package_identification:_identify(01_udemy_publish_subscribe/src/udemy_ros2_pkg) by extensions ['colcon_meta']
[0.221s] Level 1:colcon.colcon_core.package_identification:_identify(01_udemy_publish_subscribe/src/udemy_ros2_pkg) by extension 'colcon_meta'
[0.221s] Level 1:colcon.colcon_core.package_identification:_identify(01_udemy_publish_subscribe/src/udemy_ros2_pkg) by extensions ['ros']
[0.221s] Level 1:colcon.colcon_core.package_identification:_identify(01_udemy_publish_subscribe/src/udemy_ros2_pkg) by extension 'ros'
[0.223s] DEBUG:colcon.colcon_core.package_identification:Package '01_udemy_publish_subscribe/src/udemy_ros2_pkg' with type 'ros.ament_cmake' and name 'udemy_ros2_pkg'
[0.223s] Level 1:colcon.colcon_core.package_identification:_identify(02_udemy_project) by extensions ['ignore', 'ignore_ament_install']
[0.223s] Level 1:colcon.colcon_core.package_identification:_identify(02_udemy_project) by extension 'ignore'
[0.223s] Level 1:colcon.colcon_core.package_identification:_identify(02_udemy_project) by extension 'ignore_ament_install'
[0.223s] Level 1:colcon.colcon_core.package_identification:_identify(02_udemy_project) by extensions ['colcon_pkg']
[0.223s] Level 1:colcon.colcon_core.package_identification:_identify(02_udemy_project) by extension 'colcon_pkg'
[0.223s] Level 1:colcon.colcon_core.package_identification:_identify(02_udemy_project) by extensions ['colcon_meta']
[0.223s] Level 1:colcon.colcon_core.package_identification:_identify(02_udemy_project) by extension 'colcon_meta'
[0.223s] Level 1:colcon.colcon_core.package_identification:_identify(02_udemy_project) by extensions ['ros']
[0.223s] Level 1:colcon.colcon_core.package_identification:_identify(02_udemy_project) by extension 'ros'
[0.223s] Level 1:colcon.colcon_core.package_identification:_identify(02_udemy_project) by extensions ['cmake', 'python']
[0.223s] Level 1:colcon.colcon_core.package_identification:_identify(02_udemy_project) by extension 'cmake'
[0.223s] Level 1:colcon.colcon_core.package_identification:_identify(02_udemy_project) by extension 'python'
[0.223s] Level 1:colcon.colcon_core.package_identification:_identify(02_udemy_project) by extensions ['python_setup_py']
[0.223s] Level 1:colcon.colcon_core.package_identification:_identify(02_udemy_project) by extension 'python_setup_py'
[0.224s] Level 1:colcon.colcon_core.package_identification:_identify(02_udemy_project/src) by extensions ['ignore', 'ignore_ament_install']
[0.224s] Level 1:colcon.colcon_core.package_identification:_identify(02_udemy_project/src) by extension 'ignore'
[0.224s] Level 1:colcon.colcon_core.package_identification:_identify(02_udemy_project/src) by extension 'ignore_ament_install'
[0.224s] Level 1:colcon.colcon_core.package_identification:_identify(02_udemy_project/src) by extensions ['colcon_pkg']
[0.224s] Level 1:colcon.colcon_core.package_identification:_identify(02_udemy_project/src) by extension 'colcon_pkg'
[0.224s] Level 1:colcon.colcon_core.package_identification:_identify(02_udemy_project/src) by extensions ['colcon_meta']
[0.224s] Level 1:colcon.colcon_core.package_identification:_identify(02_udemy_project/src) by extension 'colcon_meta'
[0.224s] Level 1:colcon.colcon_core.package_identification:_identify(02_udemy_project/src) by extensions ['ros']
[0.224s] Level 1:colcon.colcon_core.package_identification:_identify(02_udemy_project/src) by extension 'ros'
[0.224s] Level 1:colcon.colcon_core.package_identification:_identify(02_udemy_project/src) by extensions ['cmake', 'python']
[0.224s] Level 1:colcon.colcon_core.package_identification:_identify(02_udemy_project/src) by extension 'cmake'
[0.224s] Level 1:colcon.colcon_core.package_identification:_identify(02_udemy_project/src) by extension 'python'
[0.224s] Level 1:colcon.colcon_core.package_identification:_identify(02_udemy_project/src) by extensions ['python_setup_py']
[0.224s] Level 1:colcon.colcon_core.package_identification:_identify(02_udemy_project/src) by extension 'python_setup_py'
[0.224s] Level 1:colcon.colcon_core.package_identification:_identify(02_udemy_project/src/first_rpm_project) by extensions ['ignore', 'ignore_ament_install']
[0.224s] Level 1:colcon.colcon_core.package_identification:_identify(02_udemy_project/src/first_rpm_project) by extension 'ignore'
[0.224s] Level 1:colcon.colcon_core.package_identification:_identify(02_udemy_project/src/first_rpm_project) by extension 'ignore_ament_install'
[0.224s] Level 1:colcon.colcon_core.package_identification:_identify(02_udemy_project/src/first_rpm_project) by extensions ['colcon_pkg']
[0.224s] Level 1:colcon.colcon_core.package_identification:_identify(02_udemy_project/src/first_rpm_project) by extension 'colcon_pkg'
[0.224s] Level 1:colcon.colcon_core.package_identification:_identify(02_udemy_project/src/first_rpm_project) by extensions ['colcon_meta']
[0.224s] Level 1:colcon.colcon_core.package_identification:_identify(02_udemy_project/src/first_rpm_project) by extension 'colcon_meta'
[0.224s] Level 1:colcon.colcon_core.package_identification:_identify(02_udemy_project/src/first_rpm_project) by extensions ['ros']
[0.224s] Level 1:colcon.colcon_core.package_identification:_identify(02_udemy_project/src/first_rpm_project) by extension 'ros'
[0.225s] DEBUG:colcon.colcon_core.package_identification:Package '02_udemy_project/src/first_rpm_project' with type 'ros.ament_cmake' and name 'first_rpm_project'
[0.225s] Level 1:colcon.colcon_core.package_identification:_identify(02_udemy_project/src/second_turn_camera_project) by extensions ['ignore', 'ignore_ament_install']
[0.225s] Level 1:colcon.colcon_core.package_identification:_identify(02_udemy_project/src/second_turn_camera_project) by extension 'ignore'
[0.225s] Level 1:colcon.colcon_core.package_identification:_identify(02_udemy_project/src/second_turn_camera_project) by extension 'ignore_ament_install'
[0.225s] Level 1:colcon.colcon_core.package_identification:_identify(02_udemy_project/src/second_turn_camera_project) by extensions ['colcon_pkg']
[0.225s] Level 1:colcon.colcon_core.package_identification:_identify(02_udemy_project/src/second_turn_camera_project) by extension 'colcon_pkg'
[0.225s] Level 1:colcon.colcon_core.package_identification:_identify(02_udemy_project/src/second_turn_camera_project) by extensions ['colcon_meta']
[0.225s] Level 1:colcon.colcon_core.package_identification:_identify(02_udemy_project/src/second_turn_camera_project) by extension 'colcon_meta'
[0.225s] Level 1:colcon.colcon_core.package_identification:_identify(02_udemy_project/src/second_turn_camera_project) by extensions ['ros']
[0.225s] Level 1:colcon.colcon_core.package_identification:_identify(02_udemy_project/src/second_turn_camera_project) by extension 'ros'
[0.225s] DEBUG:colcon.colcon_core.package_identification:Package '02_udemy_project/src/second_turn_camera_project' with type 'ros.ament_cmake' and name 'second_turn_camera_project'
[0.225s] Level 1:colcon.colcon_core.package_identification:_identify(build) by extensions ['ignore', 'ignore_ament_install']
[0.225s] Level 1:colcon.colcon_core.package_identification:_identify(build) by extension 'ignore'
[0.225s] Level 1:colcon.colcon_core.package_identification:_identify(build) ignored
[0.225s] Level 1:colcon.colcon_core.package_identification:_identify(install) by extensions ['ignore', 'ignore_ament_install']
[0.225s] Level 1:colcon.colcon_core.package_identification:_identify(install) by extension 'ignore'
[0.226s] Level 1:colcon.colcon_core.package_identification:_identify(install) ignored
[0.226s] Level 1:colcon.colcon_core.package_identification:_identify(log) by extensions ['ignore', 'ignore_ament_install']
[0.226s] Level 1:colcon.colcon_core.package_identification:_identify(log) by extension 'ignore'
[0.226s] Level 1:colcon.colcon_core.package_identification:_identify(log) ignored
[0.226s] Level 1:colcon.colcon_core.package_discovery:discover_packages(recursive) using defaults
[0.226s] Level 1:colcon.colcon_core.package_discovery:discover_packages(ignore) discover
[0.226s] Level 1:colcon.colcon_core.package_discovery:discover_packages(ignore) using defaults
[0.226s] Level 1:colcon.colcon_core.package_discovery:discover_packages(path) discover
[0.226s] Level 1:colcon.colcon_core.package_discovery:discover_packages(path) using defaults
[0.238s] INFO:colcon.colcon_core.package_selection:Skipping not selected package 'first_rpm_project' in '02_udemy_project/src/first_rpm_project'
[0.238s] INFO:colcon.colcon_core.package_selection:Skipping not selected package 'udemy_ros2_pkg' in '01_udemy_publish_subscribe/src/udemy_ros2_pkg'
[0.238s] Level 1:colcon.colcon_core.package_discovery:discover_packages(prefix_path) check parameters
[0.238s] Level 1:colcon.colcon_core.package_discovery:discover_packages(prefix_path) discover
[0.239s] DEBUG:colcon.colcon_installed_package_information.package_discovery:Found 5 installed packages in /home/usamah/Documents/project/learnRos2/install
[0.240s] DEBUG:colcon.colcon_installed_package_information.package_discovery:Found 397 installed packages in /opt/ros/humble
[0.241s] Level 1:colcon.colcon_core.package_discovery:discover_packages(prefix_path) using defaults
[0.274s] Level 5:colcon.colcon_core.verb:set package 'second_turn_camera_project' build argument 'cmake_args' from command line to 'None'
[0.274s] Level 5:colcon.colcon_core.verb:set package 'second_turn_camera_project' build argument 'cmake_target' from command line to 'None'
[0.274s] Level 5:colcon.colcon_core.verb:set package 'second_turn_camera_project' build argument 'cmake_target_skip_unavailable' from command line to 'False'
[0.274s] Level 5:colcon.colcon_core.verb:set package 'second_turn_camera_project' build argument 'cmake_clean_cache' from command line to 'False'
[0.274s] Level 5:colcon.colcon_core.verb:set package 'second_turn_camera_project' build argument 'cmake_clean_first' from command line to 'False'
[0.274s] Level 5:colcon.colcon_core.verb:set package 'second_turn_camera_project' build argument 'cmake_force_configure' from command line to 'False'
[0.274s] Level 5:colcon.colcon_core.verb:set package 'second_turn_camera_project' build argument 'ament_cmake_args' from command line to 'None'
[0.275s] Level 5:colcon.colcon_core.verb:set package 'second_turn_camera_project' build argument 'catkin_cmake_args' from command line to 'None'
[0.275s] Level 5:colcon.colcon_core.verb:set package 'second_turn_camera_project' build argument 'catkin_skip_building_tests' from command line to 'False'
[0.275s] DEBUG:colcon.colcon_core.verb:Building package 'second_turn_camera_project' with the following arguments: {'ament_cmake_args': None, 'build_base': '/home/usamah/Documents/project/learnRos2/build/second_turn_camera_project', 'catkin_cmake_args': None, 'catkin_skip_building_tests': False, 'cmake_args': None, 'cmake_clean_cache': False, 'cmake_clean_first': False, 'cmake_force_configure': False, 'cmake_target': None, 'cmake_target_skip_unavailable': False, 'install_base': '/home/usamah/Documents/project/learnRos2/install/second_turn_camera_project', 'merge_install': False, 'path': '/home/usamah/Documents/project/learnRos2/02_udemy_project/src/second_turn_camera_project', 'symlink_install': True, 'test_result_base': None}
[0.275s] INFO:colcon.colcon_core.executor:Executing jobs using 'parallel' executor
[0.275s] DEBUG:colcon.colcon_parallel_executor.executor.parallel:run_until_complete
[0.276s] INFO:colcon.colcon_ros.task.ament_cmake.build:Building ROS package in '/home/usamah/Documents/project/learnRos2/02_udemy_project/src/second_turn_camera_project' with build type 'ament_cmake'
[0.276s] INFO:colcon.colcon_cmake.task.cmake.build:Building CMake package in '/home/usamah/Documents/project/learnRos2/02_udemy_project/src/second_turn_camera_project'
[0.277s] INFO:colcon.colcon_core.plugin_system:Skipping extension 'colcon_core.shell.bat': Not used on non-Windows systems
[0.277s] INFO:colcon.colcon_core.shell:Skip shell extension 'powershell' for command environment: Not usable outside of PowerShell
[0.277s] DEBUG:colcon.colcon_core.shell:Skip shell extension 'dsv' for command environment
[0.283s] DEBUG:colcon.colcon_core.event_handler.log_command:Invoking command in '/home/usamah/Documents/project/learnRos2/build/second_turn_camera_project': CMAKE_PREFIX_PATH=${CMAKE_PREFIX_PATH}:/opt/ros/humble /usr/bin/cmake --build /home/usamah/Documents/project/learnRos2/build/second_turn_camera_project -- -j16 -l16
[1.566s] DEBUG:colcon.colcon_core.event_handler.log_command:Invoked command in '/home/usamah/Documents/project/learnRos2/build/second_turn_camera_project' returned '0': CMAKE_PREFIX_PATH=${CMAKE_PREFIX_PATH}:/opt/ros/humble /usr/bin/cmake --build /home/usamah/Documents/project/learnRos2/build/second_turn_camera_project -- -j16 -l16
[1.636s] DEBUG:colcon.colcon_core.event_handler.log_command:Invoking command in '/home/usamah/Documents/project/learnRos2/build/second_turn_camera_project': CMAKE_PREFIX_PATH=${CMAKE_PREFIX_PATH}:/opt/ros/humble /usr/bin/cmake --install /home/usamah/Documents/project/learnRos2/build/second_turn_camera_project
[1.747s] Level 1:colcon.colcon_core.environment:create_environment_scripts_only(second_turn_camera_project)
[1.747s] DEBUG:colcon.colcon_core.event_handler.log_command:Invoked command in '/home/usamah/Documents/project/learnRos2/build/second_turn_camera_project' returned '0': CMAKE_PREFIX_PATH=${CMAKE_PREFIX_PATH}:/opt/ros/humble /usr/bin/cmake --install /home/usamah/Documents/project/learnRos2/build/second_turn_camera_project
[1.749s] Level 1:colcon.colcon_core.environment:checking '/home/usamah/Documents/project/learnRos2/install/second_turn_camera_project' for CMake module files
[1.750s] Level 1:colcon.colcon_core.environment:checking '/home/usamah/Documents/project/learnRos2/install/second_turn_camera_project' for CMake config files
[1.750s] Level 1:colcon.colcon_core.shell:create_environment_hook('second_turn_camera_project', 'cmake_prefix_path')
[1.751s] INFO:colcon.colcon_core.shell:Creating environment hook '/home/usamah/Documents/project/learnRos2/install/second_turn_camera_project/share/second_turn_camera_project/hook/cmake_prefix_path.ps1'
[1.751s] INFO:colcon.colcon_core.shell:Creating environment descriptor '/home/usamah/Documents/project/learnRos2/install/second_turn_camera_project/share/second_turn_camera_project/hook/cmake_prefix_path.dsv'
[1.752s] INFO:colcon.colcon_core.shell:Creating environment hook '/home/usamah/Documents/project/learnRos2/install/second_turn_camera_project/share/second_turn_camera_project/hook/cmake_prefix_path.sh'
[1.753s] Level 1:colcon.colcon_core.environment:checking '/home/usamah/Documents/project/learnRos2/install/second_turn_camera_project/lib'
[1.753s] Level 1:colcon.colcon_core.shell:create_environment_hook('second_turn_camera_project', 'ld_library_path_lib')
[1.753s] INFO:colcon.colcon_core.shell:Creating environment hook '/home/usamah/Documents/project/learnRos2/install/second_turn_camera_project/share/second_turn_camera_project/hook/ld_library_path_lib.ps1'
[1.754s] INFO:colcon.colcon_core.shell:Creating environment descriptor '/home/usamah/Documents/project/learnRos2/install/second_turn_camera_project/share/second_turn_camera_project/hook/ld_library_path_lib.dsv'
[1.754s] INFO:colcon.colcon_core.shell:Creating environment hook '/home/usamah/Documents/project/learnRos2/install/second_turn_camera_project/share/second_turn_camera_project/hook/ld_library_path_lib.sh'
[1.754s] Level 1:colcon.colcon_core.environment:checking '/home/usamah/Documents/project/learnRos2/install/second_turn_camera_project/bin'
[1.754s] Level 1:colcon.colcon_core.environment:checking '/home/usamah/Documents/project/learnRos2/install/second_turn_camera_project/lib/pkgconfig/second_turn_camera_project.pc'
[1.755s] Level 1:colcon.colcon_core.environment:checking '/home/usamah/Documents/project/learnRos2/install/second_turn_camera_project/lib/python3.10/site-packages'
[1.755s] Level 1:colcon.colcon_core.environment:checking '/home/usamah/Documents/project/learnRos2/install/second_turn_camera_project/bin'
[1.755s] INFO:colcon.colcon_core.shell:Creating package script '/home/usamah/Documents/project/learnRos2/install/second_turn_camera_project/share/second_turn_camera_project/package.ps1'
[1.756s] INFO:colcon.colcon_core.shell:Creating package descriptor '/home/usamah/Documents/project/learnRos2/install/second_turn_camera_project/share/second_turn_camera_project/package.dsv'
[1.757s] INFO:colcon.colcon_core.shell:Creating package script '/home/usamah/Documents/project/learnRos2/install/second_turn_camera_project/share/second_turn_camera_project/package.sh'
[1.757s] INFO:colcon.colcon_core.shell:Creating package script '/home/usamah/Documents/project/learnRos2/install/second_turn_camera_project/share/second_turn_camera_project/package.bash'
[1.758s] INFO:colcon.colcon_core.shell:Creating package script '/home/usamah/Documents/project/learnRos2/install/second_turn_camera_project/share/second_turn_camera_project/package.zsh'
[1.759s] Level 1:colcon.colcon_core.environment:create_file_with_runtime_dependencies(/home/usamah/Documents/project/learnRos2/install/second_turn_camera_project/share/colcon-core/packages/second_turn_camera_project)
[1.824s] Level 1:colcon.colcon_core.environment:create_environment_scripts_only(second_turn_camera_project)
[1.824s] Level 1:colcon.colcon_core.environment:checking '/home/usamah/Documents/project/learnRos2/install/second_turn_camera_project' for CMake module files
[1.824s] Level 1:colcon.colcon_core.environment:checking '/home/usamah/Documents/project/learnRos2/install/second_turn_camera_project' for CMake config files
[1.825s] Level 1:colcon.colcon_core.shell:create_environment_hook('second_turn_camera_project', 'cmake_prefix_path')
[1.825s] INFO:colcon.colcon_core.shell:Creating environment hook '/home/usamah/Documents/project/learnRos2/install/second_turn_camera_project/share/second_turn_camera_project/hook/cmake_prefix_path.ps1'
[1.825s] INFO:colcon.colcon_core.shell:Creating environment descriptor '/home/usamah/Documents/project/learnRos2/install/second_turn_camera_project/share/second_turn_camera_project/hook/cmake_prefix_path.dsv'
[1.826s] INFO:colcon.colcon_core.shell:Creating environment hook '/home/usamah/Documents/project/learnRos2/install/second_turn_camera_project/share/second_turn_camera_project/hook/cmake_prefix_path.sh'
[1.826s] Level 1:colcon.colcon_core.environment:checking '/home/usamah/Documents/project/learnRos2/install/second_turn_camera_project/lib'
[1.826s] Level 1:colcon.colcon_core.shell:create_environment_hook('second_turn_camera_project', 'ld_library_path_lib')
[1.827s] INFO:colcon.colcon_core.shell:Creating environment hook '/home/usamah/Documents/project/learnRos2/install/second_turn_camera_project/share/second_turn_camera_project/hook/ld_library_path_lib.ps1'
[1.827s] INFO:colcon.colcon_core.shell:Creating environment descriptor '/home/usamah/Documents/project/learnRos2/install/second_turn_camera_project/share/second_turn_camera_project/hook/ld_library_path_lib.dsv'
[1.827s] INFO:colcon.colcon_core.shell:Creating environment hook '/home/usamah/Documents/project/learnRos2/install/second_turn_camera_project/share/second_turn_camera_project/hook/ld_library_path_lib.sh'
[1.828s] Level 1:colcon.colcon_core.environment:checking '/home/usamah/Documents/project/learnRos2/install/second_turn_camera_project/bin'
[1.828s] Level 1:colcon.colcon_core.environment:checking '/home/usamah/Documents/project/learnRos2/install/second_turn_camera_project/lib/pkgconfig/second_turn_camera_project.pc'
[1.828s] Level 1:colcon.colcon_core.environment:checking '/home/usamah/Documents/project/learnRos2/install/second_turn_camera_project/lib/python3.10/site-packages'
[1.828s] Level 1:colcon.colcon_core.environment:checking '/home/usamah/Documents/project/learnRos2/install/second_turn_camera_project/bin'
[1.828s] INFO:colcon.colcon_core.shell:Creating package script '/home/usamah/Documents/project/learnRos2/install/second_turn_camera_project/share/second_turn_camera_project/package.ps1'
[1.829s] INFO:colcon.colcon_core.shell:Creating package descriptor '/home/usamah/Documents/project/learnRos2/install/second_turn_camera_project/share/second_turn_camera_project/package.dsv'
[1.829s] INFO:colcon.colcon_core.shell:Creating package script '/home/usamah/Documents/project/learnRos2/install/second_turn_camera_project/share/second_turn_camera_project/package.sh'
[1.830s] INFO:colcon.colcon_core.shell:Creating package script '/home/usamah/Documents/project/learnRos2/install/second_turn_camera_project/share/second_turn_camera_project/package.bash'
[1.830s] INFO:colcon.colcon_core.shell:Creating package script '/home/usamah/Documents/project/learnRos2/install/second_turn_camera_project/share/second_turn_camera_project/package.zsh'
[1.831s] Level 1:colcon.colcon_core.environment:create_file_with_runtime_dependencies(/home/usamah/Documents/project/learnRos2/install/second_turn_camera_project/share/colcon-core/packages/second_turn_camera_project)
[1.831s] DEBUG:colcon.colcon_parallel_executor.executor.parallel:closing loop
[1.831s] DEBUG:colcon.colcon_parallel_executor.executor.parallel:loop closed
[1.831s] DEBUG:colcon.colcon_parallel_executor.executor.parallel:run_until_complete finished with '0'
[1.831s] DEBUG:colcon.colcon_core.event_reactor:joining thread
[1.836s] INFO:colcon.colcon_core.plugin_system:Skipping extension 'colcon_notification.desktop_notification.notify_send': Could not find 'notify-send'
[1.836s] INFO:colcon.colcon_core.plugin_system:Skipping extension 'colcon_notification.desktop_notification.terminal_notifier': Not used on non-Darwin systems
[1.836s] INFO:colcon.colcon_core.plugin_system:Skipping extension 'colcon_notification.desktop_notification.win32': Not used on non-Windows systems
[1.836s] INFO:colcon.colcon_notification.desktop_notification:Sending desktop notification using 'notify2'
[1.848s] DEBUG:colcon.colcon_core.event_reactor:joined thread
[1.848s] INFO:colcon.colcon_core.shell:Creating prefix script '/home/usamah/Documents/project/learnRos2/install/local_setup.ps1'
[1.849s] INFO:colcon.colcon_core.shell:Creating prefix util module '/home/usamah/Documents/project/learnRos2/install/_local_setup_util_ps1.py'
[1.850s] INFO:colcon.colcon_core.shell:Creating prefix chain script '/home/usamah/Documents/project/learnRos2/install/setup.ps1'
[1.851s] INFO:colcon.colcon_core.shell:Creating prefix script '/home/usamah/Documents/project/learnRos2/install/local_setup.sh'
[1.852s] INFO:colcon.colcon_core.shell:Creating prefix util module '/home/usamah/Documents/project/learnRos2/install/_local_setup_util_sh.py'
[1.852s] INFO:colcon.colcon_core.shell:Creating prefix chain script '/home/usamah/Documents/project/learnRos2/install/setup.sh'
[1.853s] INFO:colcon.colcon_core.shell:Creating prefix script '/home/usamah/Documents/project/learnRos2/install/local_setup.bash'
[1.854s] INFO:colcon.colcon_core.shell:Creating prefix chain script '/home/usamah/Documents/project/learnRos2/install/setup.bash'
[1.855s] INFO:colcon.colcon_core.shell:Creating prefix script '/home/usamah/Documents/project/learnRos2/install/local_setup.zsh'
[1.855s] INFO:colcon.colcon_core.shell:Creating prefix chain script '/home/usamah/Documents/project/learnRos2/install/setup.zsh'
