[0.011s] Invoking command in '/home/usamah/Documents/project/learnRos2/build/first_rpm_project': CMAKE_PREFIX_PATH=${CMAKE_PREFIX_PATH}:/opt/ros/humble /usr/bin/cmake --build /home/usamah/Documents/project/learnRos2/build/first_rpm_project -- -j16 -l16
[0.043s] [  3%] Built target first_rpm_project__cpp
[0.043s] [ 12%] Built target first_rpm_project__rosidl_generator_c
[0.048s] [ 12%] Built target ament_cmake_python_symlink_first_rpm_project
[0.049s] [ 12%] Built target ament_cmake_python_symlink_scripts
[0.056s] [ 22%] Built target first_rpm_project__rosidl_typesupport_cpp
[0.057s] [ 32%] Built target first_rpm_project__rosidl_typesupport_introspection_cpp
[0.057s] [ 51%] Built target first_rpm_project__rosidl_typesupport_fastrtps_cpp
[0.057s] [ 51%] Built target first_rpm_project__rosidl_typesupport_c
[0.058s] [ 61%] Built target first_rpm_project__rosidl_typesupport_introspection_c
[0.062s] [ 70%] Built target first_rpm_project__rosidl_typesupport_fastrtps_c
[0.081s] [ 70%] Built target first_rpm_project
[0.102s] [ 74%] Built target first_rpm_project__py
[0.123s] [ 80%] Built target first_rpm_project__rosidl_generator_py
[0.143s] [ 93%] Built target first_rpm_project__rosidl_typesupport_fastrtps_c__pyext
[0.143s] [ 96%] Built target first_rpm_project__rosidl_typesupport_c__pyext
[0.144s] [100%] Built target first_rpm_project__rosidl_typesupport_introspection_c__pyext
[0.323s] running egg_info
[0.324s] writing first_rpm_project.egg-info/PKG-INFO
[0.324s] writing dependency_links to first_rpm_project.egg-info/dependency_links.txt
[0.324s] writing top-level names to first_rpm_project.egg-info/top_level.txt
[0.326s] reading manifest file 'first_rpm_project.egg-info/SOURCES.txt'
[0.327s] writing manifest file 'first_rpm_project.egg-info/SOURCES.txt'
[0.336s] running egg_info
[0.337s] writing scripts.egg-info/PKG-INFO
[0.337s] writing dependency_links to scripts.egg-info/dependency_links.txt
[0.337s] writing top-level names to scripts.egg-info/top_level.txt
[0.339s] reading manifest file 'scripts.egg-info/SOURCES.txt'
[0.340s] writing manifest file 'scripts.egg-info/SOURCES.txt'
[0.352s] [100%] Built target ament_cmake_python_build_first_rpm_project_egg
[0.363s] [100%] Built target ament_cmake_python_build_scripts_egg
[0.373s] Invoked command in '/home/usamah/Documents/project/learnRos2/build/first_rpm_project' returned '0': CMAKE_PREFIX_PATH=${CMAKE_PREFIX_PATH}:/opt/ros/humble /usr/bin/cmake --build /home/usamah/Documents/project/learnRos2/build/first_rpm_project -- -j16 -l16
[0.421s] Invoking command in '/home/usamah/Documents/project/learnRos2/build/first_rpm_project': CMAKE_PREFIX_PATH=${CMAKE_PREFIX_PATH}:/opt/ros/humble /usr/bin/cmake --install /home/usamah/Documents/project/learnRos2/build/first_rpm_project
[0.428s] -- Install configuration: ""
[0.428s] -- Execute custom install script
[0.428s] -- Up-to-date symlink: /home/usamah/Documents/project/learnRos2/install/first_rpm_project/share/ament_index/resource_index/rosidl_interfaces/first_rpm_project
[0.429s] -- Up-to-date symlink: /home/usamah/Documents/project/learnRos2/install/first_rpm_project/include/first_rpm_project/first_rpm_project/msg/rosidl_generator_c__visibility_control.h
[0.429s] -- Up-to-date symlink: /home/usamah/Documents/project/learnRos2/install/first_rpm_project/include/first_rpm_project/first_rpm_project/srv/detail/odd_even_check__functions.h
[0.429s] -- Up-to-date symlink: /home/usamah/Documents/project/learnRos2/install/first_rpm_project/include/first_rpm_project/first_rpm_project/srv/detail/odd_even_check__struct.h
[0.429s] -- Up-to-date symlink: /home/usamah/Documents/project/learnRos2/install/first_rpm_project/include/first_rpm_project/first_rpm_project/srv/detail/odd_even_check__type_support.h
[0.429s] -- Up-to-date symlink: /home/usamah/Documents/project/learnRos2/install/first_rpm_project/include/first_rpm_project/first_rpm_project/srv/odd_even_check.h
[0.429s] -- Up-to-date symlink: /home/usamah/Documents/project/learnRos2/install/first_rpm_project/share/first_rpm_project/environment/library_path.sh
[0.429s] -- Up-to-date symlink: /home/usamah/Documents/project/learnRos2/install/first_rpm_project/share/first_rpm_project/environment/library_path.dsv
[0.430s] -- Up-to-date symlink: /home/usamah/Documents/project/learnRos2/install/first_rpm_project/include/first_rpm_project/first_rpm_project/msg/rosidl_typesupport_fastrtps_c__visibility_control.h
[0.430s] -- Up-to-date symlink: /home/usamah/Documents/project/learnRos2/install/first_rpm_project/include/first_rpm_project/first_rpm_project/srv/detail/odd_even_check__rosidl_typesupport_fastrtps_c.h
[0.430s] -- Up-to-date symlink: /home/usamah/Documents/project/learnRos2/install/first_rpm_project/include/first_rpm_project/first_rpm_project/srv/detail/odd_even_check__builder.hpp
[0.430s] -- Up-to-date symlink: /home/usamah/Documents/project/learnRos2/install/first_rpm_project/include/first_rpm_project/first_rpm_project/srv/detail/odd_even_check__struct.hpp
[0.430s] -- Up-to-date symlink: /home/usamah/Documents/project/learnRos2/install/first_rpm_project/include/first_rpm_project/first_rpm_project/srv/detail/odd_even_check__traits.hpp
[0.431s] -- Up-to-date symlink: /home/usamah/Documents/project/learnRos2/install/first_rpm_project/include/first_rpm_project/first_rpm_project/srv/odd_even_check.hpp
[0.431s] -- Up-to-date symlink: /home/usamah/Documents/project/learnRos2/install/first_rpm_project/include/first_rpm_project/first_rpm_project/msg/rosidl_typesupport_fastrtps_cpp__visibility_control.h
[0.431s] -- Up-to-date symlink: /home/usamah/Documents/project/learnRos2/install/first_rpm_project/include/first_rpm_project/first_rpm_project/srv/detail/odd_even_check__rosidl_typesupport_fastrtps_cpp.hpp
[0.431s] -- Up-to-date symlink: /home/usamah/Documents/project/learnRos2/install/first_rpm_project/include/first_rpm_project/first_rpm_project/msg/rosidl_typesupport_introspection_c__visibility_control.h
[0.431s] -- Up-to-date symlink: /home/usamah/Documents/project/learnRos2/install/first_rpm_project/include/first_rpm_project/first_rpm_project/srv/detail/odd_even_check__rosidl_typesupport_introspection_c.h
[0.432s] -- Up-to-date symlink: /home/usamah/Documents/project/learnRos2/install/first_rpm_project/include/first_rpm_project/first_rpm_project/srv/detail/odd_even_check__rosidl_typesupport_introspection_cpp.hpp
[0.432s] -- Up-to-date symlink: /home/usamah/Documents/project/learnRos2/install/first_rpm_project/share/first_rpm_project/environment/pythonpath.sh
[0.432s] -- Up-to-date symlink: /home/usamah/Documents/project/learnRos2/install/first_rpm_project/share/first_rpm_project/environment/pythonpath.dsv
[0.432s] -- Up-to-date symlink: /home/usamah/Documents/project/learnRos2/install/first_rpm_project/local/lib/python3.10/dist-packages/first_rpm_project-0.0.0-py3.10.egg-info/PKG-INFO
[0.432s] -- Up-to-date symlink: /home/usamah/Documents/project/learnRos2/install/first_rpm_project/local/lib/python3.10/dist-packages/first_rpm_project-0.0.0-py3.10.egg-info/SOURCES.txt
[0.432s] -- Up-to-date symlink: /home/usamah/Documents/project/learnRos2/install/first_rpm_project/local/lib/python3.10/dist-packages/first_rpm_project-0.0.0-py3.10.egg-info/dependency_links.txt
[0.432s] -- Up-to-date symlink: /home/usamah/Documents/project/learnRos2/install/first_rpm_project/local/lib/python3.10/dist-packages/first_rpm_project-0.0.0-py3.10.egg-info/top_level.txt
[0.433s] -- Up-to-date symlink: /home/usamah/Documents/project/learnRos2/install/first_rpm_project/local/lib/python3.10/dist-packages/first_rpm_project/__init__.py
[0.433s] -- Up-to-date symlink: /home/usamah/Documents/project/learnRos2/install/first_rpm_project/local/lib/python3.10/dist-packages/first_rpm_project/_first_rpm_project_s.ep.rosidl_typesupport_c.c
[0.433s] -- Up-to-date symlink: /home/usamah/Documents/project/learnRos2/install/first_rpm_project/local/lib/python3.10/dist-packages/first_rpm_project/_first_rpm_project_s.ep.rosidl_typesupport_fastrtps_c.c
[0.433s] -- Up-to-date symlink: /home/usamah/Documents/project/learnRos2/install/first_rpm_project/local/lib/python3.10/dist-packages/first_rpm_project/_first_rpm_project_s.ep.rosidl_typesupport_introspection_c.c
[0.433s] -- Up-to-date symlink: /home/usamah/Documents/project/learnRos2/install/first_rpm_project/local/lib/python3.10/dist-packages/first_rpm_project/first_rpm_project_s__rosidl_typesupport_c.cpython-310-x86_64-linux-gnu.so
[0.433s] -- Up-to-date symlink: /home/usamah/Documents/project/learnRos2/install/first_rpm_project/local/lib/python3.10/dist-packages/first_rpm_project/first_rpm_project_s__rosidl_typesupport_fastrtps_c.cpython-310-x86_64-linux-gnu.so
[0.433s] -- Up-to-date symlink: /home/usamah/Documents/project/learnRos2/install/first_rpm_project/local/lib/python3.10/dist-packages/first_rpm_project/first_rpm_project_s__rosidl_typesupport_introspection_c.cpython-310-x86_64-linux-gnu.so
[0.433s] -- Up-to-date symlink: /home/usamah/Documents/project/learnRos2/install/first_rpm_project/local/lib/python3.10/dist-packages/first_rpm_project/libfirst_rpm_project__rosidl_generator_py.so
[0.433s] -- Up-to-date symlink: /home/usamah/Documents/project/learnRos2/install/first_rpm_project/local/lib/python3.10/dist-packages/first_rpm_project/srv/__init__.py
[0.434s] -- Up-to-date symlink: /home/usamah/Documents/project/learnRos2/install/first_rpm_project/local/lib/python3.10/dist-packages/first_rpm_project/srv/_odd_even_check.py
[0.434s] -- Up-to-date symlink: /home/usamah/Documents/project/learnRos2/install/first_rpm_project/local/lib/python3.10/dist-packages/first_rpm_project/srv/_odd_even_check_s.c
[0.434s] -- Up-to-date symlink: /home/usamah/Documents/project/learnRos2/install/first_rpm_project/local/lib/python3.10/dist-packages/first_rpm_project/first_rpm_project_s__rosidl_typesupport_fastrtps_c.cpython-310-x86_64-linux-gnu.so
[0.434s] -- Up-to-date symlink: /home/usamah/Documents/project/learnRos2/install/first_rpm_project/local/lib/python3.10/dist-packages/first_rpm_project/first_rpm_project_s__rosidl_typesupport_introspection_c.cpython-310-x86_64-linux-gnu.so
[0.434s] -- Up-to-date symlink: /home/usamah/Documents/project/learnRos2/install/first_rpm_project/local/lib/python3.10/dist-packages/first_rpm_project/first_rpm_project_s__rosidl_typesupport_c.cpython-310-x86_64-linux-gnu.so
[0.434s] -- Up-to-date symlink: /home/usamah/Documents/project/learnRos2/install/first_rpm_project/share/first_rpm_project/srv/OddEvenCheck.idl
[0.435s] -- Up-to-date symlink: /home/usamah/Documents/project/learnRos2/install/first_rpm_project/share/first_rpm_project/srv/OddEvenCheck.srv
[0.435s] -- Up-to-date symlink: /home/usamah/Documents/project/learnRos2/install/first_rpm_project/share/first_rpm_project/srv/OddEvenCheck_Request.msg
[0.435s] -- Up-to-date symlink: /home/usamah/Documents/project/learnRos2/install/first_rpm_project/share/first_rpm_project/srv/OddEvenCheck_Response.msg
[0.435s] -- Up-to-date symlink: /home/usamah/Documents/project/learnRos2/install/first_rpm_project/local/lib/python3.10/dist-packages/scripts-0.0.0-py3.10.egg-info/PKG-INFO
[0.435s] -- Up-to-date symlink: /home/usamah/Documents/project/learnRos2/install/first_rpm_project/local/lib/python3.10/dist-packages/scripts-0.0.0-py3.10.egg-info/SOURCES.txt
[0.435s] -- Up-to-date symlink: /home/usamah/Documents/project/learnRos2/install/first_rpm_project/local/lib/python3.10/dist-packages/scripts-0.0.0-py3.10.egg-info/dependency_links.txt
[0.435s] -- Up-to-date symlink: /home/usamah/Documents/project/learnRos2/install/first_rpm_project/local/lib/python3.10/dist-packages/scripts-0.0.0-py3.10.egg-info/top_level.txt
[0.436s] -- Up-to-date symlink: /home/usamah/Documents/project/learnRos2/install/first_rpm_project/local/lib/python3.10/dist-packages/scripts/__init__.py
[0.436s] -- Up-to-date symlink: /home/usamah/Documents/project/learnRos2/install/first_rpm_project/local/lib/python3.10/dist-packages/scripts/rpm_pub.py
[0.436s] -- Up-to-date symlink: /home/usamah/Documents/project/learnRos2/install/first_rpm_project/local/lib/python3.10/dist-packages/scripts/rpm_pub_pram.py
[0.436s] -- Up-to-date symlink: /home/usamah/Documents/project/learnRos2/install/first_rpm_project/local/lib/python3.10/dist-packages/scripts/service_client.py
[0.436s] -- Up-to-date symlink: /home/usamah/Documents/project/learnRos2/install/first_rpm_project/local/lib/python3.10/dist-packages/scripts/service_server.py
[0.436s] -- Up-to-date symlink: /home/usamah/Documents/project/learnRos2/install/first_rpm_project/local/lib/python3.10/dist-packages/scripts/speed_calc.py
[0.436s] -- Up-to-date symlink: /home/usamah/Documents/project/learnRos2/install/first_rpm_project/local/lib/python3.10/dist-packages/scripts/speed_calc_pram.py
[0.436s] -- Up-to-date symlink: /home/usamah/Documents/project/learnRos2/install/first_rpm_project/lib/first_rpm_project/rpm_pub.py
[0.436s] -- Up-to-date symlink: /home/usamah/Documents/project/learnRos2/install/first_rpm_project/lib/first_rpm_project/speed_calc.py
[0.437s] -- Up-to-date symlink: /home/usamah/Documents/project/learnRos2/install/first_rpm_project/lib/first_rpm_project/speed_calc_pram.py
[0.437s] -- Up-to-date symlink: /home/usamah/Documents/project/learnRos2/install/first_rpm_project/lib/first_rpm_project/rpm_pub_pram.py
[0.437s] -- Up-to-date symlink: /home/usamah/Documents/project/learnRos2/install/first_rpm_project/lib/first_rpm_project/service_server.py
[0.437s] -- Up-to-date symlink: /home/usamah/Documents/project/learnRos2/install/first_rpm_project/lib/first_rpm_project/service_client.py
[0.437s] -- Up-to-date symlink: /home/usamah/Documents/project/learnRos2/install/first_rpm_project/share/first_rpm_project//launch/rpm_node.launch.py
[0.437s] -- Up-to-date symlink: /home/usamah/Documents/project/learnRos2/install/first_rpm_project/share/ament_index/resource_index/package_run_dependencies/first_rpm_project
[0.437s] -- Up-to-date symlink: /home/usamah/Documents/project/learnRos2/install/first_rpm_project/share/ament_index/resource_index/parent_prefix_path/first_rpm_project
[0.438s] -- Up-to-date symlink: /home/usamah/Documents/project/learnRos2/install/first_rpm_project/share/first_rpm_project/environment/ament_prefix_path.sh
[0.438s] -- Up-to-date symlink: /home/usamah/Documents/project/learnRos2/install/first_rpm_project/share/first_rpm_project/environment/ament_prefix_path.dsv
[0.438s] -- Up-to-date symlink: /home/usamah/Documents/project/learnRos2/install/first_rpm_project/share/first_rpm_project/environment/path.sh
[0.438s] -- Up-to-date symlink: /home/usamah/Documents/project/learnRos2/install/first_rpm_project/share/first_rpm_project/environment/path.dsv
[0.438s] -- Up-to-date symlink: /home/usamah/Documents/project/learnRos2/install/first_rpm_project/share/first_rpm_project/local_setup.bash
[0.438s] -- Up-to-date symlink: /home/usamah/Documents/project/learnRos2/install/first_rpm_project/share/first_rpm_project/local_setup.sh
[0.438s] -- Up-to-date symlink: /home/usamah/Documents/project/learnRos2/install/first_rpm_project/share/first_rpm_project/local_setup.zsh
[0.438s] -- Up-to-date symlink: /home/usamah/Documents/project/learnRos2/install/first_rpm_project/share/first_rpm_project/local_setup.dsv
[0.439s] -- Symlinking: /home/usamah/Documents/project/learnRos2/install/first_rpm_project/share/first_rpm_project/package.dsv
[0.448s] -- Up-to-date symlink: /home/usamah/Documents/project/learnRos2/install/first_rpm_project/share/ament_index/resource_index/packages/first_rpm_project
[0.448s] -- Up-to-date symlink: /home/usamah/Documents/project/learnRos2/install/first_rpm_project/share/first_rpm_project/cmake/rosidl_cmake-extras.cmake
[0.448s] -- Up-to-date symlink: /home/usamah/Documents/project/learnRos2/install/first_rpm_project/share/first_rpm_project/cmake/ament_cmake_export_include_directories-extras.cmake
[0.449s] -- Up-to-date symlink: /home/usamah/Documents/project/learnRos2/install/first_rpm_project/share/first_rpm_project/cmake/ament_cmake_export_libraries-extras.cmake
[0.449s] -- Up-to-date symlink: /home/usamah/Documents/project/learnRos2/install/first_rpm_project/share/first_rpm_project/cmake/ament_cmake_export_targets-extras.cmake
[0.449s] -- Up-to-date symlink: /home/usamah/Documents/project/learnRos2/install/first_rpm_project/share/first_rpm_project/cmake/rosidl_cmake_export_typesupport_targets-extras.cmake
[0.449s] -- Up-to-date symlink: /home/usamah/Documents/project/learnRos2/install/first_rpm_project/share/first_rpm_project/cmake/ament_cmake_export_dependencies-extras.cmake
[0.449s] -- Up-to-date symlink: /home/usamah/Documents/project/learnRos2/install/first_rpm_project/share/first_rpm_project/cmake/rosidl_cmake_export_typesupport_libraries-extras.cmake
[0.449s] -- Up-to-date symlink: /home/usamah/Documents/project/learnRos2/install/first_rpm_project/share/first_rpm_project/cmake/first_rpm_projectConfig.cmake
[0.449s] -- Up-to-date symlink: /home/usamah/Documents/project/learnRos2/install/first_rpm_project/share/first_rpm_project/cmake/first_rpm_projectConfig-version.cmake
[0.449s] -- Up-to-date symlink: /home/usamah/Documents/project/learnRos2/install/first_rpm_project/share/first_rpm_project/package.xml
[0.449s] -- Up-to-date: /home/usamah/Documents/project/learnRos2/install/first_rpm_project/lib/libfirst_rpm_project__rosidl_generator_c.so
[0.450s] -- Up-to-date: /home/usamah/Documents/project/learnRos2/install/first_rpm_project/lib/libfirst_rpm_project__rosidl_typesupport_fastrtps_c.so
[0.450s] -- Up-to-date: /home/usamah/Documents/project/learnRos2/install/first_rpm_project/lib/libfirst_rpm_project__rosidl_typesupport_fastrtps_cpp.so
[0.451s] -- Up-to-date: /home/usamah/Documents/project/learnRos2/install/first_rpm_project/lib/libfirst_rpm_project__rosidl_typesupport_introspection_c.so
[0.451s] -- Up-to-date: /home/usamah/Documents/project/learnRos2/install/first_rpm_project/lib/libfirst_rpm_project__rosidl_typesupport_c.so
[0.451s] -- Up-to-date: /home/usamah/Documents/project/learnRos2/install/first_rpm_project/lib/libfirst_rpm_project__rosidl_typesupport_introspection_cpp.so
[0.451s] -- Up-to-date: /home/usamah/Documents/project/learnRos2/install/first_rpm_project/lib/libfirst_rpm_project__rosidl_typesupport_cpp.so
[0.484s] Listing '/home/usamah/Documents/project/learnRos2/install/first_rpm_project/local/lib/python3.10/dist-packages/first_rpm_project'...
[0.484s] Listing '/home/usamah/Documents/project/learnRos2/install/first_rpm_project/local/lib/python3.10/dist-packages/first_rpm_project/srv'...
[0.489s] -- Up-to-date: /home/usamah/Documents/project/learnRos2/install/first_rpm_project/lib/libfirst_rpm_project__rosidl_generator_py.so
[0.522s] Listing '/home/usamah/Documents/project/learnRos2/install/first_rpm_project/local/lib/python3.10/dist-packages/scripts'...
[0.526s] -- Up-to-date: /home/usamah/Documents/project/learnRos2/install/first_rpm_project/share/first_rpm_project/cmake/export_first_rpm_project__rosidl_generator_cExport.cmake
[0.527s] -- Up-to-date: /home/usamah/Documents/project/learnRos2/install/first_rpm_project/share/first_rpm_project/cmake/export_first_rpm_project__rosidl_generator_cExport-noconfig.cmake
[0.527s] -- Up-to-date: /home/usamah/Documents/project/learnRos2/install/first_rpm_project/share/first_rpm_project/cmake/export_first_rpm_project__rosidl_typesupport_fastrtps_cExport.cmake
[0.527s] -- Up-to-date: /home/usamah/Documents/project/learnRos2/install/first_rpm_project/share/first_rpm_project/cmake/export_first_rpm_project__rosidl_typesupport_fastrtps_cExport-noconfig.cmake
[0.527s] -- Up-to-date: /home/usamah/Documents/project/learnRos2/install/first_rpm_project/share/first_rpm_project/cmake/export_first_rpm_project__rosidl_generator_cppExport.cmake
[0.527s] -- Up-to-date: /home/usamah/Documents/project/learnRos2/install/first_rpm_project/share/first_rpm_project/cmake/export_first_rpm_project__rosidl_typesupport_fastrtps_cppExport.cmake
[0.527s] -- Up-to-date: /home/usamah/Documents/project/learnRos2/install/first_rpm_project/share/first_rpm_project/cmake/export_first_rpm_project__rosidl_typesupport_fastrtps_cppExport-noconfig.cmake
[0.527s] -- Up-to-date: /home/usamah/Documents/project/learnRos2/install/first_rpm_project/share/first_rpm_project/cmake/first_rpm_project__rosidl_typesupport_introspection_cExport.cmake
[0.527s] -- Up-to-date: /home/usamah/Documents/project/learnRos2/install/first_rpm_project/share/first_rpm_project/cmake/first_rpm_project__rosidl_typesupport_introspection_cExport-noconfig.cmake
[0.527s] -- Up-to-date: /home/usamah/Documents/project/learnRos2/install/first_rpm_project/share/first_rpm_project/cmake/first_rpm_project__rosidl_typesupport_cExport.cmake
[0.527s] -- Up-to-date: /home/usamah/Documents/project/learnRos2/install/first_rpm_project/share/first_rpm_project/cmake/first_rpm_project__rosidl_typesupport_cExport-noconfig.cmake
[0.527s] -- Up-to-date: /home/usamah/Documents/project/learnRos2/install/first_rpm_project/share/first_rpm_project/cmake/first_rpm_project__rosidl_typesupport_introspection_cppExport.cmake
[0.527s] -- Up-to-date: /home/usamah/Documents/project/learnRos2/install/first_rpm_project/share/first_rpm_project/cmake/first_rpm_project__rosidl_typesupport_introspection_cppExport-noconfig.cmake
[0.527s] -- Up-to-date: /home/usamah/Documents/project/learnRos2/install/first_rpm_project/share/first_rpm_project/cmake/first_rpm_project__rosidl_typesupport_cppExport.cmake
[0.527s] -- Up-to-date: /home/usamah/Documents/project/learnRos2/install/first_rpm_project/share/first_rpm_project/cmake/first_rpm_project__rosidl_typesupport_cppExport-noconfig.cmake
[0.527s] -- Up-to-date: /home/usamah/Documents/project/learnRos2/install/first_rpm_project/share/first_rpm_project/cmake/export_first_rpm_project__rosidl_generator_pyExport.cmake
[0.527s] -- Up-to-date: /home/usamah/Documents/project/learnRos2/install/first_rpm_project/share/first_rpm_project/cmake/export_first_rpm_project__rosidl_generator_pyExport-noconfig.cmake
[0.530s] Invoked command in '/home/usamah/Documents/project/learnRos2/build/first_rpm_project' returned '0': CMAKE_PREFIX_PATH=${CMAKE_PREFIX_PATH}:/opt/ros/humble /usr/bin/cmake --install /home/usamah/Documents/project/learnRos2/build/first_rpm_project
