[0.010s] Invoking command in '/home/usamah/Documents/project/learnRos2/build/second_turn_camera_project': CMAKE_PREFIX_PATH=${CMAKE_PREFIX_PATH}:/home/usamah/Documents/project/learnRos2/install/first_rpm_project:/opt/ros/humble /usr/bin/cmake --build /home/usamah/Documents/project/learnRos2/build/second_turn_camera_project -- -j16 -l16
[0.041s] [  3%] Built target second_turn_camera_project__cpp
[0.041s] [ 12%] Built target second_turn_camera_project__rosidl_generator_c
[0.045s] [ 12%] Built target ament_cmake_python_symlink_second_turn_camera_project
[0.045s] [ 12%] Built target ament_cmake_python_symlink_scripts
[0.054s] [ 22%] Built target second_turn_camera_project__rosidl_typesupport_cpp
[0.055s] [ 32%] Built target second_turn_camera_project__rosidl_typesupport_introspection_c
[0.055s] [ 41%] Built target second_turn_camera_project__rosidl_typesupport_c
[0.055s] [ 51%] Built target second_turn_camera_project__rosidl_typesupport_fastrtps_cpp
[0.055s] [ 61%] Built target second_turn_camera_project__rosidl_typesupport_introspection_cpp
[0.056s] [ 70%] Built target second_turn_camera_project__rosidl_typesupport_fastrtps_c
[0.071s] [ 70%] Built target second_turn_camera_project
[0.089s] [ 74%] Built target second_turn_camera_project__py
[0.108s] [ 80%] Built target second_turn_camera_project__rosidl_generator_py
[0.128s] [ 93%] Built target second_turn_camera_project__rosidl_typesupport_introspection_c__pyext
[0.128s] [ 93%] Built target second_turn_camera_project__rosidl_typesupport_fastrtps_c__pyext
[0.129s] [100%] Built target second_turn_camera_project__rosidl_typesupport_c__pyext
[0.283s] running egg_info
[0.283s] writing scripts.egg-info/PKG-INFO
[0.283s] writing dependency_links to scripts.egg-info/dependency_links.txt
[0.283s] writing top-level names to scripts.egg-info/top_level.txt
[0.285s] running egg_info
[0.285s] reading manifest file 'scripts.egg-info/SOURCES.txt'
[0.285s] writing second_turn_camera_project.egg-info/PKG-INFO
[0.285s] writing dependency_links to second_turn_camera_project.egg-info/dependency_links.txt
[0.286s] writing manifest file 'scripts.egg-info/SOURCES.txt'
[0.286s] writing top-level names to second_turn_camera_project.egg-info/top_level.txt
[0.288s] reading manifest file 'second_turn_camera_project.egg-info/SOURCES.txt'
[0.288s] writing manifest file 'second_turn_camera_project.egg-info/SOURCES.txt'
[0.307s] [100%] Built target ament_cmake_python_build_scripts_egg
[0.309s] [100%] Built target ament_cmake_python_build_second_turn_camera_project_egg
[0.318s] Invoked command in '/home/usamah/Documents/project/learnRos2/build/second_turn_camera_project' returned '0': CMAKE_PREFIX_PATH=${CMAKE_PREFIX_PATH}:/home/usamah/Documents/project/learnRos2/install/first_rpm_project:/opt/ros/humble /usr/bin/cmake --build /home/usamah/Documents/project/learnRos2/build/second_turn_camera_project -- -j16 -l16
[0.365s] Invoking command in '/home/usamah/Documents/project/learnRos2/build/second_turn_camera_project': CMAKE_PREFIX_PATH=${CMAKE_PREFIX_PATH}:/home/usamah/Documents/project/learnRos2/install/first_rpm_project:/opt/ros/humble /usr/bin/cmake --install /home/usamah/Documents/project/learnRos2/build/second_turn_camera_project
[0.370s] -- Install configuration: ""
[0.371s] -- Execute custom install script
[0.371s] -- Up-to-date symlink: /home/usamah/Documents/project/learnRos2/install/second_turn_camera_project/share/ament_index/resource_index/rosidl_interfaces/second_turn_camera_project
[0.371s] -- Up-to-date symlink: /home/usamah/Documents/project/learnRos2/install/second_turn_camera_project/include/second_turn_camera_project/second_turn_camera_project/msg/rosidl_generator_c__visibility_control.h
[0.371s] -- Up-to-date symlink: /home/usamah/Documents/project/learnRos2/install/second_turn_camera_project/include/second_turn_camera_project/second_turn_camera_project/srv/detail/secnd_project_turn_camer__functions.h
[0.371s] -- Up-to-date symlink: /home/usamah/Documents/project/learnRos2/install/second_turn_camera_project/include/second_turn_camera_project/second_turn_camera_project/srv/detail/secnd_project_turn_camer__struct.h
[0.371s] -- Up-to-date symlink: /home/usamah/Documents/project/learnRos2/install/second_turn_camera_project/include/second_turn_camera_project/second_turn_camera_project/srv/detail/secnd_project_turn_camer__type_support.h
[0.371s] -- Up-to-date symlink: /home/usamah/Documents/project/learnRos2/install/second_turn_camera_project/include/second_turn_camera_project/second_turn_camera_project/srv/secnd_project_turn_camer.h
[0.371s] -- Up-to-date symlink: /home/usamah/Documents/project/learnRos2/install/second_turn_camera_project/share/second_turn_camera_project/environment/library_path.sh
[0.371s] -- Up-to-date symlink: /home/usamah/Documents/project/learnRos2/install/second_turn_camera_project/share/second_turn_camera_project/environment/library_path.dsv
[0.372s] -- Up-to-date symlink: /home/usamah/Documents/project/learnRos2/install/second_turn_camera_project/include/second_turn_camera_project/second_turn_camera_project/msg/rosidl_typesupport_fastrtps_c__visibility_control.h
[0.372s] -- Up-to-date symlink: /home/usamah/Documents/project/learnRos2/install/second_turn_camera_project/include/second_turn_camera_project/second_turn_camera_project/srv/detail/secnd_project_turn_camer__rosidl_typesupport_fastrtps_c.h
[0.372s] -- Up-to-date symlink: /home/usamah/Documents/project/learnRos2/install/second_turn_camera_project/include/second_turn_camera_project/second_turn_camera_project/msg/rosidl_typesupport_introspection_c__visibility_control.h
[0.372s] -- Up-to-date symlink: /home/usamah/Documents/project/learnRos2/install/second_turn_camera_project/include/second_turn_camera_project/second_turn_camera_project/srv/detail/secnd_project_turn_camer__rosidl_typesupport_introspection_c.h
[0.372s] -- Up-to-date symlink: /home/usamah/Documents/project/learnRos2/install/second_turn_camera_project/include/second_turn_camera_project/second_turn_camera_project/srv/detail/secnd_project_turn_camer__builder.hpp
[0.372s] -- Up-to-date symlink: /home/usamah/Documents/project/learnRos2/install/second_turn_camera_project/include/second_turn_camera_project/second_turn_camera_project/srv/detail/secnd_project_turn_camer__struct.hpp
[0.372s] -- Up-to-date symlink: /home/usamah/Documents/project/learnRos2/install/second_turn_camera_project/include/second_turn_camera_project/second_turn_camera_project/srv/detail/secnd_project_turn_camer__traits.hpp
[0.372s] -- Up-to-date symlink: /home/usamah/Documents/project/learnRos2/install/second_turn_camera_project/include/second_turn_camera_project/second_turn_camera_project/srv/secnd_project_turn_camer.hpp
[0.372s] -- Up-to-date symlink: /home/usamah/Documents/project/learnRos2/install/second_turn_camera_project/include/second_turn_camera_project/second_turn_camera_project/msg/rosidl_typesupport_fastrtps_cpp__visibility_control.h
[0.372s] -- Up-to-date symlink: /home/usamah/Documents/project/learnRos2/install/second_turn_camera_project/include/second_turn_camera_project/second_turn_camera_project/srv/detail/secnd_project_turn_camer__rosidl_typesupport_fastrtps_cpp.hpp
[0.373s] -- Up-to-date symlink: /home/usamah/Documents/project/learnRos2/install/second_turn_camera_project/include/second_turn_camera_project/second_turn_camera_project/srv/detail/secnd_project_turn_camer__rosidl_typesupport_introspection_cpp.hpp
[0.373s] -- Up-to-date symlink: /home/usamah/Documents/project/learnRos2/install/second_turn_camera_project/share/second_turn_camera_project/environment/pythonpath.sh
[0.373s] -- Up-to-date symlink: /home/usamah/Documents/project/learnRos2/install/second_turn_camera_project/share/second_turn_camera_project/environment/pythonpath.dsv
[0.373s] -- Up-to-date symlink: /home/usamah/Documents/project/learnRos2/install/second_turn_camera_project/local/lib/python3.10/dist-packages/second_turn_camera_project-0.0.0-py3.10.egg-info/PKG-INFO
[0.373s] -- Up-to-date symlink: /home/usamah/Documents/project/learnRos2/install/second_turn_camera_project/local/lib/python3.10/dist-packages/second_turn_camera_project-0.0.0-py3.10.egg-info/SOURCES.txt
[0.373s] -- Up-to-date symlink: /home/usamah/Documents/project/learnRos2/install/second_turn_camera_project/local/lib/python3.10/dist-packages/second_turn_camera_project-0.0.0-py3.10.egg-info/dependency_links.txt
[0.373s] -- Up-to-date symlink: /home/usamah/Documents/project/learnRos2/install/second_turn_camera_project/local/lib/python3.10/dist-packages/second_turn_camera_project-0.0.0-py3.10.egg-info/top_level.txt
[0.374s] -- Up-to-date symlink: /home/usamah/Documents/project/learnRos2/install/second_turn_camera_project/local/lib/python3.10/dist-packages/second_turn_camera_project/__init__.py
[0.374s] -- Up-to-date symlink: /home/usamah/Documents/project/learnRos2/install/second_turn_camera_project/local/lib/python3.10/dist-packages/second_turn_camera_project/_second_turn_camera_project_s.ep.rosidl_typesupport_c.c
[0.374s] -- Up-to-date symlink: /home/usamah/Documents/project/learnRos2/install/second_turn_camera_project/local/lib/python3.10/dist-packages/second_turn_camera_project/_second_turn_camera_project_s.ep.rosidl_typesupport_fastrtps_c.c
[0.374s] -- Up-to-date symlink: /home/usamah/Documents/project/learnRos2/install/second_turn_camera_project/local/lib/python3.10/dist-packages/second_turn_camera_project/_second_turn_camera_project_s.ep.rosidl_typesupport_introspection_c.c
[0.374s] -- Up-to-date symlink: /home/usamah/Documents/project/learnRos2/install/second_turn_camera_project/local/lib/python3.10/dist-packages/second_turn_camera_project/libsecond_turn_camera_project__rosidl_generator_py.so
[0.374s] -- Up-to-date symlink: /home/usamah/Documents/project/learnRos2/install/second_turn_camera_project/local/lib/python3.10/dist-packages/second_turn_camera_project/second_turn_camera_project_s__rosidl_typesupport_c.cpython-310-x86_64-linux-gnu.so
[0.374s] -- Up-to-date symlink: /home/usamah/Documents/project/learnRos2/install/second_turn_camera_project/local/lib/python3.10/dist-packages/second_turn_camera_project/second_turn_camera_project_s__rosidl_typesupport_fastrtps_c.cpython-310-x86_64-linux-gnu.so
[0.374s] -- Up-to-date symlink: /home/usamah/Documents/project/learnRos2/install/second_turn_camera_project/local/lib/python3.10/dist-packages/second_turn_camera_project/second_turn_camera_project_s__rosidl_typesupport_introspection_c.cpython-310-x86_64-linux-gnu.so
[0.374s] -- Up-to-date symlink: /home/usamah/Documents/project/learnRos2/install/second_turn_camera_project/local/lib/python3.10/dist-packages/second_turn_camera_project/srv/__init__.py
[0.374s] -- Up-to-date symlink: /home/usamah/Documents/project/learnRos2/install/second_turn_camera_project/local/lib/python3.10/dist-packages/second_turn_camera_project/srv/_secnd_project_turn_camer.py
[0.374s] -- Up-to-date symlink: /home/usamah/Documents/project/learnRos2/install/second_turn_camera_project/local/lib/python3.10/dist-packages/second_turn_camera_project/srv/_secnd_project_turn_camer_s.c
[0.374s] -- Up-to-date symlink: /home/usamah/Documents/project/learnRos2/install/second_turn_camera_project/local/lib/python3.10/dist-packages/second_turn_camera_project/second_turn_camera_project_s__rosidl_typesupport_fastrtps_c.cpython-310-x86_64-linux-gnu.so
[0.374s] -- Up-to-date symlink: /home/usamah/Documents/project/learnRos2/install/second_turn_camera_project/local/lib/python3.10/dist-packages/second_turn_camera_project/second_turn_camera_project_s__rosidl_typesupport_introspection_c.cpython-310-x86_64-linux-gnu.so
[0.375s] -- Up-to-date symlink: /home/usamah/Documents/project/learnRos2/install/second_turn_camera_project/local/lib/python3.10/dist-packages/second_turn_camera_project/second_turn_camera_project_s__rosidl_typesupport_c.cpython-310-x86_64-linux-gnu.so
[0.375s] -- Up-to-date symlink: /home/usamah/Documents/project/learnRos2/install/second_turn_camera_project/share/second_turn_camera_project/srv/SecndProjectTurnCamer.idl
[0.375s] -- Up-to-date symlink: /home/usamah/Documents/project/learnRos2/install/second_turn_camera_project/share/second_turn_camera_project/srv/SecndProjectTurnCamer.srv
[0.375s] -- Up-to-date symlink: /home/usamah/Documents/project/learnRos2/install/second_turn_camera_project/share/second_turn_camera_project/srv/SecndProjectTurnCamer_Request.msg
[0.375s] -- Up-to-date symlink: /home/usamah/Documents/project/learnRos2/install/second_turn_camera_project/share/second_turn_camera_project/srv/SecndProjectTurnCamer_Response.msg
[0.375s] -- Up-to-date symlink: /home/usamah/Documents/project/learnRos2/install/second_turn_camera_project/local/lib/python3.10/dist-packages/scripts-0.0.0-py3.10.egg-info/PKG-INFO
[0.375s] -- Up-to-date symlink: /home/usamah/Documents/project/learnRos2/install/second_turn_camera_project/local/lib/python3.10/dist-packages/scripts-0.0.0-py3.10.egg-info/SOURCES.txt
[0.375s] -- Up-to-date symlink: /home/usamah/Documents/project/learnRos2/install/second_turn_camera_project/local/lib/python3.10/dist-packages/scripts-0.0.0-py3.10.egg-info/dependency_links.txt
[0.375s] -- Up-to-date symlink: /home/usamah/Documents/project/learnRos2/install/second_turn_camera_project/local/lib/python3.10/dist-packages/scripts-0.0.0-py3.10.egg-info/top_level.txt
[0.375s] -- Up-to-date symlink: /home/usamah/Documents/project/learnRos2/install/second_turn_camera_project/local/lib/python3.10/dist-packages/scripts/__init__.py
[0.376s] -- Up-to-date symlink: /home/usamah/Documents/project/learnRos2/install/second_turn_camera_project/local/lib/python3.10/dist-packages/scripts/turn_camer_server.py
[0.376s] -- Up-to-date symlink: /home/usamah/Documents/project/learnRos2/install/second_turn_camera_project/lib/second_turn_camera_project/turn_camer_server.py
[0.376s] -- Up-to-date symlink: /home/usamah/Documents/project/learnRos2/install/second_turn_camera_project/share/ament_index/resource_index/package_run_dependencies/second_turn_camera_project
[0.376s] -- Up-to-date symlink: /home/usamah/Documents/project/learnRos2/install/second_turn_camera_project/share/ament_index/resource_index/parent_prefix_path/second_turn_camera_project
[0.376s] -- Up-to-date symlink: /home/usamah/Documents/project/learnRos2/install/second_turn_camera_project/share/second_turn_camera_project/environment/ament_prefix_path.sh
[0.376s] -- Up-to-date symlink: /home/usamah/Documents/project/learnRos2/install/second_turn_camera_project/share/second_turn_camera_project/environment/ament_prefix_path.dsv
[0.376s] -- Up-to-date symlink: /home/usamah/Documents/project/learnRos2/install/second_turn_camera_project/share/second_turn_camera_project/environment/path.sh
[0.376s] -- Up-to-date symlink: /home/usamah/Documents/project/learnRos2/install/second_turn_camera_project/share/second_turn_camera_project/environment/path.dsv
[0.376s] -- Up-to-date symlink: /home/usamah/Documents/project/learnRos2/install/second_turn_camera_project/share/second_turn_camera_project/local_setup.bash
[0.376s] -- Up-to-date symlink: /home/usamah/Documents/project/learnRos2/install/second_turn_camera_project/share/second_turn_camera_project/local_setup.sh
[0.376s] -- Up-to-date symlink: /home/usamah/Documents/project/learnRos2/install/second_turn_camera_project/share/second_turn_camera_project/local_setup.zsh
[0.376s] -- Up-to-date symlink: /home/usamah/Documents/project/learnRos2/install/second_turn_camera_project/share/second_turn_camera_project/local_setup.dsv
[0.376s] -- Symlinking: /home/usamah/Documents/project/learnRos2/install/second_turn_camera_project/share/second_turn_camera_project/package.dsv
[0.382s] -- Up-to-date symlink: /home/usamah/Documents/project/learnRos2/install/second_turn_camera_project/share/ament_index/resource_index/packages/second_turn_camera_project
[0.382s] -- Up-to-date symlink: /home/usamah/Documents/project/learnRos2/install/second_turn_camera_project/share/second_turn_camera_project/cmake/rosidl_cmake-extras.cmake
[0.382s] -- Up-to-date symlink: /home/usamah/Documents/project/learnRos2/install/second_turn_camera_project/share/second_turn_camera_project/cmake/ament_cmake_export_dependencies-extras.cmake
[0.382s] -- Up-to-date symlink: /home/usamah/Documents/project/learnRos2/install/second_turn_camera_project/share/second_turn_camera_project/cmake/ament_cmake_export_include_directories-extras.cmake
[0.382s] -- Up-to-date symlink: /home/usamah/Documents/project/learnRos2/install/second_turn_camera_project/share/second_turn_camera_project/cmake/ament_cmake_export_libraries-extras.cmake
[0.382s] -- Up-to-date symlink: /home/usamah/Documents/project/learnRos2/install/second_turn_camera_project/share/second_turn_camera_project/cmake/ament_cmake_export_targets-extras.cmake
[0.382s] -- Up-to-date symlink: /home/usamah/Documents/project/learnRos2/install/second_turn_camera_project/share/second_turn_camera_project/cmake/rosidl_cmake_export_typesupport_targets-extras.cmake
[0.383s] -- Up-to-date symlink: /home/usamah/Documents/project/learnRos2/install/second_turn_camera_project/share/second_turn_camera_project/cmake/rosidl_cmake_export_typesupport_libraries-extras.cmake
[0.383s] -- Up-to-date symlink: /home/usamah/Documents/project/learnRos2/install/second_turn_camera_project/share/second_turn_camera_project/cmake/second_turn_camera_projectConfig.cmake
[0.383s] -- Up-to-date symlink: /home/usamah/Documents/project/learnRos2/install/second_turn_camera_project/share/second_turn_camera_project/cmake/second_turn_camera_projectConfig-version.cmake
[0.383s] -- Up-to-date symlink: /home/usamah/Documents/project/learnRos2/install/second_turn_camera_project/share/second_turn_camera_project/package.xml
[0.383s] -- Up-to-date: /home/usamah/Documents/project/learnRos2/install/second_turn_camera_project/lib/libsecond_turn_camera_project__rosidl_generator_c.so
[0.383s] -- Up-to-date: /home/usamah/Documents/project/learnRos2/install/second_turn_camera_project/lib/libsecond_turn_camera_project__rosidl_typesupport_fastrtps_c.so
[0.383s] -- Up-to-date: /home/usamah/Documents/project/learnRos2/install/second_turn_camera_project/lib/libsecond_turn_camera_project__rosidl_typesupport_introspection_c.so
[0.383s] -- Up-to-date: /home/usamah/Documents/project/learnRos2/install/second_turn_camera_project/lib/libsecond_turn_camera_project__rosidl_typesupport_c.so
[0.383s] -- Up-to-date: /home/usamah/Documents/project/learnRos2/install/second_turn_camera_project/lib/libsecond_turn_camera_project__rosidl_typesupport_fastrtps_cpp.so
[0.384s] -- Up-to-date: /home/usamah/Documents/project/learnRos2/install/second_turn_camera_project/lib/libsecond_turn_camera_project__rosidl_typesupport_introspection_cpp.so
[0.384s] -- Up-to-date: /home/usamah/Documents/project/learnRos2/install/second_turn_camera_project/lib/libsecond_turn_camera_project__rosidl_typesupport_cpp.so
[0.405s] Listing '/home/usamah/Documents/project/learnRos2/install/second_turn_camera_project/local/lib/python3.10/dist-packages/second_turn_camera_project'...
[0.405s] Listing '/home/usamah/Documents/project/learnRos2/install/second_turn_camera_project/local/lib/python3.10/dist-packages/second_turn_camera_project/srv'...
[0.408s] -- Up-to-date: /home/usamah/Documents/project/learnRos2/install/second_turn_camera_project/lib/libsecond_turn_camera_project__rosidl_generator_py.so
[0.430s] Listing '/home/usamah/Documents/project/learnRos2/install/second_turn_camera_project/local/lib/python3.10/dist-packages/scripts'...
[0.430s] Compiling '/home/usamah/Documents/project/learnRos2/install/second_turn_camera_project/local/lib/python3.10/dist-packages/scripts/turn_camer_server.py'...
[0.433s] -- Up-to-date: /home/usamah/Documents/project/learnRos2/install/second_turn_camera_project/share/second_turn_camera_project/cmake/export_second_turn_camera_project__rosidl_generator_cExport.cmake
[0.433s] -- Up-to-date: /home/usamah/Documents/project/learnRos2/install/second_turn_camera_project/share/second_turn_camera_project/cmake/export_second_turn_camera_project__rosidl_generator_cExport-noconfig.cmake
[0.433s] -- Up-to-date: /home/usamah/Documents/project/learnRos2/install/second_turn_camera_project/share/second_turn_camera_project/cmake/export_second_turn_camera_project__rosidl_typesupport_fastrtps_cExport.cmake
[0.433s] -- Up-to-date: /home/usamah/Documents/project/learnRos2/install/second_turn_camera_project/share/second_turn_camera_project/cmake/export_second_turn_camera_project__rosidl_typesupport_fastrtps_cExport-noconfig.cmake
[0.434s] -- Up-to-date: /home/usamah/Documents/project/learnRos2/install/second_turn_camera_project/share/second_turn_camera_project/cmake/second_turn_camera_project__rosidl_typesupport_introspection_cExport.cmake
[0.434s] -- Up-to-date: /home/usamah/Documents/project/learnRos2/install/second_turn_camera_project/share/second_turn_camera_project/cmake/second_turn_camera_project__rosidl_typesupport_introspection_cExport-noconfig.cmake
[0.434s] -- Up-to-date: /home/usamah/Documents/project/learnRos2/install/second_turn_camera_project/share/second_turn_camera_project/cmake/second_turn_camera_project__rosidl_typesupport_cExport.cmake
[0.434s] -- Up-to-date: /home/usamah/Documents/project/learnRos2/install/second_turn_camera_project/share/second_turn_camera_project/cmake/second_turn_camera_project__rosidl_typesupport_cExport-noconfig.cmake
[0.434s] -- Up-to-date: /home/usamah/Documents/project/learnRos2/install/second_turn_camera_project/share/second_turn_camera_project/cmake/export_second_turn_camera_project__rosidl_generator_cppExport.cmake
[0.434s] -- Up-to-date: /home/usamah/Documents/project/learnRos2/install/second_turn_camera_project/share/second_turn_camera_project/cmake/export_second_turn_camera_project__rosidl_typesupport_fastrtps_cppExport.cmake
[0.434s] -- Up-to-date: /home/usamah/Documents/project/learnRos2/install/second_turn_camera_project/share/second_turn_camera_project/cmake/export_second_turn_camera_project__rosidl_typesupport_fastrtps_cppExport-noconfig.cmake
[0.434s] -- Up-to-date: /home/usamah/Documents/project/learnRos2/install/second_turn_camera_project/share/second_turn_camera_project/cmake/second_turn_camera_project__rosidl_typesupport_introspection_cppExport.cmake
[0.434s] -- Up-to-date: /home/usamah/Documents/project/learnRos2/install/second_turn_camera_project/share/second_turn_camera_project/cmake/second_turn_camera_project__rosidl_typesupport_introspection_cppExport-noconfig.cmake
[0.434s] -- Up-to-date: /home/usamah/Documents/project/learnRos2/install/second_turn_camera_project/share/second_turn_camera_project/cmake/second_turn_camera_project__rosidl_typesupport_cppExport.cmake
[0.434s] -- Up-to-date: /home/usamah/Documents/project/learnRos2/install/second_turn_camera_project/share/second_turn_camera_project/cmake/second_turn_camera_project__rosidl_typesupport_cppExport-noconfig.cmake
[0.434s] -- Up-to-date: /home/usamah/Documents/project/learnRos2/install/second_turn_camera_project/share/second_turn_camera_project/cmake/export_second_turn_camera_project__rosidl_generator_pyExport.cmake
[0.434s] -- Up-to-date: /home/usamah/Documents/project/learnRos2/install/second_turn_camera_project/share/second_turn_camera_project/cmake/export_second_turn_camera_project__rosidl_generator_pyExport-noconfig.cmake
[0.436s] Invoked command in '/home/usamah/Documents/project/learnRos2/build/second_turn_camera_project' returned '0': CMAKE_PREFIX_PATH=${CMAKE_PREFIX_PATH}:/home/usamah/Documents/project/learnRos2/install/first_rpm_project:/opt/ros/humble /usr/bin/cmake --install /home/usamah/Documents/project/learnRos2/build/second_turn_camera_project
