[0.014s] Invoking command in '/home/usamah/Documents/project/learnRos2/build/first_rpm_project': CMAKE_PREFIX_PATH=${CMAKE_PREFIX_PATH}:/opt/ros/humble /usr/bin/cmake --build /home/usamah/Documents/project/learnRos2/build/first_rpm_project -- -j16 -l16
[0.041s] [35m[1mConsolidate compiler generated dependencies of target first_rpm_project__rosidl_generator_c[0m
[0.047s] [  3%] Built target first_rpm_project__cpp
[0.048s] [ 12%] Built target first_rpm_project__rosidl_generator_c
[0.053s] [ 12%] Built target ament_cmake_python_symlink_scripts
[0.054s] [ 12%] Built target ament_cmake_python_symlink_first_rpm_project
[0.054s] [35m[1mConsolidate compiler generated dependencies of target first_rpm_project__rosidl_typesupport_cpp[0m
[0.055s] [35m[1mConsolidate compiler generated dependencies of target first_rpm_project__rosidl_typesupport_fastrtps_c[0m
[0.055s] [35m[1mConsolidate compiler generated dependencies of target first_rpm_project__rosidl_typesupport_introspection_cpp[0m
[0.056s] [35m[1mConsolidate compiler generated dependencies of target first_rpm_project__rosidl_typesupport_introspection_c[0m
[0.057s] [35m[1mConsolidate compiler generated dependencies of target first_rpm_project__rosidl_typesupport_fastrtps_cpp[0m
[0.059s] [35m[1mConsolidate compiler generated dependencies of target first_rpm_project__rosidl_typesupport_c[0m
[0.067s] [ 25%] Built target first_rpm_project__rosidl_typesupport_cpp
[0.067s] [ 32%] Built target first_rpm_project__rosidl_typesupport_introspection_c
[0.068s] [ 41%] Built target first_rpm_project__rosidl_typesupport_fastrtps_c
[0.071s] [ 51%] Built target first_rpm_project__rosidl_typesupport_c
[0.071s] [ 61%] Built target first_rpm_project__rosidl_typesupport_introspection_cpp
[0.072s] [ 70%] Built target first_rpm_project__rosidl_typesupport_fastrtps_cpp
[0.093s] [ 70%] Built target first_rpm_project
[0.117s] [ 74%] Built target first_rpm_project__py
[0.129s] [35m[1mConsolidate compiler generated dependencies of target first_rpm_project__rosidl_generator_py[0m
[0.143s] [ 80%] Built target first_rpm_project__rosidl_generator_py
[0.153s] [35m[1mConsolidate compiler generated dependencies of target first_rpm_project__rosidl_typesupport_fastrtps_c__pyext[0m
[0.153s] [35m[1mConsolidate compiler generated dependencies of target first_rpm_project__rosidl_typesupport_introspection_c__pyext[0m
[0.154s] [35m[1mConsolidate compiler generated dependencies of target first_rpm_project__rosidl_typesupport_c__pyext[0m
[0.166s] [ 87%] Built target first_rpm_project__rosidl_typesupport_fastrtps_c__pyext
[0.166s] [ 96%] Built target first_rpm_project__rosidl_typesupport_introspection_c__pyext
[0.166s] [100%] Built target first_rpm_project__rosidl_typesupport_c__pyext
[0.368s] running egg_info
[0.369s] writing first_rpm_project.egg-info/PKG-INFO
[0.369s] writing dependency_links to first_rpm_project.egg-info/dependency_links.txt
[0.369s] writing top-level names to first_rpm_project.egg-info/top_level.txt
[0.372s] reading manifest file 'first_rpm_project.egg-info/SOURCES.txt'
[0.373s] writing manifest file 'first_rpm_project.egg-info/SOURCES.txt'
[0.387s] running egg_info
[0.388s] writing scripts.egg-info/PKG-INFO
[0.388s] writing dependency_links to scripts.egg-info/dependency_links.txt
[0.388s] writing top-level names to scripts.egg-info/top_level.txt
[0.391s] reading manifest file 'scripts.egg-info/SOURCES.txt'
[0.391s] writing manifest file 'scripts.egg-info/SOURCES.txt'
[0.402s] [100%] Built target ament_cmake_python_build_first_rpm_project_egg
[0.418s] [100%] Built target ament_cmake_python_build_scripts_egg
