[0.010s] Invoking command in '/home/usamah/Documents/project/learnRos2/build/second_turn_camera_project': CMAKE_PREFIX_PATH=${CMAKE_PREFIX_PATH}:/opt/ros/humble /usr/bin/cmake --build /home/usamah/Documents/project/learnRos2/build/second_turn_camera_project -- -j16 -l16
[0.041s] Built target ament_cmake_python_symlink_scripts
[0.278s] running egg_info
[0.279s] writing scripts.egg-info/PKG-INFO
[0.279s] writing dependency_links to scripts.egg-info/dependency_links.txt
[0.279s] writing top-level names to scripts.egg-info/top_level.txt
[0.283s] reading manifest file 'scripts.egg-info/SOURCES.txt'
[0.284s] writing manifest file 'scripts.egg-info/SOURCES.txt'
[0.309s] Built target ament_cmake_python_build_scripts_egg
[0.318s] Invoked command in '/home/usamah/Documents/project/learnRos2/build/second_turn_camera_project' returned '0': CMAKE_PREFIX_PATH=${CMAKE_PREFIX_PATH}:/opt/ros/humble /usr/bin/cmake --build /home/usamah/Documents/project/learnRos2/build/second_turn_camera_project -- -j16 -l16
[0.339s] Invoking command in '/home/usamah/Documents/project/learnRos2/build/second_turn_camera_project': CMAKE_PREFIX_PATH=${CMAKE_PREFIX_PATH}:/opt/ros/humble /usr/bin/cmake --install /home/usamah/Documents/project/learnRos2/build/second_turn_camera_project
[0.344s] -- Install configuration: ""
[0.344s] -- Execute custom install script
[0.345s] -- Up-to-date symlink: /home/usamah/Documents/project/learnRos2/install/second_turn_camera_project/share/second_turn_camera_project/environment/pythonpath.sh
[0.345s] -- Up-to-date symlink: /home/usamah/Documents/project/learnRos2/install/second_turn_camera_project/share/second_turn_camera_project/environment/pythonpath.dsv
[0.345s] -- Up-to-date symlink: /home/usamah/Documents/project/learnRos2/install/second_turn_camera_project/local/lib/python3.10/dist-packages/scripts-0.0.0-py3.10.egg-info/PKG-INFO
[0.345s] -- Up-to-date symlink: /home/usamah/Documents/project/learnRos2/install/second_turn_camera_project/local/lib/python3.10/dist-packages/scripts-0.0.0-py3.10.egg-info/SOURCES.txt
[0.345s] -- Up-to-date symlink: /home/usamah/Documents/project/learnRos2/install/second_turn_camera_project/local/lib/python3.10/dist-packages/scripts-0.0.0-py3.10.egg-info/dependency_links.txt
[0.345s] -- Up-to-date symlink: /home/usamah/Documents/project/learnRos2/install/second_turn_camera_project/local/lib/python3.10/dist-packages/scripts-0.0.0-py3.10.egg-info/top_level.txt
[0.345s] -- Up-to-date symlink: /home/usamah/Documents/project/learnRos2/install/second_turn_camera_project/local/lib/python3.10/dist-packages/scripts/__init__.py
[0.346s] -- Up-to-date symlink: /home/usamah/Documents/project/learnRos2/install/second_turn_camera_project/share/ament_index/resource_index/package_run_dependencies/second_turn_camera_project
[0.346s] -- Up-to-date symlink: /home/usamah/Documents/project/learnRos2/install/second_turn_camera_project/share/ament_index/resource_index/parent_prefix_path/second_turn_camera_project
[0.346s] -- Up-to-date symlink: /home/usamah/Documents/project/learnRos2/install/second_turn_camera_project/share/second_turn_camera_project/environment/ament_prefix_path.sh
[0.346s] -- Up-to-date symlink: /home/usamah/Documents/project/learnRos2/install/second_turn_camera_project/share/second_turn_camera_project/environment/ament_prefix_path.dsv
[0.346s] -- Up-to-date symlink: /home/usamah/Documents/project/learnRos2/install/second_turn_camera_project/share/second_turn_camera_project/environment/path.sh
[0.346s] -- Up-to-date symlink: /home/usamah/Documents/project/learnRos2/install/second_turn_camera_project/share/second_turn_camera_project/environment/path.dsv
[0.346s] -- Up-to-date symlink: /home/usamah/Documents/project/learnRos2/install/second_turn_camera_project/share/second_turn_camera_project/local_setup.bash
[0.346s] -- Up-to-date symlink: /home/usamah/Documents/project/learnRos2/install/second_turn_camera_project/share/second_turn_camera_project/local_setup.sh
[0.347s] -- Up-to-date symlink: /home/usamah/Documents/project/learnRos2/install/second_turn_camera_project/share/second_turn_camera_project/local_setup.zsh
[0.347s] -- Up-to-date symlink: /home/usamah/Documents/project/learnRos2/install/second_turn_camera_project/share/second_turn_camera_project/local_setup.dsv
[0.347s] -- Symlinking: /home/usamah/Documents/project/learnRos2/install/second_turn_camera_project/share/second_turn_camera_project/package.dsv
[0.353s] -- Up-to-date symlink: /home/usamah/Documents/project/learnRos2/install/second_turn_camera_project/share/ament_index/resource_index/packages/second_turn_camera_project
[0.353s] -- Up-to-date symlink: /home/usamah/Documents/project/learnRos2/install/second_turn_camera_project/share/second_turn_camera_project/cmake/second_turn_camera_projectConfig.cmake
[0.353s] -- Up-to-date symlink: /home/usamah/Documents/project/learnRos2/install/second_turn_camera_project/share/second_turn_camera_project/cmake/second_turn_camera_projectConfig-version.cmake
[0.353s] -- Up-to-date symlink: /home/usamah/Documents/project/learnRos2/install/second_turn_camera_project/share/second_turn_camera_project/package.xml
[0.385s] Listing '/home/usamah/Documents/project/learnRos2/install/second_turn_camera_project/local/lib/python3.10/dist-packages/scripts'...
[0.407s] Invoked command in '/home/usamah/Documents/project/learnRos2/build/second_turn_camera_project' returned '0': CMAKE_PREFIX_PATH=${CMAKE_PREFIX_PATH}:/opt/ros/humble /usr/bin/cmake --install /home/usamah/Documents/project/learnRos2/build/second_turn_camera_project
