[0.009s] Invoking command in '/home/usamah/Documents/project/learnRos2/build/second_turn_camera_project': CMAKE_PREFIX_PATH=${CMAKE_PREFIX_PATH}:/opt/ros/humble /usr/bin/cmake --build /home/usamah/Documents/project/learnRos2/build/second_turn_camera_project -- -j16 -l16
[0.030s] Invoked command in '/home/usamah/Documents/project/learnRos2/build/second_turn_camera_project' returned '0': CMAKE_PREFIX_PATH=${CMAKE_PREFIX_PATH}:/opt/ros/humble /usr/bin/cmake --build /home/usamah/Documents/project/learnRos2/build/second_turn_camera_project -- -j16 -l16
[0.048s] Invoking command in '/home/usamah/Documents/project/learnRos2/build/second_turn_camera_project': CMAKE_PREFIX_PATH=${CMAKE_PREFIX_PATH}:/opt/ros/humble /usr/bin/cmake --install /home/usamah/Documents/project/learnRos2/build/second_turn_camera_project
[0.051s] -- Install configuration: ""
[0.052s] -- Execute custom install script
[0.052s] -- Up-to-date symlink: /home/usamah/Documents/project/learnRos2/install/second_turn_camera_project/share/ament_index/resource_index/package_run_dependencies/second_turn_camera_project
[0.052s] -- Up-to-date symlink: /home/usamah/Documents/project/learnRos2/install/second_turn_camera_project/share/ament_index/resource_index/parent_prefix_path/second_turn_camera_project
[0.052s] -- Up-to-date symlink: /home/usamah/Documents/project/learnRos2/install/second_turn_camera_project/share/second_turn_camera_project/environment/ament_prefix_path.sh
[0.052s] -- Up-to-date symlink: /home/usamah/Documents/project/learnRos2/install/second_turn_camera_project/share/second_turn_camera_project/environment/ament_prefix_path.dsv
[0.052s] -- Up-to-date symlink: /home/usamah/Documents/project/learnRos2/install/second_turn_camera_project/share/second_turn_camera_project/environment/path.sh
[0.052s] -- Up-to-date symlink: /home/usamah/Documents/project/learnRos2/install/second_turn_camera_project/share/second_turn_camera_project/environment/path.dsv
[0.052s] -- Up-to-date symlink: /home/usamah/Documents/project/learnRos2/install/second_turn_camera_project/share/second_turn_camera_project/local_setup.bash
[0.052s] -- Up-to-date symlink: /home/usamah/Documents/project/learnRos2/install/second_turn_camera_project/share/second_turn_camera_project/local_setup.sh
[0.052s] -- Up-to-date symlink: /home/usamah/Documents/project/learnRos2/install/second_turn_camera_project/share/second_turn_camera_project/local_setup.zsh
[0.053s] -- Up-to-date symlink: /home/usamah/Documents/project/learnRos2/install/second_turn_camera_project/share/second_turn_camera_project/local_setup.dsv
[0.053s] -- Symlinking: /home/usamah/Documents/project/learnRos2/install/second_turn_camera_project/share/second_turn_camera_project/package.dsv
[0.058s] -- Up-to-date symlink: /home/usamah/Documents/project/learnRos2/install/second_turn_camera_project/share/ament_index/resource_index/packages/second_turn_camera_project
[0.058s] -- Up-to-date symlink: /home/usamah/Documents/project/learnRos2/install/second_turn_camera_project/share/second_turn_camera_project/cmake/second_turn_camera_projectConfig.cmake
[0.058s] -- Up-to-date symlink: /home/usamah/Documents/project/learnRos2/install/second_turn_camera_project/share/second_turn_camera_project/cmake/second_turn_camera_projectConfig-version.cmake
[0.058s] -- Up-to-date symlink: /home/usamah/Documents/project/learnRos2/install/second_turn_camera_project/share/second_turn_camera_project/package.xml
[0.059s] Invoked command in '/home/usamah/Documents/project/learnRos2/build/second_turn_camera_project' returned '0': CMAKE_PREFIX_PATH=${CMAKE_PREFIX_PATH}:/opt/ros/humble /usr/bin/cmake --install /home/usamah/Documents/project/learnRos2/build/second_turn_camera_project
