[0.010s] Invoking command in '/home/usamah/Documents/project/learnRos2/build/second_turn_camera_project': CMAKE_PREFIX_PATH=${CMAKE_PREFIX_PATH}:/opt/ros/humble /usr/bin/cmake --build /home/usamah/Documents/project/learnRos2/build/second_turn_camera_project -- -j16 -l16
[0.027s] -- Found ament_cmake: 1.3.10 (/opt/ros/humble/share/ament_cmake/cmake)
[0.110s] -- Override CMake install command with custom implementation using symlinks instead of copying resources
[0.115s] -- Found rclpy: 3.3.14 (/opt/ros/humble/share/rclpy/cmake)
[0.115s] -- Found rosidl_default_generators: 1.2.0 (/opt/ros/humble/share/rosidl_default_generators/cmake)
[0.117s] -- Using all available rosidl_typesupport_c: rosidl_typesupport_fastrtps_c;rosidl_typesupport_introspection_c
[0.119s] -- Found rosidl_adapter: 3.1.5 (/opt/ros/humble/share/rosidl_adapter/cmake)
[0.140s] -- Using all available rosidl_typesupport_cpp: rosidl_typesupport_fastrtps_cpp;rosidl_typesupport_introspection_cpp
[0.157s] -- Found sensor_msgs: 4.2.4 (/opt/ros/humble/share/sensor_msgs/cmake)
[0.405s] -- Found ament_cmake_ros: 0.10.0 (/opt/ros/humble/share/ament_cmake_ros/cmake)
[0.574s] -- Using all available rosidl_typesupport_c: rosidl_typesupport_fastrtps_c;rosidl_typesupport_introspection_c
[0.807s] -- Using all available rosidl_typesupport_cpp: rosidl_typesupport_fastrtps_cpp;rosidl_typesupport_introspection_cpp
[0.824s] -- Found python_cmake_module: 0.10.0 (/opt/ros/humble/share/python_cmake_module/cmake)
[0.838s] -- Using PYTHON_EXECUTABLE: /usr/bin/python3
[0.838s] -- Using PYTHON_INCLUDE_DIRS: /usr/include/python3.10
[0.839s] -- Using PYTHON_LIBRARIES: /usr/lib/x86_64-linux-gnu/libpython3.10.so
[0.870s] -- Found ament_lint_auto: 0.12.11 (/opt/ros/humble/share/ament_lint_auto/cmake)
[0.875s] -- Added test 'flake8' to check Python code syntax and style conventions
[0.875s] -- Added test 'lint_cmake' to check CMake code style
[0.876s] -- Added test 'pep257' to check Python code against some of the docstring style conventions in PEP 257
[0.876s] -- Added test 'xmllint' to check XML markup files
[0.878s] -- Configuring done
[0.900s] -- Generating done
[0.902s] -- Build files have been written to: /home/usamah/Documents/project/learnRos2/build/second_turn_camera_project
[0.920s] [  3%] [34m[1mGenerating C code for ROS interfaces[0m
[0.928s] [  6%] [34m[1mGenerating C++ code for ROS interfaces[0m
[0.933s] [  6%] Built target ament_cmake_python_symlink_scripts
[0.933s] [  6%] Built target ament_cmake_python_symlink_second_turn_camera_project
[1.193s] [  6%] Built target second_turn_camera_project__cpp
[1.202s] [  9%] [34m[1mGenerating C++ type support dispatch for ROS interfaces[0m
[1.202s] [ 12%] [34m[1mGenerating C++ type support for eProsima Fast-RTPS[0m
[1.202s] [ 16%] [34m[1mGenerating C++ introspection for ROS interfaces[0m
[1.204s] running egg_info
[1.205s] writing second_turn_camera_project.egg-info/PKG-INFO
[1.205s] writing dependency_links to second_turn_camera_project.egg-info/dependency_links.txt
[1.205s] writing top-level names to second_turn_camera_project.egg-info/top_level.txt
[1.205s] [ 19%] [32mBuilding C object CMakeFiles/second_turn_camera_project__rosidl_generator_c.dir/rosidl_generator_c/second_turn_camera_project/srv/detail/secnd_project_turn_camer__functions.c.o[0m
[1.207s] reading manifest file 'second_turn_camera_project.egg-info/SOURCES.txt'
[1.208s] writing manifest file 'second_turn_camera_project.egg-info/SOURCES.txt'
[1.216s] running egg_info
[1.217s] writing scripts.egg-info/PKG-INFO
[1.217s] writing dependency_links to scripts.egg-info/dependency_links.txt
[1.217s] writing top-level names to scripts.egg-info/top_level.txt
[1.220s] reading manifest file 'scripts.egg-info/SOURCES.txt'
[1.221s] writing manifest file 'scripts.egg-info/SOURCES.txt'
[1.235s] [ 19%] Built target ament_cmake_python_build_second_turn_camera_project_egg
[1.251s] [ 19%] Built target ament_cmake_python_build_scripts_egg
[1.277s] [ 22%] [32m[1mLinking C shared library libsecond_turn_camera_project__rosidl_generator_c.so[0m
[1.325s] [ 22%] Built target second_turn_camera_project__rosidl_generator_c
[1.336s] [ 25%] [34m[1mGenerating C type support for eProsima Fast-RTPS[0m
[1.337s] [ 29%] [34m[1mGenerating C type support dispatch for ROS interfaces[0m
[1.337s] [ 32%] [34m[1mGenerating C introspection for ROS interfaces[0m
[1.507s] [ 35%] [32mBuilding CXX object CMakeFiles/second_turn_camera_project__rosidl_typesupport_cpp.dir/rosidl_typesupport_cpp/second_turn_camera_project/srv/secnd_project_turn_camer__type_support.cpp.o[0m
[1.536s] [ 38%] [32mBuilding CXX object CMakeFiles/second_turn_camera_project__rosidl_typesupport_introspection_cpp.dir/rosidl_typesupport_introspection_cpp/second_turn_camera_project/srv/detail/secnd_project_turn_camer__type_support.cpp.o[0m
[1.553s] [ 41%] [32mBuilding CXX object CMakeFiles/second_turn_camera_project__rosidl_typesupport_fastrtps_cpp.dir/rosidl_typesupport_fastrtps_cpp/second_turn_camera_project/srv/detail/dds_fastrtps/secnd_project_turn_camer__type_support.cpp.o[0m
[1.630s] [ 45%] [32mBuilding CXX object CMakeFiles/second_turn_camera_project__rosidl_typesupport_c.dir/rosidl_typesupport_c/second_turn_camera_project/srv/secnd_project_turn_camer__type_support.cpp.o[0m
[1.655s] [ 48%] [32mBuilding C object CMakeFiles/second_turn_camera_project__rosidl_typesupport_introspection_c.dir/rosidl_typesupport_introspection_c/second_turn_camera_project/srv/detail/secnd_project_turn_camer__type_support.c.o[0m
[1.656s] [ 51%] [32mBuilding CXX object CMakeFiles/second_turn_camera_project__rosidl_typesupport_fastrtps_c.dir/rosidl_typesupport_fastrtps_c/second_turn_camera_project/srv/detail/secnd_project_turn_camer__type_support_c.cpp.o[0m
[1.663s] [ 54%] [32m[1mLinking CXX shared library libsecond_turn_camera_project__rosidl_typesupport_c.so[0m
[1.692s] [ 58%] [32m[1mLinking C shared library libsecond_turn_camera_project__rosidl_typesupport_introspection_c.so[0m
[1.710s] [ 58%] Built target second_turn_camera_project__rosidl_typesupport_c
[1.728s] [ 58%] Built target second_turn_camera_project__rosidl_typesupport_introspection_c
[1.788s] [ 61%] [32m[1mLinking CXX shared library libsecond_turn_camera_project__rosidl_typesupport_cpp.so[0m
[1.822s] [ 61%] Built target second_turn_camera_project__rosidl_typesupport_cpp
[1.908s] [ 64%] [32m[1mLinking CXX shared library libsecond_turn_camera_project__rosidl_typesupport_introspection_cpp.so[0m
[1.915s] [ 67%] [32m[1mLinking CXX shared library libsecond_turn_camera_project__rosidl_typesupport_fastrtps_cpp.so[0m
[1.962s] [ 70%] [32m[1mLinking CXX shared library libsecond_turn_camera_project__rosidl_typesupport_fastrtps_c.so[0m
[1.962s] [ 70%] Built target second_turn_camera_project__rosidl_typesupport_introspection_cpp
[1.981s] [ 70%] Built target second_turn_camera_project__rosidl_typesupport_fastrtps_cpp
[2.030s] [ 70%] Built target second_turn_camera_project__rosidl_typesupport_fastrtps_c
[2.048s] [ 70%] Built target second_turn_camera_project
[2.071s] [ 74%] [34m[1mGenerating Python code for ROS interfaces[0m
[2.349s] [ 74%] Built target second_turn_camera_project__py
[2.369s] [ 77%] [32mBuilding C object CMakeFiles/second_turn_camera_project__rosidl_generator_py.dir/rosidl_generator_py/second_turn_camera_project/srv/_secnd_project_turn_camer_s.c.o[0m
[2.445s] [ 80%] [32m[1mLinking C shared library rosidl_generator_py/second_turn_camera_project/libsecond_turn_camera_project__rosidl_generator_py.so[0m
[2.471s] [ 80%] Built target second_turn_camera_project__rosidl_generator_py
[2.485s] [ 83%] [32mBuilding C object CMakeFiles/second_turn_camera_project__rosidl_typesupport_fastrtps_c__pyext.dir/rosidl_generator_py/second_turn_camera_project/_second_turn_camera_project_s.ep.rosidl_typesupport_fastrtps_c.c.o[0m
[2.485s] [ 90%] [32mBuilding C object CMakeFiles/second_turn_camera_project__rosidl_typesupport_introspection_c__pyext.dir/rosidl_generator_py/second_turn_camera_project/_second_turn_camera_project_s.ep.rosidl_typesupport_introspection_c.c.o[0m
[2.485s] [ 90%] [32mBuilding C object CMakeFiles/second_turn_camera_project__rosidl_typesupport_c__pyext.dir/rosidl_generator_py/second_turn_camera_project/_second_turn_camera_project_s.ep.rosidl_typesupport_c.c.o[0m
[2.560s] [100%] [32m[1mLinking C shared library rosidl_generator_py/second_turn_camera_project/second_turn_camera_project_s__rosidl_typesupport_fastrtps_c.cpython-310-x86_64-linux-gnu.so[0m
[2.560s] [100%] [32m[1mLinking C shared library rosidl_generator_py/second_turn_camera_project/second_turn_camera_project_s__rosidl_typesupport_c.cpython-310-x86_64-linux-gnu.so[0m
[2.560s] [100%] [32m[1mLinking C shared library rosidl_generator_py/second_turn_camera_project/second_turn_camera_project_s__rosidl_typesupport_introspection_c.cpython-310-x86_64-linux-gnu.so[0m
[2.587s] [100%] Built target second_turn_camera_project__rosidl_typesupport_c__pyext
[2.587s] [100%] Built target second_turn_camera_project__rosidl_typesupport_fastrtps_c__pyext
[2.587s] [100%] Built target second_turn_camera_project__rosidl_typesupport_introspection_c__pyext
[2.595s] Invoked command in '/home/usamah/Documents/project/learnRos2/build/second_turn_camera_project' returned '0': CMAKE_PREFIX_PATH=${CMAKE_PREFIX_PATH}:/opt/ros/humble /usr/bin/cmake --build /home/usamah/Documents/project/learnRos2/build/second_turn_camera_project -- -j16 -l16
[2.638s] Invoking command in '/home/usamah/Documents/project/learnRos2/build/second_turn_camera_project': CMAKE_PREFIX_PATH=${CMAKE_PREFIX_PATH}:/opt/ros/humble /usr/bin/cmake --install /home/usamah/Documents/project/learnRos2/build/second_turn_camera_project
[2.643s] -- Install configuration: ""
[2.643s] -- Execute custom install script
[2.643s] -- Symlinking: /home/usamah/Documents/project/learnRos2/install/second_turn_camera_project/share/ament_index/resource_index/rosidl_interfaces/second_turn_camera_project
[2.648s] -- Symlinking: /home/usamah/Documents/project/learnRos2/install/second_turn_camera_project/include/second_turn_camera_project/second_turn_camera_project/msg/rosidl_generator_c__visibility_control.h
[2.653s] -- Symlinking: /home/usamah/Documents/project/learnRos2/install/second_turn_camera_project/include/second_turn_camera_project/second_turn_camera_project/srv/detail/secnd_project_turn_camer__functions.h
[2.658s] -- Symlinking: /home/usamah/Documents/project/learnRos2/install/second_turn_camera_project/include/second_turn_camera_project/second_turn_camera_project/srv/detail/secnd_project_turn_camer__struct.h
[2.662s] -- Symlinking: /home/usamah/Documents/project/learnRos2/install/second_turn_camera_project/include/second_turn_camera_project/second_turn_camera_project/srv/detail/secnd_project_turn_camer__type_support.h
[2.667s] -- Symlinking: /home/usamah/Documents/project/learnRos2/install/second_turn_camera_project/include/second_turn_camera_project/second_turn_camera_project/srv/secnd_project_turn_camer.h
[2.672s] -- Symlinking: /home/usamah/Documents/project/learnRos2/install/second_turn_camera_project/share/second_turn_camera_project/environment/library_path.sh
[2.677s] -- Symlinking: /home/usamah/Documents/project/learnRos2/install/second_turn_camera_project/share/second_turn_camera_project/environment/library_path.dsv
[2.682s] -- Symlinking: /home/usamah/Documents/project/learnRos2/install/second_turn_camera_project/include/second_turn_camera_project/second_turn_camera_project/msg/rosidl_typesupport_fastrtps_c__visibility_control.h
[2.687s] -- Symlinking: /home/usamah/Documents/project/learnRos2/install/second_turn_camera_project/include/second_turn_camera_project/second_turn_camera_project/srv/detail/secnd_project_turn_camer__rosidl_typesupport_fastrtps_c.h
[2.692s] -- Symlinking: /home/usamah/Documents/project/learnRos2/install/second_turn_camera_project/include/second_turn_camera_project/second_turn_camera_project/msg/rosidl_typesupport_introspection_c__visibility_control.h
[2.697s] -- Symlinking: /home/usamah/Documents/project/learnRos2/install/second_turn_camera_project/include/second_turn_camera_project/second_turn_camera_project/srv/detail/secnd_project_turn_camer__rosidl_typesupport_introspection_c.h
[2.702s] -- Symlinking: /home/usamah/Documents/project/learnRos2/install/second_turn_camera_project/include/second_turn_camera_project/second_turn_camera_project/srv/detail/secnd_project_turn_camer__builder.hpp
[2.707s] -- Symlinking: /home/usamah/Documents/project/learnRos2/install/second_turn_camera_project/include/second_turn_camera_project/second_turn_camera_project/srv/detail/secnd_project_turn_camer__struct.hpp
[2.712s] -- Symlinking: /home/usamah/Documents/project/learnRos2/install/second_turn_camera_project/include/second_turn_camera_project/second_turn_camera_project/srv/detail/secnd_project_turn_camer__traits.hpp
[2.717s] -- Symlinking: /home/usamah/Documents/project/learnRos2/install/second_turn_camera_project/include/second_turn_camera_project/second_turn_camera_project/srv/secnd_project_turn_camer.hpp
[2.722s] -- Symlinking: /home/usamah/Documents/project/learnRos2/install/second_turn_camera_project/include/second_turn_camera_project/second_turn_camera_project/msg/rosidl_typesupport_fastrtps_cpp__visibility_control.h
[2.727s] -- Symlinking: /home/usamah/Documents/project/learnRos2/install/second_turn_camera_project/include/second_turn_camera_project/second_turn_camera_project/srv/detail/secnd_project_turn_camer__rosidl_typesupport_fastrtps_cpp.hpp
[2.732s] -- Symlinking: /home/usamah/Documents/project/learnRos2/install/second_turn_camera_project/include/second_turn_camera_project/second_turn_camera_project/srv/detail/secnd_project_turn_camer__rosidl_typesupport_introspection_cpp.hpp
[2.737s] -- Up-to-date symlink: /home/usamah/Documents/project/learnRos2/install/second_turn_camera_project/share/second_turn_camera_project/environment/pythonpath.sh
[2.737s] -- Up-to-date symlink: /home/usamah/Documents/project/learnRos2/install/second_turn_camera_project/share/second_turn_camera_project/environment/pythonpath.dsv
[2.738s] -- Symlinking: /home/usamah/Documents/project/learnRos2/install/second_turn_camera_project/local/lib/python3.10/dist-packages/second_turn_camera_project-0.0.0-py3.10.egg-info/PKG-INFO
[2.742s] -- Symlinking: /home/usamah/Documents/project/learnRos2/install/second_turn_camera_project/local/lib/python3.10/dist-packages/second_turn_camera_project-0.0.0-py3.10.egg-info/SOURCES.txt
[2.747s] -- Symlinking: /home/usamah/Documents/project/learnRos2/install/second_turn_camera_project/local/lib/python3.10/dist-packages/second_turn_camera_project-0.0.0-py3.10.egg-info/dependency_links.txt
[2.752s] -- Symlinking: /home/usamah/Documents/project/learnRos2/install/second_turn_camera_project/local/lib/python3.10/dist-packages/second_turn_camera_project-0.0.0-py3.10.egg-info/top_level.txt
[2.757s] -- Symlinking: /home/usamah/Documents/project/learnRos2/install/second_turn_camera_project/local/lib/python3.10/dist-packages/second_turn_camera_project/__init__.py
[2.761s] -- Symlinking: /home/usamah/Documents/project/learnRos2/install/second_turn_camera_project/local/lib/python3.10/dist-packages/second_turn_camera_project/_second_turn_camera_project_s.ep.rosidl_typesupport_c.c
[2.766s] -- Symlinking: /home/usamah/Documents/project/learnRos2/install/second_turn_camera_project/local/lib/python3.10/dist-packages/second_turn_camera_project/_second_turn_camera_project_s.ep.rosidl_typesupport_fastrtps_c.c
[2.771s] -- Symlinking: /home/usamah/Documents/project/learnRos2/install/second_turn_camera_project/local/lib/python3.10/dist-packages/second_turn_camera_project/_second_turn_camera_project_s.ep.rosidl_typesupport_introspection_c.c
[2.775s] -- Symlinking: /home/usamah/Documents/project/learnRos2/install/second_turn_camera_project/local/lib/python3.10/dist-packages/second_turn_camera_project/libsecond_turn_camera_project__rosidl_generator_py.so
[2.780s] -- Symlinking: /home/usamah/Documents/project/learnRos2/install/second_turn_camera_project/local/lib/python3.10/dist-packages/second_turn_camera_project/second_turn_camera_project_s__rosidl_typesupport_c.cpython-310-x86_64-linux-gnu.so
[2.784s] -- Symlinking: /home/usamah/Documents/project/learnRos2/install/second_turn_camera_project/local/lib/python3.10/dist-packages/second_turn_camera_project/second_turn_camera_project_s__rosidl_typesupport_fastrtps_c.cpython-310-x86_64-linux-gnu.so
[2.789s] -- Symlinking: /home/usamah/Documents/project/learnRos2/install/second_turn_camera_project/local/lib/python3.10/dist-packages/second_turn_camera_project/second_turn_camera_project_s__rosidl_typesupport_introspection_c.cpython-310-x86_64-linux-gnu.so
[2.794s] -- Symlinking: /home/usamah/Documents/project/learnRos2/install/second_turn_camera_project/local/lib/python3.10/dist-packages/second_turn_camera_project/srv/__init__.py
[2.798s] -- Symlinking: /home/usamah/Documents/project/learnRos2/install/second_turn_camera_project/local/lib/python3.10/dist-packages/second_turn_camera_project/srv/_secnd_project_turn_camer.py
[2.803s] -- Symlinking: /home/usamah/Documents/project/learnRos2/install/second_turn_camera_project/local/lib/python3.10/dist-packages/second_turn_camera_project/srv/_secnd_project_turn_camer_s.c
[2.808s] -- Up-to-date symlink: /home/usamah/Documents/project/learnRos2/install/second_turn_camera_project/local/lib/python3.10/dist-packages/second_turn_camera_project/second_turn_camera_project_s__rosidl_typesupport_fastrtps_c.cpython-310-x86_64-linux-gnu.so
[2.809s] -- Up-to-date symlink: /home/usamah/Documents/project/learnRos2/install/second_turn_camera_project/local/lib/python3.10/dist-packages/second_turn_camera_project/second_turn_camera_project_s__rosidl_typesupport_introspection_c.cpython-310-x86_64-linux-gnu.so
[2.809s] -- Up-to-date symlink: /home/usamah/Documents/project/learnRos2/install/second_turn_camera_project/local/lib/python3.10/dist-packages/second_turn_camera_project/second_turn_camera_project_s__rosidl_typesupport_c.cpython-310-x86_64-linux-gnu.so
[2.809s] -- Symlinking: /home/usamah/Documents/project/learnRos2/install/second_turn_camera_project/share/second_turn_camera_project/srv/SecndProjectTurnCamer.idl
[2.814s] -- Symlinking: /home/usamah/Documents/project/learnRos2/install/second_turn_camera_project/share/second_turn_camera_project/srv/SecndProjectTurnCamer.srv
[2.819s] -- Symlinking: /home/usamah/Documents/project/learnRos2/install/second_turn_camera_project/share/second_turn_camera_project/srv/SecndProjectTurnCamer_Request.msg
[2.823s] -- Symlinking: /home/usamah/Documents/project/learnRos2/install/second_turn_camera_project/share/second_turn_camera_project/srv/SecndProjectTurnCamer_Response.msg
[2.828s] -- Up-to-date symlink: /home/usamah/Documents/project/learnRos2/install/second_turn_camera_project/local/lib/python3.10/dist-packages/scripts-0.0.0-py3.10.egg-info/PKG-INFO
[2.828s] -- Up-to-date symlink: /home/usamah/Documents/project/learnRos2/install/second_turn_camera_project/local/lib/python3.10/dist-packages/scripts-0.0.0-py3.10.egg-info/SOURCES.txt
[2.828s] -- Up-to-date symlink: /home/usamah/Documents/project/learnRos2/install/second_turn_camera_project/local/lib/python3.10/dist-packages/scripts-0.0.0-py3.10.egg-info/dependency_links.txt
[2.828s] -- Up-to-date symlink: /home/usamah/Documents/project/learnRos2/install/second_turn_camera_project/local/lib/python3.10/dist-packages/scripts-0.0.0-py3.10.egg-info/top_level.txt
[2.828s] -- Up-to-date symlink: /home/usamah/Documents/project/learnRos2/install/second_turn_camera_project/local/lib/python3.10/dist-packages/scripts/__init__.py
[2.829s] -- Up-to-date symlink: /home/usamah/Documents/project/learnRos2/install/second_turn_camera_project/share/ament_index/resource_index/package_run_dependencies/second_turn_camera_project
[2.829s] -- Up-to-date symlink: /home/usamah/Documents/project/learnRos2/install/second_turn_camera_project/share/ament_index/resource_index/parent_prefix_path/second_turn_camera_project
[2.829s] -- Up-to-date symlink: /home/usamah/Documents/project/learnRos2/install/second_turn_camera_project/share/second_turn_camera_project/environment/ament_prefix_path.sh
[2.829s] -- Up-to-date symlink: /home/usamah/Documents/project/learnRos2/install/second_turn_camera_project/share/second_turn_camera_project/environment/ament_prefix_path.dsv
[2.829s] -- Up-to-date symlink: /home/usamah/Documents/project/learnRos2/install/second_turn_camera_project/share/second_turn_camera_project/environment/path.sh
[2.829s] -- Up-to-date symlink: /home/usamah/Documents/project/learnRos2/install/second_turn_camera_project/share/second_turn_camera_project/environment/path.dsv
[2.829s] -- Up-to-date symlink: /home/usamah/Documents/project/learnRos2/install/second_turn_camera_project/share/second_turn_camera_project/local_setup.bash
[2.829s] -- Up-to-date symlink: /home/usamah/Documents/project/learnRos2/install/second_turn_camera_project/share/second_turn_camera_project/local_setup.sh
[2.829s] -- Up-to-date symlink: /home/usamah/Documents/project/learnRos2/install/second_turn_camera_project/share/second_turn_camera_project/local_setup.zsh
[2.829s] -- Up-to-date symlink: /home/usamah/Documents/project/learnRos2/install/second_turn_camera_project/share/second_turn_camera_project/local_setup.dsv
[2.829s] -- Symlinking: /home/usamah/Documents/project/learnRos2/install/second_turn_camera_project/share/second_turn_camera_project/package.dsv
[2.835s] -- Up-to-date symlink: /home/usamah/Documents/project/learnRos2/install/second_turn_camera_project/share/ament_index/resource_index/packages/second_turn_camera_project
[2.835s] -- Symlinking: /home/usamah/Documents/project/learnRos2/install/second_turn_camera_project/share/second_turn_camera_project/cmake/rosidl_cmake-extras.cmake
[2.841s] -- Symlinking: /home/usamah/Documents/project/learnRos2/install/second_turn_camera_project/share/second_turn_camera_project/cmake/ament_cmake_export_dependencies-extras.cmake
[2.847s] -- Symlinking: /home/usamah/Documents/project/learnRos2/install/second_turn_camera_project/share/second_turn_camera_project/cmake/ament_cmake_export_include_directories-extras.cmake
[2.854s] -- Symlinking: /home/usamah/Documents/project/learnRos2/install/second_turn_camera_project/share/second_turn_camera_project/cmake/ament_cmake_export_libraries-extras.cmake
[2.859s] -- Symlinking: /home/usamah/Documents/project/learnRos2/install/second_turn_camera_project/share/second_turn_camera_project/cmake/ament_cmake_export_targets-extras.cmake
[2.864s] -- Symlinking: /home/usamah/Documents/project/learnRos2/install/second_turn_camera_project/share/second_turn_camera_project/cmake/rosidl_cmake_export_typesupport_targets-extras.cmake
[2.869s] -- Symlinking: /home/usamah/Documents/project/learnRos2/install/second_turn_camera_project/share/second_turn_camera_project/cmake/rosidl_cmake_export_typesupport_libraries-extras.cmake
[2.874s] -- Up-to-date symlink: /home/usamah/Documents/project/learnRos2/install/second_turn_camera_project/share/second_turn_camera_project/cmake/second_turn_camera_projectConfig.cmake
[2.874s] -- Up-to-date symlink: /home/usamah/Documents/project/learnRos2/install/second_turn_camera_project/share/second_turn_camera_project/cmake/second_turn_camera_projectConfig-version.cmake
[2.874s] -- Up-to-date symlink: /home/usamah/Documents/project/learnRos2/install/second_turn_camera_project/share/second_turn_camera_project/package.xml
[2.874s] -- Installing: /home/usamah/Documents/project/learnRos2/install/second_turn_camera_project/lib/libsecond_turn_camera_project__rosidl_generator_c.so
[2.875s] -- Set runtime path of "/home/usamah/Documents/project/learnRos2/install/second_turn_camera_project/lib/libsecond_turn_camera_project__rosidl_generator_c.so" to ""
[2.875s] -- Installing: /home/usamah/Documents/project/learnRos2/install/second_turn_camera_project/lib/libsecond_turn_camera_project__rosidl_typesupport_fastrtps_c.so
[2.875s] -- Set runtime path of "/home/usamah/Documents/project/learnRos2/install/second_turn_camera_project/lib/libsecond_turn_camera_project__rosidl_typesupport_fastrtps_c.so" to ""
[2.875s] -- Installing: /home/usamah/Documents/project/learnRos2/install/second_turn_camera_project/lib/libsecond_turn_camera_project__rosidl_typesupport_introspection_c.so
[2.875s] -- Set runtime path of "/home/usamah/Documents/project/learnRos2/install/second_turn_camera_project/lib/libsecond_turn_camera_project__rosidl_typesupport_introspection_c.so" to ""
[2.875s] -- Installing: /home/usamah/Documents/project/learnRos2/install/second_turn_camera_project/lib/libsecond_turn_camera_project__rosidl_typesupport_c.so
[2.875s] -- Set runtime path of "/home/usamah/Documents/project/learnRos2/install/second_turn_camera_project/lib/libsecond_turn_camera_project__rosidl_typesupport_c.so" to ""
[2.875s] -- Installing: /home/usamah/Documents/project/learnRos2/install/second_turn_camera_project/lib/libsecond_turn_camera_project__rosidl_typesupport_fastrtps_cpp.so
[2.875s] -- Set runtime path of "/home/usamah/Documents/project/learnRos2/install/second_turn_camera_project/lib/libsecond_turn_camera_project__rosidl_typesupport_fastrtps_cpp.so" to ""
[2.875s] -- Installing: /home/usamah/Documents/project/learnRos2/install/second_turn_camera_project/lib/libsecond_turn_camera_project__rosidl_typesupport_introspection_cpp.so
[2.876s] -- Set runtime path of "/home/usamah/Documents/project/learnRos2/install/second_turn_camera_project/lib/libsecond_turn_camera_project__rosidl_typesupport_introspection_cpp.so" to ""
[2.876s] -- Installing: /home/usamah/Documents/project/learnRos2/install/second_turn_camera_project/lib/libsecond_turn_camera_project__rosidl_typesupport_cpp.so
[2.876s] -- Set runtime path of "/home/usamah/Documents/project/learnRos2/install/second_turn_camera_project/lib/libsecond_turn_camera_project__rosidl_typesupport_cpp.so" to ""
[2.906s] Listing '/home/usamah/Documents/project/learnRos2/install/second_turn_camera_project/local/lib/python3.10/dist-packages/second_turn_camera_project'...
[2.907s] Compiling '/home/usamah/Documents/project/learnRos2/install/second_turn_camera_project/local/lib/python3.10/dist-packages/second_turn_camera_project/__init__.py'...
[2.907s] Listing '/home/usamah/Documents/project/learnRos2/install/second_turn_camera_project/local/lib/python3.10/dist-packages/second_turn_camera_project/srv'...
[2.907s] Compiling '/home/usamah/Documents/project/learnRos2/install/second_turn_camera_project/local/lib/python3.10/dist-packages/second_turn_camera_project/srv/__init__.py'...
[2.907s] Compiling '/home/usamah/Documents/project/learnRos2/install/second_turn_camera_project/local/lib/python3.10/dist-packages/second_turn_camera_project/srv/_secnd_project_turn_camer.py'...
[2.911s] -- Installing: /home/usamah/Documents/project/learnRos2/install/second_turn_camera_project/lib/libsecond_turn_camera_project__rosidl_generator_py.so
[2.911s] -- Set runtime path of "/home/usamah/Documents/project/learnRos2/install/second_turn_camera_project/lib/libsecond_turn_camera_project__rosidl_generator_py.so" to ""
[2.937s] Listing '/home/usamah/Documents/project/learnRos2/install/second_turn_camera_project/local/lib/python3.10/dist-packages/scripts'...
[2.940s] -- Installing: /home/usamah/Documents/project/learnRos2/install/second_turn_camera_project/share/second_turn_camera_project/cmake/export_second_turn_camera_project__rosidl_generator_cExport.cmake
[2.941s] -- Installing: /home/usamah/Documents/project/learnRos2/install/second_turn_camera_project/share/second_turn_camera_project/cmake/export_second_turn_camera_project__rosidl_generator_cExport-noconfig.cmake
[2.941s] -- Installing: /home/usamah/Documents/project/learnRos2/install/second_turn_camera_project/share/second_turn_camera_project/cmake/export_second_turn_camera_project__rosidl_typesupport_fastrtps_cExport.cmake
[2.941s] -- Installing: /home/usamah/Documents/project/learnRos2/install/second_turn_camera_project/share/second_turn_camera_project/cmake/export_second_turn_camera_project__rosidl_typesupport_fastrtps_cExport-noconfig.cmake
[2.941s] -- Installing: /home/usamah/Documents/project/learnRos2/install/second_turn_camera_project/share/second_turn_camera_project/cmake/second_turn_camera_project__rosidl_typesupport_introspection_cExport.cmake
[2.941s] -- Installing: /home/usamah/Documents/project/learnRos2/install/second_turn_camera_project/share/second_turn_camera_project/cmake/second_turn_camera_project__rosidl_typesupport_introspection_cExport-noconfig.cmake
[2.941s] -- Installing: /home/usamah/Documents/project/learnRos2/install/second_turn_camera_project/share/second_turn_camera_project/cmake/second_turn_camera_project__rosidl_typesupport_cExport.cmake
[2.941s] -- Installing: /home/usamah/Documents/project/learnRos2/install/second_turn_camera_project/share/second_turn_camera_project/cmake/second_turn_camera_project__rosidl_typesupport_cExport-noconfig.cmake
[2.941s] -- Installing: /home/usamah/Documents/project/learnRos2/install/second_turn_camera_project/share/second_turn_camera_project/cmake/export_second_turn_camera_project__rosidl_generator_cppExport.cmake
[2.942s] -- Installing: /home/usamah/Documents/project/learnRos2/install/second_turn_camera_project/share/second_turn_camera_project/cmake/export_second_turn_camera_project__rosidl_typesupport_fastrtps_cppExport.cmake
[2.942s] -- Installing: /home/usamah/Documents/project/learnRos2/install/second_turn_camera_project/share/second_turn_camera_project/cmake/export_second_turn_camera_project__rosidl_typesupport_fastrtps_cppExport-noconfig.cmake
[2.942s] -- Installing: /home/usamah/Documents/project/learnRos2/install/second_turn_camera_project/share/second_turn_camera_project/cmake/second_turn_camera_project__rosidl_typesupport_introspection_cppExport.cmake
[2.942s] -- Installing: /home/usamah/Documents/project/learnRos2/install/second_turn_camera_project/share/second_turn_camera_project/cmake/second_turn_camera_project__rosidl_typesupport_introspection_cppExport-noconfig.cmake
[2.942s] -- Installing: /home/usamah/Documents/project/learnRos2/install/second_turn_camera_project/share/second_turn_camera_project/cmake/second_turn_camera_project__rosidl_typesupport_cppExport.cmake
[2.942s] -- Installing: /home/usamah/Documents/project/learnRos2/install/second_turn_camera_project/share/second_turn_camera_project/cmake/second_turn_camera_project__rosidl_typesupport_cppExport-noconfig.cmake
[2.942s] -- Installing: /home/usamah/Documents/project/learnRos2/install/second_turn_camera_project/share/second_turn_camera_project/cmake/export_second_turn_camera_project__rosidl_generator_pyExport.cmake
[2.942s] -- Installing: /home/usamah/Documents/project/learnRos2/install/second_turn_camera_project/share/second_turn_camera_project/cmake/export_second_turn_camera_project__rosidl_generator_pyExport-noconfig.cmake
[2.946s] Invoked command in '/home/usamah/Documents/project/learnRos2/build/second_turn_camera_project' returned '0': CMAKE_PREFIX_PATH=${CMAKE_PREFIX_PATH}:/opt/ros/humble /usr/bin/cmake --install /home/usamah/Documents/project/learnRos2/build/second_turn_camera_project
