[0.079s] DEBUG:colcon:Command line arguments: ['/usr/bin/colcon', 'build', '--symlink-install']
[0.079s] DEBUG:colcon:Parsed command line arguments: Namespace(log_base=None, log_level=None, verb_name='build', build_base='build', install_base='install', merge_install=False, symlink_install=True, test_result_base=None, continue_on_error=False, executor='parallel', parallel_workers=16, event_handlers=None, ignore_user_meta=False, metas=['./colcon.meta'], base_paths=['.'], packages_ignore=None, packages_ignore_regex=None, paths=None, packages_up_to=None, packages_up_to_regex=None, packages_above=None, packages_above_and_dependencies=None, packages_above_depth=None, packages_select_by_dep=None, packages_skip_by_dep=None, packages_skip_up_to=None, packages_select_build_failed=False, packages_skip_build_finished=False, packages_select_test_failures=False, packages_skip_test_passed=False, packages_select=None, packages_skip=None, packages_select_regex=None, packages_skip_regex=None, packages_start=None, packages_end=None, allow_overriding=[], cmake_args=None, cmake_target=None, cmake_target_skip_unavailable=False, cmake_clean_cache=False, cmake_clean_first=False, cmake_force_configure=False, ament_cmake_args=None, catkin_cmake_args=None, catkin_skip_building_tests=False, mixin_files=None, mixin=None, verb_parser=<colcon_mixin.mixin.mixin_argument.MixinArgumentDecorator object at 0x722acff5f910>, verb_extension=<colcon_core.verb.build.BuildVerb object at 0x722acff5ef80>, main=<bound method BuildVerb.main of <colcon_core.verb.build.BuildVerb object at 0x722acff5ef80>>, mixin_verb=('build',))
[0.218s] Level 1:colcon.colcon_core.package_discovery:discover_packages(colcon_meta) check parameters
[0.218s] Level 1:colcon.colcon_core.package_discovery:discover_packages(recursive) check parameters
[0.218s] Level 1:colcon.colcon_core.package_discovery:discover_packages(ignore) check parameters
[0.218s] Level 1:colcon.colcon_core.package_discovery:discover_packages(path) check parameters
[0.218s] Level 1:colcon.colcon_core.package_discovery:discover_packages(colcon_meta) discover
[0.218s] Level 1:colcon.colcon_core.package_discovery:discover_packages(recursive) discover
[0.218s] INFO:colcon.colcon_core.package_discovery:Crawling recursively for packages in '/home/usamah/Documents/project/learnRos2'
[0.218s] Level 1:colcon.colcon_core.package_identification:_identify(.) by extensions ['ignore', 'ignore_ament_install']
[0.219s] Level 1:colcon.colcon_core.package_identification:_identify(.) by extension 'ignore'
[0.219s] Level 1:colcon.colcon_core.package_identification:_identify(.) by extension 'ignore_ament_install'
[0.219s] Level 1:colcon.colcon_core.package_identification:_identify(.) by extensions ['colcon_pkg']
[0.219s] Level 1:colcon.colcon_core.package_identification:_identify(.) by extension 'colcon_pkg'
[0.219s] Level 1:colcon.colcon_core.package_identification:_identify(.) by extensions ['colcon_meta']
[0.219s] Level 1:colcon.colcon_core.package_identification:_identify(.) by extension 'colcon_meta'
[0.219s] Level 1:colcon.colcon_core.package_identification:_identify(.) by extensions ['ros']
[0.219s] Level 1:colcon.colcon_core.package_identification:_identify(.) by extension 'ros'
[0.242s] Level 1:colcon.colcon_core.package_identification:_identify(.) by extensions ['cmake', 'python']
[0.242s] Level 1:colcon.colcon_core.package_identification:_identify(.) by extension 'cmake'
[0.242s] Level 1:colcon.colcon_core.package_identification:_identify(.) by extension 'python'
[0.242s] Level 1:colcon.colcon_core.package_identification:_identify(.) by extensions ['python_setup_py']
[0.242s] Level 1:colcon.colcon_core.package_identification:_identify(.) by extension 'python_setup_py'
[0.242s] Level 1:colcon.colcon_core.package_identification:_identify(01_udemy_publish_subscribe) by extensions ['ignore', 'ignore_ament_install']
[0.242s] Level 1:colcon.colcon_core.package_identification:_identify(01_udemy_publish_subscribe) by extension 'ignore'
[0.242s] Level 1:colcon.colcon_core.package_identification:_identify(01_udemy_publish_subscribe) by extension 'ignore_ament_install'
[0.242s] Level 1:colcon.colcon_core.package_identification:_identify(01_udemy_publish_subscribe) by extensions ['colcon_pkg']
[0.242s] Level 1:colcon.colcon_core.package_identification:_identify(01_udemy_publish_subscribe) by extension 'colcon_pkg'
[0.242s] Level 1:colcon.colcon_core.package_identification:_identify(01_udemy_publish_subscribe) by extensions ['colcon_meta']
[0.242s] Level 1:colcon.colcon_core.package_identification:_identify(01_udemy_publish_subscribe) by extension 'colcon_meta'
[0.242s] Level 1:colcon.colcon_core.package_identification:_identify(01_udemy_publish_subscribe) by extensions ['ros']
[0.242s] Level 1:colcon.colcon_core.package_identification:_identify(01_udemy_publish_subscribe) by extension 'ros'
[0.242s] Level 1:colcon.colcon_core.package_identification:_identify(01_udemy_publish_subscribe) by extensions ['cmake', 'python']
[0.242s] Level 1:colcon.colcon_core.package_identification:_identify(01_udemy_publish_subscribe) by extension 'cmake'
[0.242s] Level 1:colcon.colcon_core.package_identification:_identify(01_udemy_publish_subscribe) by extension 'python'
[0.242s] Level 1:colcon.colcon_core.package_identification:_identify(01_udemy_publish_subscribe) by extensions ['python_setup_py']
[0.242s] Level 1:colcon.colcon_core.package_identification:_identify(01_udemy_publish_subscribe) by extension 'python_setup_py'
[0.242s] Level 1:colcon.colcon_core.package_identification:_identify(01_udemy_publish_subscribe/src) by extensions ['ignore', 'ignore_ament_install']
[0.243s] Level 1:colcon.colcon_core.package_identification:_identify(01_udemy_publish_subscribe/src) by extension 'ignore'
[0.243s] Level 1:colcon.colcon_core.package_identification:_identify(01_udemy_publish_subscribe/src) by extension 'ignore_ament_install'
[0.243s] Level 1:colcon.colcon_core.package_identification:_identify(01_udemy_publish_subscribe/src) by extensions ['colcon_pkg']
[0.243s] Level 1:colcon.colcon_core.package_identification:_identify(01_udemy_publish_subscribe/src) by extension 'colcon_pkg'
[0.243s] Level 1:colcon.colcon_core.package_identification:_identify(01_udemy_publish_subscribe/src) by extensions ['colcon_meta']
[0.243s] Level 1:colcon.colcon_core.package_identification:_identify(01_udemy_publish_subscribe/src) by extension 'colcon_meta'
[0.243s] Level 1:colcon.colcon_core.package_identification:_identify(01_udemy_publish_subscribe/src) by extensions ['ros']
[0.243s] Level 1:colcon.colcon_core.package_identification:_identify(01_udemy_publish_subscribe/src) by extension 'ros'
[0.243s] Level 1:colcon.colcon_core.package_identification:_identify(01_udemy_publish_subscribe/src) by extensions ['cmake', 'python']
[0.243s] Level 1:colcon.colcon_core.package_identification:_identify(01_udemy_publish_subscribe/src) by extension 'cmake'
[0.243s] Level 1:colcon.colcon_core.package_identification:_identify(01_udemy_publish_subscribe/src) by extension 'python'
[0.243s] Level 1:colcon.colcon_core.package_identification:_identify(01_udemy_publish_subscribe/src) by extensions ['python_setup_py']
[0.243s] Level 1:colcon.colcon_core.package_identification:_identify(01_udemy_publish_subscribe/src) by extension 'python_setup_py'
[0.243s] Level 1:colcon.colcon_core.package_identification:_identify(01_udemy_publish_subscribe/src/udemy_ros2_pkg) by extensions ['ignore', 'ignore_ament_install']
[0.243s] Level 1:colcon.colcon_core.package_identification:_identify(01_udemy_publish_subscribe/src/udemy_ros2_pkg) by extension 'ignore'
[0.243s] Level 1:colcon.colcon_core.package_identification:_identify(01_udemy_publish_subscribe/src/udemy_ros2_pkg) by extension 'ignore_ament_install'
[0.243s] Level 1:colcon.colcon_core.package_identification:_identify(01_udemy_publish_subscribe/src/udemy_ros2_pkg) by extensions ['colcon_pkg']
[0.243s] Level 1:colcon.colcon_core.package_identification:_identify(01_udemy_publish_subscribe/src/udemy_ros2_pkg) by extension 'colcon_pkg'
[0.243s] Level 1:colcon.colcon_core.package_identification:_identify(01_udemy_publish_subscribe/src/udemy_ros2_pkg) by extensions ['colcon_meta']
[0.243s] Level 1:colcon.colcon_core.package_identification:_identify(01_udemy_publish_subscribe/src/udemy_ros2_pkg) by extension 'colcon_meta'
[0.243s] Level 1:colcon.colcon_core.package_identification:_identify(01_udemy_publish_subscribe/src/udemy_ros2_pkg) by extensions ['ros']
[0.243s] Level 1:colcon.colcon_core.package_identification:_identify(01_udemy_publish_subscribe/src/udemy_ros2_pkg) by extension 'ros'
[0.245s] DEBUG:colcon.colcon_core.package_identification:Package '01_udemy_publish_subscribe/src/udemy_ros2_pkg' with type 'ros.ament_cmake' and name 'udemy_ros2_pkg'
[0.245s] Level 1:colcon.colcon_core.package_identification:_identify(02_udemy_project) by extensions ['ignore', 'ignore_ament_install']
[0.245s] Level 1:colcon.colcon_core.package_identification:_identify(02_udemy_project) by extension 'ignore'
[0.245s] Level 1:colcon.colcon_core.package_identification:_identify(02_udemy_project) by extension 'ignore_ament_install'
[0.245s] Level 1:colcon.colcon_core.package_identification:_identify(02_udemy_project) by extensions ['colcon_pkg']
[0.245s] Level 1:colcon.colcon_core.package_identification:_identify(02_udemy_project) by extension 'colcon_pkg'
[0.245s] Level 1:colcon.colcon_core.package_identification:_identify(02_udemy_project) by extensions ['colcon_meta']
[0.245s] Level 1:colcon.colcon_core.package_identification:_identify(02_udemy_project) by extension 'colcon_meta'
[0.245s] Level 1:colcon.colcon_core.package_identification:_identify(02_udemy_project) by extensions ['ros']
[0.245s] Level 1:colcon.colcon_core.package_identification:_identify(02_udemy_project) by extension 'ros'
[0.245s] Level 1:colcon.colcon_core.package_identification:_identify(02_udemy_project) by extensions ['cmake', 'python']
[0.245s] Level 1:colcon.colcon_core.package_identification:_identify(02_udemy_project) by extension 'cmake'
[0.245s] Level 1:colcon.colcon_core.package_identification:_identify(02_udemy_project) by extension 'python'
[0.245s] Level 1:colcon.colcon_core.package_identification:_identify(02_udemy_project) by extensions ['python_setup_py']
[0.245s] Level 1:colcon.colcon_core.package_identification:_identify(02_udemy_project) by extension 'python_setup_py'
[0.245s] Level 1:colcon.colcon_core.package_identification:_identify(02_udemy_project/src) by extensions ['ignore', 'ignore_ament_install']
[0.246s] Level 1:colcon.colcon_core.package_identification:_identify(02_udemy_project/src) by extension 'ignore'
[0.246s] Level 1:colcon.colcon_core.package_identification:_identify(02_udemy_project/src) by extension 'ignore_ament_install'
[0.246s] Level 1:colcon.colcon_core.package_identification:_identify(02_udemy_project/src) by extensions ['colcon_pkg']
[0.246s] Level 1:colcon.colcon_core.package_identification:_identify(02_udemy_project/src) by extension 'colcon_pkg'
[0.246s] Level 1:colcon.colcon_core.package_identification:_identify(02_udemy_project/src) by extensions ['colcon_meta']
[0.246s] Level 1:colcon.colcon_core.package_identification:_identify(02_udemy_project/src) by extension 'colcon_meta'
[0.246s] Level 1:colcon.colcon_core.package_identification:_identify(02_udemy_project/src) by extensions ['ros']
[0.246s] Level 1:colcon.colcon_core.package_identification:_identify(02_udemy_project/src) by extension 'ros'
[0.246s] Level 1:colcon.colcon_core.package_identification:_identify(02_udemy_project/src) by extensions ['cmake', 'python']
[0.246s] Level 1:colcon.colcon_core.package_identification:_identify(02_udemy_project/src) by extension 'cmake'
[0.246s] Level 1:colcon.colcon_core.package_identification:_identify(02_udemy_project/src) by extension 'python'
[0.246s] Level 1:colcon.colcon_core.package_identification:_identify(02_udemy_project/src) by extensions ['python_setup_py']
[0.246s] Level 1:colcon.colcon_core.package_identification:_identify(02_udemy_project/src) by extension 'python_setup_py'
[0.246s] Level 1:colcon.colcon_core.package_identification:_identify(02_udemy_project/src/rpm_project) by extensions ['ignore', 'ignore_ament_install']
[0.246s] Level 1:colcon.colcon_core.package_identification:_identify(02_udemy_project/src/rpm_project) by extension 'ignore'
[0.246s] Level 1:colcon.colcon_core.package_identification:_identify(02_udemy_project/src/rpm_project) by extension 'ignore_ament_install'
[0.246s] Level 1:colcon.colcon_core.package_identification:_identify(02_udemy_project/src/rpm_project) by extensions ['colcon_pkg']
[0.246s] Level 1:colcon.colcon_core.package_identification:_identify(02_udemy_project/src/rpm_project) by extension 'colcon_pkg'
[0.246s] Level 1:colcon.colcon_core.package_identification:_identify(02_udemy_project/src/rpm_project) by extensions ['colcon_meta']
[0.246s] Level 1:colcon.colcon_core.package_identification:_identify(02_udemy_project/src/rpm_project) by extension 'colcon_meta'
[0.246s] Level 1:colcon.colcon_core.package_identification:_identify(02_udemy_project/src/rpm_project) by extensions ['ros']
[0.246s] Level 1:colcon.colcon_core.package_identification:_identify(02_udemy_project/src/rpm_project) by extension 'ros'
[0.247s] DEBUG:colcon.colcon_core.package_identification:Package '02_udemy_project/src/rpm_project' with type 'ros.ament_cmake' and name 'rpm_project'
[0.247s] Level 1:colcon.colcon_core.package_identification:_identify(build) by extensions ['ignore', 'ignore_ament_install']
[0.247s] Level 1:colcon.colcon_core.package_identification:_identify(build) by extension 'ignore'
[0.247s] Level 1:colcon.colcon_core.package_identification:_identify(build) ignored
[0.247s] Level 1:colcon.colcon_core.package_identification:_identify(install) by extensions ['ignore', 'ignore_ament_install']
[0.247s] Level 1:colcon.colcon_core.package_identification:_identify(install) by extension 'ignore'
[0.247s] Level 1:colcon.colcon_core.package_identification:_identify(install) ignored
[0.247s] Level 1:colcon.colcon_core.package_identification:_identify(log) by extensions ['ignore', 'ignore_ament_install']
[0.247s] Level 1:colcon.colcon_core.package_identification:_identify(log) by extension 'ignore'
[0.247s] Level 1:colcon.colcon_core.package_identification:_identify(log) ignored
[0.247s] Level 1:colcon.colcon_core.package_discovery:discover_packages(recursive) using defaults
[0.247s] Level 1:colcon.colcon_core.package_discovery:discover_packages(ignore) discover
[0.247s] Level 1:colcon.colcon_core.package_discovery:discover_packages(ignore) using defaults
[0.247s] Level 1:colcon.colcon_core.package_discovery:discover_packages(path) discover
[0.247s] Level 1:colcon.colcon_core.package_discovery:discover_packages(path) using defaults
[0.261s] Level 1:colcon.colcon_core.package_discovery:discover_packages(prefix_path) check parameters
[0.261s] Level 1:colcon.colcon_core.package_discovery:discover_packages(prefix_path) discover
[0.262s] DEBUG:colcon.colcon_installed_package_information.package_discovery:Found 2 installed packages in /home/usamah/Documents/project/learnRos2/install
[0.263s] DEBUG:colcon.colcon_installed_package_information.package_discovery:Found 397 installed packages in /opt/ros/humble
[0.264s] Level 1:colcon.colcon_core.package_discovery:discover_packages(prefix_path) using defaults
[0.300s] Level 5:colcon.colcon_core.verb:set package 'rpm_project' build argument 'cmake_args' from command line to 'None'
[0.300s] Level 5:colcon.colcon_core.verb:set package 'rpm_project' build argument 'cmake_target' from command line to 'None'
[0.300s] Level 5:colcon.colcon_core.verb:set package 'rpm_project' build argument 'cmake_target_skip_unavailable' from command line to 'False'
[0.300s] Level 5:colcon.colcon_core.verb:set package 'rpm_project' build argument 'cmake_clean_cache' from command line to 'False'
[0.300s] Level 5:colcon.colcon_core.verb:set package 'rpm_project' build argument 'cmake_clean_first' from command line to 'False'
[0.300s] Level 5:colcon.colcon_core.verb:set package 'rpm_project' build argument 'cmake_force_configure' from command line to 'False'
[0.300s] Level 5:colcon.colcon_core.verb:set package 'rpm_project' build argument 'ament_cmake_args' from command line to 'None'
[0.300s] Level 5:colcon.colcon_core.verb:set package 'rpm_project' build argument 'catkin_cmake_args' from command line to 'None'
[0.300s] Level 5:colcon.colcon_core.verb:set package 'rpm_project' build argument 'catkin_skip_building_tests' from command line to 'False'
[0.300s] DEBUG:colcon.colcon_core.verb:Building package 'rpm_project' with the following arguments: {'ament_cmake_args': None, 'build_base': '/home/usamah/Documents/project/learnRos2/build/rpm_project', 'catkin_cmake_args': None, 'catkin_skip_building_tests': False, 'cmake_args': None, 'cmake_clean_cache': False, 'cmake_clean_first': False, 'cmake_force_configure': False, 'cmake_target': None, 'cmake_target_skip_unavailable': False, 'install_base': '/home/usamah/Documents/project/learnRos2/install/rpm_project', 'merge_install': False, 'path': '/home/usamah/Documents/project/learnRos2/02_udemy_project/src/rpm_project', 'symlink_install': True, 'test_result_base': None}
[0.301s] Level 5:colcon.colcon_core.verb:set package 'udemy_ros2_pkg' build argument 'cmake_args' from command line to 'None'
[0.301s] Level 5:colcon.colcon_core.verb:set package 'udemy_ros2_pkg' build argument 'cmake_target' from command line to 'None'
[0.301s] Level 5:colcon.colcon_core.verb:set package 'udemy_ros2_pkg' build argument 'cmake_target_skip_unavailable' from command line to 'False'
[0.301s] Level 5:colcon.colcon_core.verb:set package 'udemy_ros2_pkg' build argument 'cmake_clean_cache' from command line to 'False'
[0.301s] Level 5:colcon.colcon_core.verb:set package 'udemy_ros2_pkg' build argument 'cmake_clean_first' from command line to 'False'
[0.301s] Level 5:colcon.colcon_core.verb:set package 'udemy_ros2_pkg' build argument 'cmake_force_configure' from command line to 'False'
[0.301s] Level 5:colcon.colcon_core.verb:set package 'udemy_ros2_pkg' build argument 'ament_cmake_args' from command line to 'None'
[0.301s] Level 5:colcon.colcon_core.verb:set package 'udemy_ros2_pkg' build argument 'catkin_cmake_args' from command line to 'None'
[0.301s] Level 5:colcon.colcon_core.verb:set package 'udemy_ros2_pkg' build argument 'catkin_skip_building_tests' from command line to 'False'
[0.301s] DEBUG:colcon.colcon_core.verb:Building package 'udemy_ros2_pkg' with the following arguments: {'ament_cmake_args': None, 'build_base': '/home/usamah/Documents/project/learnRos2/build/udemy_ros2_pkg', 'catkin_cmake_args': None, 'catkin_skip_building_tests': False, 'cmake_args': None, 'cmake_clean_cache': False, 'cmake_clean_first': False, 'cmake_force_configure': False, 'cmake_target': None, 'cmake_target_skip_unavailable': False, 'install_base': '/home/usamah/Documents/project/learnRos2/install/udemy_ros2_pkg', 'merge_install': False, 'path': '/home/usamah/Documents/project/learnRos2/01_udemy_publish_subscribe/src/udemy_ros2_pkg', 'symlink_install': True, 'test_result_base': None}
[0.301s] INFO:colcon.colcon_core.executor:Executing jobs using 'parallel' executor
[0.302s] DEBUG:colcon.colcon_parallel_executor.executor.parallel:run_until_complete
[0.302s] INFO:colcon.colcon_ros.task.ament_cmake.build:Building ROS package in '/home/usamah/Documents/project/learnRos2/02_udemy_project/src/rpm_project' with build type 'ament_cmake'
[0.302s] INFO:colcon.colcon_cmake.task.cmake.build:Building CMake package in '/home/usamah/Documents/project/learnRos2/02_udemy_project/src/rpm_project'
[0.303s] INFO:colcon.colcon_core.plugin_system:Skipping extension 'colcon_core.shell.bat': Not used on non-Windows systems
[0.303s] INFO:colcon.colcon_core.shell:Skip shell extension 'powershell' for command environment: Not usable outside of PowerShell
[0.303s] DEBUG:colcon.colcon_core.shell:Skip shell extension 'dsv' for command environment
[0.306s] INFO:colcon.colcon_ros.task.ament_cmake.build:Building ROS package in '/home/usamah/Documents/project/learnRos2/01_udemy_publish_subscribe/src/udemy_ros2_pkg' with build type 'ament_cmake'
[0.306s] INFO:colcon.colcon_cmake.task.cmake.build:Building CMake package in '/home/usamah/Documents/project/learnRos2/01_udemy_publish_subscribe/src/udemy_ros2_pkg'
[0.306s] INFO:colcon.colcon_core.shell:Skip shell extension 'powershell' for command environment: Not usable outside of PowerShell
[0.306s] DEBUG:colcon.colcon_core.shell:Skip shell extension 'dsv' for command environment
[0.312s] DEBUG:colcon.colcon_core.event_handler.log_command:Invoking command in '/home/usamah/Documents/project/learnRos2/build/rpm_project': CMAKE_PREFIX_PATH=${CMAKE_PREFIX_PATH}:/opt/ros/humble /usr/bin/cmake --build /home/usamah/Documents/project/learnRos2/build/rpm_project -- -j16 -l16
[0.314s] DEBUG:colcon.colcon_core.event_handler.log_command:Invoking command in '/home/usamah/Documents/project/learnRos2/build/udemy_ros2_pkg': CMAKE_PREFIX_PATH=${CMAKE_PREFIX_PATH}:/opt/ros/humble /usr/bin/cmake --build /home/usamah/Documents/project/learnRos2/build/udemy_ros2_pkg -- -j16 -l16
[0.630s] DEBUG:colcon.colcon_core.event_handler.log_command:Invoked command in '/home/usamah/Documents/project/learnRos2/build/rpm_project' returned '0': CMAKE_PREFIX_PATH=${CMAKE_PREFIX_PATH}:/opt/ros/humble /usr/bin/cmake --build /home/usamah/Documents/project/learnRos2/build/rpm_project -- -j16 -l16
[0.631s] DEBUG:colcon.colcon_core.event_handler.log_command:Invoked command in '/home/usamah/Documents/project/learnRos2/build/udemy_ros2_pkg' returned '0': CMAKE_PREFIX_PATH=${CMAKE_PREFIX_PATH}:/opt/ros/humble /usr/bin/cmake --build /home/usamah/Documents/project/learnRos2/build/udemy_ros2_pkg -- -j16 -l16
[0.654s] DEBUG:colcon.colcon_core.event_handler.log_command:Invoking command in '/home/usamah/Documents/project/learnRos2/build/udemy_ros2_pkg': CMAKE_PREFIX_PATH=${CMAKE_PREFIX_PATH}:/opt/ros/humble /usr/bin/cmake --install /home/usamah/Documents/project/learnRos2/build/udemy_ros2_pkg
[0.675s] DEBUG:colcon.colcon_core.event_handler.log_command:Invoking command in '/home/usamah/Documents/project/learnRos2/build/rpm_project': CMAKE_PREFIX_PATH=${CMAKE_PREFIX_PATH}:/opt/ros/humble /usr/bin/cmake --install /home/usamah/Documents/project/learnRos2/build/rpm_project
[0.699s] Level 1:colcon.colcon_core.environment:create_environment_scripts_only(udemy_ros2_pkg)
[0.700s] DEBUG:colcon.colcon_core.event_handler.log_command:Invoked command in '/home/usamah/Documents/project/learnRos2/build/udemy_ros2_pkg' returned '0': CMAKE_PREFIX_PATH=${CMAKE_PREFIX_PATH}:/opt/ros/humble /usr/bin/cmake --install /home/usamah/Documents/project/learnRos2/build/udemy_ros2_pkg
[0.702s] Level 1:colcon.colcon_core.environment:checking '/home/usamah/Documents/project/learnRos2/install/udemy_ros2_pkg' for CMake module files
[0.702s] Level 1:colcon.colcon_core.environment:checking '/home/usamah/Documents/project/learnRos2/install/udemy_ros2_pkg' for CMake config files
[0.702s] Level 1:colcon.colcon_core.shell:create_environment_hook('udemy_ros2_pkg', 'cmake_prefix_path')
[0.703s] INFO:colcon.colcon_core.shell:Creating environment hook '/home/usamah/Documents/project/learnRos2/install/udemy_ros2_pkg/share/udemy_ros2_pkg/hook/cmake_prefix_path.ps1'
[0.703s] INFO:colcon.colcon_core.shell:Creating environment descriptor '/home/usamah/Documents/project/learnRos2/install/udemy_ros2_pkg/share/udemy_ros2_pkg/hook/cmake_prefix_path.dsv'
[0.704s] INFO:colcon.colcon_core.shell:Creating environment hook '/home/usamah/Documents/project/learnRos2/install/udemy_ros2_pkg/share/udemy_ros2_pkg/hook/cmake_prefix_path.sh'
[0.704s] Level 1:colcon.colcon_core.environment:checking '/home/usamah/Documents/project/learnRos2/install/udemy_ros2_pkg/lib'
[0.705s] Level 1:colcon.colcon_core.environment:checking '/home/usamah/Documents/project/learnRos2/install/udemy_ros2_pkg/bin'
[0.705s] Level 1:colcon.colcon_core.environment:checking '/home/usamah/Documents/project/learnRos2/install/udemy_ros2_pkg/lib/pkgconfig/udemy_ros2_pkg.pc'
[0.705s] Level 1:colcon.colcon_core.environment:checking '/home/usamah/Documents/project/learnRos2/install/udemy_ros2_pkg/lib/python3.10/site-packages'
[0.705s] Level 1:colcon.colcon_core.environment:checking '/home/usamah/Documents/project/learnRos2/install/udemy_ros2_pkg/bin'
[0.705s] INFO:colcon.colcon_core.shell:Creating package script '/home/usamah/Documents/project/learnRos2/install/udemy_ros2_pkg/share/udemy_ros2_pkg/package.ps1'
[0.706s] INFO:colcon.colcon_core.shell:Creating package descriptor '/home/usamah/Documents/project/learnRos2/install/udemy_ros2_pkg/share/udemy_ros2_pkg/package.dsv'
[0.706s] INFO:colcon.colcon_core.shell:Creating package script '/home/usamah/Documents/project/learnRos2/install/udemy_ros2_pkg/share/udemy_ros2_pkg/package.sh'
[0.707s] INFO:colcon.colcon_core.shell:Creating package script '/home/usamah/Documents/project/learnRos2/install/udemy_ros2_pkg/share/udemy_ros2_pkg/package.bash'
[0.708s] INFO:colcon.colcon_core.shell:Creating package script '/home/usamah/Documents/project/learnRos2/install/udemy_ros2_pkg/share/udemy_ros2_pkg/package.zsh'
[0.708s] Level 1:colcon.colcon_core.environment:create_file_with_runtime_dependencies(/home/usamah/Documents/project/learnRos2/install/udemy_ros2_pkg/share/colcon-core/packages/udemy_ros2_pkg)
[0.730s] Level 1:colcon.colcon_core.environment:create_environment_scripts_only(udemy_ros2_pkg)
[0.730s] Level 1:colcon.colcon_core.environment:checking '/home/usamah/Documents/project/learnRos2/install/udemy_ros2_pkg' for CMake module files
[0.731s] Level 1:colcon.colcon_core.environment:checking '/home/usamah/Documents/project/learnRos2/install/udemy_ros2_pkg' for CMake config files
[0.731s] Level 1:colcon.colcon_core.shell:create_environment_hook('udemy_ros2_pkg', 'cmake_prefix_path')
[0.731s] INFO:colcon.colcon_core.shell:Creating environment hook '/home/usamah/Documents/project/learnRos2/install/udemy_ros2_pkg/share/udemy_ros2_pkg/hook/cmake_prefix_path.ps1'
[0.731s] INFO:colcon.colcon_core.shell:Creating environment descriptor '/home/usamah/Documents/project/learnRos2/install/udemy_ros2_pkg/share/udemy_ros2_pkg/hook/cmake_prefix_path.dsv'
[0.732s] INFO:colcon.colcon_core.shell:Creating environment hook '/home/usamah/Documents/project/learnRos2/install/udemy_ros2_pkg/share/udemy_ros2_pkg/hook/cmake_prefix_path.sh'
[0.732s] Level 1:colcon.colcon_core.environment:checking '/home/usamah/Documents/project/learnRos2/install/udemy_ros2_pkg/lib'
[0.732s] Level 1:colcon.colcon_core.environment:checking '/home/usamah/Documents/project/learnRos2/install/udemy_ros2_pkg/bin'
[0.732s] Level 1:colcon.colcon_core.environment:checking '/home/usamah/Documents/project/learnRos2/install/udemy_ros2_pkg/lib/pkgconfig/udemy_ros2_pkg.pc'
[0.732s] Level 1:colcon.colcon_core.environment:checking '/home/usamah/Documents/project/learnRos2/install/udemy_ros2_pkg/lib/python3.10/site-packages'
[0.733s] Level 1:colcon.colcon_core.environment:checking '/home/usamah/Documents/project/learnRos2/install/udemy_ros2_pkg/bin'
[0.733s] INFO:colcon.colcon_core.shell:Creating package script '/home/usamah/Documents/project/learnRos2/install/udemy_ros2_pkg/share/udemy_ros2_pkg/package.ps1'
[0.733s] INFO:colcon.colcon_core.shell:Creating package descriptor '/home/usamah/Documents/project/learnRos2/install/udemy_ros2_pkg/share/udemy_ros2_pkg/package.dsv'
[0.734s] INFO:colcon.colcon_core.shell:Creating package script '/home/usamah/Documents/project/learnRos2/install/udemy_ros2_pkg/share/udemy_ros2_pkg/package.sh'
[0.734s] INFO:colcon.colcon_core.shell:Creating package script '/home/usamah/Documents/project/learnRos2/install/udemy_ros2_pkg/share/udemy_ros2_pkg/package.bash'
[0.734s] INFO:colcon.colcon_core.shell:Creating package script '/home/usamah/Documents/project/learnRos2/install/udemy_ros2_pkg/share/udemy_ros2_pkg/package.zsh'
[0.735s] Level 1:colcon.colcon_core.environment:create_file_with_runtime_dependencies(/home/usamah/Documents/project/learnRos2/install/udemy_ros2_pkg/share/colcon-core/packages/udemy_ros2_pkg)
[0.771s] Level 1:colcon.colcon_core.environment:create_environment_scripts_only(rpm_project)
[0.772s] Level 1:colcon.colcon_core.environment:checking '/home/usamah/Documents/project/learnRos2/install/rpm_project' for CMake module files
[0.772s] DEBUG:colcon.colcon_core.event_handler.log_command:Invoked command in '/home/usamah/Documents/project/learnRos2/build/rpm_project' returned '0': CMAKE_PREFIX_PATH=${CMAKE_PREFIX_PATH}:/opt/ros/humble /usr/bin/cmake --install /home/usamah/Documents/project/learnRos2/build/rpm_project
[0.773s] Level 1:colcon.colcon_core.environment:checking '/home/usamah/Documents/project/learnRos2/install/rpm_project' for CMake config files
[0.773s] Level 1:colcon.colcon_core.shell:create_environment_hook('rpm_project', 'cmake_prefix_path')
[0.773s] INFO:colcon.colcon_core.shell:Creating environment hook '/home/usamah/Documents/project/learnRos2/install/rpm_project/share/rpm_project/hook/cmake_prefix_path.ps1'
[0.773s] INFO:colcon.colcon_core.shell:Creating environment descriptor '/home/usamah/Documents/project/learnRos2/install/rpm_project/share/rpm_project/hook/cmake_prefix_path.dsv'
[0.774s] INFO:colcon.colcon_core.shell:Creating environment hook '/home/usamah/Documents/project/learnRos2/install/rpm_project/share/rpm_project/hook/cmake_prefix_path.sh'
[0.774s] Level 1:colcon.colcon_core.environment:checking '/home/usamah/Documents/project/learnRos2/install/rpm_project/lib'
[0.774s] Level 1:colcon.colcon_core.shell:create_environment_hook('rpm_project', 'ld_library_path_lib')
[0.774s] INFO:colcon.colcon_core.shell:Creating environment hook '/home/usamah/Documents/project/learnRos2/install/rpm_project/share/rpm_project/hook/ld_library_path_lib.ps1'
[0.775s] INFO:colcon.colcon_core.shell:Creating environment descriptor '/home/usamah/Documents/project/learnRos2/install/rpm_project/share/rpm_project/hook/ld_library_path_lib.dsv'
[0.775s] INFO:colcon.colcon_core.shell:Creating environment hook '/home/usamah/Documents/project/learnRos2/install/rpm_project/share/rpm_project/hook/ld_library_path_lib.sh'
[0.775s] Level 1:colcon.colcon_core.environment:checking '/home/usamah/Documents/project/learnRos2/install/rpm_project/bin'
[0.775s] Level 1:colcon.colcon_core.environment:checking '/home/usamah/Documents/project/learnRos2/install/rpm_project/lib/pkgconfig/rpm_project.pc'
[0.775s] Level 1:colcon.colcon_core.environment:checking '/home/usamah/Documents/project/learnRos2/install/rpm_project/lib/python3.10/site-packages'
[0.775s] Level 1:colcon.colcon_core.environment:checking '/home/usamah/Documents/project/learnRos2/install/rpm_project/bin'
[0.776s] INFO:colcon.colcon_core.shell:Creating package script '/home/usamah/Documents/project/learnRos2/install/rpm_project/share/rpm_project/package.ps1'
[0.776s] INFO:colcon.colcon_core.shell:Creating package descriptor '/home/usamah/Documents/project/learnRos2/install/rpm_project/share/rpm_project/package.dsv'
[0.776s] INFO:colcon.colcon_core.shell:Creating package script '/home/usamah/Documents/project/learnRos2/install/rpm_project/share/rpm_project/package.sh'
[0.777s] INFO:colcon.colcon_core.shell:Creating package script '/home/usamah/Documents/project/learnRos2/install/rpm_project/share/rpm_project/package.bash'
[0.777s] INFO:colcon.colcon_core.shell:Creating package script '/home/usamah/Documents/project/learnRos2/install/rpm_project/share/rpm_project/package.zsh'
[0.777s] Level 1:colcon.colcon_core.environment:create_file_with_runtime_dependencies(/home/usamah/Documents/project/learnRos2/install/rpm_project/share/colcon-core/packages/rpm_project)
[0.823s] Level 1:colcon.colcon_core.environment:create_environment_scripts_only(rpm_project)
[0.823s] Level 1:colcon.colcon_core.environment:checking '/home/usamah/Documents/project/learnRos2/install/rpm_project' for CMake module files
[0.824s] Level 1:colcon.colcon_core.environment:checking '/home/usamah/Documents/project/learnRos2/install/rpm_project' for CMake config files
[0.824s] Level 1:colcon.colcon_core.shell:create_environment_hook('rpm_project', 'cmake_prefix_path')
[0.824s] INFO:colcon.colcon_core.shell:Creating environment hook '/home/usamah/Documents/project/learnRos2/install/rpm_project/share/rpm_project/hook/cmake_prefix_path.ps1'
[0.824s] INFO:colcon.colcon_core.shell:Creating environment descriptor '/home/usamah/Documents/project/learnRos2/install/rpm_project/share/rpm_project/hook/cmake_prefix_path.dsv'
[0.825s] INFO:colcon.colcon_core.shell:Creating environment hook '/home/usamah/Documents/project/learnRos2/install/rpm_project/share/rpm_project/hook/cmake_prefix_path.sh'
[0.825s] Level 1:colcon.colcon_core.environment:checking '/home/usamah/Documents/project/learnRos2/install/rpm_project/lib'
[0.825s] Level 1:colcon.colcon_core.shell:create_environment_hook('rpm_project', 'ld_library_path_lib')
[0.825s] INFO:colcon.colcon_core.shell:Creating environment hook '/home/usamah/Documents/project/learnRos2/install/rpm_project/share/rpm_project/hook/ld_library_path_lib.ps1'
[0.825s] INFO:colcon.colcon_core.shell:Creating environment descriptor '/home/usamah/Documents/project/learnRos2/install/rpm_project/share/rpm_project/hook/ld_library_path_lib.dsv'
[0.826s] INFO:colcon.colcon_core.shell:Creating environment hook '/home/usamah/Documents/project/learnRos2/install/rpm_project/share/rpm_project/hook/ld_library_path_lib.sh'
[0.826s] Level 1:colcon.colcon_core.environment:checking '/home/usamah/Documents/project/learnRos2/install/rpm_project/bin'
[0.826s] Level 1:colcon.colcon_core.environment:checking '/home/usamah/Documents/project/learnRos2/install/rpm_project/lib/pkgconfig/rpm_project.pc'
[0.826s] Level 1:colcon.colcon_core.environment:checking '/home/usamah/Documents/project/learnRos2/install/rpm_project/lib/python3.10/site-packages'
[0.826s] Level 1:colcon.colcon_core.environment:checking '/home/usamah/Documents/project/learnRos2/install/rpm_project/bin'
[0.826s] INFO:colcon.colcon_core.shell:Creating package script '/home/usamah/Documents/project/learnRos2/install/rpm_project/share/rpm_project/package.ps1'
[0.827s] INFO:colcon.colcon_core.shell:Creating package descriptor '/home/usamah/Documents/project/learnRos2/install/rpm_project/share/rpm_project/package.dsv'
[0.827s] INFO:colcon.colcon_core.shell:Creating package script '/home/usamah/Documents/project/learnRos2/install/rpm_project/share/rpm_project/package.sh'
[0.827s] INFO:colcon.colcon_core.shell:Creating package script '/home/usamah/Documents/project/learnRos2/install/rpm_project/share/rpm_project/package.bash'
[0.828s] INFO:colcon.colcon_core.shell:Creating package script '/home/usamah/Documents/project/learnRos2/install/rpm_project/share/rpm_project/package.zsh'
[0.828s] Level 1:colcon.colcon_core.environment:create_file_with_runtime_dependencies(/home/usamah/Documents/project/learnRos2/install/rpm_project/share/colcon-core/packages/rpm_project)
[0.828s] DEBUG:colcon.colcon_parallel_executor.executor.parallel:closing loop
[0.828s] DEBUG:colcon.colcon_parallel_executor.executor.parallel:loop closed
[0.829s] DEBUG:colcon.colcon_parallel_executor.executor.parallel:run_until_complete finished with '0'
[0.829s] DEBUG:colcon.colcon_core.event_reactor:joining thread
[0.832s] INFO:colcon.colcon_core.plugin_system:Skipping extension 'colcon_notification.desktop_notification.notify_send': Could not find 'notify-send'
[0.832s] INFO:colcon.colcon_core.plugin_system:Skipping extension 'colcon_notification.desktop_notification.terminal_notifier': Not used on non-Darwin systems
[0.832s] INFO:colcon.colcon_core.plugin_system:Skipping extension 'colcon_notification.desktop_notification.win32': Not used on non-Windows systems
[0.832s] INFO:colcon.colcon_notification.desktop_notification:Sending desktop notification using 'notify2'
[0.841s] DEBUG:colcon.colcon_core.event_reactor:joined thread
[0.841s] INFO:colcon.colcon_core.shell:Creating prefix script '/home/usamah/Documents/project/learnRos2/install/local_setup.ps1'
[0.842s] INFO:colcon.colcon_core.shell:Creating prefix util module '/home/usamah/Documents/project/learnRos2/install/_local_setup_util_ps1.py'
[0.843s] INFO:colcon.colcon_core.shell:Creating prefix chain script '/home/usamah/Documents/project/learnRos2/install/setup.ps1'
[0.844s] INFO:colcon.colcon_core.shell:Creating prefix script '/home/usamah/Documents/project/learnRos2/install/local_setup.sh'
[0.844s] INFO:colcon.colcon_core.shell:Creating prefix util module '/home/usamah/Documents/project/learnRos2/install/_local_setup_util_sh.py'
[0.844s] INFO:colcon.colcon_core.shell:Creating prefix chain script '/home/usamah/Documents/project/learnRos2/install/setup.sh'
[0.845s] INFO:colcon.colcon_core.shell:Creating prefix script '/home/usamah/Documents/project/learnRos2/install/local_setup.bash'
[0.845s] INFO:colcon.colcon_core.shell:Creating prefix chain script '/home/usamah/Documents/project/learnRos2/install/setup.bash'
[0.846s] INFO:colcon.colcon_core.shell:Creating prefix script '/home/usamah/Documents/project/learnRos2/install/local_setup.zsh'
[0.846s] INFO:colcon.colcon_core.shell:Creating prefix chain script '/home/usamah/Documents/project/learnRos2/install/setup.zsh'
