[0.009s] Invoking command in '/home/usamah/Documents/project/learnRos2/build/rpm_project': CMAKE_PREFIX_PATH=${CMAKE_PREFIX_PATH}:/opt/ros/humble /usr/bin/cmake --build /home/usamah/Documents/project/learnRos2/build/rpm_project -- -j16 -l16
[0.034s] [35m[1mConsolidate compiler generated dependencies of target rpm_project__rosidl_generator_c[0m
[0.039s] [  3%] Built target rpm_project__cpp
[0.040s] [ 12%] Built target rpm_project__rosidl_generator_c
[0.044s] [ 12%] Built target ament_cmake_python_symlink_scripts
[0.044s] [ 12%] Built target ament_cmake_python_symlink_rpm_project
[0.044s] [35m[1mConsolidate compiler generated dependencies of target rpm_project__rosidl_typesupport_cpp[0m
[0.045s] [35m[1mConsolidate compiler generated dependencies of target rpm_project__rosidl_typesupport_fastrtps_cpp[0m
[0.045s] [35m[1mConsolidate compiler generated dependencies of target rpm_project__rosidl_typesupport_introspection_cpp[0m
[0.046s] [35m[1mConsolidate compiler generated dependencies of target rpm_project__rosidl_typesupport_fastrtps_c[0m
[0.046s] [35m[1mConsolidate compiler generated dependencies of target rpm_project__rosidl_typesupport_c[0m
[0.046s] [35m[1mConsolidate compiler generated dependencies of target rpm_project__rosidl_typesupport_introspection_c[0m
[0.052s] [ 22%] Built target rpm_project__rosidl_typesupport_cpp
[0.053s] [ 32%] Built target rpm_project__rosidl_typesupport_fastrtps_cpp
[0.053s] [ 41%] Built target rpm_project__rosidl_typesupport_c
[0.054s] [ 51%] Built target rpm_project__rosidl_typesupport_introspection_c
[0.054s] [ 61%] Built target rpm_project__rosidl_typesupport_introspection_cpp
[0.056s] [ 70%] Built target rpm_project__rosidl_typesupport_fastrtps_c
[0.075s] [ 70%] Built target rpm_project
[0.094s] [ 74%] Built target rpm_project__py
[0.103s] [35m[1mConsolidate compiler generated dependencies of target rpm_project__rosidl_generator_py[0m
[0.116s] [ 80%] Built target rpm_project__rosidl_generator_py
[0.125s] [35m[1mConsolidate compiler generated dependencies of target rpm_project__rosidl_typesupport_fastrtps_c__pyext[0m
[0.126s] [35m[1mConsolidate compiler generated dependencies of target rpm_project__rosidl_typesupport_introspection_c__pyext[0m
[0.126s] [35m[1mConsolidate compiler generated dependencies of target rpm_project__rosidl_typesupport_c__pyext[0m
[0.137s] [100%] Built target rpm_project__rosidl_typesupport_introspection_c__pyext
[0.138s] [100%] Built target rpm_project__rosidl_typesupport_c__pyext
[0.138s] [100%] Built target rpm_project__rosidl_typesupport_fastrtps_c__pyext
[0.315s] running egg_info
[0.316s] writing rpm_project.egg-info/PKG-INFO
[0.316s] writing dependency_links to rpm_project.egg-info/dependency_links.txt
[0.316s] writing top-level names to rpm_project.egg-info/top_level.txt
[0.319s] reading manifest file 'rpm_project.egg-info/SOURCES.txt'
[0.319s] writing manifest file 'rpm_project.egg-info/SOURCES.txt'
[0.320s] running egg_info
[0.320s] writing scripts.egg-info/PKG-INFO
[0.321s] writing dependency_links to scripts.egg-info/dependency_links.txt
[0.321s] writing top-level names to scripts.egg-info/top_level.txt
[0.323s] reading manifest file 'scripts.egg-info/SOURCES.txt'
[0.324s] writing manifest file 'scripts.egg-info/SOURCES.txt'
[0.345s] [100%] Built target ament_cmake_python_build_rpm_project_egg
[0.349s] [100%] Built target ament_cmake_python_build_scripts_egg
[0.359s] Invoked command in '/home/usamah/Documents/project/learnRos2/build/rpm_project' returned '0': CMAKE_PREFIX_PATH=${CMAKE_PREFIX_PATH}:/opt/ros/humble /usr/bin/cmake --build /home/usamah/Documents/project/learnRos2/build/rpm_project -- -j16 -l16
[0.424s] Invoking command in '/home/usamah/Documents/project/learnRos2/build/rpm_project': CMAKE_PREFIX_PATH=${CMAKE_PREFIX_PATH}:/opt/ros/humble /usr/bin/cmake --install /home/usamah/Documents/project/learnRos2/build/rpm_project
[0.430s] -- Install configuration: ""
[0.431s] -- Execute custom install script
[0.431s] -- Up-to-date symlink: /home/usamah/Documents/project/learnRos2/install/rpm_project/share/ament_index/resource_index/rosidl_interfaces/rpm_project
[0.431s] -- Up-to-date symlink: /home/usamah/Documents/project/learnRos2/install/rpm_project/include/rpm_project/rpm_project/msg/rosidl_generator_c__visibility_control.h
[0.431s] -- Up-to-date symlink: /home/usamah/Documents/project/learnRos2/install/rpm_project/include/rpm_project/rpm_project/srv/detail/odd_even_check__functions.h
[0.432s] -- Up-to-date symlink: /home/usamah/Documents/project/learnRos2/install/rpm_project/include/rpm_project/rpm_project/srv/detail/odd_even_check__struct.h
[0.432s] -- Up-to-date symlink: /home/usamah/Documents/project/learnRos2/install/rpm_project/include/rpm_project/rpm_project/srv/detail/odd_even_check__type_support.h
[0.432s] -- Up-to-date symlink: /home/usamah/Documents/project/learnRos2/install/rpm_project/include/rpm_project/rpm_project/srv/odd_even_check.h
[0.432s] -- Up-to-date symlink: /home/usamah/Documents/project/learnRos2/install/rpm_project/share/rpm_project/environment/library_path.sh
[0.432s] -- Up-to-date symlink: /home/usamah/Documents/project/learnRos2/install/rpm_project/share/rpm_project/environment/library_path.dsv
[0.432s] -- Up-to-date symlink: /home/usamah/Documents/project/learnRos2/install/rpm_project/include/rpm_project/rpm_project/msg/rosidl_typesupport_fastrtps_c__visibility_control.h
[0.432s] -- Up-to-date symlink: /home/usamah/Documents/project/learnRos2/install/rpm_project/include/rpm_project/rpm_project/srv/detail/odd_even_check__rosidl_typesupport_fastrtps_c.h
[0.433s] -- Up-to-date symlink: /home/usamah/Documents/project/learnRos2/install/rpm_project/include/rpm_project/rpm_project/srv/detail/odd_even_check__builder.hpp
[0.433s] -- Up-to-date symlink: /home/usamah/Documents/project/learnRos2/install/rpm_project/include/rpm_project/rpm_project/srv/detail/odd_even_check__struct.hpp
[0.433s] -- Up-to-date symlink: /home/usamah/Documents/project/learnRos2/install/rpm_project/include/rpm_project/rpm_project/srv/detail/odd_even_check__traits.hpp
[0.433s] -- Up-to-date symlink: /home/usamah/Documents/project/learnRos2/install/rpm_project/include/rpm_project/rpm_project/srv/odd_even_check.hpp
[0.433s] -- Up-to-date symlink: /home/usamah/Documents/project/learnRos2/install/rpm_project/include/rpm_project/rpm_project/msg/rosidl_typesupport_fastrtps_cpp__visibility_control.h
[0.433s] -- Up-to-date symlink: /home/usamah/Documents/project/learnRos2/install/rpm_project/include/rpm_project/rpm_project/srv/detail/odd_even_check__rosidl_typesupport_fastrtps_cpp.hpp
[0.433s] -- Up-to-date symlink: /home/usamah/Documents/project/learnRos2/install/rpm_project/include/rpm_project/rpm_project/msg/rosidl_typesupport_introspection_c__visibility_control.h
[0.434s] -- Up-to-date symlink: /home/usamah/Documents/project/learnRos2/install/rpm_project/include/rpm_project/rpm_project/srv/detail/odd_even_check__rosidl_typesupport_introspection_c.h
[0.434s] -- Up-to-date symlink: /home/usamah/Documents/project/learnRos2/install/rpm_project/include/rpm_project/rpm_project/srv/detail/odd_even_check__rosidl_typesupport_introspection_cpp.hpp
[0.434s] -- Up-to-date symlink: /home/usamah/Documents/project/learnRos2/install/rpm_project/share/rpm_project/environment/pythonpath.sh
[0.434s] -- Up-to-date symlink: /home/usamah/Documents/project/learnRos2/install/rpm_project/share/rpm_project/environment/pythonpath.dsv
[0.434s] -- Up-to-date symlink: /home/usamah/Documents/project/learnRos2/install/rpm_project/local/lib/python3.10/dist-packages/rpm_project-0.0.0-py3.10.egg-info/PKG-INFO
[0.434s] -- Up-to-date symlink: /home/usamah/Documents/project/learnRos2/install/rpm_project/local/lib/python3.10/dist-packages/rpm_project-0.0.0-py3.10.egg-info/SOURCES.txt
[0.434s] -- Up-to-date symlink: /home/usamah/Documents/project/learnRos2/install/rpm_project/local/lib/python3.10/dist-packages/rpm_project-0.0.0-py3.10.egg-info/dependency_links.txt
[0.435s] -- Up-to-date symlink: /home/usamah/Documents/project/learnRos2/install/rpm_project/local/lib/python3.10/dist-packages/rpm_project-0.0.0-py3.10.egg-info/top_level.txt
[0.435s] -- Up-to-date symlink: /home/usamah/Documents/project/learnRos2/install/rpm_project/local/lib/python3.10/dist-packages/rpm_project/__init__.py
[0.435s] -- Up-to-date symlink: /home/usamah/Documents/project/learnRos2/install/rpm_project/local/lib/python3.10/dist-packages/rpm_project/_rpm_project_s.ep.rosidl_typesupport_c.c
[0.435s] -- Up-to-date symlink: /home/usamah/Documents/project/learnRos2/install/rpm_project/local/lib/python3.10/dist-packages/rpm_project/_rpm_project_s.ep.rosidl_typesupport_fastrtps_c.c
[0.435s] -- Up-to-date symlink: /home/usamah/Documents/project/learnRos2/install/rpm_project/local/lib/python3.10/dist-packages/rpm_project/_rpm_project_s.ep.rosidl_typesupport_introspection_c.c
[0.435s] -- Up-to-date symlink: /home/usamah/Documents/project/learnRos2/install/rpm_project/local/lib/python3.10/dist-packages/rpm_project/librpm_project__rosidl_generator_py.so
[0.435s] -- Up-to-date symlink: /home/usamah/Documents/project/learnRos2/install/rpm_project/local/lib/python3.10/dist-packages/rpm_project/rpm_project_s__rosidl_typesupport_c.cpython-310-x86_64-linux-gnu.so
[0.435s] -- Up-to-date symlink: /home/usamah/Documents/project/learnRos2/install/rpm_project/local/lib/python3.10/dist-packages/rpm_project/rpm_project_s__rosidl_typesupport_fastrtps_c.cpython-310-x86_64-linux-gnu.so
[0.436s] -- Up-to-date symlink: /home/usamah/Documents/project/learnRos2/install/rpm_project/local/lib/python3.10/dist-packages/rpm_project/rpm_project_s__rosidl_typesupport_introspection_c.cpython-310-x86_64-linux-gnu.so
[0.436s] -- Up-to-date symlink: /home/usamah/Documents/project/learnRos2/install/rpm_project/local/lib/python3.10/dist-packages/rpm_project/srv/__init__.py
[0.436s] -- Up-to-date symlink: /home/usamah/Documents/project/learnRos2/install/rpm_project/local/lib/python3.10/dist-packages/rpm_project/srv/_odd_even_check.py
[0.436s] -- Up-to-date symlink: /home/usamah/Documents/project/learnRos2/install/rpm_project/local/lib/python3.10/dist-packages/rpm_project/srv/_odd_even_check_s.c
[0.436s] -- Up-to-date symlink: /home/usamah/Documents/project/learnRos2/install/rpm_project/local/lib/python3.10/dist-packages/rpm_project/rpm_project_s__rosidl_typesupport_fastrtps_c.cpython-310-x86_64-linux-gnu.so
[0.436s] -- Up-to-date symlink: /home/usamah/Documents/project/learnRos2/install/rpm_project/local/lib/python3.10/dist-packages/rpm_project/rpm_project_s__rosidl_typesupport_introspection_c.cpython-310-x86_64-linux-gnu.so
[0.436s] -- Up-to-date symlink: /home/usamah/Documents/project/learnRos2/install/rpm_project/local/lib/python3.10/dist-packages/rpm_project/rpm_project_s__rosidl_typesupport_c.cpython-310-x86_64-linux-gnu.so
[0.437s] -- Up-to-date symlink: /home/usamah/Documents/project/learnRos2/install/rpm_project/share/rpm_project/srv/OddEvenCheck.idl
[0.437s] -- Up-to-date symlink: /home/usamah/Documents/project/learnRos2/install/rpm_project/share/rpm_project/srv/OddEvenCheck.srv
[0.437s] -- Up-to-date symlink: /home/usamah/Documents/project/learnRos2/install/rpm_project/share/rpm_project/srv/OddEvenCheck_Request.msg
[0.437s] -- Up-to-date symlink: /home/usamah/Documents/project/learnRos2/install/rpm_project/share/rpm_project/srv/OddEvenCheck_Response.msg
[0.437s] -- Up-to-date symlink: /home/usamah/Documents/project/learnRos2/install/rpm_project/local/lib/python3.10/dist-packages/scripts-0.0.0-py3.10.egg-info/PKG-INFO
[0.437s] -- Up-to-date symlink: /home/usamah/Documents/project/learnRos2/install/rpm_project/local/lib/python3.10/dist-packages/scripts-0.0.0-py3.10.egg-info/SOURCES.txt
[0.437s] -- Up-to-date symlink: /home/usamah/Documents/project/learnRos2/install/rpm_project/local/lib/python3.10/dist-packages/scripts-0.0.0-py3.10.egg-info/dependency_links.txt
[0.437s] -- Up-to-date symlink: /home/usamah/Documents/project/learnRos2/install/rpm_project/local/lib/python3.10/dist-packages/scripts-0.0.0-py3.10.egg-info/top_level.txt
[0.438s] -- Up-to-date symlink: /home/usamah/Documents/project/learnRos2/install/rpm_project/local/lib/python3.10/dist-packages/scripts/__init__.py
[0.438s] -- Up-to-date symlink: /home/usamah/Documents/project/learnRos2/install/rpm_project/local/lib/python3.10/dist-packages/scripts/rpm_pub.py
[0.438s] -- Up-to-date symlink: /home/usamah/Documents/project/learnRos2/install/rpm_project/local/lib/python3.10/dist-packages/scripts/rpm_pub_pram.py
[0.438s] -- Up-to-date symlink: /home/usamah/Documents/project/learnRos2/install/rpm_project/local/lib/python3.10/dist-packages/scripts/speed_calc.py
[0.438s] -- Up-to-date symlink: /home/usamah/Documents/project/learnRos2/install/rpm_project/local/lib/python3.10/dist-packages/scripts/speed_calc_pram.py
[0.438s] -- Up-to-date symlink: /home/usamah/Documents/project/learnRos2/install/rpm_project/lib/rpm_project/rpm_pub.py
[0.438s] -- Up-to-date symlink: /home/usamah/Documents/project/learnRos2/install/rpm_project/lib/rpm_project/speed_calc.py
[0.438s] -- Up-to-date symlink: /home/usamah/Documents/project/learnRos2/install/rpm_project/lib/rpm_project/speed_calc_pram.py
[0.438s] -- Up-to-date symlink: /home/usamah/Documents/project/learnRos2/install/rpm_project/lib/rpm_project/rpm_pub_pram.py
[0.439s] -- Up-to-date symlink: /home/usamah/Documents/project/learnRos2/install/rpm_project/share/rpm_project//launch/rpm_node.launch.py
[0.439s] -- Up-to-date symlink: /home/usamah/Documents/project/learnRos2/install/rpm_project/share/ament_index/resource_index/package_run_dependencies/rpm_project
[0.439s] -- Up-to-date symlink: /home/usamah/Documents/project/learnRos2/install/rpm_project/share/ament_index/resource_index/parent_prefix_path/rpm_project
[0.439s] -- Up-to-date symlink: /home/usamah/Documents/project/learnRos2/install/rpm_project/share/rpm_project/environment/ament_prefix_path.sh
[0.439s] -- Up-to-date symlink: /home/usamah/Documents/project/learnRos2/install/rpm_project/share/rpm_project/environment/ament_prefix_path.dsv
[0.439s] -- Up-to-date symlink: /home/usamah/Documents/project/learnRos2/install/rpm_project/share/rpm_project/environment/path.sh
[0.439s] -- Up-to-date symlink: /home/usamah/Documents/project/learnRos2/install/rpm_project/share/rpm_project/environment/path.dsv
[0.439s] -- Up-to-date symlink: /home/usamah/Documents/project/learnRos2/install/rpm_project/share/rpm_project/local_setup.bash
[0.440s] -- Up-to-date symlink: /home/usamah/Documents/project/learnRos2/install/rpm_project/share/rpm_project/local_setup.sh
[0.440s] -- Up-to-date symlink: /home/usamah/Documents/project/learnRos2/install/rpm_project/share/rpm_project/local_setup.zsh
[0.440s] -- Up-to-date symlink: /home/usamah/Documents/project/learnRos2/install/rpm_project/share/rpm_project/local_setup.dsv
[0.440s] -- Symlinking: /home/usamah/Documents/project/learnRos2/install/rpm_project/share/rpm_project/package.dsv
[0.447s] -- Up-to-date symlink: /home/usamah/Documents/project/learnRos2/install/rpm_project/share/ament_index/resource_index/packages/rpm_project
[0.447s] -- Up-to-date symlink: /home/usamah/Documents/project/learnRos2/install/rpm_project/share/rpm_project/cmake/rosidl_cmake-extras.cmake
[0.448s] -- Up-to-date symlink: /home/usamah/Documents/project/learnRos2/install/rpm_project/share/rpm_project/cmake/ament_cmake_export_include_directories-extras.cmake
[0.448s] -- Up-to-date symlink: /home/usamah/Documents/project/learnRos2/install/rpm_project/share/rpm_project/cmake/ament_cmake_export_libraries-extras.cmake
[0.448s] -- Up-to-date symlink: /home/usamah/Documents/project/learnRos2/install/rpm_project/share/rpm_project/cmake/ament_cmake_export_targets-extras.cmake
[0.448s] -- Up-to-date symlink: /home/usamah/Documents/project/learnRos2/install/rpm_project/share/rpm_project/cmake/rosidl_cmake_export_typesupport_targets-extras.cmake
[0.448s] -- Up-to-date symlink: /home/usamah/Documents/project/learnRos2/install/rpm_project/share/rpm_project/cmake/ament_cmake_export_dependencies-extras.cmake
[0.448s] -- Up-to-date symlink: /home/usamah/Documents/project/learnRos2/install/rpm_project/share/rpm_project/cmake/rosidl_cmake_export_typesupport_libraries-extras.cmake
[0.448s] -- Up-to-date symlink: /home/usamah/Documents/project/learnRos2/install/rpm_project/share/rpm_project/cmake/rpm_projectConfig.cmake
[0.448s] -- Up-to-date symlink: /home/usamah/Documents/project/learnRos2/install/rpm_project/share/rpm_project/cmake/rpm_projectConfig-version.cmake
[0.448s] -- Up-to-date symlink: /home/usamah/Documents/project/learnRos2/install/rpm_project/share/rpm_project/package.xml
[0.449s] -- Up-to-date: /home/usamah/Documents/project/learnRos2/install/rpm_project/lib/librpm_project__rosidl_generator_c.so
[0.449s] -- Up-to-date: /home/usamah/Documents/project/learnRos2/install/rpm_project/lib/librpm_project__rosidl_typesupport_fastrtps_c.so
[0.449s] -- Up-to-date: /home/usamah/Documents/project/learnRos2/install/rpm_project/lib/librpm_project__rosidl_typesupport_fastrtps_cpp.so
[0.449s] -- Up-to-date: /home/usamah/Documents/project/learnRos2/install/rpm_project/lib/librpm_project__rosidl_typesupport_introspection_c.so
[0.449s] -- Up-to-date: /home/usamah/Documents/project/learnRos2/install/rpm_project/lib/librpm_project__rosidl_typesupport_c.so
[0.450s] -- Up-to-date: /home/usamah/Documents/project/learnRos2/install/rpm_project/lib/librpm_project__rosidl_typesupport_introspection_cpp.so
[0.450s] -- Up-to-date: /home/usamah/Documents/project/learnRos2/install/rpm_project/lib/librpm_project__rosidl_typesupport_cpp.so
[0.479s] Listing '/home/usamah/Documents/project/learnRos2/install/rpm_project/local/lib/python3.10/dist-packages/rpm_project'...
[0.479s] Listing '/home/usamah/Documents/project/learnRos2/install/rpm_project/local/lib/python3.10/dist-packages/rpm_project/srv'...
[0.483s] -- Up-to-date: /home/usamah/Documents/project/learnRos2/install/rpm_project/lib/librpm_project__rosidl_generator_py.so
[0.513s] Listing '/home/usamah/Documents/project/learnRos2/install/rpm_project/local/lib/python3.10/dist-packages/scripts'...
[0.517s] -- Up-to-date: /home/usamah/Documents/project/learnRos2/install/rpm_project/share/rpm_project/cmake/export_rpm_project__rosidl_generator_cExport.cmake
[0.517s] -- Up-to-date: /home/usamah/Documents/project/learnRos2/install/rpm_project/share/rpm_project/cmake/export_rpm_project__rosidl_generator_cExport-noconfig.cmake
[0.517s] -- Up-to-date: /home/usamah/Documents/project/learnRos2/install/rpm_project/share/rpm_project/cmake/export_rpm_project__rosidl_typesupport_fastrtps_cExport.cmake
[0.517s] -- Up-to-date: /home/usamah/Documents/project/learnRos2/install/rpm_project/share/rpm_project/cmake/export_rpm_project__rosidl_typesupport_fastrtps_cExport-noconfig.cmake
[0.517s] -- Up-to-date: /home/usamah/Documents/project/learnRos2/install/rpm_project/share/rpm_project/cmake/export_rpm_project__rosidl_generator_cppExport.cmake
[0.517s] -- Up-to-date: /home/usamah/Documents/project/learnRos2/install/rpm_project/share/rpm_project/cmake/export_rpm_project__rosidl_typesupport_fastrtps_cppExport.cmake
[0.518s] -- Up-to-date: /home/usamah/Documents/project/learnRos2/install/rpm_project/share/rpm_project/cmake/export_rpm_project__rosidl_typesupport_fastrtps_cppExport-noconfig.cmake
[0.518s] -- Up-to-date: /home/usamah/Documents/project/learnRos2/install/rpm_project/share/rpm_project/cmake/rpm_project__rosidl_typesupport_introspection_cExport.cmake
[0.518s] -- Up-to-date: /home/usamah/Documents/project/learnRos2/install/rpm_project/share/rpm_project/cmake/rpm_project__rosidl_typesupport_introspection_cExport-noconfig.cmake
[0.518s] -- Up-to-date: /home/usamah/Documents/project/learnRos2/install/rpm_project/share/rpm_project/cmake/rpm_project__rosidl_typesupport_cExport.cmake
[0.518s] -- Up-to-date: /home/usamah/Documents/project/learnRos2/install/rpm_project/share/rpm_project/cmake/rpm_project__rosidl_typesupport_cExport-noconfig.cmake
[0.518s] -- Up-to-date: /home/usamah/Documents/project/learnRos2/install/rpm_project/share/rpm_project/cmake/rpm_project__rosidl_typesupport_introspection_cppExport.cmake
[0.518s] -- Up-to-date: /home/usamah/Documents/project/learnRos2/install/rpm_project/share/rpm_project/cmake/rpm_project__rosidl_typesupport_introspection_cppExport-noconfig.cmake
[0.518s] -- Up-to-date: /home/usamah/Documents/project/learnRos2/install/rpm_project/share/rpm_project/cmake/rpm_project__rosidl_typesupport_cppExport.cmake
[0.518s] -- Up-to-date: /home/usamah/Documents/project/learnRos2/install/rpm_project/share/rpm_project/cmake/rpm_project__rosidl_typesupport_cppExport-noconfig.cmake
[0.518s] -- Up-to-date: /home/usamah/Documents/project/learnRos2/install/rpm_project/share/rpm_project/cmake/export_rpm_project__rosidl_generator_pyExport.cmake
[0.518s] -- Up-to-date: /home/usamah/Documents/project/learnRos2/install/rpm_project/share/rpm_project/cmake/export_rpm_project__rosidl_generator_pyExport-noconfig.cmake
[0.520s] Invoked command in '/home/usamah/Documents/project/learnRos2/build/rpm_project' returned '0': CMAKE_PREFIX_PATH=${CMAKE_PREFIX_PATH}:/opt/ros/humble /usr/bin/cmake --install /home/usamah/Documents/project/learnRos2/build/rpm_project
