[  3%] Built target first_rpm_project__cpp
[ 12%] Built target first_rpm_project__rosidl_generator_c
[ 12%] Built target ament_cmake_python_symlink_scripts
[ 12%] Built target ament_cmake_python_symlink_first_rpm_project
[ 22%] Built target first_rpm_project__rosidl_typesupport_c
[ 32%] Built target first_rpm_project__rosidl_typesupport_cpp
[ 41%] Built target first_rpm_project__rosidl_typesupport_introspection_cpp
[ 51%] Built target first_rpm_project__rosidl_typesupport_fastrtps_cpp
[ 61%] Built target first_rpm_project__rosidl_typesupport_introspection_c
[ 70%] Built target first_rpm_project__rosidl_typesupport_fastrtps_c
[ 70%] Built target first_rpm_project
[ 74%] Built target first_rpm_project__py
[ 80%] Built target first_rpm_project__rosidl_generator_py
[100%] Built target first_rpm_project__rosidl_typesupport_fastrtps_c__pyext
[100%] Built target first_rpm_project__rosidl_typesupport_introspection_c__pyext
[100%] Built target first_rpm_project__rosidl_typesupport_c__pyext
running egg_info
writing first_rpm_project.egg-info/PKG-INFO
writing dependency_links to first_rpm_project.egg-info/dependency_links.txt
writing top-level names to first_rpm_project.egg-info/top_level.txt
running egg_info
reading manifest file 'first_rpm_project.egg-info/SOURCES.txt'
writing scripts.egg-info/PKG-INFO
writing dependency_links to scripts.egg-info/dependency_links.txt
writing manifest file 'first_rpm_project.egg-info/SOURCES.txt'
writing top-level names to scripts.egg-info/top_level.txt
reading manifest file 'scripts.egg-info/SOURCES.txt'
writing manifest file 'scripts.egg-info/SOURCES.txt'
[100%] Built target ament_cmake_python_build_first_rpm_project_egg
[100%] Built target ament_cmake_python_build_scripts_egg
-- Install configuration: ""
-- Execute custom install script
-- Up-to-date symlink: /home/usamah/Documents/project/learnRos2/install/first_rpm_project/share/ament_index/resource_index/rosidl_interfaces/first_rpm_project
-- Up-to-date symlink: /home/usamah/Documents/project/learnRos2/install/first_rpm_project/include/first_rpm_project/first_rpm_project/msg/rosidl_generator_c__visibility_control.h
-- Up-to-date symlink: /home/usamah/Documents/project/learnRos2/install/first_rpm_project/include/first_rpm_project/first_rpm_project/srv/detail/odd_even_check__functions.h
-- Up-to-date symlink: /home/usamah/Documents/project/learnRos2/install/first_rpm_project/include/first_rpm_project/first_rpm_project/srv/detail/odd_even_check__struct.h
-- Up-to-date symlink: /home/usamah/Documents/project/learnRos2/install/first_rpm_project/include/first_rpm_project/first_rpm_project/srv/detail/odd_even_check__type_support.h
-- Up-to-date symlink: /home/usamah/Documents/project/learnRos2/install/first_rpm_project/include/first_rpm_project/first_rpm_project/srv/odd_even_check.h
-- Up-to-date symlink: /home/usamah/Documents/project/learnRos2/install/first_rpm_project/share/first_rpm_project/environment/library_path.sh
-- Up-to-date symlink: /home/usamah/Documents/project/learnRos2/install/first_rpm_project/share/first_rpm_project/environment/library_path.dsv
-- Up-to-date symlink: /home/usamah/Documents/project/learnRos2/install/first_rpm_project/include/first_rpm_project/first_rpm_project/msg/rosidl_typesupport_fastrtps_c__visibility_control.h
-- Up-to-date symlink: /home/usamah/Documents/project/learnRos2/install/first_rpm_project/include/first_rpm_project/first_rpm_project/srv/detail/odd_even_check__rosidl_typesupport_fastrtps_c.h
-- Up-to-date symlink: /home/usamah/Documents/project/learnRos2/install/first_rpm_project/include/first_rpm_project/first_rpm_project/srv/detail/odd_even_check__builder.hpp
-- Up-to-date symlink: /home/usamah/Documents/project/learnRos2/install/first_rpm_project/include/first_rpm_project/first_rpm_project/srv/detail/odd_even_check__struct.hpp
-- Up-to-date symlink: /home/usamah/Documents/project/learnRos2/install/first_rpm_project/include/first_rpm_project/first_rpm_project/srv/detail/odd_even_check__traits.hpp
-- Up-to-date symlink: /home/usamah/Documents/project/learnRos2/install/first_rpm_project/include/first_rpm_project/first_rpm_project/srv/odd_even_check.hpp
-- Up-to-date symlink: /home/usamah/Documents/project/learnRos2/install/first_rpm_project/include/first_rpm_project/first_rpm_project/msg/rosidl_typesupport_fastrtps_cpp__visibility_control.h
-- Up-to-date symlink: /home/usamah/Documents/project/learnRos2/install/first_rpm_project/include/first_rpm_project/first_rpm_project/srv/detail/odd_even_check__rosidl_typesupport_fastrtps_cpp.hpp
-- Up-to-date symlink: /home/usamah/Documents/project/learnRos2/install/first_rpm_project/include/first_rpm_project/first_rpm_project/msg/rosidl_typesupport_introspection_c__visibility_control.h
-- Up-to-date symlink: /home/usamah/Documents/project/learnRos2/install/first_rpm_project/include/first_rpm_project/first_rpm_project/srv/detail/odd_even_check__rosidl_typesupport_introspection_c.h
-- Up-to-date symlink: /home/usamah/Documents/project/learnRos2/install/first_rpm_project/include/first_rpm_project/first_rpm_project/srv/detail/odd_even_check__rosidl_typesupport_introspection_cpp.hpp
-- Up-to-date symlink: /home/usamah/Documents/project/learnRos2/install/first_rpm_project/share/first_rpm_project/environment/pythonpath.sh
-- Up-to-date symlink: /home/usamah/Documents/project/learnRos2/install/first_rpm_project/share/first_rpm_project/environment/pythonpath.dsv
-- Up-to-date symlink: /home/usamah/Documents/project/learnRos2/install/first_rpm_project/local/lib/python3.10/dist-packages/first_rpm_project-0.0.0-py3.10.egg-info/PKG-INFO
-- Up-to-date symlink: /home/usamah/Documents/project/learnRos2/install/first_rpm_project/local/lib/python3.10/dist-packages/first_rpm_project-0.0.0-py3.10.egg-info/SOURCES.txt
-- Up-to-date symlink: /home/usamah/Documents/project/learnRos2/install/first_rpm_project/local/lib/python3.10/dist-packages/first_rpm_project-0.0.0-py3.10.egg-info/dependency_links.txt
-- Up-to-date symlink: /home/usamah/Documents/project/learnRos2/install/first_rpm_project/local/lib/python3.10/dist-packages/first_rpm_project-0.0.0-py3.10.egg-info/top_level.txt
-- Up-to-date symlink: /home/usamah/Documents/project/learnRos2/install/first_rpm_project/local/lib/python3.10/dist-packages/first_rpm_project/__init__.py
-- Up-to-date symlink: /home/usamah/Documents/project/learnRos2/install/first_rpm_project/local/lib/python3.10/dist-packages/first_rpm_project/_first_rpm_project_s.ep.rosidl_typesupport_c.c
-- Up-to-date symlink: /home/usamah/Documents/project/learnRos2/install/first_rpm_project/local/lib/python3.10/dist-packages/first_rpm_project/_first_rpm_project_s.ep.rosidl_typesupport_fastrtps_c.c
-- Up-to-date symlink: /home/usamah/Documents/project/learnRos2/install/first_rpm_project/local/lib/python3.10/dist-packages/first_rpm_project/_first_rpm_project_s.ep.rosidl_typesupport_introspection_c.c
-- Up-to-date symlink: /home/usamah/Documents/project/learnRos2/install/first_rpm_project/local/lib/python3.10/dist-packages/first_rpm_project/first_rpm_project_s__rosidl_typesupport_c.cpython-310-x86_64-linux-gnu.so
-- Up-to-date symlink: /home/usamah/Documents/project/learnRos2/install/first_rpm_project/local/lib/python3.10/dist-packages/first_rpm_project/first_rpm_project_s__rosidl_typesupport_fastrtps_c.cpython-310-x86_64-linux-gnu.so
-- Up-to-date symlink: /home/usamah/Documents/project/learnRos2/install/first_rpm_project/local/lib/python3.10/dist-packages/first_rpm_project/first_rpm_project_s__rosidl_typesupport_introspection_c.cpython-310-x86_64-linux-gnu.so
-- Up-to-date symlink: /home/usamah/Documents/project/learnRos2/install/first_rpm_project/local/lib/python3.10/dist-packages/first_rpm_project/libfirst_rpm_project__rosidl_generator_py.so
-- Up-to-date symlink: /home/usamah/Documents/project/learnRos2/install/first_rpm_project/local/lib/python3.10/dist-packages/first_rpm_project/srv/__init__.py
-- Up-to-date symlink: /home/usamah/Documents/project/learnRos2/install/first_rpm_project/local/lib/python3.10/dist-packages/first_rpm_project/srv/_odd_even_check.py
-- Up-to-date symlink: /home/usamah/Documents/project/learnRos2/install/first_rpm_project/local/lib/python3.10/dist-packages/first_rpm_project/srv/_odd_even_check_s.c
-- Up-to-date symlink: /home/usamah/Documents/project/learnRos2/install/first_rpm_project/local/lib/python3.10/dist-packages/first_rpm_project/first_rpm_project_s__rosidl_typesupport_fastrtps_c.cpython-310-x86_64-linux-gnu.so
-- Up-to-date symlink: /home/usamah/Documents/project/learnRos2/install/first_rpm_project/local/lib/python3.10/dist-packages/first_rpm_project/first_rpm_project_s__rosidl_typesupport_introspection_c.cpython-310-x86_64-linux-gnu.so
-- Up-to-date symlink: /home/usamah/Documents/project/learnRos2/install/first_rpm_project/local/lib/python3.10/dist-packages/first_rpm_project/first_rpm_project_s__rosidl_typesupport_c.cpython-310-x86_64-linux-gnu.so
-- Up-to-date symlink: /home/usamah/Documents/project/learnRos2/install/first_rpm_project/share/first_rpm_project/srv/OddEvenCheck.idl
-- Up-to-date symlink: /home/usamah/Documents/project/learnRos2/install/first_rpm_project/share/first_rpm_project/srv/OddEvenCheck.srv
-- Up-to-date symlink: /home/usamah/Documents/project/learnRos2/install/first_rpm_project/share/first_rpm_project/srv/OddEvenCheck_Request.msg
-- Up-to-date symlink: /home/usamah/Documents/project/learnRos2/install/first_rpm_project/share/first_rpm_project/srv/OddEvenCheck_Response.msg
-- Up-to-date symlink: /home/usamah/Documents/project/learnRos2/install/first_rpm_project/local/lib/python3.10/dist-packages/scripts-0.0.0-py3.10.egg-info/PKG-INFO
-- Up-to-date symlink: /home/usamah/Documents/project/learnRos2/install/first_rpm_project/local/lib/python3.10/dist-packages/scripts-0.0.0-py3.10.egg-info/SOURCES.txt
-- Up-to-date symlink: /home/usamah/Documents/project/learnRos2/install/first_rpm_project/local/lib/python3.10/dist-packages/scripts-0.0.0-py3.10.egg-info/dependency_links.txt
-- Up-to-date symlink: /home/usamah/Documents/project/learnRos2/install/first_rpm_project/local/lib/python3.10/dist-packages/scripts-0.0.0-py3.10.egg-info/top_level.txt
-- Up-to-date symlink: /home/usamah/Documents/project/learnRos2/install/first_rpm_project/local/lib/python3.10/dist-packages/scripts/__init__.py
-- Up-to-date symlink: /home/usamah/Documents/project/learnRos2/install/first_rpm_project/local/lib/python3.10/dist-packages/scripts/rpm_pub.py
-- Up-to-date symlink: /home/usamah/Documents/project/learnRos2/install/first_rpm_project/local/lib/python3.10/dist-packages/scripts/rpm_pub_pram.py
-- Up-to-date symlink: /home/usamah/Documents/project/learnRos2/install/first_rpm_project/local/lib/python3.10/dist-packages/scripts/service_client.py
-- Up-to-date symlink: /home/usamah/Documents/project/learnRos2/install/first_rpm_project/local/lib/python3.10/dist-packages/scripts/service_server.py
-- Up-to-date symlink: /home/usamah/Documents/project/learnRos2/install/first_rpm_project/local/lib/python3.10/dist-packages/scripts/speed_calc.py
-- Up-to-date symlink: /home/usamah/Documents/project/learnRos2/install/first_rpm_project/local/lib/python3.10/dist-packages/scripts/speed_calc_pram.py
-- Up-to-date symlink: /home/usamah/Documents/project/learnRos2/install/first_rpm_project/lib/first_rpm_project/rpm_pub.py
-- Up-to-date symlink: /home/usamah/Documents/project/learnRos2/install/first_rpm_project/lib/first_rpm_project/speed_calc.py
-- Up-to-date symlink: /home/usamah/Documents/project/learnRos2/install/first_rpm_project/lib/first_rpm_project/speed_calc_pram.py
-- Up-to-date symlink: /home/usamah/Documents/project/learnRos2/install/first_rpm_project/lib/first_rpm_project/rpm_pub_pram.py
-- Up-to-date symlink: /home/usamah/Documents/project/learnRos2/install/first_rpm_project/lib/first_rpm_project/service_server.py
-- Up-to-date symlink: /home/usamah/Documents/project/learnRos2/install/first_rpm_project/lib/first_rpm_project/service_client.py
-- Up-to-date symlink: /home/usamah/Documents/project/learnRos2/install/first_rpm_project/share/first_rpm_project//launch/rpm_node.launch.py
-- Up-to-date symlink: /home/usamah/Documents/project/learnRos2/install/first_rpm_project/share/ament_index/resource_index/package_run_dependencies/first_rpm_project
-- Up-to-date symlink: /home/usamah/Documents/project/learnRos2/install/first_rpm_project/share/ament_index/resource_index/parent_prefix_path/first_rpm_project
-- Up-to-date symlink: /home/usamah/Documents/project/learnRos2/install/first_rpm_project/share/first_rpm_project/environment/ament_prefix_path.sh
-- Up-to-date symlink: /home/usamah/Documents/project/learnRos2/install/first_rpm_project/share/first_rpm_project/environment/ament_prefix_path.dsv
-- Up-to-date symlink: /home/usamah/Documents/project/learnRos2/install/first_rpm_project/share/first_rpm_project/environment/path.sh
-- Up-to-date symlink: /home/usamah/Documents/project/learnRos2/install/first_rpm_project/share/first_rpm_project/environment/path.dsv
-- Up-to-date symlink: /home/usamah/Documents/project/learnRos2/install/first_rpm_project/share/first_rpm_project/local_setup.bash
-- Up-to-date symlink: /home/usamah/Documents/project/learnRos2/install/first_rpm_project/share/first_rpm_project/local_setup.sh
-- Up-to-date symlink: /home/usamah/Documents/project/learnRos2/install/first_rpm_project/share/first_rpm_project/local_setup.zsh
-- Up-to-date symlink: /home/usamah/Documents/project/learnRos2/install/first_rpm_project/share/first_rpm_project/local_setup.dsv
-- Symlinking: /home/usamah/Documents/project/learnRos2/install/first_rpm_project/share/first_rpm_project/package.dsv
-- Up-to-date symlink: /home/usamah/Documents/project/learnRos2/install/first_rpm_project/share/ament_index/resource_index/packages/first_rpm_project
-- Up-to-date symlink: /home/usamah/Documents/project/learnRos2/install/first_rpm_project/share/first_rpm_project/cmake/rosidl_cmake-extras.cmake
-- Up-to-date symlink: /home/usamah/Documents/project/learnRos2/install/first_rpm_project/share/first_rpm_project/cmake/ament_cmake_export_include_directories-extras.cmake
-- Up-to-date symlink: /home/usamah/Documents/project/learnRos2/install/first_rpm_project/share/first_rpm_project/cmake/ament_cmake_export_libraries-extras.cmake
-- Up-to-date symlink: /home/usamah/Documents/project/learnRos2/install/first_rpm_project/share/first_rpm_project/cmake/ament_cmake_export_targets-extras.cmake
-- Up-to-date symlink: /home/usamah/Documents/project/learnRos2/install/first_rpm_project/share/first_rpm_project/cmake/rosidl_cmake_export_typesupport_targets-extras.cmake
-- Up-to-date symlink: /home/usamah/Documents/project/learnRos2/install/first_rpm_project/share/first_rpm_project/cmake/ament_cmake_export_dependencies-extras.cmake
-- Up-to-date symlink: /home/usamah/Documents/project/learnRos2/install/first_rpm_project/share/first_rpm_project/cmake/rosidl_cmake_export_typesupport_libraries-extras.cmake
-- Up-to-date symlink: /home/usamah/Documents/project/learnRos2/install/first_rpm_project/share/first_rpm_project/cmake/first_rpm_projectConfig.cmake
-- Up-to-date symlink: /home/usamah/Documents/project/learnRos2/install/first_rpm_project/share/first_rpm_project/cmake/first_rpm_projectConfig-version.cmake
-- Up-to-date symlink: /home/usamah/Documents/project/learnRos2/install/first_rpm_project/share/first_rpm_project/package.xml
-- Up-to-date: /home/usamah/Documents/project/learnRos2/install/first_rpm_project/lib/libfirst_rpm_project__rosidl_generator_c.so
-- Up-to-date: /home/usamah/Documents/project/learnRos2/install/first_rpm_project/lib/libfirst_rpm_project__rosidl_typesupport_fastrtps_c.so
-- Up-to-date: /home/usamah/Documents/project/learnRos2/install/first_rpm_project/lib/libfirst_rpm_project__rosidl_typesupport_fastrtps_cpp.so
-- Up-to-date: /home/usamah/Documents/project/learnRos2/install/first_rpm_project/lib/libfirst_rpm_project__rosidl_typesupport_introspection_c.so
-- Up-to-date: /home/usamah/Documents/project/learnRos2/install/first_rpm_project/lib/libfirst_rpm_project__rosidl_typesupport_c.so
-- Up-to-date: /home/usamah/Documents/project/learnRos2/install/first_rpm_project/lib/libfirst_rpm_project__rosidl_typesupport_introspection_cpp.so
-- Up-to-date: /home/usamah/Documents/project/learnRos2/install/first_rpm_project/lib/libfirst_rpm_project__rosidl_typesupport_cpp.so
Listing '/home/usamah/Documents/project/learnRos2/install/first_rpm_project/local/lib/python3.10/dist-packages/first_rpm_project'...
Listing '/home/usamah/Documents/project/learnRos2/install/first_rpm_project/local/lib/python3.10/dist-packages/first_rpm_project/srv'...
-- Up-to-date: /home/usamah/Documents/project/learnRos2/install/first_rpm_project/lib/libfirst_rpm_project__rosidl_generator_py.so
Listing '/home/usamah/Documents/project/learnRos2/install/first_rpm_project/local/lib/python3.10/dist-packages/scripts'...
-- Up-to-date: /home/usamah/Documents/project/learnRos2/install/first_rpm_project/share/first_rpm_project/cmake/export_first_rpm_project__rosidl_generator_cExport.cmake
-- Up-to-date: /home/usamah/Documents/project/learnRos2/install/first_rpm_project/share/first_rpm_project/cmake/export_first_rpm_project__rosidl_generator_cExport-noconfig.cmake
-- Up-to-date: /home/usamah/Documents/project/learnRos2/install/first_rpm_project/share/first_rpm_project/cmake/export_first_rpm_project__rosidl_typesupport_fastrtps_cExport.cmake
-- Up-to-date: /home/usamah/Documents/project/learnRos2/install/first_rpm_project/share/first_rpm_project/cmake/export_first_rpm_project__rosidl_typesupport_fastrtps_cExport-noconfig.cmake
-- Up-to-date: /home/usamah/Documents/project/learnRos2/install/first_rpm_project/share/first_rpm_project/cmake/export_first_rpm_project__rosidl_generator_cppExport.cmake
-- Up-to-date: /home/usamah/Documents/project/learnRos2/install/first_rpm_project/share/first_rpm_project/cmake/export_first_rpm_project__rosidl_typesupport_fastrtps_cppExport.cmake
-- Up-to-date: /home/usamah/Documents/project/learnRos2/install/first_rpm_project/share/first_rpm_project/cmake/export_first_rpm_project__rosidl_typesupport_fastrtps_cppExport-noconfig.cmake
-- Up-to-date: /home/usamah/Documents/project/learnRos2/install/first_rpm_project/share/first_rpm_project/cmake/first_rpm_project__rosidl_typesupport_introspection_cExport.cmake
-- Up-to-date: /home/usamah/Documents/project/learnRos2/install/first_rpm_project/share/first_rpm_project/cmake/first_rpm_project__rosidl_typesupport_introspection_cExport-noconfig.cmake
-- Up-to-date: /home/usamah/Documents/project/learnRos2/install/first_rpm_project/share/first_rpm_project/cmake/first_rpm_project__rosidl_typesupport_cExport.cmake
-- Up-to-date: /home/usamah/Documents/project/learnRos2/install/first_rpm_project/share/first_rpm_project/cmake/first_rpm_project__rosidl_typesupport_cExport-noconfig.cmake
-- Up-to-date: /home/usamah/Documents/project/learnRos2/install/first_rpm_project/share/first_rpm_project/cmake/first_rpm_project__rosidl_typesupport_introspection_cppExport.cmake
-- Up-to-date: /home/usamah/Documents/project/learnRos2/install/first_rpm_project/share/first_rpm_project/cmake/first_rpm_project__rosidl_typesupport_introspection_cppExport-noconfig.cmake
-- Up-to-date: /home/usamah/Documents/project/learnRos2/install/first_rpm_project/share/first_rpm_project/cmake/first_rpm_project__rosidl_typesupport_cppExport.cmake
-- Up-to-date: /home/usamah/Documents/project/learnRos2/install/first_rpm_project/share/first_rpm_project/cmake/first_rpm_project__rosidl_typesupport_cppExport-noconfig.cmake
-- Up-to-date: /home/usamah/Documents/project/learnRos2/install/first_rpm_project/share/first_rpm_project/cmake/export_first_rpm_project__rosidl_generator_pyExport.cmake
-- Up-to-date: /home/usamah/Documents/project/learnRos2/install/first_rpm_project/share/first_rpm_project/cmake/export_first_rpm_project__rosidl_generator_pyExport-noconfig.cmake
