[0.009s] Invoking command in '/home/usamah/Documents/project/learnRos2/build/rpm_project': CMAKE_PREFIX_PATH=${CMAKE_PREFIX_PATH}:/opt/ros/humble /usr/bin/cmake --build /home/usamah/Documents/project/learnRos2/build/rpm_project -- -j16 -l16
[0.024s] -- Found ament_cmake: 1.3.10 (/opt/ros/humble/share/ament_cmake/cmake)
[0.097s] -- Override CMake install command with custom implementation using symlinks instead of copying resources
[0.101s] -- Found rcl: 5.3.9 (/opt/ros/humble/share/rcl/cmake)
[0.117s] -- Found rosidl_generator_c: 3.1.5 (/opt/ros/humble/share/rosidl_generator_c/cmake)
[0.119s] -- Found rosidl_adapter: 3.1.5 (/opt/ros/humble/share/rosidl_adapter/cmake)
[0.122s] -- Found rosidl_generator_cpp: 3.1.5 (/opt/ros/humble/share/rosidl_generator_cpp/cmake)
[0.128s] -- Using all available rosidl_typesupport_c: rosidl_typesupport_fastrtps_c;rosidl_typesupport_introspection_c
[0.137s] -- Using all available rosidl_typesupport_cpp: rosidl_typesupport_fastrtps_cpp;rosidl_typesupport_introspection_cpp
[0.157s] -- Found rmw_implementation_cmake: 6.1.2 (/opt/ros/humble/share/rmw_implementation_cmake/cmake)
[0.158s] -- Found rmw_fastrtps_cpp: 6.2.7 (/opt/ros/humble/share/rmw_fastrtps_cpp/cmake)
[0.234s] -- Using RMW implementation 'rmw_fastrtps_cpp' as default
[0.240s] -- Found rosidl_default_generators: 1.2.0 (/opt/ros/humble/share/rosidl_default_generators/cmake)
[0.415s] -- Found ament_cmake_ros: 0.10.0 (/opt/ros/humble/share/ament_cmake_ros/cmake)
[0.608s] -- Using all available rosidl_typesupport_c: rosidl_typesupport_fastrtps_c;rosidl_typesupport_introspection_c
[0.682s] -- Using all available rosidl_typesupport_cpp: rosidl_typesupport_fastrtps_cpp;rosidl_typesupport_introspection_cpp
[0.697s] -- Found PythonInterp: /usr/bin/python3 (found suitable version "3.10.12", minimum required is "3.6") 
[0.698s] -- Found python_cmake_module: 0.10.0 (/opt/ros/humble/share/python_cmake_module/cmake)
[0.716s] -- Found PythonLibs: /usr/lib/x86_64-linux-gnu/libpython3.10.so (found suitable version "3.10.12", minimum required is "3.5") 
[0.716s] -- Using PYTHON_EXECUTABLE: /usr/bin/python3
[0.716s] -- Using PYTHON_INCLUDE_DIRS: /usr/include/python3.10
[0.716s] -- Using PYTHON_LIBRARIES: /usr/lib/x86_64-linux-gnu/libpython3.10.so
[0.730s] -- Found PythonExtra: .so  
[0.739s] -- Found ament_lint_auto: 0.12.11 (/opt/ros/humble/share/ament_lint_auto/cmake)
[0.771s] -- Added test 'flake8' to check Python code syntax and style conventions
[0.771s] -- Added test 'lint_cmake' to check CMake code style
[0.771s] -- Added test 'pep257' to check Python code against some of the docstring style conventions in PEP 257
[0.772s] -- Added test 'xmllint' to check XML markup files
[0.774s] -- Configuring done
[0.792s] -- Generating done
[0.793s] -- Build files have been written to: /home/usamah/Documents/project/learnRos2/build/rpm_project
[0.810s] [  3%] [34m[1mGenerating C code for ROS interfaces[0m
[0.816s] [  6%] [34m[1mGenerating C++ code for ROS interfaces[0m
[0.820s] [  6%] Built target ament_cmake_python_symlink_rpm_project
[0.820s] [  6%] Built target ament_cmake_python_symlink_scripts
[1.060s] [  6%] Built target rpm_project__cpp
[1.063s] [  9%] [32mBuilding C object CMakeFiles/rpm_project__rosidl_generator_c.dir/rosidl_generator_c/rpm_project/srv/detail/odd_even_check__functions.c.o[0m
[1.064s] running egg_info
[1.065s] creating rpm_project.egg-info
[1.065s] writing rpm_project.egg-info/PKG-INFO
[1.065s] writing dependency_links to rpm_project.egg-info/dependency_links.txt
[1.065s] writing top-level names to rpm_project.egg-info/top_level.txt
[1.066s] writing manifest file 'rpm_project.egg-info/SOURCES.txt'
[1.068s] reading manifest file 'rpm_project.egg-info/SOURCES.txt'
[1.068s] [ 12%] [34m[1mGenerating C++ type support dispatch for ROS interfaces[0m
[1.068s] writing manifest file 'rpm_project.egg-info/SOURCES.txt'
[1.068s] [ 16%] [34m[1mGenerating C++ type support for eProsima Fast-RTPS[0m
[1.069s] [ 19%] [34m[1mGenerating C++ introspection for ROS interfaces[0m
[1.072s] running egg_info
[1.073s] writing scripts.egg-info/PKG-INFO
[1.073s] writing dependency_links to scripts.egg-info/dependency_links.txt
[1.073s] writing top-level names to scripts.egg-info/top_level.txt
[1.077s] reading manifest file 'scripts.egg-info/SOURCES.txt'
[1.078s] writing manifest file 'scripts.egg-info/SOURCES.txt'
[1.092s] [ 19%] Built target ament_cmake_python_build_rpm_project_egg
[1.102s] [ 19%] Built target ament_cmake_python_build_scripts_egg
[1.164s] [ 22%] [32m[1mLinking C shared library librpm_project__rosidl_generator_c.so[0m
[1.219s] [ 22%] Built target rpm_project__rosidl_generator_c
[1.229s] [ 29%] [34m[1mGenerating C introspection for ROS interfaces[0m
[1.229s] [ 29%] [34m[1mGenerating C type support dispatch for ROS interfaces[0m
[1.229s] [ 32%] [34m[1mGenerating C type support for eProsima Fast-RTPS[0m
[1.319s] [ 35%] [32mBuilding CXX object CMakeFiles/rpm_project__rosidl_typesupport_cpp.dir/rosidl_typesupport_cpp/rpm_project/srv/odd_even_check__type_support.cpp.o[0m
[1.343s] [ 38%] [32mBuilding CXX object CMakeFiles/rpm_project__rosidl_typesupport_introspection_cpp.dir/rosidl_typesupport_introspection_cpp/rpm_project/srv/detail/odd_even_check__type_support.cpp.o[0m
[1.363s] [ 41%] [32mBuilding CXX object CMakeFiles/rpm_project__rosidl_typesupport_fastrtps_cpp.dir/rosidl_typesupport_fastrtps_cpp/rpm_project/srv/detail/dds_fastrtps/odd_even_check__type_support.cpp.o[0m
[1.459s] [ 45%] [32mBuilding CXX object CMakeFiles/rpm_project__rosidl_typesupport_c.dir/rosidl_typesupport_c/rpm_project/srv/odd_even_check__type_support.cpp.o[0m
[1.492s] [ 48%] [32m[1mLinking CXX shared library librpm_project__rosidl_typesupport_c.so[0m
[1.510s] [ 51%] [32mBuilding C object CMakeFiles/rpm_project__rosidl_typesupport_introspection_c.dir/rosidl_typesupport_introspection_c/rpm_project/srv/detail/odd_even_check__type_support.c.o[0m
[1.525s] [ 51%] Built target rpm_project__rosidl_typesupport_c
[1.543s] [ 54%] [32m[1mLinking C shared library librpm_project__rosidl_typesupport_introspection_c.so[0m
[1.543s] [ 58%] [32mBuilding CXX object CMakeFiles/rpm_project__rosidl_typesupport_fastrtps_c.dir/rosidl_typesupport_fastrtps_c/rpm_project/srv/detail/odd_even_check__type_support_c.cpp.o[0m
[1.569s] [ 58%] Built target rpm_project__rosidl_typesupport_introspection_c
[1.600s] [ 61%] [32m[1mLinking CXX shared library librpm_project__rosidl_typesupport_cpp.so[0m
[1.632s] [ 61%] Built target rpm_project__rosidl_typesupport_cpp
[1.706s] [ 64%] [32m[1mLinking CXX shared library librpm_project__rosidl_typesupport_fastrtps_cpp.so[0m
[1.715s] [ 67%] [32m[1mLinking CXX shared library librpm_project__rosidl_typesupport_introspection_cpp.so[0m
[1.773s] [ 67%] Built target rpm_project__rosidl_typesupport_fastrtps_cpp
[1.773s] [ 67%] Built target rpm_project__rosidl_typesupport_introspection_cpp
[1.824s] [ 70%] [32m[1mLinking CXX shared library librpm_project__rosidl_typesupport_fastrtps_c.so[0m
[1.870s] [ 70%] Built target rpm_project__rosidl_typesupport_fastrtps_c
[1.881s] [ 70%] Built target rpm_project
[1.891s] [ 74%] [34m[1mGenerating Python code for ROS interfaces[0m
[2.185s] [ 74%] Built target rpm_project__py
[2.196s] [ 77%] [32mBuilding C object CMakeFiles/rpm_project__rosidl_generator_py.dir/rosidl_generator_py/rpm_project/srv/_odd_even_check_s.c.o[0m
[2.274s] [ 80%] [32m[1mLinking C shared library rosidl_generator_py/rpm_project/librpm_project__rosidl_generator_py.so[0m
[2.298s] [ 80%] Built target rpm_project__rosidl_generator_py
[2.309s] [ 87%] [32mBuilding C object CMakeFiles/rpm_project__rosidl_typesupport_introspection_c__pyext.dir/rosidl_generator_py/rpm_project/_rpm_project_s.ep.rosidl_typesupport_introspection_c.c.o[0m
[2.309s] [ 87%] [32mBuilding C object CMakeFiles/rpm_project__rosidl_typesupport_c__pyext.dir/rosidl_generator_py/rpm_project/_rpm_project_s.ep.rosidl_typesupport_c.c.o[0m
[2.309s] [ 90%] [32mBuilding C object CMakeFiles/rpm_project__rosidl_typesupport_fastrtps_c__pyext.dir/rosidl_generator_py/rpm_project/_rpm_project_s.ep.rosidl_typesupport_fastrtps_c.c.o[0m
[2.370s] [100%] [32m[1mLinking C shared library rosidl_generator_py/rpm_project/rpm_project_s__rosidl_typesupport_c.cpython-310-x86_64-linux-gnu.so[0m
[2.370s] [100%] [32m[1mLinking C shared library rosidl_generator_py/rpm_project/rpm_project_s__rosidl_typesupport_introspection_c.cpython-310-x86_64-linux-gnu.so[0m
[2.371s] [100%] [32m[1mLinking C shared library rosidl_generator_py/rpm_project/rpm_project_s__rosidl_typesupport_fastrtps_c.cpython-310-x86_64-linux-gnu.so[0m
[2.390s] [100%] Built target rpm_project__rosidl_typesupport_c__pyext
[2.391s] [100%] Built target rpm_project__rosidl_typesupport_fastrtps_c__pyext
[2.391s] [100%] Built target rpm_project__rosidl_typesupport_introspection_c__pyext
[2.398s] Invoked command in '/home/usamah/Documents/project/learnRos2/build/rpm_project' returned '0': CMAKE_PREFIX_PATH=${CMAKE_PREFIX_PATH}:/opt/ros/humble /usr/bin/cmake --build /home/usamah/Documents/project/learnRos2/build/rpm_project -- -j16 -l16
[2.439s] Invoking command in '/home/usamah/Documents/project/learnRos2/build/rpm_project': CMAKE_PREFIX_PATH=${CMAKE_PREFIX_PATH}:/opt/ros/humble /usr/bin/cmake --install /home/usamah/Documents/project/learnRos2/build/rpm_project
[2.444s] -- Install configuration: ""
[2.444s] -- Execute custom install script
[2.444s] -- Symlinking: /home/usamah/Documents/project/learnRos2/install/rpm_project/share/ament_index/resource_index/rosidl_interfaces/rpm_project
[2.451s] -- Symlinking: /home/usamah/Documents/project/learnRos2/install/rpm_project/include/rpm_project/rpm_project/msg/rosidl_generator_c__visibility_control.h
[2.456s] -- Symlinking: /home/usamah/Documents/project/learnRos2/install/rpm_project/include/rpm_project/rpm_project/srv/detail/odd_even_check__functions.h
[2.460s] -- Symlinking: /home/usamah/Documents/project/learnRos2/install/rpm_project/include/rpm_project/rpm_project/srv/detail/odd_even_check__struct.h
[2.465s] -- Symlinking: /home/usamah/Documents/project/learnRos2/install/rpm_project/include/rpm_project/rpm_project/srv/detail/odd_even_check__type_support.h
[2.469s] -- Symlinking: /home/usamah/Documents/project/learnRos2/install/rpm_project/include/rpm_project/rpm_project/srv/odd_even_check.h
[2.473s] -- Symlinking: /home/usamah/Documents/project/learnRos2/install/rpm_project/share/rpm_project/environment/library_path.sh
[2.478s] -- Symlinking: /home/usamah/Documents/project/learnRos2/install/rpm_project/share/rpm_project/environment/library_path.dsv
[2.483s] -- Symlinking: /home/usamah/Documents/project/learnRos2/install/rpm_project/include/rpm_project/rpm_project/msg/rosidl_typesupport_fastrtps_c__visibility_control.h
[2.487s] -- Symlinking: /home/usamah/Documents/project/learnRos2/install/rpm_project/include/rpm_project/rpm_project/srv/detail/odd_even_check__rosidl_typesupport_fastrtps_c.h
[2.491s] -- Symlinking: /home/usamah/Documents/project/learnRos2/install/rpm_project/include/rpm_project/rpm_project/srv/detail/odd_even_check__builder.hpp
[2.495s] -- Symlinking: /home/usamah/Documents/project/learnRos2/install/rpm_project/include/rpm_project/rpm_project/srv/detail/odd_even_check__struct.hpp
[2.500s] -- Symlinking: /home/usamah/Documents/project/learnRos2/install/rpm_project/include/rpm_project/rpm_project/srv/detail/odd_even_check__traits.hpp
[2.504s] -- Symlinking: /home/usamah/Documents/project/learnRos2/install/rpm_project/include/rpm_project/rpm_project/srv/odd_even_check.hpp
[2.509s] -- Symlinking: /home/usamah/Documents/project/learnRos2/install/rpm_project/include/rpm_project/rpm_project/msg/rosidl_typesupport_fastrtps_cpp__visibility_control.h
[2.513s] -- Symlinking: /home/usamah/Documents/project/learnRos2/install/rpm_project/include/rpm_project/rpm_project/srv/detail/odd_even_check__rosidl_typesupport_fastrtps_cpp.hpp
[2.517s] -- Symlinking: /home/usamah/Documents/project/learnRos2/install/rpm_project/include/rpm_project/rpm_project/msg/rosidl_typesupport_introspection_c__visibility_control.h
[2.522s] -- Symlinking: /home/usamah/Documents/project/learnRos2/install/rpm_project/include/rpm_project/rpm_project/srv/detail/odd_even_check__rosidl_typesupport_introspection_c.h
[2.526s] -- Symlinking: /home/usamah/Documents/project/learnRos2/install/rpm_project/include/rpm_project/rpm_project/srv/detail/odd_even_check__rosidl_typesupport_introspection_cpp.hpp
[2.531s] -- Up-to-date symlink: /home/usamah/Documents/project/learnRos2/install/rpm_project/share/rpm_project/environment/pythonpath.sh
[2.531s] -- Up-to-date symlink: /home/usamah/Documents/project/learnRos2/install/rpm_project/share/rpm_project/environment/pythonpath.dsv
[2.531s] -- Symlinking: /home/usamah/Documents/project/learnRos2/install/rpm_project/local/lib/python3.10/dist-packages/rpm_project-0.0.0-py3.10.egg-info/PKG-INFO
[2.536s] -- Symlinking: /home/usamah/Documents/project/learnRos2/install/rpm_project/local/lib/python3.10/dist-packages/rpm_project-0.0.0-py3.10.egg-info/SOURCES.txt
[2.541s] -- Symlinking: /home/usamah/Documents/project/learnRos2/install/rpm_project/local/lib/python3.10/dist-packages/rpm_project-0.0.0-py3.10.egg-info/dependency_links.txt
[2.545s] -- Symlinking: /home/usamah/Documents/project/learnRos2/install/rpm_project/local/lib/python3.10/dist-packages/rpm_project-0.0.0-py3.10.egg-info/top_level.txt
[2.550s] -- Symlinking: /home/usamah/Documents/project/learnRos2/install/rpm_project/local/lib/python3.10/dist-packages/rpm_project/__init__.py
[2.554s] -- Symlinking: /home/usamah/Documents/project/learnRos2/install/rpm_project/local/lib/python3.10/dist-packages/rpm_project/_rpm_project_s.ep.rosidl_typesupport_c.c
[2.558s] -- Symlinking: /home/usamah/Documents/project/learnRos2/install/rpm_project/local/lib/python3.10/dist-packages/rpm_project/_rpm_project_s.ep.rosidl_typesupport_fastrtps_c.c
[2.563s] -- Symlinking: /home/usamah/Documents/project/learnRos2/install/rpm_project/local/lib/python3.10/dist-packages/rpm_project/_rpm_project_s.ep.rosidl_typesupport_introspection_c.c
[2.567s] -- Symlinking: /home/usamah/Documents/project/learnRos2/install/rpm_project/local/lib/python3.10/dist-packages/rpm_project/librpm_project__rosidl_generator_py.so
[2.572s] -- Symlinking: /home/usamah/Documents/project/learnRos2/install/rpm_project/local/lib/python3.10/dist-packages/rpm_project/rpm_project_s__rosidl_typesupport_c.cpython-310-x86_64-linux-gnu.so
[2.576s] -- Symlinking: /home/usamah/Documents/project/learnRos2/install/rpm_project/local/lib/python3.10/dist-packages/rpm_project/rpm_project_s__rosidl_typesupport_fastrtps_c.cpython-310-x86_64-linux-gnu.so
[2.580s] -- Symlinking: /home/usamah/Documents/project/learnRos2/install/rpm_project/local/lib/python3.10/dist-packages/rpm_project/rpm_project_s__rosidl_typesupport_introspection_c.cpython-310-x86_64-linux-gnu.so
[2.584s] -- Symlinking: /home/usamah/Documents/project/learnRos2/install/rpm_project/local/lib/python3.10/dist-packages/rpm_project/srv/__init__.py
[2.589s] -- Symlinking: /home/usamah/Documents/project/learnRos2/install/rpm_project/local/lib/python3.10/dist-packages/rpm_project/srv/_odd_even_check.py
[2.593s] -- Symlinking: /home/usamah/Documents/project/learnRos2/install/rpm_project/local/lib/python3.10/dist-packages/rpm_project/srv/_odd_even_check_s.c
[2.598s] -- Up-to-date symlink: /home/usamah/Documents/project/learnRos2/install/rpm_project/local/lib/python3.10/dist-packages/rpm_project/rpm_project_s__rosidl_typesupport_fastrtps_c.cpython-310-x86_64-linux-gnu.so
[2.598s] -- Up-to-date symlink: /home/usamah/Documents/project/learnRos2/install/rpm_project/local/lib/python3.10/dist-packages/rpm_project/rpm_project_s__rosidl_typesupport_introspection_c.cpython-310-x86_64-linux-gnu.so
[2.598s] -- Up-to-date symlink: /home/usamah/Documents/project/learnRos2/install/rpm_project/local/lib/python3.10/dist-packages/rpm_project/rpm_project_s__rosidl_typesupport_c.cpython-310-x86_64-linux-gnu.so
[2.598s] -- Symlinking: /home/usamah/Documents/project/learnRos2/install/rpm_project/share/rpm_project/srv/OddEvenCheck.idl
[2.603s] -- Symlinking: /home/usamah/Documents/project/learnRos2/install/rpm_project/share/rpm_project/srv/OddEvenCheck.srv
[2.608s] -- Symlinking: /home/usamah/Documents/project/learnRos2/install/rpm_project/share/rpm_project/srv/OddEvenCheck_Request.msg
[2.612s] -- Symlinking: /home/usamah/Documents/project/learnRos2/install/rpm_project/share/rpm_project/srv/OddEvenCheck_Response.msg
[2.616s] -- Up-to-date symlink: /home/usamah/Documents/project/learnRos2/install/rpm_project/local/lib/python3.10/dist-packages/scripts-0.0.0-py3.10.egg-info/PKG-INFO
[2.616s] -- Up-to-date symlink: /home/usamah/Documents/project/learnRos2/install/rpm_project/local/lib/python3.10/dist-packages/scripts-0.0.0-py3.10.egg-info/SOURCES.txt
[2.617s] -- Up-to-date symlink: /home/usamah/Documents/project/learnRos2/install/rpm_project/local/lib/python3.10/dist-packages/scripts-0.0.0-py3.10.egg-info/dependency_links.txt
[2.617s] -- Up-to-date symlink: /home/usamah/Documents/project/learnRos2/install/rpm_project/local/lib/python3.10/dist-packages/scripts-0.0.0-py3.10.egg-info/top_level.txt
[2.617s] -- Up-to-date symlink: /home/usamah/Documents/project/learnRos2/install/rpm_project/local/lib/python3.10/dist-packages/scripts/__init__.py
[2.617s] -- Up-to-date symlink: /home/usamah/Documents/project/learnRos2/install/rpm_project/local/lib/python3.10/dist-packages/scripts/rpm_pub.py
[2.617s] -- Up-to-date symlink: /home/usamah/Documents/project/learnRos2/install/rpm_project/local/lib/python3.10/dist-packages/scripts/rpm_pub_pram.py
[2.617s] -- Up-to-date symlink: /home/usamah/Documents/project/learnRos2/install/rpm_project/local/lib/python3.10/dist-packages/scripts/speed_calc.py
[2.617s] -- Up-to-date symlink: /home/usamah/Documents/project/learnRos2/install/rpm_project/local/lib/python3.10/dist-packages/scripts/speed_calc_pram.py
[2.617s] -- Up-to-date symlink: /home/usamah/Documents/project/learnRos2/install/rpm_project/lib/rpm_project/rpm_pub.py
[2.617s] -- Up-to-date symlink: /home/usamah/Documents/project/learnRos2/install/rpm_project/lib/rpm_project/speed_calc.py
[2.617s] -- Up-to-date symlink: /home/usamah/Documents/project/learnRos2/install/rpm_project/lib/rpm_project/speed_calc_pram.py
[2.617s] -- Up-to-date symlink: /home/usamah/Documents/project/learnRos2/install/rpm_project/lib/rpm_project/rpm_pub_pram.py
[2.617s] -- Up-to-date symlink: /home/usamah/Documents/project/learnRos2/install/rpm_project/share/rpm_project//launch/rpm_node.launch.py
[2.617s] -- Up-to-date symlink: /home/usamah/Documents/project/learnRos2/install/rpm_project/share/ament_index/resource_index/package_run_dependencies/rpm_project
[2.618s] -- Up-to-date symlink: /home/usamah/Documents/project/learnRos2/install/rpm_project/share/ament_index/resource_index/parent_prefix_path/rpm_project
[2.618s] -- Up-to-date symlink: /home/usamah/Documents/project/learnRos2/install/rpm_project/share/rpm_project/environment/ament_prefix_path.sh
[2.618s] -- Up-to-date symlink: /home/usamah/Documents/project/learnRos2/install/rpm_project/share/rpm_project/environment/ament_prefix_path.dsv
[2.618s] -- Up-to-date symlink: /home/usamah/Documents/project/learnRos2/install/rpm_project/share/rpm_project/environment/path.sh
[2.618s] -- Up-to-date symlink: /home/usamah/Documents/project/learnRos2/install/rpm_project/share/rpm_project/environment/path.dsv
[2.618s] -- Up-to-date symlink: /home/usamah/Documents/project/learnRos2/install/rpm_project/share/rpm_project/local_setup.bash
[2.618s] -- Up-to-date symlink: /home/usamah/Documents/project/learnRos2/install/rpm_project/share/rpm_project/local_setup.sh
[2.618s] -- Up-to-date symlink: /home/usamah/Documents/project/learnRos2/install/rpm_project/share/rpm_project/local_setup.zsh
[2.618s] -- Up-to-date symlink: /home/usamah/Documents/project/learnRos2/install/rpm_project/share/rpm_project/local_setup.dsv
[2.618s] -- Symlinking: /home/usamah/Documents/project/learnRos2/install/rpm_project/share/rpm_project/package.dsv
[2.623s] -- Up-to-date symlink: /home/usamah/Documents/project/learnRos2/install/rpm_project/share/ament_index/resource_index/packages/rpm_project
[2.623s] -- Symlinking: /home/usamah/Documents/project/learnRos2/install/rpm_project/share/rpm_project/cmake/rosidl_cmake-extras.cmake
[2.627s] -- Symlinking: /home/usamah/Documents/project/learnRos2/install/rpm_project/share/rpm_project/cmake/ament_cmake_export_include_directories-extras.cmake
[2.632s] -- Symlinking: /home/usamah/Documents/project/learnRos2/install/rpm_project/share/rpm_project/cmake/ament_cmake_export_libraries-extras.cmake
[2.636s] -- Symlinking: /home/usamah/Documents/project/learnRos2/install/rpm_project/share/rpm_project/cmake/ament_cmake_export_targets-extras.cmake
[2.641s] -- Symlinking: /home/usamah/Documents/project/learnRos2/install/rpm_project/share/rpm_project/cmake/rosidl_cmake_export_typesupport_targets-extras.cmake
[2.645s] -- Symlinking: /home/usamah/Documents/project/learnRos2/install/rpm_project/share/rpm_project/cmake/ament_cmake_export_dependencies-extras.cmake
[2.650s] -- Symlinking: /home/usamah/Documents/project/learnRos2/install/rpm_project/share/rpm_project/cmake/rosidl_cmake_export_typesupport_libraries-extras.cmake
[2.654s] -- Up-to-date symlink: /home/usamah/Documents/project/learnRos2/install/rpm_project/share/rpm_project/cmake/rpm_projectConfig.cmake
[2.655s] -- Up-to-date symlink: /home/usamah/Documents/project/learnRos2/install/rpm_project/share/rpm_project/cmake/rpm_projectConfig-version.cmake
[2.655s] -- Up-to-date symlink: /home/usamah/Documents/project/learnRos2/install/rpm_project/share/rpm_project/package.xml
[2.655s] -- Installing: /home/usamah/Documents/project/learnRos2/install/rpm_project/lib/librpm_project__rosidl_generator_c.so
[2.655s] -- Set runtime path of "/home/usamah/Documents/project/learnRos2/install/rpm_project/lib/librpm_project__rosidl_generator_c.so" to ""
[2.655s] -- Installing: /home/usamah/Documents/project/learnRos2/install/rpm_project/lib/librpm_project__rosidl_typesupport_fastrtps_c.so
[2.655s] -- Set runtime path of "/home/usamah/Documents/project/learnRos2/install/rpm_project/lib/librpm_project__rosidl_typesupport_fastrtps_c.so" to ""
[2.655s] -- Installing: /home/usamah/Documents/project/learnRos2/install/rpm_project/lib/librpm_project__rosidl_typesupport_fastrtps_cpp.so
[2.655s] -- Set runtime path of "/home/usamah/Documents/project/learnRos2/install/rpm_project/lib/librpm_project__rosidl_typesupport_fastrtps_cpp.so" to ""
[2.655s] -- Installing: /home/usamah/Documents/project/learnRos2/install/rpm_project/lib/librpm_project__rosidl_typesupport_introspection_c.so
[2.655s] -- Set runtime path of "/home/usamah/Documents/project/learnRos2/install/rpm_project/lib/librpm_project__rosidl_typesupport_introspection_c.so" to ""
[2.656s] -- Installing: /home/usamah/Documents/project/learnRos2/install/rpm_project/lib/librpm_project__rosidl_typesupport_c.so
[2.656s] -- Set runtime path of "/home/usamah/Documents/project/learnRos2/install/rpm_project/lib/librpm_project__rosidl_typesupport_c.so" to ""
[2.656s] -- Installing: /home/usamah/Documents/project/learnRos2/install/rpm_project/lib/librpm_project__rosidl_typesupport_introspection_cpp.so
[2.656s] -- Set runtime path of "/home/usamah/Documents/project/learnRos2/install/rpm_project/lib/librpm_project__rosidl_typesupport_introspection_cpp.so" to ""
[2.656s] -- Installing: /home/usamah/Documents/project/learnRos2/install/rpm_project/lib/librpm_project__rosidl_typesupport_cpp.so
[2.656s] -- Set runtime path of "/home/usamah/Documents/project/learnRos2/install/rpm_project/lib/librpm_project__rosidl_typesupport_cpp.so" to ""
[2.678s] Listing '/home/usamah/Documents/project/learnRos2/install/rpm_project/local/lib/python3.10/dist-packages/rpm_project'...
[2.678s] Compiling '/home/usamah/Documents/project/learnRos2/install/rpm_project/local/lib/python3.10/dist-packages/rpm_project/__init__.py'...
[2.678s] Listing '/home/usamah/Documents/project/learnRos2/install/rpm_project/local/lib/python3.10/dist-packages/rpm_project/srv'...
[2.678s] Compiling '/home/usamah/Documents/project/learnRos2/install/rpm_project/local/lib/python3.10/dist-packages/rpm_project/srv/__init__.py'...
[2.678s] Compiling '/home/usamah/Documents/project/learnRos2/install/rpm_project/local/lib/python3.10/dist-packages/rpm_project/srv/_odd_even_check.py'...
[2.680s] -- Installing: /home/usamah/Documents/project/learnRos2/install/rpm_project/lib/librpm_project__rosidl_generator_py.so
[2.681s] -- Set runtime path of "/home/usamah/Documents/project/learnRos2/install/rpm_project/lib/librpm_project__rosidl_generator_py.so" to ""
[2.701s] Listing '/home/usamah/Documents/project/learnRos2/install/rpm_project/local/lib/python3.10/dist-packages/scripts'...
[2.702s] Compiling '/home/usamah/Documents/project/learnRos2/install/rpm_project/local/lib/python3.10/dist-packages/scripts/rpm_pub_pram.py'...
[2.704s] -- Installing: /home/usamah/Documents/project/learnRos2/install/rpm_project/share/rpm_project/cmake/export_rpm_project__rosidl_generator_cExport.cmake
[2.704s] -- Installing: /home/usamah/Documents/project/learnRos2/install/rpm_project/share/rpm_project/cmake/export_rpm_project__rosidl_generator_cExport-noconfig.cmake
[2.704s] -- Installing: /home/usamah/Documents/project/learnRos2/install/rpm_project/share/rpm_project/cmake/export_rpm_project__rosidl_typesupport_fastrtps_cExport.cmake
[2.704s] -- Installing: /home/usamah/Documents/project/learnRos2/install/rpm_project/share/rpm_project/cmake/export_rpm_project__rosidl_typesupport_fastrtps_cExport-noconfig.cmake
[2.704s] -- Installing: /home/usamah/Documents/project/learnRos2/install/rpm_project/share/rpm_project/cmake/export_rpm_project__rosidl_generator_cppExport.cmake
[2.705s] -- Installing: /home/usamah/Documents/project/learnRos2/install/rpm_project/share/rpm_project/cmake/export_rpm_project__rosidl_typesupport_fastrtps_cppExport.cmake
[2.705s] -- Installing: /home/usamah/Documents/project/learnRos2/install/rpm_project/share/rpm_project/cmake/export_rpm_project__rosidl_typesupport_fastrtps_cppExport-noconfig.cmake
[2.705s] -- Installing: /home/usamah/Documents/project/learnRos2/install/rpm_project/share/rpm_project/cmake/rpm_project__rosidl_typesupport_introspection_cExport.cmake
[2.705s] -- Installing: /home/usamah/Documents/project/learnRos2/install/rpm_project/share/rpm_project/cmake/rpm_project__rosidl_typesupport_introspection_cExport-noconfig.cmake
[2.705s] -- Installing: /home/usamah/Documents/project/learnRos2/install/rpm_project/share/rpm_project/cmake/rpm_project__rosidl_typesupport_cExport.cmake
[2.705s] -- Installing: /home/usamah/Documents/project/learnRos2/install/rpm_project/share/rpm_project/cmake/rpm_project__rosidl_typesupport_cExport-noconfig.cmake
[2.705s] -- Installing: /home/usamah/Documents/project/learnRos2/install/rpm_project/share/rpm_project/cmake/rpm_project__rosidl_typesupport_introspection_cppExport.cmake
[2.705s] -- Installing: /home/usamah/Documents/project/learnRos2/install/rpm_project/share/rpm_project/cmake/rpm_project__rosidl_typesupport_introspection_cppExport-noconfig.cmake
[2.705s] -- Installing: /home/usamah/Documents/project/learnRos2/install/rpm_project/share/rpm_project/cmake/rpm_project__rosidl_typesupport_cppExport.cmake
[2.705s] -- Installing: /home/usamah/Documents/project/learnRos2/install/rpm_project/share/rpm_project/cmake/rpm_project__rosidl_typesupport_cppExport-noconfig.cmake
[2.705s] -- Installing: /home/usamah/Documents/project/learnRos2/install/rpm_project/share/rpm_project/cmake/export_rpm_project__rosidl_generator_pyExport.cmake
[2.705s] -- Installing: /home/usamah/Documents/project/learnRos2/install/rpm_project/share/rpm_project/cmake/export_rpm_project__rosidl_generator_pyExport-noconfig.cmake
[2.707s] Invoked command in '/home/usamah/Documents/project/learnRos2/build/rpm_project' returned '0': CMAKE_PREFIX_PATH=${CMAKE_PREFIX_PATH}:/opt/ros/humble /usr/bin/cmake --install /home/usamah/Documents/project/learnRos2/build/rpm_project
