In file included from [01m[K/home/usamah/Documents/project/learnRos2/build/second_turn_camera_project/rosidl_generator_c/second_turn_camera_project/srv/detail/secnd_project_turn_camer__functions.h:19[m[K,
                 from [01m[K/home/usamah/Documents/project/learnRos2/build/second_turn_camera_project/rosidl_generator_c/second_turn_camera_project/srv/detail/secnd_project_turn_camer__functions.c:4[m[K:
[01m[K/home/usamah/Documents/project/learnRos2/build/second_turn_camera_project/rosidl_generator_c/second_turn_camera_project/srv/detail/secnd_project_turn_camer__struct.h:41:10:[m[K [01;31m[Kfatal error: [m[Ksensor_msg/msg/detail/image__struct.h: No such file or directory
   41 | #include [01;31m[K"sensor_msg/msg/detail/image__struct.h"[m[K
      |          [01;31m[K^~~~~~~~~~~~~~~~~~~~~~~~~~~~~~~~~~~~~~~[m[K
compilation terminated.
gmake[2]: *** [CMakeFiles/second_turn_camera_project__rosidl_generator_c.dir/build.make:195: CMakeFiles/second_turn_camera_project__rosidl_generator_c.dir/rosidl_generator_c/second_turn_camera_project/srv/detail/secnd_project_turn_camer__functions.c.o] Error 1
gmake[1]: *** [CMakeFiles/Makefile2:216: CMakeFiles/second_turn_camera_project__rosidl_generator_c.dir/all] Error 2
gmake[1]: *** Waiting for unfinished jobs....
In file included from [01m[K/home/usamah/Documents/project/learnRos2/build/second_turn_camera_project/rosidl_typesupport_cpp/second_turn_camera_project/srv/secnd_project_turn_camer__type_support.cpp:7[m[K:
[01m[K/home/usamah/Documents/project/learnRos2/build/second_turn_camera_project/rosidl_generator_cpp/second_turn_camera_project/srv/detail/secnd_project_turn_camer__struct.hpp:134:10:[m[K [01;31m[Kfatal error: [m[Ksensor_msg/msg/detail/image__struct.hpp: No such file or directory
  134 | #include [01;31m[K"sensor_msg/msg/detail/image__struct.hpp"[m[K
      |          [01;31m[K^~~~~~~~~~~~~~~~~~~~~~~~~~~~~~~~~~~~~~~~~[m[K
compilation terminated.
gmake[2]: *** [CMakeFiles/second_turn_camera_project__rosidl_typesupport_cpp.dir/build.make:176: CMakeFiles/second_turn_camera_project__rosidl_typesupport_cpp.dir/rosidl_typesupport_cpp/second_turn_camera_project/srv/secnd_project_turn_camer__type_support.cpp.o] Error 1
gmake[1]: *** [CMakeFiles/Makefile2:398: CMakeFiles/second_turn_camera_project__rosidl_typesupport_cpp.dir/all] Error 2
In file included from [01m[K/home/usamah/Documents/project/learnRos2/build/second_turn_camera_project/rosidl_typesupport_introspection_cpp/second_turn_camera_project/srv/detail/secnd_project_turn_camer__type_support.cpp:12[m[K:
[01m[K/home/usamah/Documents/project/learnRos2/build/second_turn_camera_project/rosidl_generator_cpp/second_turn_camera_project/srv/detail/secnd_project_turn_camer__struct.hpp:134:10:[m[K [01;31m[Kfatal error: [m[Ksensor_msg/msg/detail/image__struct.hpp: No such file or directory
  134 | #include [01;31m[K"sensor_msg/msg/detail/image__struct.hpp"[m[K
      |          [01;31m[K^~~~~~~~~~~~~~~~~~~~~~~~~~~~~~~~~~~~~~~~~[m[K
compilation terminated.
gmake[2]: *** [CMakeFiles/second_turn_camera_project__rosidl_typesupport_introspection_cpp.dir/build.make:181: CMakeFiles/second_turn_camera_project__rosidl_typesupport_introspection_cpp.dir/rosidl_typesupport_introspection_cpp/second_turn_camera_project/srv/detail/secnd_project_turn_camer__type_support.cpp.o] Error 1
gmake[1]: *** [CMakeFiles/Makefile2:372: CMakeFiles/second_turn_camera_project__rosidl_typesupport_introspection_cpp.dir/all] Error 2
In file included from [01m[K/home/usamah/Documents/project/learnRos2/build/second_turn_camera_project/rosidl_typesupport_fastrtps_cpp/second_turn_camera_project/srv/detail/secnd_project_turn_camer__rosidl_typesupport_fastrtps_cpp.hpp:11[m[K,
                 from [01m[K/home/usamah/Documents/project/learnRos2/build/second_turn_camera_project/rosidl_typesupport_fastrtps_cpp/second_turn_camera_project/srv/detail/dds_fastrtps/secnd_project_turn_camer__type_support.cpp:4[m[K:
[01m[K/home/usamah/Documents/project/learnRos2/build/second_turn_camera_project/rosidl_generator_cpp/second_turn_camera_project/srv/detail/secnd_project_turn_camer__struct.hpp:134:10:[m[K [01;31m[Kfatal error: [m[Ksensor_msg/msg/detail/image__struct.hpp: No such file or directory
  134 | #include [01;31m[K"sensor_msg/msg/detail/image__struct.hpp"[m[K
      |          [01;31m[K^~~~~~~~~~~~~~~~~~~~~~~~~~~~~~~~~~~~~~~~~[m[K
compilation terminated.
gmake[2]: *** [CMakeFiles/second_turn_camera_project__rosidl_typesupport_fastrtps_cpp.dir/build.make:181: CMakeFiles/second_turn_camera_project__rosidl_typesupport_fastrtps_cpp.dir/rosidl_typesupport_fastrtps_cpp/second_turn_camera_project/srv/detail/dds_fastrtps/secnd_project_turn_camer__type_support.cpp.o] Error 1
gmake[1]: *** [CMakeFiles/Makefile2:346: CMakeFiles/second_turn_camera_project__rosidl_typesupport_fastrtps_cpp.dir/all] Error 2
gmake: *** [Makefile:146: all] Error 2
