-- Found ament_cmake: 1.3.10 (/opt/ros/humble/share/ament_cmake/cmake)
-- Override CMake install command with custom implementation using symlinks instead of copying resources
-- Found rclpy: 3.3.14 (/opt/ros/humble/share/rclpy/cmake)
-- Found rosidl_default_generators: 1.2.0 (/opt/ros/humble/share/rosidl_default_generators/cmake)
-- Using all available rosidl_typesupport_c: rosidl_typesupport_fastrtps_c;rosidl_typesupport_introspection_c
-- Found rosidl_adapter: 3.1.5 (/opt/ros/humble/share/rosidl_adapter/cmake)
-- Using all available rosidl_typesupport_cpp: rosidl_typesupport_fastrtps_cpp;rosidl_typesupport_introspection_cpp
-- Found sensor_msgs: 4.2.4 (/opt/ros/humble/share/sensor_msgs/cmake)
-- Found ament_cmake_ros: 0.10.0 (/opt/ros/humble/share/ament_cmake_ros/cmake)
-- Using all available rosidl_typesupport_c: rosidl_typesupport_fastrtps_c;rosidl_typesupport_introspection_c
-- Using all available rosidl_typesupport_cpp: rosidl_typesupport_fastrtps_cpp;rosidl_typesupport_introspection_cpp
-- Found PythonInterp: /usr/bin/python3 (found suitable version "3.10.12", minimum required is "3.6") 
-- Found python_cmake_module: 0.10.0 (/opt/ros/humble/share/python_cmake_module/cmake)
-- Found PythonLibs: /usr/lib/x86_64-linux-gnu/libpython3.10.so (found suitable version "3.10.12", minimum required is "3.5") 
-- Using PYTHON_EXECUTABLE: /usr/bin/python3
-- Using PYTHON_INCLUDE_DIRS: /usr/include/python3.10
-- Using PYTHON_LIBRARIES: /usr/lib/x86_64-linux-gnu/libpython3.10.so
-- Found PythonExtra: .so  
-- Found ament_lint_auto: 0.12.11 (/opt/ros/humble/share/ament_lint_auto/cmake)
-- Added test 'flake8' to check Python code syntax and style conventions
-- Added test 'lint_cmake' to check CMake code style
-- Added test 'pep257' to check Python code against some of the docstring style conventions in PEP 257
-- Added test 'xmllint' to check XML markup files
-- Configuring done
-- Generating done
-- Build files have been written to: /home/usamah/Documents/project/learnRos2/build/second_turn_camera_project
[  3%] [34m[1mGenerating C code for ROS interfaces[0m
[  6%] [34m[1mGenerating C++ code for ROS interfaces[0m
[  6%] Built target ament_cmake_python_symlink_second_turn_camera_project
[  6%] Built target ament_cmake_python_symlink_scripts
[  9%] [32mBuilding C object CMakeFiles/second_turn_camera_project__rosidl_generator_c.dir/rosidl_generator_c/second_turn_camera_project/srv/detail/secnd_project_turn_camer__functions.c.o[0m
[  9%] Built target second_turn_camera_project__cpp
running egg_info
writing scripts.egg-info/PKG-INFO
writing dependency_links to scripts.egg-info/dependency_links.txt
writing top-level names to scripts.egg-info/top_level.txt
reading manifest file 'scripts.egg-info/SOURCES.txt'
writing manifest file 'scripts.egg-info/SOURCES.txt'
[ 12%] [34m[1mGenerating C++ type support for eProsima Fast-RTPS[0m
[ 16%] [34m[1mGenerating C++ introspection for ROS interfaces[0m
[ 19%] [34m[1mGenerating C++ type support dispatch for ROS interfaces[0m
[ 19%] Built target ament_cmake_python_build_scripts_egg
[ 22%] [32mBuilding CXX object CMakeFiles/second_turn_camera_project__rosidl_typesupport_cpp.dir/rosidl_typesupport_cpp/second_turn_camera_project/srv/secnd_project_turn_camer__type_support.cpp.o[0m
[ 25%] [32mBuilding CXX object CMakeFiles/second_turn_camera_project__rosidl_typesupport_introspection_cpp.dir/rosidl_typesupport_introspection_cpp/second_turn_camera_project/srv/detail/secnd_project_turn_camer__type_support.cpp.o[0m
running egg_info
creating second_turn_camera_project.egg-info
writing second_turn_camera_project.egg-info/PKG-INFO
writing dependency_links to second_turn_camera_project.egg-info/dependency_links.txt
writing top-level names to second_turn_camera_project.egg-info/top_level.txt
writing manifest file 'second_turn_camera_project.egg-info/SOURCES.txt'
reading manifest file 'second_turn_camera_project.egg-info/SOURCES.txt'
writing manifest file 'second_turn_camera_project.egg-info/SOURCES.txt'
[ 29%] [32mBuilding CXX object CMakeFiles/second_turn_camera_project__rosidl_typesupport_fastrtps_cpp.dir/rosidl_typesupport_fastrtps_cpp/second_turn_camera_project/srv/detail/dds_fastrtps/secnd_project_turn_camer__type_support.cpp.o[0m
[ 29%] Built target ament_cmake_python_build_second_turn_camera_project_egg
