[0.011s] Invoking command in '/home/usamah/Documents/project/learnRos2/build/rpm_project': CMAKE_PREFIX_PATH=${CMAKE_PREFIX_PATH}:/opt/ros/humble /usr/bin/cmake --build /home/usamah/Documents/project/learnRos2/build/rpm_project -- -j16 -l16
[0.038s] -- Found ament_cmake: 1.3.10 (/opt/ros/humble/share/ament_cmake/cmake)
[0.130s] -- Override CMake install command with custom implementation using symlinks instead of copying resources
[0.164s] -- Found rcl: 5.3.9 (/opt/ros/humble/share/rcl/cmake)
[0.228s] -- Found rosidl_generator_c: 3.1.5 (/opt/ros/humble/share/rosidl_generator_c/cmake)
[0.231s] -- Found rosidl_adapter: 3.1.5 (/opt/ros/humble/share/rosidl_adapter/cmake)
[0.238s] -- Found rosidl_generator_cpp: 3.1.5 (/opt/ros/humble/share/rosidl_generator_cpp/cmake)
[0.247s] -- Using all available rosidl_typesupport_c: rosidl_typesupport_fastrtps_c;rosidl_typesupport_introspection_c
[0.278s] -- Using all available rosidl_typesupport_cpp: rosidl_typesupport_fastrtps_cpp;rosidl_typesupport_introspection_cpp
[0.303s] -- Found rmw_implementation_cmake: 6.1.2 (/opt/ros/humble/share/rmw_implementation_cmake/cmake)
[0.305s] -- Found rmw_fastrtps_cpp: 6.2.7 (/opt/ros/humble/share/rmw_fastrtps_cpp/cmake)
[0.397s] -- Using RMW implementation 'rmw_fastrtps_cpp' as default
[0.416s] [31mCMake Error at CMakeLists.txt:13 (find_package):
[0.416s]   By not providing "Findrosid_default_generators.cmake" in CMAKE_MODULE_PATH
[0.416s]   this project has asked CMake to find a package configuration file provided
[0.416s]   by "rosid_default_generators", but CMake did not find one.
[0.416s] 
[0.416s]   Could not find a package configuration file provided by
[0.416s]   "rosid_default_generators" with any of the following names:
[0.416s] 
[0.416s]     rosid_default_generatorsConfig.cmake
[0.416s]     rosid_default_generators-config.cmake
[0.417s] 
[0.417s]   Add the installation prefix of "rosid_default_generators" to
[0.417s]   CMAKE_PREFIX_PATH or set "rosid_default_generators_DIR" to a directory
[0.417s]   containing one of the above files.  If "rosid_default_generators" provides
[0.417s]   a separate development package or SDK, be sure it has been installed.
[0.417s] 
[0.417s] [0m
[0.417s] -- Configuring incomplete, errors occurred!
[0.417s] See also "/home/usamah/Documents/project/learnRos2/build/rpm_project/CMakeFiles/CMakeOutput.log".
[0.422s] gmake: *** [Makefile:254: cmake_check_build_system] Error 1
[0.423s] Invoked command in '/home/usamah/Documents/project/learnRos2/build/rpm_project' returned '2': CMAKE_PREFIX_PATH=${CMAKE_PREFIX_PATH}:/opt/ros/humble /usr/bin/cmake --build /home/usamah/Documents/project/learnRos2/build/rpm_project -- -j16 -l16
