[0.008s] Invoking command in '/home/usamah/Documents/project/learnRos2/build/udemy_ros2_pkg': CMAKE_PREFIX_PATH=${CMAKE_PREFIX_PATH}:/opt/ros/humble /usr/bin/cmake --build /home/usamah/Documents/project/learnRos2/build/udemy_ros2_pkg -- -j16 -l16
[0.041s] Built target ament_cmake_python_symlink_scripts
[0.290s] running egg_info
[0.290s] writing scripts.egg-info/PKG-INFO
[0.291s] writing dependency_links to scripts.egg-info/dependency_links.txt
[0.291s] writing top-level names to scripts.egg-info/top_level.txt
[0.293s] reading manifest file 'scripts.egg-info/SOURCES.txt'
[0.294s] writing manifest file 'scripts.egg-info/SOURCES.txt'
[0.316s] Built target ament_cmake_python_build_scripts_egg
[0.325s] Invoked command in '/home/usamah/Documents/project/learnRos2/build/udemy_ros2_pkg' returned '0': CMAKE_PREFIX_PATH=${CMAKE_PREFIX_PATH}:/opt/ros/humble /usr/bin/cmake --build /home/usamah/Documents/project/learnRos2/build/udemy_ros2_pkg -- -j16 -l16
[0.348s] Invoking command in '/home/usamah/Documents/project/learnRos2/build/udemy_ros2_pkg': CMAKE_PREFIX_PATH=${CMAKE_PREFIX_PATH}:/opt/ros/humble /usr/bin/cmake --install /home/usamah/Documents/project/learnRos2/build/udemy_ros2_pkg
[0.353s] -- Install configuration: ""
[0.353s] -- Execute custom install script
[0.354s] -- Up-to-date symlink: /home/usamah/Documents/project/learnRos2/install/udemy_ros2_pkg/share/udemy_ros2_pkg/environment/pythonpath.sh
[0.354s] -- Up-to-date symlink: /home/usamah/Documents/project/learnRos2/install/udemy_ros2_pkg/share/udemy_ros2_pkg/environment/pythonpath.dsv
[0.354s] -- Up-to-date symlink: /home/usamah/Documents/project/learnRos2/install/udemy_ros2_pkg/local/lib/python3.10/dist-packages/scripts-0.0.0-py3.10.egg-info/PKG-INFO
[0.354s] -- Up-to-date symlink: /home/usamah/Documents/project/learnRos2/install/udemy_ros2_pkg/local/lib/python3.10/dist-packages/scripts-0.0.0-py3.10.egg-info/SOURCES.txt
[0.354s] -- Up-to-date symlink: /home/usamah/Documents/project/learnRos2/install/udemy_ros2_pkg/local/lib/python3.10/dist-packages/scripts-0.0.0-py3.10.egg-info/dependency_links.txt
[0.354s] -- Up-to-date symlink: /home/usamah/Documents/project/learnRos2/install/udemy_ros2_pkg/local/lib/python3.10/dist-packages/scripts-0.0.0-py3.10.egg-info/top_level.txt
[0.355s] -- Up-to-date symlink: /home/usamah/Documents/project/learnRos2/install/udemy_ros2_pkg/local/lib/python3.10/dist-packages/scripts/__init__.py
[0.355s] -- Up-to-date symlink: /home/usamah/Documents/project/learnRos2/install/udemy_ros2_pkg/local/lib/python3.10/dist-packages/scripts/publisher.py
[0.355s] -- Up-to-date symlink: /home/usamah/Documents/project/learnRos2/install/udemy_ros2_pkg/local/lib/python3.10/dist-packages/scripts/subscriber.py
[0.355s] -- Up-to-date symlink: /home/usamah/Documents/project/learnRos2/install/udemy_ros2_pkg/lib/udemy_ros2_pkg/publisher.py
[0.355s] -- Up-to-date symlink: /home/usamah/Documents/project/learnRos2/install/udemy_ros2_pkg/lib/udemy_ros2_pkg/subscriber.py
[0.355s] -- Up-to-date symlink: /home/usamah/Documents/project/learnRos2/install/udemy_ros2_pkg/share/ament_index/resource_index/package_run_dependencies/udemy_ros2_pkg
[0.355s] -- Up-to-date symlink: /home/usamah/Documents/project/learnRos2/install/udemy_ros2_pkg/share/ament_index/resource_index/parent_prefix_path/udemy_ros2_pkg
[0.355s] -- Up-to-date symlink: /home/usamah/Documents/project/learnRos2/install/udemy_ros2_pkg/share/udemy_ros2_pkg/environment/ament_prefix_path.sh
[0.356s] -- Up-to-date symlink: /home/usamah/Documents/project/learnRos2/install/udemy_ros2_pkg/share/udemy_ros2_pkg/environment/ament_prefix_path.dsv
[0.356s] -- Up-to-date symlink: /home/usamah/Documents/project/learnRos2/install/udemy_ros2_pkg/share/udemy_ros2_pkg/environment/path.sh
[0.356s] -- Up-to-date symlink: /home/usamah/Documents/project/learnRos2/install/udemy_ros2_pkg/share/udemy_ros2_pkg/environment/path.dsv
[0.356s] -- Up-to-date symlink: /home/usamah/Documents/project/learnRos2/install/udemy_ros2_pkg/share/udemy_ros2_pkg/local_setup.bash
[0.356s] -- Up-to-date symlink: /home/usamah/Documents/project/learnRos2/install/udemy_ros2_pkg/share/udemy_ros2_pkg/local_setup.sh
[0.356s] -- Up-to-date symlink: /home/usamah/Documents/project/learnRos2/install/udemy_ros2_pkg/share/udemy_ros2_pkg/local_setup.zsh
[0.356s] -- Up-to-date symlink: /home/usamah/Documents/project/learnRos2/install/udemy_ros2_pkg/share/udemy_ros2_pkg/local_setup.dsv
[0.356s] -- Symlinking: /home/usamah/Documents/project/learnRos2/install/udemy_ros2_pkg/share/udemy_ros2_pkg/package.dsv
[0.363s] -- Up-to-date symlink: /home/usamah/Documents/project/learnRos2/install/udemy_ros2_pkg/share/ament_index/resource_index/packages/udemy_ros2_pkg
[0.363s] -- Up-to-date symlink: /home/usamah/Documents/project/learnRos2/install/udemy_ros2_pkg/share/udemy_ros2_pkg/cmake/udemy_ros2_pkgConfig.cmake
[0.363s] -- Up-to-date symlink: /home/usamah/Documents/project/learnRos2/install/udemy_ros2_pkg/share/udemy_ros2_pkg/cmake/udemy_ros2_pkgConfig-version.cmake
[0.363s] -- Up-to-date symlink: /home/usamah/Documents/project/learnRos2/install/udemy_ros2_pkg/share/udemy_ros2_pkg/package.xml
[0.388s] Listing '/home/usamah/Documents/project/learnRos2/install/udemy_ros2_pkg/local/lib/python3.10/dist-packages/scripts'...
[0.394s] Invoked command in '/home/usamah/Documents/project/learnRos2/build/udemy_ros2_pkg' returned '0': CMAKE_PREFIX_PATH=${CMAKE_PREFIX_PATH}:/opt/ros/humble /usr/bin/cmake --install /home/usamah/Documents/project/learnRos2/build/udemy_ros2_pkg
