[0.009s] Invoking command in '/home/usamah/Documents/project/learnRos2/build/rpm_project': CMAKE_PREFIX_PATH=${CMAKE_PREFIX_PATH}:/opt/ros/humble /usr/bin/cmake --build /home/usamah/Documents/project/learnRos2/build/rpm_project -- -j16 -l16
[0.024s] -- Found ament_cmake: 1.3.10 (/opt/ros/humble/share/ament_cmake/cmake)
[0.104s] -- Override CMake install command with custom implementation using symlinks instead of copying resources
[0.109s] -- Found rcl: 5.3.9 (/opt/ros/humble/share/rcl/cmake)
[0.129s] -- Found rosidl_generator_c: 3.1.5 (/opt/ros/humble/share/rosidl_generator_c/cmake)
[0.131s] -- Found rosidl_adapter: 3.1.5 (/opt/ros/humble/share/rosidl_adapter/cmake)
[0.135s] -- Found rosidl_generator_cpp: 3.1.5 (/opt/ros/humble/share/rosidl_generator_cpp/cmake)
[0.141s] -- Using all available rosidl_typesupport_c: rosidl_typesupport_fastrtps_c;rosidl_typesupport_introspection_c
[0.150s] -- Using all available rosidl_typesupport_cpp: rosidl_typesupport_fastrtps_cpp;rosidl_typesupport_introspection_cpp
[0.169s] -- Found rmw_implementation_cmake: 6.1.2 (/opt/ros/humble/share/rmw_implementation_cmake/cmake)
[0.170s] -- Found rmw_fastrtps_cpp: 6.2.7 (/opt/ros/humble/share/rmw_fastrtps_cpp/cmake)
[0.247s] -- Using RMW implementation 'rmw_fastrtps_cpp' as default
[0.306s] -- Found ament_lint_auto: 0.12.11 (/opt/ros/humble/share/ament_lint_auto/cmake)
[0.386s] -- Added test 'flake8' to check Python code syntax and style conventions
[0.387s] -- Added test 'lint_cmake' to check CMake code style
[0.387s] -- Added test 'pep257' to check Python code against some of the docstring style conventions in PEP 257
[0.388s] -- Added test 'xmllint' to check XML markup files
[0.389s] -- Configuring done
[0.392s] -- Generating done
[0.393s] -- Build files have been written to: /home/usamah/Documents/project/learnRos2/build/rpm_project
[0.423s] Built target ament_cmake_python_symlink_scripts
[0.639s] running egg_info
[0.640s] writing scripts.egg-info/PKG-INFO
[0.640s] writing dependency_links to scripts.egg-info/dependency_links.txt
[0.640s] writing top-level names to scripts.egg-info/top_level.txt
[0.642s] reading manifest file 'scripts.egg-info/SOURCES.txt'
[0.643s] writing manifest file 'scripts.egg-info/SOURCES.txt'
[0.663s] Built target ament_cmake_python_build_scripts_egg
[0.671s] Invoked command in '/home/usamah/Documents/project/learnRos2/build/rpm_project' returned '0': CMAKE_PREFIX_PATH=${CMAKE_PREFIX_PATH}:/opt/ros/humble /usr/bin/cmake --build /home/usamah/Documents/project/learnRos2/build/rpm_project -- -j16 -l16
[0.685s] Invoking command in '/home/usamah/Documents/project/learnRos2/build/rpm_project': CMAKE_PREFIX_PATH=${CMAKE_PREFIX_PATH}:/opt/ros/humble /usr/bin/cmake --install /home/usamah/Documents/project/learnRos2/build/rpm_project
[0.690s] -- Install configuration: ""
[0.690s] -- Execute custom install script
[0.690s] -- Up-to-date symlink: /home/usamah/Documents/project/learnRos2/install/rpm_project/share/rpm_project/environment/pythonpath.sh
[0.690s] -- Up-to-date symlink: /home/usamah/Documents/project/learnRos2/install/rpm_project/share/rpm_project/environment/pythonpath.dsv
[0.690s] -- Up-to-date symlink: /home/usamah/Documents/project/learnRos2/install/rpm_project/local/lib/python3.10/dist-packages/scripts-0.0.0-py3.10.egg-info/PKG-INFO
[0.690s] -- Up-to-date symlink: /home/usamah/Documents/project/learnRos2/install/rpm_project/local/lib/python3.10/dist-packages/scripts-0.0.0-py3.10.egg-info/SOURCES.txt
[0.690s] -- Up-to-date symlink: /home/usamah/Documents/project/learnRos2/install/rpm_project/local/lib/python3.10/dist-packages/scripts-0.0.0-py3.10.egg-info/dependency_links.txt
[0.691s] -- Up-to-date symlink: /home/usamah/Documents/project/learnRos2/install/rpm_project/local/lib/python3.10/dist-packages/scripts-0.0.0-py3.10.egg-info/top_level.txt
[0.691s] -- Up-to-date symlink: /home/usamah/Documents/project/learnRos2/install/rpm_project/local/lib/python3.10/dist-packages/scripts/__init__.py
[0.691s] -- Up-to-date symlink: /home/usamah/Documents/project/learnRos2/install/rpm_project/local/lib/python3.10/dist-packages/scripts/rpm_pub.py
[0.691s] -- Up-to-date symlink: /home/usamah/Documents/project/learnRos2/install/rpm_project/local/lib/python3.10/dist-packages/scripts/rpm_pub_pam.py
[0.691s] -- Up-to-date symlink: /home/usamah/Documents/project/learnRos2/install/rpm_project/local/lib/python3.10/dist-packages/scripts/speed_calc.py
[0.691s] -- Up-to-date symlink: /home/usamah/Documents/project/learnRos2/install/rpm_project/local/lib/python3.10/dist-packages/scripts/speed_calc_pram.py
[0.691s] -- Up-to-date symlink: /home/usamah/Documents/project/learnRos2/install/rpm_project/lib/rpm_project/rpm_pub.py
[0.691s] [31mCMake Error at ament_cmake_symlink_install/ament_cmake_symlink_install.cmake:204 (message):
[0.691s]   ament_cmake_symlink_install_programs() can't find
[0.691s]   '/home/usamah/Documents/project/learnRos2/02_udemy_project/src/rpm_project/scripts/speed_calc_cal.py'
[0.691s] Call Stack (most recent call first):
[0.691s]   ament_cmake_symlink_install/ament_cmake_symlink_install.cmake:326 (ament_cmake_symlink_install_programs)
[0.691s]   cmake_install.cmake:46 (include)
[0.691s] 
[0.692s] [0m
[0.692s] -- Up-to-date symlink: /home/usamah/Documents/project/learnRos2/install/rpm_project/lib/rpm_project/speed_calc.py
[0.692s] Invoked command in '/home/usamah/Documents/project/learnRos2/build/rpm_project' returned '1': CMAKE_PREFIX_PATH=${CMAKE_PREFIX_PATH}:/opt/ros/humble /usr/bin/cmake --install /home/usamah/Documents/project/learnRos2/build/rpm_project
