-- The C compiler identification is GNU 11.4.0
-- The CXX compiler identification is GNU 11.4.0
-- Detecting C compiler ABI info
-- Detecting C compiler ABI info - done
-- Check for working C compiler: /usr/bin/cc - skipped
-- Detecting C compile features
-- Detecting C compile features - done
-- Detecting CXX compiler ABI info
-- Detecting CXX compiler ABI info - done
-- Check for working CXX compiler: /usr/bin/c++ - skipped
-- Detecting CXX compile features
-- Detecting CXX compile features - done
-- Found ament_cmake: 1.3.10 (/opt/ros/humble/share/ament_cmake/cmake)
-- Found Python3: /usr/bin/python3 (found version "3.10.12") found components: Interpreter 
-- Override CMake install command with custom implementation using symlinks instead of copying resources
-- Found rcl: 5.3.9 (/opt/ros/humble/share/rcl/cmake)
-- Found rosidl_generator_c: 3.1.5 (/opt/ros/humble/share/rosidl_generator_c/cmake)
-- Found rosidl_adapter: 3.1.5 (/opt/ros/humble/share/rosidl_adapter/cmake)
-- Found rosidl_generator_cpp: 3.1.5 (/opt/ros/humble/share/rosidl_generator_cpp/cmake)
-- Using all available rosidl_typesupport_c: rosidl_typesupport_fastrtps_c;rosidl_typesupport_introspection_c
-- Using all available rosidl_typesupport_cpp: rosidl_typesupport_fastrtps_cpp;rosidl_typesupport_introspection_cpp
-- Found rmw_implementation_cmake: 6.1.2 (/opt/ros/humble/share/rmw_implementation_cmake/cmake)
-- Found rmw_fastrtps_cpp: 6.2.7 (/opt/ros/humble/share/rmw_fastrtps_cpp/cmake)
-- Found OpenSSL: /usr/lib/x86_64-linux-gnu/libcrypto.so (found version "3.0.2")  
-- Found FastRTPS: /opt/ros/humble/include  
-- Using RMW implementation 'rmw_fastrtps_cpp' as default
-- Looking for pthread.h
-- Looking for pthread.h - found
-- Performing Test CMAKE_HAVE_LIBC_PTHREAD
-- Performing Test CMAKE_HAVE_LIBC_PTHREAD - Success
-- Found Threads: TRUE  
-- Found rosidl_default_generators: 1.2.0 (/opt/ros/humble/share/rosidl_default_generators/cmake)
-- Found ament_cmake_ros: 0.10.0 (/opt/ros/humble/share/ament_cmake_ros/cmake)
-- Using all available rosidl_typesupport_c: rosidl_typesupport_fastrtps_c;rosidl_typesupport_introspection_c
-- Using all available rosidl_typesupport_cpp: rosidl_typesupport_fastrtps_cpp;rosidl_typesupport_introspection_cpp
-- Found PythonInterp: /usr/bin/python3 (found suitable version "3.10.12", minimum required is "3.6") 
-- Found python_cmake_module: 0.10.0 (/opt/ros/humble/share/python_cmake_module/cmake)
-- Found PythonLibs: /usr/lib/x86_64-linux-gnu/libpython3.10.so (found suitable version "3.10.12", minimum required is "3.5") 
-- Using PYTHON_EXECUTABLE: /usr/bin/python3
-- Using PYTHON_INCLUDE_DIRS: /usr/include/python3.10
-- Using PYTHON_LIBRARIES: /usr/lib/x86_64-linux-gnu/libpython3.10.so
-- Found PythonExtra: .so  
-- Found ament_lint_auto: 0.12.11 (/opt/ros/humble/share/ament_lint_auto/cmake)
-- Added test 'flake8' to check Python code syntax and style conventions
-- Added test 'lint_cmake' to check CMake code style
-- Added test 'pep257' to check Python code against some of the docstring style conventions in PEP 257
-- Added test 'xmllint' to check XML markup files
-- Configuring done
-- Generating done
-- Build files have been written to: /home/usamah/Documents/project/learnRos2/build/first_rpm_project
[  3%] [34m[1mGenerating C code for ROS interfaces[0m
[  6%] [34m[1mGenerating C++ code for ROS interfaces[0m
[  6%] Built target ament_cmake_python_symlink_scripts
[  6%] Built target ament_cmake_python_symlink_first_rpm_project
[  6%] Built target first_rpm_project__cpp
[  9%] [32mBuilding C object CMakeFiles/first_rpm_project__rosidl_generator_c.dir/rosidl_generator_c/first_rpm_project/srv/detail/odd_even_check__functions.c.o[0m
[ 12%] [34m[1mGenerating C++ type support dispatch for ROS interfaces[0m
[ 16%] [34m[1mGenerating C++ type support for eProsima Fast-RTPS[0m
[ 19%] [34m[1mGenerating C++ introspection for ROS interfaces[0m
running egg_info
creating first_rpm_project.egg-info
writing first_rpm_project.egg-info/PKG-INFO
writing dependency_links to first_rpm_project.egg-info/dependency_links.txt
writing top-level names to first_rpm_project.egg-info/top_level.txt
writing manifest file 'first_rpm_project.egg-info/SOURCES.txt'
reading manifest file 'first_rpm_project.egg-info/SOURCES.txt'
writing manifest file 'first_rpm_project.egg-info/SOURCES.txt'
running egg_info
creating scripts.egg-info
writing scripts.egg-info/PKG-INFO
writing dependency_links to scripts.egg-info/dependency_links.txt
writing top-level names to scripts.egg-info/top_level.txt
writing manifest file 'scripts.egg-info/SOURCES.txt'
reading manifest file 'scripts.egg-info/SOURCES.txt'
writing manifest file 'scripts.egg-info/SOURCES.txt'
[ 19%] Built target ament_cmake_python_build_first_rpm_project_egg
[ 22%] Built target ament_cmake_python_build_scripts_egg
[ 22%] [32m[1mLinking C shared library libfirst_rpm_project__rosidl_generator_c.so[0m
[ 22%] Built target first_rpm_project__rosidl_generator_c
[ 25%] [34m[1mGenerating C introspection for ROS interfaces[0m
[ 29%] [34m[1mGenerating C type support for eProsima Fast-RTPS[0m
[ 32%] [34m[1mGenerating C type support dispatch for ROS interfaces[0m
[ 35%] [32mBuilding CXX object CMakeFiles/first_rpm_project__rosidl_typesupport_cpp.dir/rosidl_typesupport_cpp/first_rpm_project/srv/odd_even_check__type_support.cpp.o[0m
[ 38%] [32mBuilding CXX object CMakeFiles/first_rpm_project__rosidl_typesupport_introspection_cpp.dir/rosidl_typesupport_introspection_cpp/first_rpm_project/srv/detail/odd_even_check__type_support.cpp.o[0m
[ 41%] [32mBuilding CXX object CMakeFiles/first_rpm_project__rosidl_typesupport_fastrtps_cpp.dir/rosidl_typesupport_fastrtps_cpp/first_rpm_project/srv/detail/dds_fastrtps/odd_even_check__type_support.cpp.o[0m
[ 45%] [32mBuilding CXX object CMakeFiles/first_rpm_project__rosidl_typesupport_c.dir/rosidl_typesupport_c/first_rpm_project/srv/odd_even_check__type_support.cpp.o[0m
[ 48%] [32mBuilding C object CMakeFiles/first_rpm_project__rosidl_typesupport_introspection_c.dir/rosidl_typesupport_introspection_c/first_rpm_project/srv/detail/odd_even_check__type_support.c.o[0m
[ 51%] [32m[1mLinking CXX shared library libfirst_rpm_project__rosidl_typesupport_c.so[0m
[ 54%] [32mBuilding CXX object CMakeFiles/first_rpm_project__rosidl_typesupport_fastrtps_c.dir/rosidl_typesupport_fastrtps_c/first_rpm_project/srv/detail/odd_even_check__type_support_c.cpp.o[0m
[ 58%] [32m[1mLinking C shared library libfirst_rpm_project__rosidl_typesupport_introspection_c.so[0m
[ 58%] Built target first_rpm_project__rosidl_typesupport_c
[ 58%] Built target first_rpm_project__rosidl_typesupport_introspection_c
[ 61%] [32m[1mLinking CXX shared library libfirst_rpm_project__rosidl_typesupport_cpp.so[0m
[ 61%] Built target first_rpm_project__rosidl_typesupport_cpp
[ 64%] [32m[1mLinking CXX shared library libfirst_rpm_project__rosidl_typesupport_introspection_cpp.so[0m
[ 67%] [32m[1mLinking CXX shared library libfirst_rpm_project__rosidl_typesupport_fastrtps_cpp.so[0m
[ 67%] Built target first_rpm_project__rosidl_typesupport_introspection_cpp
[ 70%] [32m[1mLinking CXX shared library libfirst_rpm_project__rosidl_typesupport_fastrtps_c.so[0m
[ 70%] Built target first_rpm_project__rosidl_typesupport_fastrtps_cpp
[ 70%] Built target first_rpm_project__rosidl_typesupport_fastrtps_c
[ 70%] Built target first_rpm_project
[ 74%] [34m[1mGenerating Python code for ROS interfaces[0m
[ 74%] Built target first_rpm_project__py
[ 77%] [32mBuilding C object CMakeFiles/first_rpm_project__rosidl_generator_py.dir/rosidl_generator_py/first_rpm_project/srv/_odd_even_check_s.c.o[0m
[ 80%] [32m[1mLinking C shared library rosidl_generator_py/first_rpm_project/libfirst_rpm_project__rosidl_generator_py.so[0m
[ 80%] Built target first_rpm_project__rosidl_generator_py
[ 83%] [32mBuilding C object CMakeFiles/first_rpm_project__rosidl_typesupport_fastrtps_c__pyext.dir/rosidl_generator_py/first_rpm_project/_first_rpm_project_s.ep.rosidl_typesupport_fastrtps_c.c.o[0m
[ 90%] [32mBuilding C object CMakeFiles/first_rpm_project__rosidl_typesupport_introspection_c__pyext.dir/rosidl_generator_py/first_rpm_project/_first_rpm_project_s.ep.rosidl_typesupport_introspection_c.c.o[0m
[ 90%] [32mBuilding C object CMakeFiles/first_rpm_project__rosidl_typesupport_c__pyext.dir/rosidl_generator_py/first_rpm_project/_first_rpm_project_s.ep.rosidl_typesupport_c.c.o[0m
[ 96%] [32m[1mLinking C shared library rosidl_generator_py/first_rpm_project/first_rpm_project_s__rosidl_typesupport_c.cpython-310-x86_64-linux-gnu.so[0m
[ 96%] [32m[1mLinking C shared library rosidl_generator_py/first_rpm_project/first_rpm_project_s__rosidl_typesupport_introspection_c.cpython-310-x86_64-linux-gnu.so[0m
[100%] [32m[1mLinking C shared library rosidl_generator_py/first_rpm_project/first_rpm_project_s__rosidl_typesupport_fastrtps_c.cpython-310-x86_64-linux-gnu.so[0m
[100%] Built target first_rpm_project__rosidl_typesupport_c__pyext
[100%] Built target first_rpm_project__rosidl_typesupport_introspection_c__pyext
[100%] Built target first_rpm_project__rosidl_typesupport_fastrtps_c__pyext
-- Install configuration: ""
-- Execute custom install script
-- Symlinking: /home/usamah/Documents/project/learnRos2/install/first_rpm_project/share/ament_index/resource_index/rosidl_interfaces/first_rpm_project
-- Symlinking: /home/usamah/Documents/project/learnRos2/install/first_rpm_project/include/first_rpm_project/first_rpm_project/msg/rosidl_generator_c__visibility_control.h
-- Symlinking: /home/usamah/Documents/project/learnRos2/install/first_rpm_project/include/first_rpm_project/first_rpm_project/srv/detail/odd_even_check__functions.h
-- Symlinking: /home/usamah/Documents/project/learnRos2/install/first_rpm_project/include/first_rpm_project/first_rpm_project/srv/detail/odd_even_check__struct.h
-- Symlinking: /home/usamah/Documents/project/learnRos2/install/first_rpm_project/include/first_rpm_project/first_rpm_project/srv/detail/odd_even_check__type_support.h
-- Symlinking: /home/usamah/Documents/project/learnRos2/install/first_rpm_project/include/first_rpm_project/first_rpm_project/srv/odd_even_check.h
-- Symlinking: /home/usamah/Documents/project/learnRos2/install/first_rpm_project/share/first_rpm_project/environment/library_path.sh
-- Symlinking: /home/usamah/Documents/project/learnRos2/install/first_rpm_project/share/first_rpm_project/environment/library_path.dsv
-- Symlinking: /home/usamah/Documents/project/learnRos2/install/first_rpm_project/include/first_rpm_project/first_rpm_project/msg/rosidl_typesupport_fastrtps_c__visibility_control.h
-- Symlinking: /home/usamah/Documents/project/learnRos2/install/first_rpm_project/include/first_rpm_project/first_rpm_project/srv/detail/odd_even_check__rosidl_typesupport_fastrtps_c.h
-- Symlinking: /home/usamah/Documents/project/learnRos2/install/first_rpm_project/include/first_rpm_project/first_rpm_project/srv/detail/odd_even_check__builder.hpp
-- Symlinking: /home/usamah/Documents/project/learnRos2/install/first_rpm_project/include/first_rpm_project/first_rpm_project/srv/detail/odd_even_check__struct.hpp
-- Symlinking: /home/usamah/Documents/project/learnRos2/install/first_rpm_project/include/first_rpm_project/first_rpm_project/srv/detail/odd_even_check__traits.hpp
-- Symlinking: /home/usamah/Documents/project/learnRos2/install/first_rpm_project/include/first_rpm_project/first_rpm_project/srv/odd_even_check.hpp
-- Symlinking: /home/usamah/Documents/project/learnRos2/install/first_rpm_project/include/first_rpm_project/first_rpm_project/msg/rosidl_typesupport_fastrtps_cpp__visibility_control.h
-- Symlinking: /home/usamah/Documents/project/learnRos2/install/first_rpm_project/include/first_rpm_project/first_rpm_project/srv/detail/odd_even_check__rosidl_typesupport_fastrtps_cpp.hpp
-- Symlinking: /home/usamah/Documents/project/learnRos2/install/first_rpm_project/include/first_rpm_project/first_rpm_project/msg/rosidl_typesupport_introspection_c__visibility_control.h
-- Symlinking: /home/usamah/Documents/project/learnRos2/install/first_rpm_project/include/first_rpm_project/first_rpm_project/srv/detail/odd_even_check__rosidl_typesupport_introspection_c.h
-- Symlinking: /home/usamah/Documents/project/learnRos2/install/first_rpm_project/include/first_rpm_project/first_rpm_project/srv/detail/odd_even_check__rosidl_typesupport_introspection_cpp.hpp
-- Symlinking: /home/usamah/Documents/project/learnRos2/install/first_rpm_project/share/first_rpm_project/environment/pythonpath.sh
-- Symlinking: /home/usamah/Documents/project/learnRos2/install/first_rpm_project/share/first_rpm_project/environment/pythonpath.dsv
-- Symlinking: /home/usamah/Documents/project/learnRos2/install/first_rpm_project/local/lib/python3.10/dist-packages/first_rpm_project-0.0.0-py3.10.egg-info/PKG-INFO
-- Symlinking: /home/usamah/Documents/project/learnRos2/install/first_rpm_project/local/lib/python3.10/dist-packages/first_rpm_project-0.0.0-py3.10.egg-info/SOURCES.txt
-- Symlinking: /home/usamah/Documents/project/learnRos2/install/first_rpm_project/local/lib/python3.10/dist-packages/first_rpm_project-0.0.0-py3.10.egg-info/dependency_links.txt
-- Symlinking: /home/usamah/Documents/project/learnRos2/install/first_rpm_project/local/lib/python3.10/dist-packages/first_rpm_project-0.0.0-py3.10.egg-info/top_level.txt
-- Symlinking: /home/usamah/Documents/project/learnRos2/install/first_rpm_project/local/lib/python3.10/dist-packages/first_rpm_project/__init__.py
-- Symlinking: /home/usamah/Documents/project/learnRos2/install/first_rpm_project/local/lib/python3.10/dist-packages/first_rpm_project/_first_rpm_project_s.ep.rosidl_typesupport_c.c
-- Symlinking: /home/usamah/Documents/project/learnRos2/install/first_rpm_project/local/lib/python3.10/dist-packages/first_rpm_project/_first_rpm_project_s.ep.rosidl_typesupport_fastrtps_c.c
-- Symlinking: /home/usamah/Documents/project/learnRos2/install/first_rpm_project/local/lib/python3.10/dist-packages/first_rpm_project/_first_rpm_project_s.ep.rosidl_typesupport_introspection_c.c
-- Symlinking: /home/usamah/Documents/project/learnRos2/install/first_rpm_project/local/lib/python3.10/dist-packages/first_rpm_project/first_rpm_project_s__rosidl_typesupport_c.cpython-310-x86_64-linux-gnu.so
-- Symlinking: /home/usamah/Documents/project/learnRos2/install/first_rpm_project/local/lib/python3.10/dist-packages/first_rpm_project/first_rpm_project_s__rosidl_typesupport_fastrtps_c.cpython-310-x86_64-linux-gnu.so
-- Symlinking: /home/usamah/Documents/project/learnRos2/install/first_rpm_project/local/lib/python3.10/dist-packages/first_rpm_project/first_rpm_project_s__rosidl_typesupport_introspection_c.cpython-310-x86_64-linux-gnu.so
-- Symlinking: /home/usamah/Documents/project/learnRos2/install/first_rpm_project/local/lib/python3.10/dist-packages/first_rpm_project/libfirst_rpm_project__rosidl_generator_py.so
-- Symlinking: /home/usamah/Documents/project/learnRos2/install/first_rpm_project/local/lib/python3.10/dist-packages/first_rpm_project/srv/__init__.py
-- Symlinking: /home/usamah/Documents/project/learnRos2/install/first_rpm_project/local/lib/python3.10/dist-packages/first_rpm_project/srv/_odd_even_check.py
-- Symlinking: /home/usamah/Documents/project/learnRos2/install/first_rpm_project/local/lib/python3.10/dist-packages/first_rpm_project/srv/_odd_even_check_s.c
-- Up-to-date symlink: /home/usamah/Documents/project/learnRos2/install/first_rpm_project/local/lib/python3.10/dist-packages/first_rpm_project/first_rpm_project_s__rosidl_typesupport_fastrtps_c.cpython-310-x86_64-linux-gnu.so
-- Up-to-date symlink: /home/usamah/Documents/project/learnRos2/install/first_rpm_project/local/lib/python3.10/dist-packages/first_rpm_project/first_rpm_project_s__rosidl_typesupport_introspection_c.cpython-310-x86_64-linux-gnu.so
-- Up-to-date symlink: /home/usamah/Documents/project/learnRos2/install/first_rpm_project/local/lib/python3.10/dist-packages/first_rpm_project/first_rpm_project_s__rosidl_typesupport_c.cpython-310-x86_64-linux-gnu.so
-- Symlinking: /home/usamah/Documents/project/learnRos2/install/first_rpm_project/share/first_rpm_project/srv/OddEvenCheck.idl
-- Symlinking: /home/usamah/Documents/project/learnRos2/install/first_rpm_project/share/first_rpm_project/srv/OddEvenCheck.srv
-- Symlinking: /home/usamah/Documents/project/learnRos2/install/first_rpm_project/share/first_rpm_project/srv/OddEvenCheck_Request.msg
-- Symlinking: /home/usamah/Documents/project/learnRos2/install/first_rpm_project/share/first_rpm_project/srv/OddEvenCheck_Response.msg
-- Symlinking: /home/usamah/Documents/project/learnRos2/install/first_rpm_project/local/lib/python3.10/dist-packages/scripts-0.0.0-py3.10.egg-info/PKG-INFO
-- Symlinking: /home/usamah/Documents/project/learnRos2/install/first_rpm_project/local/lib/python3.10/dist-packages/scripts-0.0.0-py3.10.egg-info/SOURCES.txt
-- Symlinking: /home/usamah/Documents/project/learnRos2/install/first_rpm_project/local/lib/python3.10/dist-packages/scripts-0.0.0-py3.10.egg-info/dependency_links.txt
-- Symlinking: /home/usamah/Documents/project/learnRos2/install/first_rpm_project/local/lib/python3.10/dist-packages/scripts-0.0.0-py3.10.egg-info/top_level.txt
-- Symlinking: /home/usamah/Documents/project/learnRos2/install/first_rpm_project/local/lib/python3.10/dist-packages/scripts/__init__.py
-- Symlinking: /home/usamah/Documents/project/learnRos2/install/first_rpm_project/local/lib/python3.10/dist-packages/scripts/rpm_pub.py
-- Symlinking: /home/usamah/Documents/project/learnRos2/install/first_rpm_project/local/lib/python3.10/dist-packages/scripts/rpm_pub_pram.py
-- Symlinking: /home/usamah/Documents/project/learnRos2/install/first_rpm_project/local/lib/python3.10/dist-packages/scripts/service_client.py
-- Symlinking: /home/usamah/Documents/project/learnRos2/install/first_rpm_project/local/lib/python3.10/dist-packages/scripts/service_server.py
-- Symlinking: /home/usamah/Documents/project/learnRos2/install/first_rpm_project/local/lib/python3.10/dist-packages/scripts/speed_calc.py
-- Symlinking: /home/usamah/Documents/project/learnRos2/install/first_rpm_project/local/lib/python3.10/dist-packages/scripts/speed_calc_pram.py
-- Symlinking: /home/usamah/Documents/project/learnRos2/install/first_rpm_project/lib/first_rpm_project/rpm_pub.py
-- Symlinking: /home/usamah/Documents/project/learnRos2/install/first_rpm_project/lib/first_rpm_project/speed_calc.py
-- Symlinking: /home/usamah/Documents/project/learnRos2/install/first_rpm_project/lib/first_rpm_project/speed_calc_pram.py
-- Symlinking: /home/usamah/Documents/project/learnRos2/install/first_rpm_project/lib/first_rpm_project/rpm_pub_pram.py
-- Symlinking: /home/usamah/Documents/project/learnRos2/install/first_rpm_project/lib/first_rpm_project/service_server.py
-- Symlinking: /home/usamah/Documents/project/learnRos2/install/first_rpm_project/lib/first_rpm_project/service_client.py
-- Symlinking: /home/usamah/Documents/project/learnRos2/install/first_rpm_project/share/first_rpm_project//launch/rpm_node.launch.py
-- Symlinking: /home/usamah/Documents/project/learnRos2/install/first_rpm_project/share/ament_index/resource_index/package_run_dependencies/first_rpm_project
-- Symlinking: /home/usamah/Documents/project/learnRos2/install/first_rpm_project/share/ament_index/resource_index/parent_prefix_path/first_rpm_project
-- Symlinking: /home/usamah/Documents/project/learnRos2/install/first_rpm_project/share/first_rpm_project/environment/ament_prefix_path.sh
-- Symlinking: /home/usamah/Documents/project/learnRos2/install/first_rpm_project/share/first_rpm_project/environment/ament_prefix_path.dsv
-- Symlinking: /home/usamah/Documents/project/learnRos2/install/first_rpm_project/share/first_rpm_project/environment/path.sh
-- Symlinking: /home/usamah/Documents/project/learnRos2/install/first_rpm_project/share/first_rpm_project/environment/path.dsv
-- Symlinking: /home/usamah/Documents/project/learnRos2/install/first_rpm_project/share/first_rpm_project/local_setup.bash
-- Symlinking: /home/usamah/Documents/project/learnRos2/install/first_rpm_project/share/first_rpm_project/local_setup.sh
-- Symlinking: /home/usamah/Documents/project/learnRos2/install/first_rpm_project/share/first_rpm_project/local_setup.zsh
-- Symlinking: /home/usamah/Documents/project/learnRos2/install/first_rpm_project/share/first_rpm_project/local_setup.dsv
-- Symlinking: /home/usamah/Documents/project/learnRos2/install/first_rpm_project/share/first_rpm_project/package.dsv
-- Symlinking: /home/usamah/Documents/project/learnRos2/install/first_rpm_project/share/ament_index/resource_index/packages/first_rpm_project
-- Symlinking: /home/usamah/Documents/project/learnRos2/install/first_rpm_project/share/first_rpm_project/cmake/rosidl_cmake-extras.cmake
-- Symlinking: /home/usamah/Documents/project/learnRos2/install/first_rpm_project/share/first_rpm_project/cmake/ament_cmake_export_include_directories-extras.cmake
-- Symlinking: /home/usamah/Documents/project/learnRos2/install/first_rpm_project/share/first_rpm_project/cmake/ament_cmake_export_libraries-extras.cmake
-- Symlinking: /home/usamah/Documents/project/learnRos2/install/first_rpm_project/share/first_rpm_project/cmake/ament_cmake_export_targets-extras.cmake
-- Symlinking: /home/usamah/Documents/project/learnRos2/install/first_rpm_project/share/first_rpm_project/cmake/rosidl_cmake_export_typesupport_targets-extras.cmake
-- Symlinking: /home/usamah/Documents/project/learnRos2/install/first_rpm_project/share/first_rpm_project/cmake/ament_cmake_export_dependencies-extras.cmake
-- Symlinking: /home/usamah/Documents/project/learnRos2/install/first_rpm_project/share/first_rpm_project/cmake/rosidl_cmake_export_typesupport_libraries-extras.cmake
-- Symlinking: /home/usamah/Documents/project/learnRos2/install/first_rpm_project/share/first_rpm_project/cmake/first_rpm_projectConfig.cmake
-- Symlinking: /home/usamah/Documents/project/learnRos2/install/first_rpm_project/share/first_rpm_project/cmake/first_rpm_projectConfig-version.cmake
-- Symlinking: /home/usamah/Documents/project/learnRos2/install/first_rpm_project/share/first_rpm_project/package.xml
-- Installing: /home/usamah/Documents/project/learnRos2/install/first_rpm_project/lib/libfirst_rpm_project__rosidl_generator_c.so
-- Set runtime path of "/home/usamah/Documents/project/learnRos2/install/first_rpm_project/lib/libfirst_rpm_project__rosidl_generator_c.so" to ""
-- Installing: /home/usamah/Documents/project/learnRos2/install/first_rpm_project/lib/libfirst_rpm_project__rosidl_typesupport_fastrtps_c.so
-- Set runtime path of "/home/usamah/Documents/project/learnRos2/install/first_rpm_project/lib/libfirst_rpm_project__rosidl_typesupport_fastrtps_c.so" to ""
-- Installing: /home/usamah/Documents/project/learnRos2/install/first_rpm_project/lib/libfirst_rpm_project__rosidl_typesupport_fastrtps_cpp.so
-- Set runtime path of "/home/usamah/Documents/project/learnRos2/install/first_rpm_project/lib/libfirst_rpm_project__rosidl_typesupport_fastrtps_cpp.so" to ""
-- Installing: /home/usamah/Documents/project/learnRos2/install/first_rpm_project/lib/libfirst_rpm_project__rosidl_typesupport_introspection_c.so
-- Set runtime path of "/home/usamah/Documents/project/learnRos2/install/first_rpm_project/lib/libfirst_rpm_project__rosidl_typesupport_introspection_c.so" to ""
-- Installing: /home/usamah/Documents/project/learnRos2/install/first_rpm_project/lib/libfirst_rpm_project__rosidl_typesupport_c.so
-- Set runtime path of "/home/usamah/Documents/project/learnRos2/install/first_rpm_project/lib/libfirst_rpm_project__rosidl_typesupport_c.so" to ""
-- Installing: /home/usamah/Documents/project/learnRos2/install/first_rpm_project/lib/libfirst_rpm_project__rosidl_typesupport_introspection_cpp.so
-- Set runtime path of "/home/usamah/Documents/project/learnRos2/install/first_rpm_project/lib/libfirst_rpm_project__rosidl_typesupport_introspection_cpp.so" to ""
-- Installing: /home/usamah/Documents/project/learnRos2/install/first_rpm_project/lib/libfirst_rpm_project__rosidl_typesupport_cpp.so
-- Set runtime path of "/home/usamah/Documents/project/learnRos2/install/first_rpm_project/lib/libfirst_rpm_project__rosidl_typesupport_cpp.so" to ""
Listing '/home/usamah/Documents/project/learnRos2/install/first_rpm_project/local/lib/python3.10/dist-packages/first_rpm_project'...
Compiling '/home/usamah/Documents/project/learnRos2/install/first_rpm_project/local/lib/python3.10/dist-packages/first_rpm_project/__init__.py'...
Listing '/home/usamah/Documents/project/learnRos2/install/first_rpm_project/local/lib/python3.10/dist-packages/first_rpm_project/srv'...
Compiling '/home/usamah/Documents/project/learnRos2/install/first_rpm_project/local/lib/python3.10/dist-packages/first_rpm_project/srv/__init__.py'...
Compiling '/home/usamah/Documents/project/learnRos2/install/first_rpm_project/local/lib/python3.10/dist-packages/first_rpm_project/srv/_odd_even_check.py'...
-- Installing: /home/usamah/Documents/project/learnRos2/install/first_rpm_project/lib/libfirst_rpm_project__rosidl_generator_py.so
-- Set runtime path of "/home/usamah/Documents/project/learnRos2/install/first_rpm_project/lib/libfirst_rpm_project__rosidl_generator_py.so" to ""
Listing '/home/usamah/Documents/project/learnRos2/install/first_rpm_project/local/lib/python3.10/dist-packages/scripts'...
Compiling '/home/usamah/Documents/project/learnRos2/install/first_rpm_project/local/lib/python3.10/dist-packages/scripts/__init__.py'...
Compiling '/home/usamah/Documents/project/learnRos2/install/first_rpm_project/local/lib/python3.10/dist-packages/scripts/rpm_pub.py'...
Compiling '/home/usamah/Documents/project/learnRos2/install/first_rpm_project/local/lib/python3.10/dist-packages/scripts/rpm_pub_pram.py'...
Compiling '/home/usamah/Documents/project/learnRos2/install/first_rpm_project/local/lib/python3.10/dist-packages/scripts/service_client.py'...
Compiling '/home/usamah/Documents/project/learnRos2/install/first_rpm_project/local/lib/python3.10/dist-packages/scripts/service_server.py'...
Compiling '/home/usamah/Documents/project/learnRos2/install/first_rpm_project/local/lib/python3.10/dist-packages/scripts/speed_calc.py'...
Compiling '/home/usamah/Documents/project/learnRos2/install/first_rpm_project/local/lib/python3.10/dist-packages/scripts/speed_calc_pram.py'...
-- Installing: /home/usamah/Documents/project/learnRos2/install/first_rpm_project/share/first_rpm_project/cmake/export_first_rpm_project__rosidl_generator_cExport.cmake
-- Installing: /home/usamah/Documents/project/learnRos2/install/first_rpm_project/share/first_rpm_project/cmake/export_first_rpm_project__rosidl_generator_cExport-noconfig.cmake
-- Installing: /home/usamah/Documents/project/learnRos2/install/first_rpm_project/share/first_rpm_project/cmake/export_first_rpm_project__rosidl_typesupport_fastrtps_cExport.cmake
-- Installing: /home/usamah/Documents/project/learnRos2/install/first_rpm_project/share/first_rpm_project/cmake/export_first_rpm_project__rosidl_typesupport_fastrtps_cExport-noconfig.cmake
-- Installing: /home/usamah/Documents/project/learnRos2/install/first_rpm_project/share/first_rpm_project/cmake/export_first_rpm_project__rosidl_generator_cppExport.cmake
-- Installing: /home/usamah/Documents/project/learnRos2/install/first_rpm_project/share/first_rpm_project/cmake/export_first_rpm_project__rosidl_typesupport_fastrtps_cppExport.cmake
-- Installing: /home/usamah/Documents/project/learnRos2/install/first_rpm_project/share/first_rpm_project/cmake/export_first_rpm_project__rosidl_typesupport_fastrtps_cppExport-noconfig.cmake
-- Installing: /home/usamah/Documents/project/learnRos2/install/first_rpm_project/share/first_rpm_project/cmake/first_rpm_project__rosidl_typesupport_introspection_cExport.cmake
-- Installing: /home/usamah/Documents/project/learnRos2/install/first_rpm_project/share/first_rpm_project/cmake/first_rpm_project__rosidl_typesupport_introspection_cExport-noconfig.cmake
-- Installing: /home/usamah/Documents/project/learnRos2/install/first_rpm_project/share/first_rpm_project/cmake/first_rpm_project__rosidl_typesupport_cExport.cmake
-- Installing: /home/usamah/Documents/project/learnRos2/install/first_rpm_project/share/first_rpm_project/cmake/first_rpm_project__rosidl_typesupport_cExport-noconfig.cmake
-- Installing: /home/usamah/Documents/project/learnRos2/install/first_rpm_project/share/first_rpm_project/cmake/first_rpm_project__rosidl_typesupport_introspection_cppExport.cmake
-- Installing: /home/usamah/Documents/project/learnRos2/install/first_rpm_project/share/first_rpm_project/cmake/first_rpm_project__rosidl_typesupport_introspection_cppExport-noconfig.cmake
-- Installing: /home/usamah/Documents/project/learnRos2/install/first_rpm_project/share/first_rpm_project/cmake/first_rpm_project__rosidl_typesupport_cppExport.cmake
-- Installing: /home/usamah/Documents/project/learnRos2/install/first_rpm_project/share/first_rpm_project/cmake/first_rpm_project__rosidl_typesupport_cppExport-noconfig.cmake
-- Installing: /home/usamah/Documents/project/learnRos2/install/first_rpm_project/share/first_rpm_project/cmake/export_first_rpm_project__rosidl_generator_pyExport.cmake
-- Installing: /home/usamah/Documents/project/learnRos2/install/first_rpm_project/share/first_rpm_project/cmake/export_first_rpm_project__rosidl_generator_pyExport-noconfig.cmake
