[0.010s] Invoking command in '/home/usamah/Documents/project/learnRos2/build/first_rpm_project': CMAKE_PREFIX_PATH=${CMAKE_PREFIX_PATH}:/opt/ros/humble /usr/bin/cmake /home/usamah/Documents/project/learnRos2/02_udemy_project/src/first_rpm_project -DAMENT_CMAKE_SYMLINK_INSTALL=1 -DCMAKE_INSTALL_PREFIX=/home/usamah/Documents/project/learnRos2/install/first_rpm_project
[0.045s] -- The C compiler identification is GNU 11.4.0
[0.081s] -- The CXX compiler identification is GNU 11.4.0
[0.086s] -- Detecting C compiler ABI info
[0.130s] -- Detecting C compiler ABI info - done
[0.135s] -- Check for working C compiler: /usr/bin/cc - skipped
[0.135s] -- Detecting C compile features
[0.135s] -- Detecting C compile features - done
[0.137s] -- Detecting CXX compiler ABI info
[0.191s] -- Detecting CXX compiler ABI info - done
[0.196s] -- Check for working CXX compiler: /usr/bin/c++ - skipped
[0.196s] -- Detecting CXX compile features
[0.196s] -- Detecting CXX compile features - done
[0.198s] -- Found ament_cmake: 1.3.10 (/opt/ros/humble/share/ament_cmake/cmake)
[0.304s] -- Found Python3: /usr/bin/python3 (found version "3.10.12") found components: Interpreter 
[0.353s] -- Override CMake install command with custom implementation using symlinks instead of copying resources
[0.375s] -- Found rcl: 5.3.9 (/opt/ros/humble/share/rcl/cmake)
[0.407s] -- Found rosidl_generator_c: 3.1.5 (/opt/ros/humble/share/rosidl_generator_c/cmake)
[0.412s] -- Found rosidl_adapter: 3.1.5 (/opt/ros/humble/share/rosidl_adapter/cmake)
[0.419s] -- Found rosidl_generator_cpp: 3.1.5 (/opt/ros/humble/share/rosidl_generator_cpp/cmake)
[0.430s] -- Using all available rosidl_typesupport_c: rosidl_typesupport_fastrtps_c;rosidl_typesupport_introspection_c
[0.446s] -- Using all available rosidl_typesupport_cpp: rosidl_typesupport_fastrtps_cpp;rosidl_typesupport_introspection_cpp
[0.481s] -- Found rmw_implementation_cmake: 6.1.2 (/opt/ros/humble/share/rmw_implementation_cmake/cmake)
[0.483s] -- Found rmw_fastrtps_cpp: 6.2.7 (/opt/ros/humble/share/rmw_fastrtps_cpp/cmake)
[0.550s] -- Found OpenSSL: /usr/lib/x86_64-linux-gnu/libcrypto.so (found version "3.0.2")  
[0.570s] -- Found FastRTPS: /opt/ros/humble/include  
[0.604s] -- Using RMW implementation 'rmw_fastrtps_cpp' as default
[0.613s] -- Looking for pthread.h
[0.679s] -- Looking for pthread.h - found
[0.680s] -- Performing Test CMAKE_HAVE_LIBC_PTHREAD
[0.739s] -- Performing Test CMAKE_HAVE_LIBC_PTHREAD - Success
[0.740s] -- Found Threads: TRUE  
[0.746s] -- Found rosidl_default_generators: 1.2.0 (/opt/ros/humble/share/rosidl_default_generators/cmake)
[0.935s] -- Found ament_cmake_ros: 0.10.0 (/opt/ros/humble/share/ament_cmake_ros/cmake)
[1.151s] -- Using all available rosidl_typesupport_c: rosidl_typesupport_fastrtps_c;rosidl_typesupport_introspection_c
[1.236s] -- Using all available rosidl_typesupport_cpp: rosidl_typesupport_fastrtps_cpp;rosidl_typesupport_introspection_cpp
[1.251s] -- Found PythonInterp: /usr/bin/python3 (found suitable version "3.10.12", minimum required is "3.6") 
[1.252s] -- Found python_cmake_module: 0.10.0 (/opt/ros/humble/share/python_cmake_module/cmake)
[1.270s] -- Found PythonLibs: /usr/lib/x86_64-linux-gnu/libpython3.10.so (found suitable version "3.10.12", minimum required is "3.5") 
[1.270s] -- Using PYTHON_EXECUTABLE: /usr/bin/python3
[1.270s] -- Using PYTHON_INCLUDE_DIRS: /usr/include/python3.10
[1.270s] -- Using PYTHON_LIBRARIES: /usr/lib/x86_64-linux-gnu/libpython3.10.so
[1.283s] -- Found PythonExtra: .so  
[1.306s] -- Found ament_lint_auto: 0.12.11 (/opt/ros/humble/share/ament_lint_auto/cmake)
[1.320s] -- Added test 'flake8' to check Python code syntax and style conventions
[1.320s] -- Added test 'lint_cmake' to check CMake code style
[1.321s] -- Added test 'pep257' to check Python code against some of the docstring style conventions in PEP 257
[1.321s] -- Added test 'xmllint' to check XML markup files
[1.324s] -- Configuring done
[1.344s] -- Generating done
[1.347s] -- Build files have been written to: /home/usamah/Documents/project/learnRos2/build/first_rpm_project
[1.355s] Invoked command in '/home/usamah/Documents/project/learnRos2/build/first_rpm_project' returned '0': CMAKE_PREFIX_PATH=${CMAKE_PREFIX_PATH}:/opt/ros/humble /usr/bin/cmake /home/usamah/Documents/project/learnRos2/02_udemy_project/src/first_rpm_project -DAMENT_CMAKE_SYMLINK_INSTALL=1 -DCMAKE_INSTALL_PREFIX=/home/usamah/Documents/project/learnRos2/install/first_rpm_project
[1.356s] Invoking command in '/home/usamah/Documents/project/learnRos2/build/first_rpm_project': CMAKE_PREFIX_PATH=${CMAKE_PREFIX_PATH}:/opt/ros/humble /usr/bin/cmake --build /home/usamah/Documents/project/learnRos2/build/first_rpm_project -- -j16 -l16
[1.383s] [  3%] [34m[1mGenerating C code for ROS interfaces[0m
[1.389s] [  6%] [34m[1mGenerating C++ code for ROS interfaces[0m
[1.393s] [  6%] Built target ament_cmake_python_symlink_scripts
[1.394s] [  6%] Built target ament_cmake_python_symlink_first_rpm_project
[1.675s] [  6%] Built target first_rpm_project__cpp
[1.677s] [  9%] [32mBuilding C object CMakeFiles/first_rpm_project__rosidl_generator_c.dir/rosidl_generator_c/first_rpm_project/srv/detail/odd_even_check__functions.c.o[0m
[1.685s] [ 12%] [34m[1mGenerating C++ type support dispatch for ROS interfaces[0m
[1.685s] [ 16%] [34m[1mGenerating C++ type support for eProsima Fast-RTPS[0m
[1.685s] [ 19%] [34m[1mGenerating C++ introspection for ROS interfaces[0m
[1.688s] running egg_info
[1.689s] creating first_rpm_project.egg-info
[1.689s] writing first_rpm_project.egg-info/PKG-INFO
[1.689s] writing dependency_links to first_rpm_project.egg-info/dependency_links.txt
[1.690s] writing top-level names to first_rpm_project.egg-info/top_level.txt
[1.690s] writing manifest file 'first_rpm_project.egg-info/SOURCES.txt'
[1.692s] reading manifest file 'first_rpm_project.egg-info/SOURCES.txt'
[1.693s] writing manifest file 'first_rpm_project.egg-info/SOURCES.txt'
[1.705s] running egg_info
[1.706s] creating scripts.egg-info
[1.706s] writing scripts.egg-info/PKG-INFO
[1.706s] writing dependency_links to scripts.egg-info/dependency_links.txt
[1.707s] writing top-level names to scripts.egg-info/top_level.txt
[1.707s] writing manifest file 'scripts.egg-info/SOURCES.txt'
[1.709s] reading manifest file 'scripts.egg-info/SOURCES.txt'
[1.709s] writing manifest file 'scripts.egg-info/SOURCES.txt'
[1.718s] [ 19%] Built target ament_cmake_python_build_first_rpm_project_egg
[1.735s] [ 22%] Built target ament_cmake_python_build_scripts_egg
[1.735s] [ 22%] [32m[1mLinking C shared library libfirst_rpm_project__rosidl_generator_c.so[0m
[1.777s] [ 22%] Built target first_rpm_project__rosidl_generator_c
[1.788s] [ 25%] [34m[1mGenerating C introspection for ROS interfaces[0m
[1.789s] [ 29%] [34m[1mGenerating C type support for eProsima Fast-RTPS[0m
[1.789s] [ 32%] [34m[1mGenerating C type support dispatch for ROS interfaces[0m
[1.946s] [ 35%] [32mBuilding CXX object CMakeFiles/first_rpm_project__rosidl_typesupport_cpp.dir/rosidl_typesupport_cpp/first_rpm_project/srv/odd_even_check__type_support.cpp.o[0m
[1.970s] [ 38%] [32mBuilding CXX object CMakeFiles/first_rpm_project__rosidl_typesupport_introspection_cpp.dir/rosidl_typesupport_introspection_cpp/first_rpm_project/srv/detail/odd_even_check__type_support.cpp.o[0m
[1.989s] [ 41%] [32mBuilding CXX object CMakeFiles/first_rpm_project__rosidl_typesupport_fastrtps_cpp.dir/rosidl_typesupport_fastrtps_cpp/first_rpm_project/srv/detail/dds_fastrtps/odd_even_check__type_support.cpp.o[0m
[2.055s] [ 45%] [32mBuilding CXX object CMakeFiles/first_rpm_project__rosidl_typesupport_c.dir/rosidl_typesupport_c/first_rpm_project/srv/odd_even_check__type_support.cpp.o[0m
[2.087s] [ 48%] [32mBuilding C object CMakeFiles/first_rpm_project__rosidl_typesupport_introspection_c.dir/rosidl_typesupport_introspection_c/first_rpm_project/srv/detail/odd_even_check__type_support.c.o[0m
[2.091s] [ 51%] [32m[1mLinking CXX shared library libfirst_rpm_project__rosidl_typesupport_c.so[0m
[2.091s] [ 54%] [32mBuilding CXX object CMakeFiles/first_rpm_project__rosidl_typesupport_fastrtps_c.dir/rosidl_typesupport_fastrtps_c/first_rpm_project/srv/detail/odd_even_check__type_support_c.cpp.o[0m
[2.124s] [ 58%] [32m[1mLinking C shared library libfirst_rpm_project__rosidl_typesupport_introspection_c.so[0m
[2.133s] [ 58%] Built target first_rpm_project__rosidl_typesupport_c
[2.156s] [ 58%] Built target first_rpm_project__rosidl_typesupport_introspection_c
[2.225s] [ 61%] [32m[1mLinking CXX shared library libfirst_rpm_project__rosidl_typesupport_cpp.so[0m
[2.258s] [ 61%] Built target first_rpm_project__rosidl_typesupport_cpp
[2.335s] [ 64%] [32m[1mLinking CXX shared library libfirst_rpm_project__rosidl_typesupport_introspection_cpp.so[0m
[2.369s] [ 67%] [32m[1mLinking CXX shared library libfirst_rpm_project__rosidl_typesupport_fastrtps_cpp.so[0m
[2.387s] [ 67%] Built target first_rpm_project__rosidl_typesupport_introspection_cpp
[2.406s] [ 70%] [32m[1mLinking CXX shared library libfirst_rpm_project__rosidl_typesupport_fastrtps_c.so[0m
[2.430s] [ 70%] Built target first_rpm_project__rosidl_typesupport_fastrtps_cpp
[2.467s] [ 70%] Built target first_rpm_project__rosidl_typesupport_fastrtps_c
[2.485s] [ 70%] Built target first_rpm_project
[2.507s] [ 74%] [34m[1mGenerating Python code for ROS interfaces[0m
[2.750s] [ 74%] Built target first_rpm_project__py
[2.767s] [ 77%] [32mBuilding C object CMakeFiles/first_rpm_project__rosidl_generator_py.dir/rosidl_generator_py/first_rpm_project/srv/_odd_even_check_s.c.o[0m
[2.840s] [ 80%] [32m[1mLinking C shared library rosidl_generator_py/first_rpm_project/libfirst_rpm_project__rosidl_generator_py.so[0m
[2.873s] [ 80%] Built target first_rpm_project__rosidl_generator_py
[2.892s] [ 83%] [32mBuilding C object CMakeFiles/first_rpm_project__rosidl_typesupport_fastrtps_c__pyext.dir/rosidl_generator_py/first_rpm_project/_first_rpm_project_s.ep.rosidl_typesupport_fastrtps_c.c.o[0m
[2.892s] [ 90%] [32mBuilding C object CMakeFiles/first_rpm_project__rosidl_typesupport_introspection_c__pyext.dir/rosidl_generator_py/first_rpm_project/_first_rpm_project_s.ep.rosidl_typesupport_introspection_c.c.o[0m
[2.892s] [ 90%] [32mBuilding C object CMakeFiles/first_rpm_project__rosidl_typesupport_c__pyext.dir/rosidl_generator_py/first_rpm_project/_first_rpm_project_s.ep.rosidl_typesupport_c.c.o[0m
[2.952s] [ 96%] [32m[1mLinking C shared library rosidl_generator_py/first_rpm_project/first_rpm_project_s__rosidl_typesupport_c.cpython-310-x86_64-linux-gnu.so[0m
[2.953s] [ 96%] [32m[1mLinking C shared library rosidl_generator_py/first_rpm_project/first_rpm_project_s__rosidl_typesupport_introspection_c.cpython-310-x86_64-linux-gnu.so[0m
[2.954s] [100%] [32m[1mLinking C shared library rosidl_generator_py/first_rpm_project/first_rpm_project_s__rosidl_typesupport_fastrtps_c.cpython-310-x86_64-linux-gnu.so[0m
[2.973s] [100%] Built target first_rpm_project__rosidl_typesupport_c__pyext
[2.973s] [100%] Built target first_rpm_project__rosidl_typesupport_introspection_c__pyext
[2.973s] [100%] Built target first_rpm_project__rosidl_typesupport_fastrtps_c__pyext
[2.981s] Invoked command in '/home/usamah/Documents/project/learnRos2/build/first_rpm_project' returned '0': CMAKE_PREFIX_PATH=${CMAKE_PREFIX_PATH}:/opt/ros/humble /usr/bin/cmake --build /home/usamah/Documents/project/learnRos2/build/first_rpm_project -- -j16 -l16
[3.019s] Invoking command in '/home/usamah/Documents/project/learnRos2/build/first_rpm_project': CMAKE_PREFIX_PATH=${CMAKE_PREFIX_PATH}:/opt/ros/humble /usr/bin/cmake --install /home/usamah/Documents/project/learnRos2/build/first_rpm_project
[3.023s] -- Install configuration: ""
[3.024s] -- Execute custom install script
[3.024s] -- Symlinking: /home/usamah/Documents/project/learnRos2/install/first_rpm_project/share/ament_index/resource_index/rosidl_interfaces/first_rpm_project
[3.029s] -- Symlinking: /home/usamah/Documents/project/learnRos2/install/first_rpm_project/include/first_rpm_project/first_rpm_project/msg/rosidl_generator_c__visibility_control.h
[3.034s] -- Symlinking: /home/usamah/Documents/project/learnRos2/install/first_rpm_project/include/first_rpm_project/first_rpm_project/srv/detail/odd_even_check__functions.h
[3.039s] -- Symlinking: /home/usamah/Documents/project/learnRos2/install/first_rpm_project/include/first_rpm_project/first_rpm_project/srv/detail/odd_even_check__struct.h
[3.043s] -- Symlinking: /home/usamah/Documents/project/learnRos2/install/first_rpm_project/include/first_rpm_project/first_rpm_project/srv/detail/odd_even_check__type_support.h
[3.048s] -- Symlinking: /home/usamah/Documents/project/learnRos2/install/first_rpm_project/include/first_rpm_project/first_rpm_project/srv/odd_even_check.h
[3.053s] -- Symlinking: /home/usamah/Documents/project/learnRos2/install/first_rpm_project/share/first_rpm_project/environment/library_path.sh
[3.057s] -- Symlinking: /home/usamah/Documents/project/learnRos2/install/first_rpm_project/share/first_rpm_project/environment/library_path.dsv
[3.062s] -- Symlinking: /home/usamah/Documents/project/learnRos2/install/first_rpm_project/include/first_rpm_project/first_rpm_project/msg/rosidl_typesupport_fastrtps_c__visibility_control.h
[3.067s] -- Symlinking: /home/usamah/Documents/project/learnRos2/install/first_rpm_project/include/first_rpm_project/first_rpm_project/srv/detail/odd_even_check__rosidl_typesupport_fastrtps_c.h
[3.072s] -- Symlinking: /home/usamah/Documents/project/learnRos2/install/first_rpm_project/include/first_rpm_project/first_rpm_project/srv/detail/odd_even_check__builder.hpp
[3.078s] -- Symlinking: /home/usamah/Documents/project/learnRos2/install/first_rpm_project/include/first_rpm_project/first_rpm_project/srv/detail/odd_even_check__struct.hpp
[3.084s] -- Symlinking: /home/usamah/Documents/project/learnRos2/install/first_rpm_project/include/first_rpm_project/first_rpm_project/srv/detail/odd_even_check__traits.hpp
[3.089s] -- Symlinking: /home/usamah/Documents/project/learnRos2/install/first_rpm_project/include/first_rpm_project/first_rpm_project/srv/odd_even_check.hpp
[3.095s] -- Symlinking: /home/usamah/Documents/project/learnRos2/install/first_rpm_project/include/first_rpm_project/first_rpm_project/msg/rosidl_typesupport_fastrtps_cpp__visibility_control.h
[3.099s] -- Symlinking: /home/usamah/Documents/project/learnRos2/install/first_rpm_project/include/first_rpm_project/first_rpm_project/srv/detail/odd_even_check__rosidl_typesupport_fastrtps_cpp.hpp
[3.104s] -- Symlinking: /home/usamah/Documents/project/learnRos2/install/first_rpm_project/include/first_rpm_project/first_rpm_project/msg/rosidl_typesupport_introspection_c__visibility_control.h
[3.108s] -- Symlinking: /home/usamah/Documents/project/learnRos2/install/first_rpm_project/include/first_rpm_project/first_rpm_project/srv/detail/odd_even_check__rosidl_typesupport_introspection_c.h
[3.114s] -- Symlinking: /home/usamah/Documents/project/learnRos2/install/first_rpm_project/include/first_rpm_project/first_rpm_project/srv/detail/odd_even_check__rosidl_typesupport_introspection_cpp.hpp
[3.118s] -- Symlinking: /home/usamah/Documents/project/learnRos2/install/first_rpm_project/share/first_rpm_project/environment/pythonpath.sh
[3.123s] -- Symlinking: /home/usamah/Documents/project/learnRos2/install/first_rpm_project/share/first_rpm_project/environment/pythonpath.dsv
[3.128s] -- Symlinking: /home/usamah/Documents/project/learnRos2/install/first_rpm_project/local/lib/python3.10/dist-packages/first_rpm_project-0.0.0-py3.10.egg-info/PKG-INFO
[3.133s] -- Symlinking: /home/usamah/Documents/project/learnRos2/install/first_rpm_project/local/lib/python3.10/dist-packages/first_rpm_project-0.0.0-py3.10.egg-info/SOURCES.txt
[3.138s] -- Symlinking: /home/usamah/Documents/project/learnRos2/install/first_rpm_project/local/lib/python3.10/dist-packages/first_rpm_project-0.0.0-py3.10.egg-info/dependency_links.txt
[3.143s] -- Symlinking: /home/usamah/Documents/project/learnRos2/install/first_rpm_project/local/lib/python3.10/dist-packages/first_rpm_project-0.0.0-py3.10.egg-info/top_level.txt
[3.148s] -- Symlinking: /home/usamah/Documents/project/learnRos2/install/first_rpm_project/local/lib/python3.10/dist-packages/first_rpm_project/__init__.py
[3.152s] -- Symlinking: /home/usamah/Documents/project/learnRos2/install/first_rpm_project/local/lib/python3.10/dist-packages/first_rpm_project/_first_rpm_project_s.ep.rosidl_typesupport_c.c
[3.156s] -- Symlinking: /home/usamah/Documents/project/learnRos2/install/first_rpm_project/local/lib/python3.10/dist-packages/first_rpm_project/_first_rpm_project_s.ep.rosidl_typesupport_fastrtps_c.c
[3.161s] -- Symlinking: /home/usamah/Documents/project/learnRos2/install/first_rpm_project/local/lib/python3.10/dist-packages/first_rpm_project/_first_rpm_project_s.ep.rosidl_typesupport_introspection_c.c
[3.165s] -- Symlinking: /home/usamah/Documents/project/learnRos2/install/first_rpm_project/local/lib/python3.10/dist-packages/first_rpm_project/first_rpm_project_s__rosidl_typesupport_c.cpython-310-x86_64-linux-gnu.so
[3.170s] -- Symlinking: /home/usamah/Documents/project/learnRos2/install/first_rpm_project/local/lib/python3.10/dist-packages/first_rpm_project/first_rpm_project_s__rosidl_typesupport_fastrtps_c.cpython-310-x86_64-linux-gnu.so
[3.174s] -- Symlinking: /home/usamah/Documents/project/learnRos2/install/first_rpm_project/local/lib/python3.10/dist-packages/first_rpm_project/first_rpm_project_s__rosidl_typesupport_introspection_c.cpython-310-x86_64-linux-gnu.so
[3.178s] -- Symlinking: /home/usamah/Documents/project/learnRos2/install/first_rpm_project/local/lib/python3.10/dist-packages/first_rpm_project/libfirst_rpm_project__rosidl_generator_py.so
[3.183s] -- Symlinking: /home/usamah/Documents/project/learnRos2/install/first_rpm_project/local/lib/python3.10/dist-packages/first_rpm_project/srv/__init__.py
[3.188s] -- Symlinking: /home/usamah/Documents/project/learnRos2/install/first_rpm_project/local/lib/python3.10/dist-packages/first_rpm_project/srv/_odd_even_check.py
[3.192s] -- Symlinking: /home/usamah/Documents/project/learnRos2/install/first_rpm_project/local/lib/python3.10/dist-packages/first_rpm_project/srv/_odd_even_check_s.c
[3.197s] -- Up-to-date symlink: /home/usamah/Documents/project/learnRos2/install/first_rpm_project/local/lib/python3.10/dist-packages/first_rpm_project/first_rpm_project_s__rosidl_typesupport_fastrtps_c.cpython-310-x86_64-linux-gnu.so
[3.197s] -- Up-to-date symlink: /home/usamah/Documents/project/learnRos2/install/first_rpm_project/local/lib/python3.10/dist-packages/first_rpm_project/first_rpm_project_s__rosidl_typesupport_introspection_c.cpython-310-x86_64-linux-gnu.so
[3.197s] -- Up-to-date symlink: /home/usamah/Documents/project/learnRos2/install/first_rpm_project/local/lib/python3.10/dist-packages/first_rpm_project/first_rpm_project_s__rosidl_typesupport_c.cpython-310-x86_64-linux-gnu.so
[3.197s] -- Symlinking: /home/usamah/Documents/project/learnRos2/install/first_rpm_project/share/first_rpm_project/srv/OddEvenCheck.idl
[3.202s] -- Symlinking: /home/usamah/Documents/project/learnRos2/install/first_rpm_project/share/first_rpm_project/srv/OddEvenCheck.srv
[3.207s] -- Symlinking: /home/usamah/Documents/project/learnRos2/install/first_rpm_project/share/first_rpm_project/srv/OddEvenCheck_Request.msg
[3.211s] -- Symlinking: /home/usamah/Documents/project/learnRos2/install/first_rpm_project/share/first_rpm_project/srv/OddEvenCheck_Response.msg
[3.216s] -- Symlinking: /home/usamah/Documents/project/learnRos2/install/first_rpm_project/local/lib/python3.10/dist-packages/scripts-0.0.0-py3.10.egg-info/PKG-INFO
[3.220s] -- Symlinking: /home/usamah/Documents/project/learnRos2/install/first_rpm_project/local/lib/python3.10/dist-packages/scripts-0.0.0-py3.10.egg-info/SOURCES.txt
[3.225s] -- Symlinking: /home/usamah/Documents/project/learnRos2/install/first_rpm_project/local/lib/python3.10/dist-packages/scripts-0.0.0-py3.10.egg-info/dependency_links.txt
[3.229s] -- Symlinking: /home/usamah/Documents/project/learnRos2/install/first_rpm_project/local/lib/python3.10/dist-packages/scripts-0.0.0-py3.10.egg-info/top_level.txt
[3.235s] -- Symlinking: /home/usamah/Documents/project/learnRos2/install/first_rpm_project/local/lib/python3.10/dist-packages/scripts/__init__.py
[3.240s] -- Symlinking: /home/usamah/Documents/project/learnRos2/install/first_rpm_project/local/lib/python3.10/dist-packages/scripts/rpm_pub.py
[3.244s] -- Symlinking: /home/usamah/Documents/project/learnRos2/install/first_rpm_project/local/lib/python3.10/dist-packages/scripts/rpm_pub_pram.py
[3.249s] -- Symlinking: /home/usamah/Documents/project/learnRos2/install/first_rpm_project/local/lib/python3.10/dist-packages/scripts/service_client.py
[3.253s] -- Symlinking: /home/usamah/Documents/project/learnRos2/install/first_rpm_project/local/lib/python3.10/dist-packages/scripts/service_server.py
[3.258s] -- Symlinking: /home/usamah/Documents/project/learnRos2/install/first_rpm_project/local/lib/python3.10/dist-packages/scripts/speed_calc.py
[3.263s] -- Symlinking: /home/usamah/Documents/project/learnRos2/install/first_rpm_project/local/lib/python3.10/dist-packages/scripts/speed_calc_pram.py
[3.268s] -- Symlinking: /home/usamah/Documents/project/learnRos2/install/first_rpm_project/lib/first_rpm_project/rpm_pub.py
[3.273s] -- Symlinking: /home/usamah/Documents/project/learnRos2/install/first_rpm_project/lib/first_rpm_project/speed_calc.py
[3.277s] -- Symlinking: /home/usamah/Documents/project/learnRos2/install/first_rpm_project/lib/first_rpm_project/speed_calc_pram.py
[3.282s] -- Symlinking: /home/usamah/Documents/project/learnRos2/install/first_rpm_project/lib/first_rpm_project/rpm_pub_pram.py
[3.286s] -- Symlinking: /home/usamah/Documents/project/learnRos2/install/first_rpm_project/lib/first_rpm_project/service_server.py
[3.291s] -- Symlinking: /home/usamah/Documents/project/learnRos2/install/first_rpm_project/lib/first_rpm_project/service_client.py
[3.295s] -- Symlinking: /home/usamah/Documents/project/learnRos2/install/first_rpm_project/share/first_rpm_project//launch/rpm_node.launch.py
[3.300s] -- Symlinking: /home/usamah/Documents/project/learnRos2/install/first_rpm_project/share/ament_index/resource_index/package_run_dependencies/first_rpm_project
[3.304s] -- Symlinking: /home/usamah/Documents/project/learnRos2/install/first_rpm_project/share/ament_index/resource_index/parent_prefix_path/first_rpm_project
[3.308s] -- Symlinking: /home/usamah/Documents/project/learnRos2/install/first_rpm_project/share/first_rpm_project/environment/ament_prefix_path.sh
[3.313s] -- Symlinking: /home/usamah/Documents/project/learnRos2/install/first_rpm_project/share/first_rpm_project/environment/ament_prefix_path.dsv
[3.318s] -- Symlinking: /home/usamah/Documents/project/learnRos2/install/first_rpm_project/share/first_rpm_project/environment/path.sh
[3.322s] -- Symlinking: /home/usamah/Documents/project/learnRos2/install/first_rpm_project/share/first_rpm_project/environment/path.dsv
[3.327s] -- Symlinking: /home/usamah/Documents/project/learnRos2/install/first_rpm_project/share/first_rpm_project/local_setup.bash
[3.332s] -- Symlinking: /home/usamah/Documents/project/learnRos2/install/first_rpm_project/share/first_rpm_project/local_setup.sh
[3.336s] -- Symlinking: /home/usamah/Documents/project/learnRos2/install/first_rpm_project/share/first_rpm_project/local_setup.zsh
[3.341s] -- Symlinking: /home/usamah/Documents/project/learnRos2/install/first_rpm_project/share/first_rpm_project/local_setup.dsv
[3.345s] -- Symlinking: /home/usamah/Documents/project/learnRos2/install/first_rpm_project/share/first_rpm_project/package.dsv
[3.350s] -- Symlinking: /home/usamah/Documents/project/learnRos2/install/first_rpm_project/share/ament_index/resource_index/packages/first_rpm_project
[3.355s] -- Symlinking: /home/usamah/Documents/project/learnRos2/install/first_rpm_project/share/first_rpm_project/cmake/rosidl_cmake-extras.cmake
[3.359s] -- Symlinking: /home/usamah/Documents/project/learnRos2/install/first_rpm_project/share/first_rpm_project/cmake/ament_cmake_export_include_directories-extras.cmake
[3.364s] -- Symlinking: /home/usamah/Documents/project/learnRos2/install/first_rpm_project/share/first_rpm_project/cmake/ament_cmake_export_libraries-extras.cmake
[3.369s] -- Symlinking: /home/usamah/Documents/project/learnRos2/install/first_rpm_project/share/first_rpm_project/cmake/ament_cmake_export_targets-extras.cmake
[3.373s] -- Symlinking: /home/usamah/Documents/project/learnRos2/install/first_rpm_project/share/first_rpm_project/cmake/rosidl_cmake_export_typesupport_targets-extras.cmake
[3.377s] -- Symlinking: /home/usamah/Documents/project/learnRos2/install/first_rpm_project/share/first_rpm_project/cmake/ament_cmake_export_dependencies-extras.cmake
[3.382s] -- Symlinking: /home/usamah/Documents/project/learnRos2/install/first_rpm_project/share/first_rpm_project/cmake/rosidl_cmake_export_typesupport_libraries-extras.cmake
[3.386s] -- Symlinking: /home/usamah/Documents/project/learnRos2/install/first_rpm_project/share/first_rpm_project/cmake/first_rpm_projectConfig.cmake
[3.391s] -- Symlinking: /home/usamah/Documents/project/learnRos2/install/first_rpm_project/share/first_rpm_project/cmake/first_rpm_projectConfig-version.cmake
[3.395s] -- Symlinking: /home/usamah/Documents/project/learnRos2/install/first_rpm_project/share/first_rpm_project/package.xml
[3.400s] -- Installing: /home/usamah/Documents/project/learnRos2/install/first_rpm_project/lib/libfirst_rpm_project__rosidl_generator_c.so
[3.400s] -- Set runtime path of "/home/usamah/Documents/project/learnRos2/install/first_rpm_project/lib/libfirst_rpm_project__rosidl_generator_c.so" to ""
[3.400s] -- Installing: /home/usamah/Documents/project/learnRos2/install/first_rpm_project/lib/libfirst_rpm_project__rosidl_typesupport_fastrtps_c.so
[3.400s] -- Set runtime path of "/home/usamah/Documents/project/learnRos2/install/first_rpm_project/lib/libfirst_rpm_project__rosidl_typesupport_fastrtps_c.so" to ""
[3.400s] -- Installing: /home/usamah/Documents/project/learnRos2/install/first_rpm_project/lib/libfirst_rpm_project__rosidl_typesupport_fastrtps_cpp.so
[3.400s] -- Set runtime path of "/home/usamah/Documents/project/learnRos2/install/first_rpm_project/lib/libfirst_rpm_project__rosidl_typesupport_fastrtps_cpp.so" to ""
[3.400s] -- Installing: /home/usamah/Documents/project/learnRos2/install/first_rpm_project/lib/libfirst_rpm_project__rosidl_typesupport_introspection_c.so
[3.400s] -- Set runtime path of "/home/usamah/Documents/project/learnRos2/install/first_rpm_project/lib/libfirst_rpm_project__rosidl_typesupport_introspection_c.so" to ""
[3.400s] -- Installing: /home/usamah/Documents/project/learnRos2/install/first_rpm_project/lib/libfirst_rpm_project__rosidl_typesupport_c.so
[3.400s] -- Set runtime path of "/home/usamah/Documents/project/learnRos2/install/first_rpm_project/lib/libfirst_rpm_project__rosidl_typesupport_c.so" to ""
[3.401s] -- Installing: /home/usamah/Documents/project/learnRos2/install/first_rpm_project/lib/libfirst_rpm_project__rosidl_typesupport_introspection_cpp.so
[3.401s] -- Set runtime path of "/home/usamah/Documents/project/learnRos2/install/first_rpm_project/lib/libfirst_rpm_project__rosidl_typesupport_introspection_cpp.so" to ""
[3.401s] -- Installing: /home/usamah/Documents/project/learnRos2/install/first_rpm_project/lib/libfirst_rpm_project__rosidl_typesupport_cpp.so
[3.401s] -- Set runtime path of "/home/usamah/Documents/project/learnRos2/install/first_rpm_project/lib/libfirst_rpm_project__rosidl_typesupport_cpp.so" to ""
[3.425s] Listing '/home/usamah/Documents/project/learnRos2/install/first_rpm_project/local/lib/python3.10/dist-packages/first_rpm_project'...
[3.425s] Compiling '/home/usamah/Documents/project/learnRos2/install/first_rpm_project/local/lib/python3.10/dist-packages/first_rpm_project/__init__.py'...
[3.425s] Listing '/home/usamah/Documents/project/learnRos2/install/first_rpm_project/local/lib/python3.10/dist-packages/first_rpm_project/srv'...
[3.425s] Compiling '/home/usamah/Documents/project/learnRos2/install/first_rpm_project/local/lib/python3.10/dist-packages/first_rpm_project/srv/__init__.py'...
[3.425s] Compiling '/home/usamah/Documents/project/learnRos2/install/first_rpm_project/local/lib/python3.10/dist-packages/first_rpm_project/srv/_odd_even_check.py'...
[3.428s] -- Installing: /home/usamah/Documents/project/learnRos2/install/first_rpm_project/lib/libfirst_rpm_project__rosidl_generator_py.so
[3.429s] -- Set runtime path of "/home/usamah/Documents/project/learnRos2/install/first_rpm_project/lib/libfirst_rpm_project__rosidl_generator_py.so" to ""
[3.453s] Listing '/home/usamah/Documents/project/learnRos2/install/first_rpm_project/local/lib/python3.10/dist-packages/scripts'...
[3.453s] Compiling '/home/usamah/Documents/project/learnRos2/install/first_rpm_project/local/lib/python3.10/dist-packages/scripts/__init__.py'...
[3.453s] Compiling '/home/usamah/Documents/project/learnRos2/install/first_rpm_project/local/lib/python3.10/dist-packages/scripts/rpm_pub.py'...
[3.453s] Compiling '/home/usamah/Documents/project/learnRos2/install/first_rpm_project/local/lib/python3.10/dist-packages/scripts/rpm_pub_pram.py'...
[3.453s] Compiling '/home/usamah/Documents/project/learnRos2/install/first_rpm_project/local/lib/python3.10/dist-packages/scripts/service_client.py'...
[3.454s] Compiling '/home/usamah/Documents/project/learnRos2/install/first_rpm_project/local/lib/python3.10/dist-packages/scripts/service_server.py'...
[3.454s] Compiling '/home/usamah/Documents/project/learnRos2/install/first_rpm_project/local/lib/python3.10/dist-packages/scripts/speed_calc.py'...
[3.454s] Compiling '/home/usamah/Documents/project/learnRos2/install/first_rpm_project/local/lib/python3.10/dist-packages/scripts/speed_calc_pram.py'...
[3.456s] -- Installing: /home/usamah/Documents/project/learnRos2/install/first_rpm_project/share/first_rpm_project/cmake/export_first_rpm_project__rosidl_generator_cExport.cmake
[3.456s] -- Installing: /home/usamah/Documents/project/learnRos2/install/first_rpm_project/share/first_rpm_project/cmake/export_first_rpm_project__rosidl_generator_cExport-noconfig.cmake
[3.456s] -- Installing: /home/usamah/Documents/project/learnRos2/install/first_rpm_project/share/first_rpm_project/cmake/export_first_rpm_project__rosidl_typesupport_fastrtps_cExport.cmake
[3.456s] -- Installing: /home/usamah/Documents/project/learnRos2/install/first_rpm_project/share/first_rpm_project/cmake/export_first_rpm_project__rosidl_typesupport_fastrtps_cExport-noconfig.cmake
[3.456s] -- Installing: /home/usamah/Documents/project/learnRos2/install/first_rpm_project/share/first_rpm_project/cmake/export_first_rpm_project__rosidl_generator_cppExport.cmake
[3.456s] -- Installing: /home/usamah/Documents/project/learnRos2/install/first_rpm_project/share/first_rpm_project/cmake/export_first_rpm_project__rosidl_typesupport_fastrtps_cppExport.cmake
[3.456s] -- Installing: /home/usamah/Documents/project/learnRos2/install/first_rpm_project/share/first_rpm_project/cmake/export_first_rpm_project__rosidl_typesupport_fastrtps_cppExport-noconfig.cmake
[3.456s] -- Installing: /home/usamah/Documents/project/learnRos2/install/first_rpm_project/share/first_rpm_project/cmake/first_rpm_project__rosidl_typesupport_introspection_cExport.cmake
[3.456s] -- Installing: /home/usamah/Documents/project/learnRos2/install/first_rpm_project/share/first_rpm_project/cmake/first_rpm_project__rosidl_typesupport_introspection_cExport-noconfig.cmake
[3.457s] -- Installing: /home/usamah/Documents/project/learnRos2/install/first_rpm_project/share/first_rpm_project/cmake/first_rpm_project__rosidl_typesupport_cExport.cmake
[3.457s] -- Installing: /home/usamah/Documents/project/learnRos2/install/first_rpm_project/share/first_rpm_project/cmake/first_rpm_project__rosidl_typesupport_cExport-noconfig.cmake
[3.457s] -- Installing: /home/usamah/Documents/project/learnRos2/install/first_rpm_project/share/first_rpm_project/cmake/first_rpm_project__rosidl_typesupport_introspection_cppExport.cmake
[3.457s] -- Installing: /home/usamah/Documents/project/learnRos2/install/first_rpm_project/share/first_rpm_project/cmake/first_rpm_project__rosidl_typesupport_introspection_cppExport-noconfig.cmake
[3.457s] -- Installing: /home/usamah/Documents/project/learnRos2/install/first_rpm_project/share/first_rpm_project/cmake/first_rpm_project__rosidl_typesupport_cppExport.cmake
[3.457s] -- Installing: /home/usamah/Documents/project/learnRos2/install/first_rpm_project/share/first_rpm_project/cmake/first_rpm_project__rosidl_typesupport_cppExport-noconfig.cmake
[3.457s] -- Installing: /home/usamah/Documents/project/learnRos2/install/first_rpm_project/share/first_rpm_project/cmake/export_first_rpm_project__rosidl_generator_pyExport.cmake
[3.457s] -- Installing: /home/usamah/Documents/project/learnRos2/install/first_rpm_project/share/first_rpm_project/cmake/export_first_rpm_project__rosidl_generator_pyExport-noconfig.cmake
[3.459s] Invoked command in '/home/usamah/Documents/project/learnRos2/build/first_rpm_project' returned '0': CMAKE_PREFIX_PATH=${CMAKE_PREFIX_PATH}:/opt/ros/humble /usr/bin/cmake --install /home/usamah/Documents/project/learnRos2/build/first_rpm_project
