[0.013s] Invoking command in '/home/usamah/Documents/project/learnRos2/build/02_turn_camera_project': CMAKE_PREFIX_PATH=${CMAKE_PREFIX_PATH}:/opt/ros/humble /usr/bin/cmake /home/usamah/Documents/project/learnRos2/02_udemy_project/src/02_turn_camera_project -DAMENT_CMAKE_SYMLINK_INSTALL=1 -DCMAKE_INSTALL_PREFIX=/home/usamah/Documents/project/learnRos2/install/02_turn_camera_project
[0.049s] -- The C compiler identification is GNU 11.4.0
[0.098s] -- The CXX compiler identification is GNU 11.4.0
[0.104s] -- Detecting C compiler ABI info
[0.162s] -- Detecting C compiler ABI info - done
[0.168s] -- Check for working C compiler: /usr/bin/cc - skipped
[0.169s] -- Detecting C compile features
[0.169s] -- Detecting C compile features - done
[0.172s] -- Detecting CXX compiler ABI info
[0.239s] -- Detecting CXX compiler ABI info - done
[0.246s] -- Check for working CXX compiler: /usr/bin/c++ - skipped
[0.246s] -- Detecting CXX compile features
[0.246s] -- Detecting CXX compile features - done
[0.248s] -- Found ament_cmake: 1.3.10 (/opt/ros/humble/share/ament_cmake/cmake)
[0.380s] -- Found Python3: /usr/bin/python3 (found version "3.10.12") found components: Interpreter 
[0.436s] -- Override CMake install command with custom implementation using symlinks instead of copying resources
[0.463s] -- Found ament_lint_auto: 0.12.11 (/opt/ros/humble/share/ament_lint_auto/cmake)
[0.524s] WARNING: Package name "02_turn_camera_project" does not follow the naming conventions. It should start with a lower case letter and only contain lower case letters, digits, underscores, and dashes.
[0.547s] -- Added test 'lint_cmake' to check CMake code style
[0.548s] -- Added test 'xmllint' to check XML markup files
[0.549s] -- Configuring done
[0.551s] -- Generating done
[0.551s] -- Build files have been written to: /home/usamah/Documents/project/learnRos2/build/02_turn_camera_project
[0.554s] Invoked command in '/home/usamah/Documents/project/learnRos2/build/02_turn_camera_project' returned '0': CMAKE_PREFIX_PATH=${CMAKE_PREFIX_PATH}:/opt/ros/humble /usr/bin/cmake /home/usamah/Documents/project/learnRos2/02_udemy_project/src/02_turn_camera_project -DAMENT_CMAKE_SYMLINK_INSTALL=1 -DCMAKE_INSTALL_PREFIX=/home/usamah/Documents/project/learnRos2/install/02_turn_camera_project
[0.555s] Invoking command in '/home/usamah/Documents/project/learnRos2/build/02_turn_camera_project': CMAKE_PREFIX_PATH=${CMAKE_PREFIX_PATH}:/opt/ros/humble /usr/bin/cmake --build /home/usamah/Documents/project/learnRos2/build/02_turn_camera_project -- -j16 -l16
[0.580s] Invoked command in '/home/usamah/Documents/project/learnRos2/build/02_turn_camera_project' returned '0': CMAKE_PREFIX_PATH=${CMAKE_PREFIX_PATH}:/opt/ros/humble /usr/bin/cmake --build /home/usamah/Documents/project/learnRos2/build/02_turn_camera_project -- -j16 -l16
[0.596s] Invoking command in '/home/usamah/Documents/project/learnRos2/build/02_turn_camera_project': CMAKE_PREFIX_PATH=${CMAKE_PREFIX_PATH}:/opt/ros/humble /usr/bin/cmake --install /home/usamah/Documents/project/learnRos2/build/02_turn_camera_project
[0.600s] -- Install configuration: ""
[0.601s] -- Execute custom install script
[0.601s] -- Symlinking: /home/usamah/Documents/project/learnRos2/install/02_turn_camera_project/share/ament_index/resource_index/package_run_dependencies/02_turn_camera_project
[0.606s] -- Symlinking: /home/usamah/Documents/project/learnRos2/install/02_turn_camera_project/share/ament_index/resource_index/parent_prefix_path/02_turn_camera_project
[0.611s] -- Symlinking: /home/usamah/Documents/project/learnRos2/install/02_turn_camera_project/share/02_turn_camera_project/environment/ament_prefix_path.sh
[0.616s] -- Symlinking: /home/usamah/Documents/project/learnRos2/install/02_turn_camera_project/share/02_turn_camera_project/environment/ament_prefix_path.dsv
[0.621s] -- Symlinking: /home/usamah/Documents/project/learnRos2/install/02_turn_camera_project/share/02_turn_camera_project/environment/path.sh
[0.626s] -- Symlinking: /home/usamah/Documents/project/learnRos2/install/02_turn_camera_project/share/02_turn_camera_project/environment/path.dsv
[0.631s] -- Symlinking: /home/usamah/Documents/project/learnRos2/install/02_turn_camera_project/share/02_turn_camera_project/local_setup.bash
[0.636s] -- Symlinking: /home/usamah/Documents/project/learnRos2/install/02_turn_camera_project/share/02_turn_camera_project/local_setup.sh
[0.641s] -- Symlinking: /home/usamah/Documents/project/learnRos2/install/02_turn_camera_project/share/02_turn_camera_project/local_setup.zsh
[0.646s] -- Symlinking: /home/usamah/Documents/project/learnRos2/install/02_turn_camera_project/share/02_turn_camera_project/local_setup.dsv
[0.650s] -- Symlinking: /home/usamah/Documents/project/learnRos2/install/02_turn_camera_project/share/02_turn_camera_project/package.dsv
[0.655s] -- Symlinking: /home/usamah/Documents/project/learnRos2/install/02_turn_camera_project/share/ament_index/resource_index/packages/02_turn_camera_project
[0.661s] -- Symlinking: /home/usamah/Documents/project/learnRos2/install/02_turn_camera_project/share/02_turn_camera_project/cmake/02_turn_camera_projectConfig.cmake
[0.666s] -- Symlinking: /home/usamah/Documents/project/learnRos2/install/02_turn_camera_project/share/02_turn_camera_project/cmake/02_turn_camera_projectConfig-version.cmake
[0.672s] -- Symlinking: /home/usamah/Documents/project/learnRos2/install/02_turn_camera_project/share/02_turn_camera_project/package.xml
[0.679s] Invoked command in '/home/usamah/Documents/project/learnRos2/build/02_turn_camera_project' returned '0': CMAKE_PREFIX_PATH=${CMAKE_PREFIX_PATH}:/opt/ros/humble /usr/bin/cmake --install /home/usamah/Documents/project/learnRos2/build/02_turn_camera_project
