[0.009s] Invoking command in '/home/usamah/Documents/project/learnRos2/build/second_turn_camera_project': CMAKE_PREFIX_PATH=${CMAKE_PREFIX_PATH}:/home/usamah/Documents/project/learnRos2/install/first_rpm_project:/opt/ros/humble /usr/bin/cmake --build /home/usamah/Documents/project/learnRos2/build/second_turn_camera_project -- -j16 -l16
[0.026s] -- Found ament_cmake: 1.3.10 (/opt/ros/humble/share/ament_cmake/cmake)
[0.100s] -- Override CMake install command with custom implementation using symlinks instead of copying resources
[0.106s] -- Found rclpy: 3.3.14 (/opt/ros/humble/share/rclpy/cmake)
[0.106s] -- Found rosidl_default_generators: 1.2.0 (/opt/ros/humble/share/rosidl_default_generators/cmake)
[0.108s] -- Using all available rosidl_typesupport_c: rosidl_typesupport_fastrtps_c;rosidl_typesupport_introspection_c
[0.110s] -- Found rosidl_adapter: 3.1.5 (/opt/ros/humble/share/rosidl_adapter/cmake)
[0.130s] -- Using all available rosidl_typesupport_cpp: rosidl_typesupport_fastrtps_cpp;rosidl_typesupport_introspection_cpp
[0.148s] -- Found sensor_msgs: 4.2.4 (/opt/ros/humble/share/sensor_msgs/cmake)
[0.397s] -- Found ament_cmake_ros: 0.10.0 (/opt/ros/humble/share/ament_cmake_ros/cmake)
[0.618s] -- Using all available rosidl_typesupport_c: rosidl_typesupport_fastrtps_c;rosidl_typesupport_introspection_c
[0.940s] -- Using all available rosidl_typesupport_cpp: rosidl_typesupport_fastrtps_cpp;rosidl_typesupport_introspection_cpp
[0.961s] -- Found python_cmake_module: 0.10.0 (/opt/ros/humble/share/python_cmake_module/cmake)
[0.981s] -- Using PYTHON_EXECUTABLE: /usr/bin/python3
[0.981s] -- Using PYTHON_INCLUDE_DIRS: /usr/include/python3.10
[0.981s] -- Using PYTHON_LIBRARIES: /usr/lib/x86_64-linux-gnu/libpython3.10.so
[1.024s] -- Found ament_lint_auto: 0.12.11 (/opt/ros/humble/share/ament_lint_auto/cmake)
[1.033s] -- Added test 'flake8' to check Python code syntax and style conventions
[1.033s] -- Added test 'lint_cmake' to check CMake code style
[1.034s] -- Added test 'pep257' to check Python code against some of the docstring style conventions in PEP 257
[1.035s] -- Added test 'xmllint' to check XML markup files
[1.037s] -- Configuring done
[1.069s] -- Generating done
[1.071s] -- Build files have been written to: /home/usamah/Documents/project/learnRos2/build/second_turn_camera_project
[1.093s] [35m[1mConsolidate compiler generated dependencies of target second_turn_camera_project__rosidl_generator_c[0m
[1.099s] [  3%] Built target second_turn_camera_project__cpp
[1.100s] [ 12%] Built target second_turn_camera_project__rosidl_generator_c
[1.105s] [ 12%] Built target ament_cmake_python_symlink_scripts
[1.105s] [ 12%] Built target ament_cmake_python_symlink_second_turn_camera_project
[1.107s] [35m[1mConsolidate compiler generated dependencies of target second_turn_camera_project__rosidl_typesupport_cpp[0m
[1.108s] [35m[1mConsolidate compiler generated dependencies of target second_turn_camera_project__rosidl_typesupport_fastrtps_cpp[0m
[1.108s] [35m[1mConsolidate compiler generated dependencies of target second_turn_camera_project__rosidl_typesupport_introspection_cpp[0m
[1.108s] [35m[1mConsolidate compiler generated dependencies of target second_turn_camera_project__rosidl_typesupport_fastrtps_c[0m
[1.108s] [35m[1mConsolidate compiler generated dependencies of target second_turn_camera_project__rosidl_typesupport_introspection_c[0m
[1.110s] [35m[1mConsolidate compiler generated dependencies of target second_turn_camera_project__rosidl_typesupport_c[0m
[1.117s] [ 22%] Built target second_turn_camera_project__rosidl_typesupport_cpp
[1.117s] [ 32%] Built target second_turn_camera_project__rosidl_typesupport_introspection_c
[1.118s] [ 41%] Built target second_turn_camera_project__rosidl_typesupport_fastrtps_cpp
[1.120s] [ 51%] Built target second_turn_camera_project__rosidl_typesupport_introspection_cpp
[1.121s] [ 61%] Built target second_turn_camera_project__rosidl_typesupport_c
[1.122s] [ 70%] Built target second_turn_camera_project__rosidl_typesupport_fastrtps_c
[1.146s] [ 70%] Built target second_turn_camera_project
[1.171s] [ 74%] Built target second_turn_camera_project__py
[1.182s] [35m[1mConsolidate compiler generated dependencies of target second_turn_camera_project__rosidl_generator_py[0m
[1.196s] [ 80%] Built target second_turn_camera_project__rosidl_generator_py
[1.206s] [35m[1mConsolidate compiler generated dependencies of target second_turn_camera_project__rosidl_typesupport_fastrtps_c__pyext[0m
[1.207s] [35m[1mConsolidate compiler generated dependencies of target second_turn_camera_project__rosidl_typesupport_c__pyext[0m
[1.207s] [35m[1mConsolidate compiler generated dependencies of target second_turn_camera_project__rosidl_typesupport_introspection_c__pyext[0m
[1.220s] [100%] Built target second_turn_camera_project__rosidl_typesupport_c__pyext
[1.220s] [100%] Built target second_turn_camera_project__rosidl_typesupport_fastrtps_c__pyext
[1.220s] [100%] Built target second_turn_camera_project__rosidl_typesupport_introspection_c__pyext
[1.390s] running egg_info
[1.390s] writing scripts.egg-info/PKG-INFO
[1.390s] writing dependency_links to scripts.egg-info/dependency_links.txt
[1.390s] writing top-level names to scripts.egg-info/top_level.txt
[1.393s] reading manifest file 'scripts.egg-info/SOURCES.txt'
[1.393s] writing manifest file 'scripts.egg-info/SOURCES.txt'
[1.401s] running egg_info
[1.402s] writing second_turn_camera_project.egg-info/PKG-INFO
[1.402s] writing dependency_links to second_turn_camera_project.egg-info/dependency_links.txt
[1.402s] writing top-level names to second_turn_camera_project.egg-info/top_level.txt
[1.405s] reading manifest file 'second_turn_camera_project.egg-info/SOURCES.txt'
[1.405s] writing manifest file 'second_turn_camera_project.egg-info/SOURCES.txt'
[1.419s] [100%] Built target ament_cmake_python_build_scripts_egg
[1.429s] [100%] Built target ament_cmake_python_build_second_turn_camera_project_egg
[1.439s] Invoked command in '/home/usamah/Documents/project/learnRos2/build/second_turn_camera_project' returned '0': CMAKE_PREFIX_PATH=${CMAKE_PREFIX_PATH}:/home/usamah/Documents/project/learnRos2/install/first_rpm_project:/opt/ros/humble /usr/bin/cmake --build /home/usamah/Documents/project/learnRos2/build/second_turn_camera_project -- -j16 -l16
[1.492s] Invoking command in '/home/usamah/Documents/project/learnRos2/build/second_turn_camera_project': CMAKE_PREFIX_PATH=${CMAKE_PREFIX_PATH}:/home/usamah/Documents/project/learnRos2/install/first_rpm_project:/opt/ros/humble /usr/bin/cmake --install /home/usamah/Documents/project/learnRos2/build/second_turn_camera_project
[1.497s] -- Install configuration: ""
[1.497s] -- Execute custom install script
[1.497s] -- Up-to-date symlink: /home/usamah/Documents/project/learnRos2/install/second_turn_camera_project/share/ament_index/resource_index/rosidl_interfaces/second_turn_camera_project
[1.498s] -- Up-to-date symlink: /home/usamah/Documents/project/learnRos2/install/second_turn_camera_project/include/second_turn_camera_project/second_turn_camera_project/msg/rosidl_generator_c__visibility_control.h
[1.498s] -- Up-to-date symlink: /home/usamah/Documents/project/learnRos2/install/second_turn_camera_project/include/second_turn_camera_project/second_turn_camera_project/srv/detail/secnd_project_turn_camer__functions.h
[1.498s] -- Up-to-date symlink: /home/usamah/Documents/project/learnRos2/install/second_turn_camera_project/include/second_turn_camera_project/second_turn_camera_project/srv/detail/secnd_project_turn_camer__struct.h
[1.498s] -- Up-to-date symlink: /home/usamah/Documents/project/learnRos2/install/second_turn_camera_project/include/second_turn_camera_project/second_turn_camera_project/srv/detail/secnd_project_turn_camer__type_support.h
[1.498s] -- Up-to-date symlink: /home/usamah/Documents/project/learnRos2/install/second_turn_camera_project/include/second_turn_camera_project/second_turn_camera_project/srv/secnd_project_turn_camer.h
[1.498s] -- Up-to-date symlink: /home/usamah/Documents/project/learnRos2/install/second_turn_camera_project/share/second_turn_camera_project/environment/library_path.sh
[1.498s] -- Up-to-date symlink: /home/usamah/Documents/project/learnRos2/install/second_turn_camera_project/share/second_turn_camera_project/environment/library_path.dsv
[1.498s] -- Up-to-date symlink: /home/usamah/Documents/project/learnRos2/install/second_turn_camera_project/include/second_turn_camera_project/second_turn_camera_project/msg/rosidl_typesupport_fastrtps_c__visibility_control.h
[1.498s] -- Up-to-date symlink: /home/usamah/Documents/project/learnRos2/install/second_turn_camera_project/include/second_turn_camera_project/second_turn_camera_project/srv/detail/secnd_project_turn_camer__rosidl_typesupport_fastrtps_c.h
[1.499s] -- Up-to-date symlink: /home/usamah/Documents/project/learnRos2/install/second_turn_camera_project/include/second_turn_camera_project/second_turn_camera_project/msg/rosidl_typesupport_introspection_c__visibility_control.h
[1.499s] -- Up-to-date symlink: /home/usamah/Documents/project/learnRos2/install/second_turn_camera_project/include/second_turn_camera_project/second_turn_camera_project/srv/detail/secnd_project_turn_camer__rosidl_typesupport_introspection_c.h
[1.499s] -- Up-to-date symlink: /home/usamah/Documents/project/learnRos2/install/second_turn_camera_project/include/second_turn_camera_project/second_turn_camera_project/srv/detail/secnd_project_turn_camer__builder.hpp
[1.499s] -- Up-to-date symlink: /home/usamah/Documents/project/learnRos2/install/second_turn_camera_project/include/second_turn_camera_project/second_turn_camera_project/srv/detail/secnd_project_turn_camer__struct.hpp
[1.499s] -- Up-to-date symlink: /home/usamah/Documents/project/learnRos2/install/second_turn_camera_project/include/second_turn_camera_project/second_turn_camera_project/srv/detail/secnd_project_turn_camer__traits.hpp
[1.499s] -- Up-to-date symlink: /home/usamah/Documents/project/learnRos2/install/second_turn_camera_project/include/second_turn_camera_project/second_turn_camera_project/srv/secnd_project_turn_camer.hpp
[1.499s] -- Up-to-date symlink: /home/usamah/Documents/project/learnRos2/install/second_turn_camera_project/include/second_turn_camera_project/second_turn_camera_project/msg/rosidl_typesupport_fastrtps_cpp__visibility_control.h
[1.499s] -- Up-to-date symlink: /home/usamah/Documents/project/learnRos2/install/second_turn_camera_project/include/second_turn_camera_project/second_turn_camera_project/srv/detail/secnd_project_turn_camer__rosidl_typesupport_fastrtps_cpp.hpp
[1.500s] -- Up-to-date symlink: /home/usamah/Documents/project/learnRos2/install/second_turn_camera_project/include/second_turn_camera_project/second_turn_camera_project/srv/detail/secnd_project_turn_camer__rosidl_typesupport_introspection_cpp.hpp
[1.500s] -- Up-to-date symlink: /home/usamah/Documents/project/learnRos2/install/second_turn_camera_project/share/second_turn_camera_project/environment/pythonpath.sh
[1.500s] -- Up-to-date symlink: /home/usamah/Documents/project/learnRos2/install/second_turn_camera_project/share/second_turn_camera_project/environment/pythonpath.dsv
[1.500s] -- Up-to-date symlink: /home/usamah/Documents/project/learnRos2/install/second_turn_camera_project/local/lib/python3.10/dist-packages/second_turn_camera_project-0.0.0-py3.10.egg-info/PKG-INFO
[1.500s] -- Up-to-date symlink: /home/usamah/Documents/project/learnRos2/install/second_turn_camera_project/local/lib/python3.10/dist-packages/second_turn_camera_project-0.0.0-py3.10.egg-info/SOURCES.txt
[1.500s] -- Up-to-date symlink: /home/usamah/Documents/project/learnRos2/install/second_turn_camera_project/local/lib/python3.10/dist-packages/second_turn_camera_project-0.0.0-py3.10.egg-info/dependency_links.txt
[1.500s] -- Up-to-date symlink: /home/usamah/Documents/project/learnRos2/install/second_turn_camera_project/local/lib/python3.10/dist-packages/second_turn_camera_project-0.0.0-py3.10.egg-info/top_level.txt
[1.501s] -- Up-to-date symlink: /home/usamah/Documents/project/learnRos2/install/second_turn_camera_project/local/lib/python3.10/dist-packages/second_turn_camera_project/__init__.py
[1.501s] -- Up-to-date symlink: /home/usamah/Documents/project/learnRos2/install/second_turn_camera_project/local/lib/python3.10/dist-packages/second_turn_camera_project/_second_turn_camera_project_s.ep.rosidl_typesupport_c.c
[1.501s] -- Up-to-date symlink: /home/usamah/Documents/project/learnRos2/install/second_turn_camera_project/local/lib/python3.10/dist-packages/second_turn_camera_project/_second_turn_camera_project_s.ep.rosidl_typesupport_fastrtps_c.c
[1.501s] -- Up-to-date symlink: /home/usamah/Documents/project/learnRos2/install/second_turn_camera_project/local/lib/python3.10/dist-packages/second_turn_camera_project/_second_turn_camera_project_s.ep.rosidl_typesupport_introspection_c.c
[1.501s] -- Up-to-date symlink: /home/usamah/Documents/project/learnRos2/install/second_turn_camera_project/local/lib/python3.10/dist-packages/second_turn_camera_project/libsecond_turn_camera_project__rosidl_generator_py.so
[1.501s] -- Up-to-date symlink: /home/usamah/Documents/project/learnRos2/install/second_turn_camera_project/local/lib/python3.10/dist-packages/second_turn_camera_project/second_turn_camera_project_s__rosidl_typesupport_c.cpython-310-x86_64-linux-gnu.so
[1.501s] -- Up-to-date symlink: /home/usamah/Documents/project/learnRos2/install/second_turn_camera_project/local/lib/python3.10/dist-packages/second_turn_camera_project/second_turn_camera_project_s__rosidl_typesupport_fastrtps_c.cpython-310-x86_64-linux-gnu.so
[1.501s] -- Up-to-date symlink: /home/usamah/Documents/project/learnRos2/install/second_turn_camera_project/local/lib/python3.10/dist-packages/second_turn_camera_project/second_turn_camera_project_s__rosidl_typesupport_introspection_c.cpython-310-x86_64-linux-gnu.so
[1.501s] -- Up-to-date symlink: /home/usamah/Documents/project/learnRos2/install/second_turn_camera_project/local/lib/python3.10/dist-packages/second_turn_camera_project/srv/__init__.py
[1.501s] -- Up-to-date symlink: /home/usamah/Documents/project/learnRos2/install/second_turn_camera_project/local/lib/python3.10/dist-packages/second_turn_camera_project/srv/_secnd_project_turn_camer.py
[1.501s] -- Up-to-date symlink: /home/usamah/Documents/project/learnRos2/install/second_turn_camera_project/local/lib/python3.10/dist-packages/second_turn_camera_project/srv/_secnd_project_turn_camer_s.c
[1.501s] -- Up-to-date symlink: /home/usamah/Documents/project/learnRos2/install/second_turn_camera_project/local/lib/python3.10/dist-packages/second_turn_camera_project/second_turn_camera_project_s__rosidl_typesupport_fastrtps_c.cpython-310-x86_64-linux-gnu.so
[1.502s] -- Up-to-date symlink: /home/usamah/Documents/project/learnRos2/install/second_turn_camera_project/local/lib/python3.10/dist-packages/second_turn_camera_project/second_turn_camera_project_s__rosidl_typesupport_introspection_c.cpython-310-x86_64-linux-gnu.so
[1.502s] -- Up-to-date symlink: /home/usamah/Documents/project/learnRos2/install/second_turn_camera_project/local/lib/python3.10/dist-packages/second_turn_camera_project/second_turn_camera_project_s__rosidl_typesupport_c.cpython-310-x86_64-linux-gnu.so
[1.502s] -- Up-to-date symlink: /home/usamah/Documents/project/learnRos2/install/second_turn_camera_project/share/second_turn_camera_project/srv/SecndProjectTurnCamer.idl
[1.502s] -- Up-to-date symlink: /home/usamah/Documents/project/learnRos2/install/second_turn_camera_project/share/second_turn_camera_project/srv/SecndProjectTurnCamer.srv
[1.502s] -- Up-to-date symlink: /home/usamah/Documents/project/learnRos2/install/second_turn_camera_project/share/second_turn_camera_project/srv/SecndProjectTurnCamer_Request.msg
[1.502s] -- Up-to-date symlink: /home/usamah/Documents/project/learnRos2/install/second_turn_camera_project/share/second_turn_camera_project/srv/SecndProjectTurnCamer_Response.msg
[1.502s] -- Up-to-date symlink: /home/usamah/Documents/project/learnRos2/install/second_turn_camera_project/local/lib/python3.10/dist-packages/scripts-0.0.0-py3.10.egg-info/PKG-INFO
[1.502s] -- Up-to-date symlink: /home/usamah/Documents/project/learnRos2/install/second_turn_camera_project/local/lib/python3.10/dist-packages/scripts-0.0.0-py3.10.egg-info/SOURCES.txt
[1.502s] -- Up-to-date symlink: /home/usamah/Documents/project/learnRos2/install/second_turn_camera_project/local/lib/python3.10/dist-packages/scripts-0.0.0-py3.10.egg-info/dependency_links.txt
[1.503s] -- Up-to-date symlink: /home/usamah/Documents/project/learnRos2/install/second_turn_camera_project/local/lib/python3.10/dist-packages/scripts-0.0.0-py3.10.egg-info/top_level.txt
[1.503s] -- Up-to-date symlink: /home/usamah/Documents/project/learnRos2/install/second_turn_camera_project/local/lib/python3.10/dist-packages/scripts/__init__.py
[1.503s] -- Symlinking: /home/usamah/Documents/project/learnRos2/install/second_turn_camera_project/local/lib/python3.10/dist-packages/scripts/turn_camer_server.py
[1.509s] -- Symlinking: /home/usamah/Documents/project/learnRos2/install/second_turn_camera_project/lib/second_turn_camera_project/turn_camer_server.py
[1.514s] -- Up-to-date symlink: /home/usamah/Documents/project/learnRos2/install/second_turn_camera_project/share/ament_index/resource_index/package_run_dependencies/second_turn_camera_project
[1.515s] -- Up-to-date symlink: /home/usamah/Documents/project/learnRos2/install/second_turn_camera_project/share/ament_index/resource_index/parent_prefix_path/second_turn_camera_project
[1.515s] -- Up-to-date symlink: /home/usamah/Documents/project/learnRos2/install/second_turn_camera_project/share/second_turn_camera_project/environment/ament_prefix_path.sh
[1.515s] -- Up-to-date symlink: /home/usamah/Documents/project/learnRos2/install/second_turn_camera_project/share/second_turn_camera_project/environment/ament_prefix_path.dsv
[1.515s] -- Up-to-date symlink: /home/usamah/Documents/project/learnRos2/install/second_turn_camera_project/share/second_turn_camera_project/environment/path.sh
[1.515s] -- Up-to-date symlink: /home/usamah/Documents/project/learnRos2/install/second_turn_camera_project/share/second_turn_camera_project/environment/path.dsv
[1.515s] -- Up-to-date symlink: /home/usamah/Documents/project/learnRos2/install/second_turn_camera_project/share/second_turn_camera_project/local_setup.bash
[1.515s] -- Up-to-date symlink: /home/usamah/Documents/project/learnRos2/install/second_turn_camera_project/share/second_turn_camera_project/local_setup.sh
[1.515s] -- Up-to-date symlink: /home/usamah/Documents/project/learnRos2/install/second_turn_camera_project/share/second_turn_camera_project/local_setup.zsh
[1.515s] -- Up-to-date symlink: /home/usamah/Documents/project/learnRos2/install/second_turn_camera_project/share/second_turn_camera_project/local_setup.dsv
[1.515s] -- Symlinking: /home/usamah/Documents/project/learnRos2/install/second_turn_camera_project/share/second_turn_camera_project/package.dsv
[1.521s] -- Up-to-date symlink: /home/usamah/Documents/project/learnRos2/install/second_turn_camera_project/share/ament_index/resource_index/packages/second_turn_camera_project
[1.521s] -- Up-to-date symlink: /home/usamah/Documents/project/learnRos2/install/second_turn_camera_project/share/second_turn_camera_project/cmake/rosidl_cmake-extras.cmake
[1.521s] -- Up-to-date symlink: /home/usamah/Documents/project/learnRos2/install/second_turn_camera_project/share/second_turn_camera_project/cmake/ament_cmake_export_dependencies-extras.cmake
[1.521s] -- Up-to-date symlink: /home/usamah/Documents/project/learnRos2/install/second_turn_camera_project/share/second_turn_camera_project/cmake/ament_cmake_export_include_directories-extras.cmake
[1.521s] -- Up-to-date symlink: /home/usamah/Documents/project/learnRos2/install/second_turn_camera_project/share/second_turn_camera_project/cmake/ament_cmake_export_libraries-extras.cmake
[1.521s] -- Up-to-date symlink: /home/usamah/Documents/project/learnRos2/install/second_turn_camera_project/share/second_turn_camera_project/cmake/ament_cmake_export_targets-extras.cmake
[1.522s] -- Up-to-date symlink: /home/usamah/Documents/project/learnRos2/install/second_turn_camera_project/share/second_turn_camera_project/cmake/rosidl_cmake_export_typesupport_targets-extras.cmake
[1.522s] -- Up-to-date symlink: /home/usamah/Documents/project/learnRos2/install/second_turn_camera_project/share/second_turn_camera_project/cmake/rosidl_cmake_export_typesupport_libraries-extras.cmake
[1.522s] -- Up-to-date symlink: /home/usamah/Documents/project/learnRos2/install/second_turn_camera_project/share/second_turn_camera_project/cmake/second_turn_camera_projectConfig.cmake
[1.522s] -- Up-to-date symlink: /home/usamah/Documents/project/learnRos2/install/second_turn_camera_project/share/second_turn_camera_project/cmake/second_turn_camera_projectConfig-version.cmake
[1.522s] -- Up-to-date symlink: /home/usamah/Documents/project/learnRos2/install/second_turn_camera_project/share/second_turn_camera_project/package.xml
[1.522s] -- Up-to-date: /home/usamah/Documents/project/learnRos2/install/second_turn_camera_project/lib/libsecond_turn_camera_project__rosidl_generator_c.so
[1.522s] -- Up-to-date: /home/usamah/Documents/project/learnRos2/install/second_turn_camera_project/lib/libsecond_turn_camera_project__rosidl_typesupport_fastrtps_c.so
[1.522s] -- Up-to-date: /home/usamah/Documents/project/learnRos2/install/second_turn_camera_project/lib/libsecond_turn_camera_project__rosidl_typesupport_introspection_c.so
[1.523s] -- Up-to-date: /home/usamah/Documents/project/learnRos2/install/second_turn_camera_project/lib/libsecond_turn_camera_project__rosidl_typesupport_c.so
[1.523s] -- Up-to-date: /home/usamah/Documents/project/learnRos2/install/second_turn_camera_project/lib/libsecond_turn_camera_project__rosidl_typesupport_fastrtps_cpp.so
[1.523s] -- Up-to-date: /home/usamah/Documents/project/learnRos2/install/second_turn_camera_project/lib/libsecond_turn_camera_project__rosidl_typesupport_introspection_cpp.so
[1.523s] -- Up-to-date: /home/usamah/Documents/project/learnRos2/install/second_turn_camera_project/lib/libsecond_turn_camera_project__rosidl_typesupport_cpp.so
[1.549s] Listing '/home/usamah/Documents/project/learnRos2/install/second_turn_camera_project/local/lib/python3.10/dist-packages/second_turn_camera_project'...
[1.549s] Compiling '/home/usamah/Documents/project/learnRos2/install/second_turn_camera_project/local/lib/python3.10/dist-packages/second_turn_camera_project/__init__.py'...
[1.549s] Listing '/home/usamah/Documents/project/learnRos2/install/second_turn_camera_project/local/lib/python3.10/dist-packages/second_turn_camera_project/srv'...
[1.553s] -- Up-to-date: /home/usamah/Documents/project/learnRos2/install/second_turn_camera_project/lib/libsecond_turn_camera_project__rosidl_generator_py.so
[1.580s] Listing '/home/usamah/Documents/project/learnRos2/install/second_turn_camera_project/local/lib/python3.10/dist-packages/scripts'...
[1.580s] Compiling '/home/usamah/Documents/project/learnRos2/install/second_turn_camera_project/local/lib/python3.10/dist-packages/scripts/turn_camer_server.py'...
[1.583s] -- Up-to-date: /home/usamah/Documents/project/learnRos2/install/second_turn_camera_project/share/second_turn_camera_project/cmake/export_second_turn_camera_project__rosidl_generator_cExport.cmake
[1.583s] -- Up-to-date: /home/usamah/Documents/project/learnRos2/install/second_turn_camera_project/share/second_turn_camera_project/cmake/export_second_turn_camera_project__rosidl_generator_cExport-noconfig.cmake
[1.583s] -- Up-to-date: /home/usamah/Documents/project/learnRos2/install/second_turn_camera_project/share/second_turn_camera_project/cmake/export_second_turn_camera_project__rosidl_typesupport_fastrtps_cExport.cmake
[1.583s] -- Up-to-date: /home/usamah/Documents/project/learnRos2/install/second_turn_camera_project/share/second_turn_camera_project/cmake/export_second_turn_camera_project__rosidl_typesupport_fastrtps_cExport-noconfig.cmake
[1.583s] -- Up-to-date: /home/usamah/Documents/project/learnRos2/install/second_turn_camera_project/share/second_turn_camera_project/cmake/second_turn_camera_project__rosidl_typesupport_introspection_cExport.cmake
[1.583s] -- Up-to-date: /home/usamah/Documents/project/learnRos2/install/second_turn_camera_project/share/second_turn_camera_project/cmake/second_turn_camera_project__rosidl_typesupport_introspection_cExport-noconfig.cmake
[1.583s] -- Up-to-date: /home/usamah/Documents/project/learnRos2/install/second_turn_camera_project/share/second_turn_camera_project/cmake/second_turn_camera_project__rosidl_typesupport_cExport.cmake
[1.583s] -- Up-to-date: /home/usamah/Documents/project/learnRos2/install/second_turn_camera_project/share/second_turn_camera_project/cmake/second_turn_camera_project__rosidl_typesupport_cExport-noconfig.cmake
[1.583s] -- Up-to-date: /home/usamah/Documents/project/learnRos2/install/second_turn_camera_project/share/second_turn_camera_project/cmake/export_second_turn_camera_project__rosidl_generator_cppExport.cmake
[1.583s] -- Up-to-date: /home/usamah/Documents/project/learnRos2/install/second_turn_camera_project/share/second_turn_camera_project/cmake/export_second_turn_camera_project__rosidl_typesupport_fastrtps_cppExport.cmake
[1.583s] -- Up-to-date: /home/usamah/Documents/project/learnRos2/install/second_turn_camera_project/share/second_turn_camera_project/cmake/export_second_turn_camera_project__rosidl_typesupport_fastrtps_cppExport-noconfig.cmake
[1.583s] -- Up-to-date: /home/usamah/Documents/project/learnRos2/install/second_turn_camera_project/share/second_turn_camera_project/cmake/second_turn_camera_project__rosidl_typesupport_introspection_cppExport.cmake
[1.583s] -- Up-to-date: /home/usamah/Documents/project/learnRos2/install/second_turn_camera_project/share/second_turn_camera_project/cmake/second_turn_camera_project__rosidl_typesupport_introspection_cppExport-noconfig.cmake
[1.583s] -- Up-to-date: /home/usamah/Documents/project/learnRos2/install/second_turn_camera_project/share/second_turn_camera_project/cmake/second_turn_camera_project__rosidl_typesupport_cppExport.cmake
[1.584s] -- Up-to-date: /home/usamah/Documents/project/learnRos2/install/second_turn_camera_project/share/second_turn_camera_project/cmake/second_turn_camera_project__rosidl_typesupport_cppExport-noconfig.cmake
[1.584s] -- Up-to-date: /home/usamah/Documents/project/learnRos2/install/second_turn_camera_project/share/second_turn_camera_project/cmake/export_second_turn_camera_project__rosidl_generator_pyExport.cmake
[1.584s] -- Up-to-date: /home/usamah/Documents/project/learnRos2/install/second_turn_camera_project/share/second_turn_camera_project/cmake/export_second_turn_camera_project__rosidl_generator_pyExport-noconfig.cmake
[1.586s] Invoked command in '/home/usamah/Documents/project/learnRos2/build/second_turn_camera_project' returned '0': CMAKE_PREFIX_PATH=${CMAKE_PREFIX_PATH}:/home/usamah/Documents/project/learnRos2/install/first_rpm_project:/opt/ros/humble /usr/bin/cmake --install /home/usamah/Documents/project/learnRos2/build/second_turn_camera_project
